[1.152s] Invoking command in '/home/vm/training/ros2_ws/src/camera_service': PYTHONPATH=/home/vm/training/ros2_ws/build/camera_service/prefix_override:/usr/lib/python3/dist-packages/colcon_core/task/python/colcon_distutils_commands:/home/vm/training/ros2_ws/install/camera_service/lib/python3.10/site-packages:${PYTHONPATH} /usr/bin/python3 -W ignore:setup.py install is deprecated -W ignore:easy_install command is deprecated setup.py egg_info --egg-base ../../build/camera_service build --build-base /home/vm/training/ros2_ws/build/camera_service/build install --record /home/vm/training/ros2_ws/build/camera_service/install.log --single-version-externally-managed install_data
[1.355s] running egg_info
[1.360s] writing ../../build/camera_service/camera_service.egg-info/PKG-INFO
[1.361s] writing dependency_links to ../../build/camera_service/camera_service.egg-info/dependency_links.txt
[1.361s] writing entry points to ../../build/camera_service/camera_service.egg-info/entry_points.txt
[1.361s] writing requirements to ../../build/camera_service/camera_service.egg-info/requires.txt
[1.362s] writing top-level names to ../../build/camera_service/camera_service.egg-info/top_level.txt
[1.363s] reading manifest file '../../build/camera_service/camera_service.egg-info/SOURCES.txt'
[1.367s] writing manifest file '../../build/camera_service/camera_service.egg-info/SOURCES.txt'
[1.367s] running build
[1.368s] running build_py
[1.378s] copying camera_service/camera_service.py -> /home/vm/training/ros2_ws/build/camera_service/build/lib/camera_service
[1.380s] running install
[1.381s] running install_lib
[1.383s] copying /home/vm/training/ros2_ws/build/camera_service/build/lib/camera_service/camera_service.py -> /home/vm/training/ros2_ws/install/camera_service/lib/python3.10/site-packages/camera_service
[1.384s] byte-compiling /home/vm/training/ros2_ws/install/camera_service/lib/python3.10/site-packages/camera_service/camera_service.py to camera_service.cpython-310.pyc
[1.386s] running install_data
[1.387s] running install_egg_info
[1.387s] removing '/home/vm/training/ros2_ws/install/camera_service/lib/python3.10/site-packages/camera_service-0.0.0-py3.10.egg-info' (and everything under it)
[1.389s] Copying ../../build/camera_service/camera_service.egg-info to /home/vm/training/ros2_ws/install/camera_service/lib/python3.10/site-packages/camera_service-0.0.0-py3.10.egg-info
[1.390s] running install_scripts
[1.418s] Installing aruco_detection_node script to /home/vm/training/ros2_ws/install/camera_service/lib/camera_service
[1.419s] writing list of installed files to '/home/vm/training/ros2_ws/build/camera_service/install.log'
[1.466s] Invoked command in '/home/vm/training/ros2_ws/src/camera_service' returned '0': PYTHONPATH=/home/vm/training/ros2_ws/build/camera_service/prefix_override:/usr/lib/python3/dist-packages/colcon_core/task/python/colcon_distutils_commands:/home/vm/training/ros2_ws/install/camera_service/lib/python3.10/site-packages:${PYTHONPATH} /usr/bin/python3 -W ignore:setup.py install is deprecated -W ignore:easy_install command is deprecated setup.py egg_info --egg-base ../../build/camera_service build --build-base /home/vm/training/ros2_ws/build/camera_service/build install --record /home/vm/training/ros2_ws/build/camera_service/install.log --single-version-externally-managed install_data
