[0.618s] Invoking command in '/home/vm/training/ros2_ws/build/simple_velocity_msg': CMAKE_PREFIX_PATH=/opt/ros/humble /usr/bin/cmake --build /home/vm/training/ros2_ws/build/simple_velocity_msg -- -j4 -l4
[0.620s] [  3%] Built target simple_velocity_msg__rs
[0.620s] [  3%] Built target ament_cmake_python_copy_simple_velocity_msg
[0.623s] [  6%] Built target simple_velocity_msg__cpp
[0.799s] running egg_info
[0.802s] writing simple_velocity_msg.egg-info/PKG-INFO
[0.802s] writing dependency_links to simple_velocity_msg.egg-info/dependency_links.txt
[0.803s] writing top-level names to simple_velocity_msg.egg-info/top_level.txt
[0.805s] reading manifest file 'simple_velocity_msg.egg-info/SOURCES.txt'
[0.806s] writing manifest file 'simple_velocity_msg.egg-info/SOURCES.txt'
[0.853s] [  6%] Built target ament_cmake_python_build_simple_velocity_msg_egg
[0.902s] [ 15%] Built target simple_velocity_msg__rosidl_typesupport_introspection_cpp
[0.936s] [ 25%] Built target simple_velocity_msg__rosidl_typesupport_cpp
[1.018s] [ 34%] Built target simple_velocity_msg__rosidl_typesupport_fastrtps_cpp
[1.068s] [ 43%] Built target simple_velocity_msg__rosidl_generator_c
[1.146s] [ 53%] Built target simple_velocity_msg__rosidl_typesupport_fastrtps_c
[1.183s] [ 62%] Built target simple_velocity_msg__rosidl_typesupport_c
[1.256s] [ 71%] Built target simple_velocity_msg__rosidl_typesupport_introspection_c
[1.340s] [ 71%] Built target simple_velocity_msg
[1.408s] [ 75%] Built target simple_velocity_msg__py
[1.445s] [ 81%] Built target simple_velocity_msg__rosidl_generator_py
[1.503s] [ 87%] Built target simple_velocity_msg__rosidl_typesupport_fastrtps_c__pyext
[1.527s] [ 93%] Built target simple_velocity_msg__rosidl_typesupport_c__pyext
[1.559s] [100%] Built target simple_velocity_msg__rosidl_typesupport_introspection_c__pyext
[1.678s] Invoked command in '/home/vm/training/ros2_ws/build/simple_velocity_msg' returned '0': CMAKE_PREFIX_PATH=/opt/ros/humble /usr/bin/cmake --build /home/vm/training/ros2_ws/build/simple_velocity_msg -- -j4 -l4
[1.686s] Invoking command in '/home/vm/training/ros2_ws/build/simple_velocity_msg': CMAKE_PREFIX_PATH=/opt/ros/humble /usr/bin/cmake --install /home/vm/training/ros2_ws/build/simple_velocity_msg
[1.693s] -- Install configuration: ""
[1.693s] -- Up-to-date: /home/vm/training/ros2_ws/install/simple_velocity_msg/share/ament_index/resource_index/rosidl_interfaces/simple_velocity_msg
[1.693s] -- Up-to-date: /home/vm/training/ros2_ws/install/simple_velocity_msg/include/simple_velocity_msg/simple_velocity_msg
[1.693s] -- Up-to-date: /home/vm/training/ros2_ws/install/simple_velocity_msg/include/simple_velocity_msg/simple_velocity_msg/msg
[1.693s] -- Up-to-date: /home/vm/training/ros2_ws/install/simple_velocity_msg/include/simple_velocity_msg/simple_velocity_msg/msg/detail
[1.693s] -- Up-to-date: /home/vm/training/ros2_ws/install/simple_velocity_msg/include/simple_velocity_msg/simple_velocity_msg/msg/detail/simple_velocity__functions.c
[1.693s] -- Up-to-date: /home/vm/training/ros2_ws/install/simple_velocity_msg/include/simple_velocity_msg/simple_velocity_msg/msg/detail/simple_velocity__type_support.h
[1.693s] -- Up-to-date: /home/vm/training/ros2_ws/install/simple_velocity_msg/include/simple_velocity_msg/simple_velocity_msg/msg/detail/simple_velocity__struct.h
[1.694s] -- Up-to-date: /home/vm/training/ros2_ws/install/simple_velocity_msg/include/simple_velocity_msg/simple_velocity_msg/msg/detail/simple_velocity__functions.h
[1.695s] -- Up-to-date: /home/vm/training/ros2_ws/install/simple_velocity_msg/include/simple_velocity_msg/simple_velocity_msg/msg/simple_velocity.h
[1.695s] -- Up-to-date: /home/vm/training/ros2_ws/install/simple_velocity_msg/include/simple_velocity_msg/simple_velocity_msg/msg/rosidl_generator_c__visibility_control.h
[1.695s] -- Up-to-date: /home/vm/training/ros2_ws/install/simple_velocity_msg/share/simple_velocity_msg/environment/library_path.sh
[1.695s] -- Up-to-date: /home/vm/training/ros2_ws/install/simple_velocity_msg/share/simple_velocity_msg/environment/library_path.dsv
[1.695s] -- Up-to-date: /home/vm/training/ros2_ws/install/simple_velocity_msg/lib/libsimple_velocity_msg__rosidl_generator_c.so
[1.696s] -- Up-to-date: /home/vm/training/ros2_ws/install/simple_velocity_msg/include/simple_velocity_msg/simple_velocity_msg
[1.696s] -- Up-to-date: /home/vm/training/ros2_ws/install/simple_velocity_msg/include/simple_velocity_msg/simple_velocity_msg/msg
[1.696s] -- Up-to-date: /home/vm/training/ros2_ws/install/simple_velocity_msg/include/simple_velocity_msg/simple_velocity_msg/msg/detail
[1.696s] -- Up-to-date: /home/vm/training/ros2_ws/install/simple_velocity_msg/include/simple_velocity_msg/simple_velocity_msg/msg/detail/simple_velocity__rosidl_typesupport_fastrtps_c.h
[1.696s] -- Up-to-date: /home/vm/training/ros2_ws/install/simple_velocity_msg/include/simple_velocity_msg/simple_velocity_msg/msg/rosidl_typesupport_fastrtps_c__visibility_control.h
[1.696s] -- Up-to-date: /home/vm/training/ros2_ws/install/simple_velocity_msg/lib/libsimple_velocity_msg__rosidl_typesupport_fastrtps_c.so
[1.696s] -- Up-to-date: /home/vm/training/ros2_ws/install/simple_velocity_msg/include/simple_velocity_msg/simple_velocity_msg
[1.696s] -- Up-to-date: /home/vm/training/ros2_ws/install/simple_velocity_msg/include/simple_velocity_msg/simple_velocity_msg/msg
[1.696s] -- Up-to-date: /home/vm/training/ros2_ws/install/simple_velocity_msg/include/simple_velocity_msg/simple_velocity_msg/msg/detail
[1.696s] -- Up-to-date: /home/vm/training/ros2_ws/install/simple_velocity_msg/include/simple_velocity_msg/simple_velocity_msg/msg/detail/simple_velocity__rosidl_typesupport_introspection_c.h
[1.696s] -- Up-to-date: /home/vm/training/ros2_ws/install/simple_velocity_msg/include/simple_velocity_msg/simple_velocity_msg/msg/detail/simple_velocity__type_support.c
[1.696s] -- Up-to-date: /home/vm/training/ros2_ws/install/simple_velocity_msg/include/simple_velocity_msg/simple_velocity_msg/msg/rosidl_typesupport_introspection_c__visibility_control.h
[1.696s] -- Up-to-date: /home/vm/training/ros2_ws/install/simple_velocity_msg/lib/libsimple_velocity_msg__rosidl_typesupport_introspection_c.so
[1.696s] -- Up-to-date: /home/vm/training/ros2_ws/install/simple_velocity_msg/lib/libsimple_velocity_msg__rosidl_typesupport_c.so
[1.696s] -- Up-to-date: /home/vm/training/ros2_ws/install/simple_velocity_msg/include/simple_velocity_msg/simple_velocity_msg
[1.696s] -- Up-to-date: /home/vm/training/ros2_ws/install/simple_velocity_msg/include/simple_velocity_msg/simple_velocity_msg/msg
[1.696s] -- Up-to-date: /home/vm/training/ros2_ws/install/simple_velocity_msg/include/simple_velocity_msg/simple_velocity_msg/msg/simple_velocity.hpp
[1.696s] -- Up-to-date: /home/vm/training/ros2_ws/install/simple_velocity_msg/include/simple_velocity_msg/simple_velocity_msg/msg/detail
[1.696s] -- Up-to-date: /home/vm/training/ros2_ws/install/simple_velocity_msg/include/simple_velocity_msg/simple_velocity_msg/msg/detail/simple_velocity__traits.hpp
[1.697s] -- Up-to-date: /home/vm/training/ros2_ws/install/simple_velocity_msg/include/simple_velocity_msg/simple_velocity_msg/msg/detail/simple_velocity__type_support.hpp
[1.697s] -- Up-to-date: /home/vm/training/ros2_ws/install/simple_velocity_msg/include/simple_velocity_msg/simple_velocity_msg/msg/detail/simple_velocity__builder.hpp
[1.697s] -- Up-to-date: /home/vm/training/ros2_ws/install/simple_velocity_msg/include/simple_velocity_msg/simple_velocity_msg/msg/detail/simple_velocity__struct.hpp
[1.697s] -- Up-to-date: /home/vm/training/ros2_ws/install/simple_velocity_msg/include/simple_velocity_msg/simple_velocity_msg/msg/rosidl_generator_cpp__visibility_control.hpp
[1.697s] -- Up-to-date: /home/vm/training/ros2_ws/install/simple_velocity_msg/include/simple_velocity_msg/simple_velocity_msg
[1.697s] -- Up-to-date: /home/vm/training/ros2_ws/install/simple_velocity_msg/include/simple_velocity_msg/simple_velocity_msg/msg
[1.697s] -- Up-to-date: /home/vm/training/ros2_ws/install/simple_velocity_msg/include/simple_velocity_msg/simple_velocity_msg/msg/detail
[1.697s] -- Up-to-date: /home/vm/training/ros2_ws/install/simple_velocity_msg/include/simple_velocity_msg/simple_velocity_msg/msg/detail/simple_velocity__rosidl_typesupport_fastrtps_cpp.hpp
[1.697s] -- Up-to-date: /home/vm/training/ros2_ws/install/simple_velocity_msg/include/simple_velocity_msg/simple_velocity_msg/msg/detail/dds_fastrtps
[1.697s] -- Up-to-date: /home/vm/training/ros2_ws/install/simple_velocity_msg/include/simple_velocity_msg/simple_velocity_msg/msg/rosidl_typesupport_fastrtps_cpp__visibility_control.h
[1.697s] -- Up-to-date: /home/vm/training/ros2_ws/install/simple_velocity_msg/lib/libsimple_velocity_msg__rosidl_typesupport_fastrtps_cpp.so
[1.697s] -- Up-to-date: /home/vm/training/ros2_ws/install/simple_velocity_msg/include/simple_velocity_msg/simple_velocity_msg
[1.697s] -- Up-to-date: /home/vm/training/ros2_ws/install/simple_velocity_msg/include/simple_velocity_msg/simple_velocity_msg/msg
[1.697s] -- Up-to-date: /home/vm/training/ros2_ws/install/simple_velocity_msg/include/simple_velocity_msg/simple_velocity_msg/msg/detail
[1.697s] -- Up-to-date: /home/vm/training/ros2_ws/install/simple_velocity_msg/include/simple_velocity_msg/simple_velocity_msg/msg/detail/simple_velocity__type_support.cpp
[1.697s] -- Up-to-date: /home/vm/training/ros2_ws/install/simple_velocity_msg/include/simple_velocity_msg/simple_velocity_msg/msg/detail/simple_velocity__rosidl_typesupport_introspection_cpp.hpp
[1.697s] -- Up-to-date: /home/vm/training/ros2_ws/install/simple_velocity_msg/lib/libsimple_velocity_msg__rosidl_typesupport_introspection_cpp.so
[1.697s] -- Up-to-date: /home/vm/training/ros2_ws/install/simple_velocity_msg/lib/libsimple_velocity_msg__rosidl_typesupport_cpp.so
[1.697s] -- Up-to-date: /home/vm/training/ros2_ws/install/simple_velocity_msg/share/simple_velocity_msg/environment/pythonpath.sh
[1.697s] -- Up-to-date: /home/vm/training/ros2_ws/install/simple_velocity_msg/share/simple_velocity_msg/environment/pythonpath.dsv
[1.697s] -- Up-to-date: /home/vm/training/ros2_ws/install/simple_velocity_msg/local/lib/python3.10/dist-packages/simple_velocity_msg-0.0.0-py3.10.egg-info
[1.700s] -- Installing: /home/vm/training/ros2_ws/install/simple_velocity_msg/local/lib/python3.10/dist-packages/simple_velocity_msg-0.0.0-py3.10.egg-info/dependency_links.txt
[1.700s] -- Installing: /home/vm/training/ros2_ws/install/simple_velocity_msg/local/lib/python3.10/dist-packages/simple_velocity_msg-0.0.0-py3.10.egg-info/top_level.txt
[1.700s] -- Installing: /home/vm/training/ros2_ws/install/simple_velocity_msg/local/lib/python3.10/dist-packages/simple_velocity_msg-0.0.0-py3.10.egg-info/SOURCES.txt
[1.700s] -- Installing: /home/vm/training/ros2_ws/install/simple_velocity_msg/local/lib/python3.10/dist-packages/simple_velocity_msg-0.0.0-py3.10.egg-info/PKG-INFO
[1.701s] -- Up-to-date: /home/vm/training/ros2_ws/install/simple_velocity_msg/local/lib/python3.10/dist-packages/simple_velocity_msg
[1.701s] -- Up-to-date: /home/vm/training/ros2_ws/install/simple_velocity_msg/local/lib/python3.10/dist-packages/simple_velocity_msg/msg
[1.701s] -- Up-to-date: /home/vm/training/ros2_ws/install/simple_velocity_msg/local/lib/python3.10/dist-packages/simple_velocity_msg/msg/_simple_velocity.py
[1.701s] -- Up-to-date: /home/vm/training/ros2_ws/install/simple_velocity_msg/local/lib/python3.10/dist-packages/simple_velocity_msg/msg/__init__.py
[1.701s] -- Up-to-date: /home/vm/training/ros2_ws/install/simple_velocity_msg/local/lib/python3.10/dist-packages/simple_velocity_msg/msg/_simple_velocity_s.c
[1.701s] -- Up-to-date: /home/vm/training/ros2_ws/install/simple_velocity_msg/local/lib/python3.10/dist-packages/simple_velocity_msg/_simple_velocity_msg_s.ep.rosidl_typesupport_introspection_c.c
[1.701s] -- Up-to-date: /home/vm/training/ros2_ws/install/simple_velocity_msg/local/lib/python3.10/dist-packages/simple_velocity_msg/simple_velocity_msg_s__rosidl_typesupport_introspection_c.cpython-310-x86_64-linux-gnu.so
[1.701s] -- Up-to-date: /home/vm/training/ros2_ws/install/simple_velocity_msg/local/lib/python3.10/dist-packages/simple_velocity_msg/simple_velocity_msg_s__rosidl_typesupport_fastrtps_c.cpython-310-x86_64-linux-gnu.so
[1.701s] -- Up-to-date: /home/vm/training/ros2_ws/install/simple_velocity_msg/local/lib/python3.10/dist-packages/simple_velocity_msg/simple_velocity_msg_s__rosidl_typesupport_c.cpython-310-x86_64-linux-gnu.so
[1.708s] -- Up-to-date: /home/vm/training/ros2_ws/install/simple_velocity_msg/local/lib/python3.10/dist-packages/simple_velocity_msg/_simple_velocity_msg_s.ep.rosidl_typesupport_c.c
[1.708s] -- Up-to-date: /home/vm/training/ros2_ws/install/simple_velocity_msg/local/lib/python3.10/dist-packages/simple_velocity_msg/__init__.py
[1.708s] -- Up-to-date: /home/vm/training/ros2_ws/install/simple_velocity_msg/local/lib/python3.10/dist-packages/simple_velocity_msg/libsimple_velocity_msg__rosidl_generator_py.so
[1.708s] -- Up-to-date: /home/vm/training/ros2_ws/install/simple_velocity_msg/local/lib/python3.10/dist-packages/simple_velocity_msg/_simple_velocity_msg_s.ep.rosidl_typesupport_fastrtps_c.c
[1.742s] Listing '/home/vm/training/ros2_ws/install/simple_velocity_msg/local/lib/python3.10/dist-packages/simple_velocity_msg'...
[1.743s] Listing '/home/vm/training/ros2_ws/install/simple_velocity_msg/local/lib/python3.10/dist-packages/simple_velocity_msg/msg'...
[1.753s] -- Up-to-date: /home/vm/training/ros2_ws/install/simple_velocity_msg/local/lib/python3.10/dist-packages/simple_velocity_msg/simple_velocity_msg_s__rosidl_typesupport_fastrtps_c.cpython-310-x86_64-linux-gnu.so
[1.760s] -- Up-to-date: /home/vm/training/ros2_ws/install/simple_velocity_msg/local/lib/python3.10/dist-packages/simple_velocity_msg/simple_velocity_msg_s__rosidl_typesupport_introspection_c.cpython-310-x86_64-linux-gnu.so
[1.769s] -- Up-to-date: /home/vm/training/ros2_ws/install/simple_velocity_msg/local/lib/python3.10/dist-packages/simple_velocity_msg/simple_velocity_msg_s__rosidl_typesupport_c.cpython-310-x86_64-linux-gnu.so
[1.769s] -- Up-to-date: /home/vm/training/ros2_ws/install/simple_velocity_msg/lib/libsimple_velocity_msg__rosidl_generator_py.so
[1.769s] -- Up-to-date: /home/vm/training/ros2_ws/install/simple_velocity_msg/share/ament_index/resource_index/rust_packages/simple_velocity_msg
[1.769s] -- Up-to-date: /home/vm/training/ros2_ws/install/simple_velocity_msg/share/simple_velocity_msg/rust
[1.769s] -- Up-to-date: /home/vm/training/ros2_ws/install/simple_velocity_msg/share/simple_velocity_msg/rust/Cargo.toml
[1.769s] -- Up-to-date: /home/vm/training/ros2_ws/install/simple_velocity_msg/share/simple_velocity_msg/rust/src
[1.769s] -- Up-to-date: /home/vm/training/ros2_ws/install/simple_velocity_msg/share/simple_velocity_msg/rust/src/msg
[1.769s] -- Up-to-date: /home/vm/training/ros2_ws/install/simple_velocity_msg/share/simple_velocity_msg/rust/src/msg/rmw.rs
[1.769s] -- Up-to-date: /home/vm/training/ros2_ws/install/simple_velocity_msg/share/simple_velocity_msg/rust/src/msg.rs
[1.769s] -- Up-to-date: /home/vm/training/ros2_ws/install/simple_velocity_msg/share/simple_velocity_msg/rust/src/lib.rs
[1.770s] -- Up-to-date: /home/vm/training/ros2_ws/install/simple_velocity_msg/share/simple_velocity_msg/rust/build.rs
[1.770s] -- Up-to-date: /home/vm/training/ros2_ws/install/simple_velocity_msg/share/simple_velocity_msg/msg/SimpleVelocity.idl
[1.770s] -- Up-to-date: /home/vm/training/ros2_ws/install/simple_velocity_msg/share/simple_velocity_msg/msg/SimpleVelocity.msg
[1.770s] -- Up-to-date: /home/vm/training/ros2_ws/install/simple_velocity_msg/share/ament_index/resource_index/package_run_dependencies/simple_velocity_msg
[1.770s] -- Up-to-date: /home/vm/training/ros2_ws/install/simple_velocity_msg/share/ament_index/resource_index/parent_prefix_path/simple_velocity_msg
[1.770s] -- Up-to-date: /home/vm/training/ros2_ws/install/simple_velocity_msg/share/simple_velocity_msg/environment/ament_prefix_path.sh
[1.770s] -- Up-to-date: /home/vm/training/ros2_ws/install/simple_velocity_msg/share/simple_velocity_msg/environment/ament_prefix_path.dsv
[1.770s] -- Up-to-date: /home/vm/training/ros2_ws/install/simple_velocity_msg/share/simple_velocity_msg/environment/path.sh
[1.770s] -- Up-to-date: /home/vm/training/ros2_ws/install/simple_velocity_msg/share/simple_velocity_msg/environment/path.dsv
[1.770s] -- Up-to-date: /home/vm/training/ros2_ws/install/simple_velocity_msg/share/simple_velocity_msg/local_setup.bash
[1.770s] -- Up-to-date: /home/vm/training/ros2_ws/install/simple_velocity_msg/share/simple_velocity_msg/local_setup.sh
[1.770s] -- Up-to-date: /home/vm/training/ros2_ws/install/simple_velocity_msg/share/simple_velocity_msg/local_setup.zsh
[1.770s] -- Up-to-date: /home/vm/training/ros2_ws/install/simple_velocity_msg/share/simple_velocity_msg/local_setup.dsv
[1.770s] -- Installing: /home/vm/training/ros2_ws/install/simple_velocity_msg/share/simple_velocity_msg/package.dsv
[1.770s] -- Up-to-date: /home/vm/training/ros2_ws/install/simple_velocity_msg/share/ament_index/resource_index/packages/simple_velocity_msg
[1.770s] -- Up-to-date: /home/vm/training/ros2_ws/install/simple_velocity_msg/share/simple_velocity_msg/cmake/export_simple_velocity_msg__rosidl_generator_cExport.cmake
[1.770s] -- Up-to-date: /home/vm/training/ros2_ws/install/simple_velocity_msg/share/simple_velocity_msg/cmake/export_simple_velocity_msg__rosidl_generator_cExport-noconfig.cmake
[1.771s] -- Up-to-date: /home/vm/training/ros2_ws/install/simple_velocity_msg/share/simple_velocity_msg/cmake/export_simple_velocity_msg__rosidl_typesupport_fastrtps_cExport.cmake
[1.771s] -- Up-to-date: /home/vm/training/ros2_ws/install/simple_velocity_msg/share/simple_velocity_msg/cmake/export_simple_velocity_msg__rosidl_typesupport_fastrtps_cExport-noconfig.cmake
[1.771s] -- Up-to-date: /home/vm/training/ros2_ws/install/simple_velocity_msg/share/simple_velocity_msg/cmake/simple_velocity_msg__rosidl_typesupport_introspection_cExport.cmake
[1.771s] -- Up-to-date: /home/vm/training/ros2_ws/install/simple_velocity_msg/share/simple_velocity_msg/cmake/simple_velocity_msg__rosidl_typesupport_introspection_cExport-noconfig.cmake
[1.771s] -- Up-to-date: /home/vm/training/ros2_ws/install/simple_velocity_msg/share/simple_velocity_msg/cmake/simple_velocity_msg__rosidl_typesupport_cExport.cmake
[1.771s] -- Up-to-date: /home/vm/training/ros2_ws/install/simple_velocity_msg/share/simple_velocity_msg/cmake/simple_velocity_msg__rosidl_typesupport_cExport-noconfig.cmake
[1.772s] -- Up-to-date: /home/vm/training/ros2_ws/install/simple_velocity_msg/share/simple_velocity_msg/cmake/export_simple_velocity_msg__rosidl_generator_cppExport.cmake
[1.772s] -- Up-to-date: /home/vm/training/ros2_ws/install/simple_velocity_msg/share/simple_velocity_msg/cmake/export_simple_velocity_msg__rosidl_typesupport_fastrtps_cppExport.cmake
[1.772s] -- Up-to-date: /home/vm/training/ros2_ws/install/simple_velocity_msg/share/simple_velocity_msg/cmake/export_simple_velocity_msg__rosidl_typesupport_fastrtps_cppExport-noconfig.cmake
[1.772s] -- Up-to-date: /home/vm/training/ros2_ws/install/simple_velocity_msg/share/simple_velocity_msg/cmake/simple_velocity_msg__rosidl_typesupport_introspection_cppExport.cmake
[1.773s] -- Up-to-date: /home/vm/training/ros2_ws/install/simple_velocity_msg/share/simple_velocity_msg/cmake/simple_velocity_msg__rosidl_typesupport_introspection_cppExport-noconfig.cmake
[1.773s] -- Up-to-date: /home/vm/training/ros2_ws/install/simple_velocity_msg/share/simple_velocity_msg/cmake/simple_velocity_msg__rosidl_typesupport_cppExport.cmake
[1.774s] -- Up-to-date: /home/vm/training/ros2_ws/install/simple_velocity_msg/share/simple_velocity_msg/cmake/simple_velocity_msg__rosidl_typesupport_cppExport-noconfig.cmake
[1.774s] -- Up-to-date: /home/vm/training/ros2_ws/install/simple_velocity_msg/share/simple_velocity_msg/cmake/export_simple_velocity_msg__rosidl_generator_pyExport.cmake
[1.774s] -- Up-to-date: /home/vm/training/ros2_ws/install/simple_velocity_msg/share/simple_velocity_msg/cmake/export_simple_velocity_msg__rosidl_generator_pyExport-noconfig.cmake
[1.774s] -- Up-to-date: /home/vm/training/ros2_ws/install/simple_velocity_msg/share/simple_velocity_msg/cmake/rosidl_cmake-extras.cmake
[1.774s] -- Up-to-date: /home/vm/training/ros2_ws/install/simple_velocity_msg/share/simple_velocity_msg/cmake/ament_cmake_export_include_directories-extras.cmake
[1.774s] -- Up-to-date: /home/vm/training/ros2_ws/install/simple_velocity_msg/share/simple_velocity_msg/cmake/ament_cmake_export_libraries-extras.cmake
[1.774s] -- Up-to-date: /home/vm/training/ros2_ws/install/simple_velocity_msg/share/simple_velocity_msg/cmake/ament_cmake_export_targets-extras.cmake
[1.774s] -- Up-to-date: /home/vm/training/ros2_ws/install/simple_velocity_msg/share/simple_velocity_msg/cmake/rosidl_cmake_export_typesupport_targets-extras.cmake
[1.774s] -- Up-to-date: /home/vm/training/ros2_ws/install/simple_velocity_msg/share/simple_velocity_msg/cmake/ament_cmake_export_dependencies-extras.cmake
[1.776s] -- Up-to-date: /home/vm/training/ros2_ws/install/simple_velocity_msg/share/simple_velocity_msg/cmake/rosidl_cmake_export_typesupport_libraries-extras.cmake
[1.776s] -- Up-to-date: /home/vm/training/ros2_ws/install/simple_velocity_msg/share/simple_velocity_msg/cmake/simple_velocity_msgConfig.cmake
[1.776s] -- Up-to-date: /home/vm/training/ros2_ws/install/simple_velocity_msg/share/simple_velocity_msg/cmake/simple_velocity_msgConfig-version.cmake
[1.776s] -- Up-to-date: /home/vm/training/ros2_ws/install/simple_velocity_msg/share/simple_velocity_msg/package.xml
[1.782s] Invoked command in '/home/vm/training/ros2_ws/build/simple_velocity_msg' returned '0': CMAKE_PREFIX_PATH=/opt/ros/humble /usr/bin/cmake --install /home/vm/training/ros2_ws/build/simple_velocity_msg
