[0.252s] Invoking command in '/home/vm/training/ros2_ws/src/build/simple_velocity_msg': CMAKE_PREFIX_PATH=${CMAKE_PREFIX_PATH}:/home/vm/training/ros2_ws/install/teleop_keyboard:/home/vm/training/ros2_ws/install/pingpong_pkg:/home/vm/training/ros2_ws/install/object_spawner:/home/vm/training/ros2_ws/install/image_viewer:/home/vm/training/ros2_ws/install/custom_msg_subscriber:/home/vm/training/ros2_ws/install/custom_msg_publisher:/home/vm/training/ros2_ws/install/camera_service:/home/vm/training/new_workspace/install/package2:/home/vm/training/new_workspace/install/package1:/home/vm/training/new_workspace/install/my_python_package:/opt/ros/humble /usr/bin/cmake /home/vm/training/ros2_ws/src/simple_velocity_msg -DCMAKE_INSTALL_PREFIX=/home/vm/training/ros2_ws/src/install/simple_velocity_msg
[0.350s] -- The C compiler identification is GNU 11.4.0
[0.398s] -- The CXX compiler identification is GNU 11.4.0
[0.404s] -- Detecting C compiler ABI info
[0.476s] -- Detecting C compiler ABI info - done
[0.482s] -- Check for working C compiler: /usr/bin/cc - skipped
[0.482s] -- Detecting C compile features
[0.482s] -- Detecting C compile features - done
[0.485s] -- Detecting CXX compiler ABI info
[0.640s] -- Detecting CXX compiler ABI info - done
[0.669s] -- Check for working CXX compiler: /usr/bin/c++ - skipped
[0.669s] -- Detecting CXX compile features
[0.669s] -- Detecting CXX compile features - done
[0.687s] -- Found ament_cmake: 1.3.14 (/opt/ros/humble/share/ament_cmake/cmake)
[1.103s] -- Found Python3: /usr/bin/python3 (found version "3.10.12") found components: Interpreter 
[1.362s] -- Found rosidl_default_generators: 1.2.1 (/opt/ros/humble/share/rosidl_default_generators/cmake)
[1.377s] -- Using all available rosidl_typesupport_c: rosidl_typesupport_fastrtps_c;rosidl_typesupport_introspection_c
[1.395s] -- Found rosidl_adapter: 3.1.8 (/opt/ros/humble/share/rosidl_adapter/cmake)
[1.476s] -- Using all available rosidl_typesupport_cpp: rosidl_typesupport_fastrtps_cpp;rosidl_typesupport_introspection_cpp
[1.821s] -- Found ament_cmake_ros: 0.10.0 (/opt/ros/humble/share/ament_cmake_ros/cmake)
[2.165s] -- Using all available rosidl_typesupport_c: rosidl_typesupport_fastrtps_c;rosidl_typesupport_introspection_c
[2.490s] -- Using all available rosidl_typesupport_cpp: rosidl_typesupport_fastrtps_cpp;rosidl_typesupport_introspection_cpp
[2.514s] -- Found PythonInterp: /usr/bin/python3 (found suitable version "3.10.12", minimum required is "3.6") 
[2.520s] -- Found python_cmake_module: 0.10.0 (/opt/ros/humble/share/python_cmake_module/cmake)
[2.551s] -- Found PythonLibs: /usr/lib/x86_64-linux-gnu/libpython3.10.so (found suitable version "3.10.12", minimum required is "3.5") 
[2.551s] -- Using PYTHON_EXECUTABLE: /usr/bin/python3
[2.551s] -- Using PYTHON_INCLUDE_DIRS: /usr/include/python3.10
[2.551s] -- Using PYTHON_LIBRARIES: /usr/lib/x86_64-linux-gnu/libpython3.10.so
[2.585s] -- Found PythonExtra: .so  
[2.690s] -- Found ament_lint_auto: 0.12.15 (/opt/ros/humble/share/ament_lint_auto/cmake)
[2.715s] -- Added test 'lint_cmake' to check CMake code style
[2.717s] -- Added test 'xmllint' to check XML markup files
[2.720s] -- Configuring done
[2.744s] -- Generating done
[2.752s] -- Build files have been written to: /home/vm/training/ros2_ws/src/build/simple_velocity_msg
[2.762s] Invoked command in '/home/vm/training/ros2_ws/src/build/simple_velocity_msg' returned '0': CMAKE_PREFIX_PATH=${CMAKE_PREFIX_PATH}:/home/vm/training/ros2_ws/install/teleop_keyboard:/home/vm/training/ros2_ws/install/pingpong_pkg:/home/vm/training/ros2_ws/install/object_spawner:/home/vm/training/ros2_ws/install/image_viewer:/home/vm/training/ros2_ws/install/custom_msg_subscriber:/home/vm/training/ros2_ws/install/custom_msg_publisher:/home/vm/training/ros2_ws/install/camera_service:/home/vm/training/new_workspace/install/package2:/home/vm/training/new_workspace/install/package1:/home/vm/training/new_workspace/install/my_python_package:/opt/ros/humble /usr/bin/cmake /home/vm/training/ros2_ws/src/simple_velocity_msg -DCMAKE_INSTALL_PREFIX=/home/vm/training/ros2_ws/src/install/simple_velocity_msg
[2.766s] Invoking command in '/home/vm/training/ros2_ws/src/build/simple_velocity_msg': CMAKE_PREFIX_PATH=${CMAKE_PREFIX_PATH}:/home/vm/training/ros2_ws/install/teleop_keyboard:/home/vm/training/ros2_ws/install/pingpong_pkg:/home/vm/training/ros2_ws/install/object_spawner:/home/vm/training/ros2_ws/install/image_viewer:/home/vm/training/ros2_ws/install/custom_msg_subscriber:/home/vm/training/ros2_ws/install/custom_msg_publisher:/home/vm/training/ros2_ws/install/camera_service:/home/vm/training/new_workspace/install/package2:/home/vm/training/new_workspace/install/package1:/home/vm/training/new_workspace/install/my_python_package:/opt/ros/humble /usr/bin/cmake --build /home/vm/training/ros2_ws/src/build/simple_velocity_msg -- -j4 -l4
[2.818s] [  3%] [34m[1mGenerating C code for ROS interfaces[0m
[2.838s] [  6%] [34m[1mGenerating C++ code for ROS interfaces[0m
[2.838s] [  9%] [34m[1mGenerating Rust code for ROS interfaces[0m
[2.843s] [  9%] Built target ament_cmake_python_copy_simple_velocity_msg
[3.253s] [  9%] Built target simple_velocity_msg__rs
[3.274s] running egg_info
[3.280s] creating simple_velocity_msg.egg-info
[3.280s] writing simple_velocity_msg.egg-info/PKG-INFO
[3.280s] writing dependency_links to simple_velocity_msg.egg-info/dependency_links.txt
[3.280s] writing top-level names to simple_velocity_msg.egg-info/top_level.txt
[3.280s] writing manifest file 'simple_velocity_msg.egg-info/SOURCES.txt'
[3.280s] reading manifest file 'simple_velocity_msg.egg-info/SOURCES.txt'
[3.280s] writing manifest file 'simple_velocity_msg.egg-info/SOURCES.txt'
[3.337s] [  9%] Built target ament_cmake_python_build_simple_velocity_msg_egg
[3.359s] [  9%] Built target simple_velocity_msg__cpp
[3.362s] [ 12%] [32mBuilding C object CMakeFiles/simple_velocity_msg__rosidl_generator_c.dir/rosidl_generator_c/simple_velocity_msg/msg/detail/simple_velocity__functions.c.o[0m
[3.378s] [ 15%] [34m[1mGenerating C++ type support for eProsima Fast-RTPS[0m
[3.378s] [ 18%] [34m[1mGenerating C++ introspection for ROS interfaces[0m
[3.388s] [ 21%] [34m[1mGenerating C++ type support dispatch for ROS interfaces[0m
[3.480s] [ 25%] [32m[1mLinking C shared library libsimple_velocity_msg__rosidl_generator_c.so[0m
[3.555s] [ 25%] Built target simple_velocity_msg__rosidl_generator_c
[3.568s] [ 28%] [34m[1mGenerating C type support for eProsima Fast-RTPS[0m
[3.675s] [ 31%] [32mBuilding CXX object CMakeFiles/simple_velocity_msg__rosidl_typesupport_cpp.dir/rosidl_typesupport_cpp/simple_velocity_msg/msg/simple_velocity__type_support.cpp.o[0m
[3.703s] [ 34%] [32mBuilding CXX object CMakeFiles/simple_velocity_msg__rosidl_typesupport_introspection_cpp.dir/rosidl_typesupport_introspection_cpp/simple_velocity_msg/msg/detail/simple_velocity__type_support.cpp.o[0m
[3.773s] [ 37%] [32mBuilding CXX object CMakeFiles/simple_velocity_msg__rosidl_typesupport_fastrtps_cpp.dir/rosidl_typesupport_fastrtps_cpp/simple_velocity_msg/msg/detail/dds_fastrtps/simple_velocity__type_support.cpp.o[0m
[4.085s] [ 40%] [32mBuilding CXX object CMakeFiles/simple_velocity_msg__rosidl_typesupport_fastrtps_c.dir/rosidl_typesupport_fastrtps_c/simple_velocity_msg/msg/detail/simple_velocity__type_support_c.cpp.o[0m
[4.159s] [ 43%] [32m[1mLinking CXX shared library libsimple_velocity_msg__rosidl_typesupport_introspection_cpp.so[0m
[4.208s] [ 46%] [32m[1mLinking CXX shared library libsimple_velocity_msg__rosidl_typesupport_cpp.so[0m
[4.241s] [ 46%] Built target simple_velocity_msg__rosidl_typesupport_introspection_cpp
[4.266s] [ 50%] [34m[1mGenerating C introspection for ROS interfaces[0m
[4.284s] [ 50%] Built target simple_velocity_msg__rosidl_typesupport_cpp
[4.309s] [ 53%] [34m[1mGenerating C type support dispatch for ROS interfaces[0m
[4.409s] [ 56%] [32m[1mLinking CXX shared library libsimple_velocity_msg__rosidl_typesupport_fastrtps_cpp.so[0m
[4.518s] [ 59%] [32m[1mLinking CXX shared library libsimple_velocity_msg__rosidl_typesupport_fastrtps_c.so[0m
[4.538s] [ 59%] Built target simple_velocity_msg__rosidl_typesupport_fastrtps_cpp
[4.581s] [ 62%] [32mBuilding CXX object CMakeFiles/simple_velocity_msg__rosidl_typesupport_c.dir/rosidl_typesupport_c/simple_velocity_msg/msg/simple_velocity__type_support.cpp.o[0m
[4.590s] [ 62%] Built target simple_velocity_msg__rosidl_typesupport_fastrtps_c
[4.599s] [ 65%] [32mBuilding C object CMakeFiles/simple_velocity_msg__rosidl_typesupport_introspection_c.dir/rosidl_typesupport_introspection_c/simple_velocity_msg/msg/detail/simple_velocity__type_support.c.o[0m
[4.614s] [ 68%] [32m[1mLinking CXX shared library libsimple_velocity_msg__rosidl_typesupport_c.so[0m
[4.650s] [ 71%] [32m[1mLinking C shared library libsimple_velocity_msg__rosidl_typesupport_introspection_c.so[0m
[4.655s] [ 71%] Built target simple_velocity_msg__rosidl_typesupport_c
[4.675s] [ 71%] Built target simple_velocity_msg__rosidl_typesupport_introspection_c
[4.698s] [ 71%] Built target simple_velocity_msg
[4.722s] [ 75%] [34m[1mGenerating Python code for ROS interfaces[0m
[4.951s] [ 75%] Built target simple_velocity_msg__py
[4.968s] [ 78%] [32mBuilding C object CMakeFiles/simple_velocity_msg__rosidl_generator_py.dir/rosidl_generator_py/simple_velocity_msg/msg/_simple_velocity_s.c.o[0m
[5.047s] [ 81%] [32m[1mLinking C shared library rosidl_generator_py/simple_velocity_msg/libsimple_velocity_msg__rosidl_generator_py.so[0m
[5.079s] [ 81%] Built target simple_velocity_msg__rosidl_generator_py
[5.099s] [ 84%] [32mBuilding C object CMakeFiles/simple_velocity_msg__rosidl_typesupport_fastrtps_c__pyext.dir/rosidl_generator_py/simple_velocity_msg/_simple_velocity_msg_s.ep.rosidl_typesupport_fastrtps_c.c.o[0m
[5.103s] [ 87%] [32mBuilding C object CMakeFiles/simple_velocity_msg__rosidl_typesupport_c__pyext.dir/rosidl_generator_py/simple_velocity_msg/_simple_velocity_msg_s.ep.rosidl_typesupport_c.c.o[0m
[5.105s] [ 90%] [32mBuilding C object CMakeFiles/simple_velocity_msg__rosidl_typesupport_introspection_c__pyext.dir/rosidl_generator_py/simple_velocity_msg/_simple_velocity_msg_s.ep.rosidl_typesupport_introspection_c.c.o[0m
[5.172s] [ 93%] [32m[1mLinking C shared library rosidl_generator_py/simple_velocity_msg/simple_velocity_msg_s__rosidl_typesupport_introspection_c.cpython-310-x86_64-linux-gnu.so[0m
[5.175s] [ 96%] [32m[1mLinking C shared library rosidl_generator_py/simple_velocity_msg/simple_velocity_msg_s__rosidl_typesupport_fastrtps_c.cpython-310-x86_64-linux-gnu.so[0m
[5.175s] [100%] [32m[1mLinking C shared library rosidl_generator_py/simple_velocity_msg/simple_velocity_msg_s__rosidl_typesupport_c.cpython-310-x86_64-linux-gnu.so[0m
[5.196s] [100%] Built target simple_velocity_msg__rosidl_typesupport_introspection_c__pyext
[5.202s] [100%] Built target simple_velocity_msg__rosidl_typesupport_c__pyext
[5.203s] [100%] Built target simple_velocity_msg__rosidl_typesupport_fastrtps_c__pyext
[5.213s] Invoked command in '/home/vm/training/ros2_ws/src/build/simple_velocity_msg' returned '0': CMAKE_PREFIX_PATH=${CMAKE_PREFIX_PATH}:/home/vm/training/ros2_ws/install/teleop_keyboard:/home/vm/training/ros2_ws/install/pingpong_pkg:/home/vm/training/ros2_ws/install/object_spawner:/home/vm/training/ros2_ws/install/image_viewer:/home/vm/training/ros2_ws/install/custom_msg_subscriber:/home/vm/training/ros2_ws/install/custom_msg_publisher:/home/vm/training/ros2_ws/install/camera_service:/home/vm/training/new_workspace/install/package2:/home/vm/training/new_workspace/install/package1:/home/vm/training/new_workspace/install/my_python_package:/opt/ros/humble /usr/bin/cmake --build /home/vm/training/ros2_ws/src/build/simple_velocity_msg -- -j4 -l4
[5.215s] Invoking command in '/home/vm/training/ros2_ws/src/build/simple_velocity_msg': CMAKE_PREFIX_PATH=${CMAKE_PREFIX_PATH}:/home/vm/training/ros2_ws/install/teleop_keyboard:/home/vm/training/ros2_ws/install/pingpong_pkg:/home/vm/training/ros2_ws/install/object_spawner:/home/vm/training/ros2_ws/install/image_viewer:/home/vm/training/ros2_ws/install/custom_msg_subscriber:/home/vm/training/ros2_ws/install/custom_msg_publisher:/home/vm/training/ros2_ws/install/camera_service:/home/vm/training/new_workspace/install/package2:/home/vm/training/new_workspace/install/package1:/home/vm/training/new_workspace/install/my_python_package:/opt/ros/humble /usr/bin/cmake --install /home/vm/training/ros2_ws/src/build/simple_velocity_msg
[5.222s] -- Install configuration: ""
[5.222s] -- Installing: /home/vm/training/ros2_ws/src/install/simple_velocity_msg/share/ament_index/resource_index/rosidl_interfaces/simple_velocity_msg
[5.222s] -- Installing: /home/vm/training/ros2_ws/src/install/simple_velocity_msg/include/simple_velocity_msg/simple_velocity_msg
[5.222s] -- Installing: /home/vm/training/ros2_ws/src/install/simple_velocity_msg/include/simple_velocity_msg/simple_velocity_msg/msg
[5.223s] -- Installing: /home/vm/training/ros2_ws/src/install/simple_velocity_msg/include/simple_velocity_msg/simple_velocity_msg/msg/detail
[5.223s] -- Installing: /home/vm/training/ros2_ws/src/install/simple_velocity_msg/include/simple_velocity_msg/simple_velocity_msg/msg/detail/simple_velocity__functions.c
[5.223s] -- Installing: /home/vm/training/ros2_ws/src/install/simple_velocity_msg/include/simple_velocity_msg/simple_velocity_msg/msg/detail/simple_velocity__type_support.h
[5.223s] -- Installing: /home/vm/training/ros2_ws/src/install/simple_velocity_msg/include/simple_velocity_msg/simple_velocity_msg/msg/detail/simple_velocity__struct.h
[5.223s] -- Installing: /home/vm/training/ros2_ws/src/install/simple_velocity_msg/include/simple_velocity_msg/simple_velocity_msg/msg/detail/simple_velocity__functions.h
[5.223s] -- Installing: /home/vm/training/ros2_ws/src/install/simple_velocity_msg/include/simple_velocity_msg/simple_velocity_msg/msg/simple_velocity.h
[5.223s] -- Installing: /home/vm/training/ros2_ws/src/install/simple_velocity_msg/include/simple_velocity_msg/simple_velocity_msg/msg/rosidl_generator_c__visibility_control.h
[5.223s] -- Installing: /home/vm/training/ros2_ws/src/install/simple_velocity_msg/share/simple_velocity_msg/environment/library_path.sh
[5.223s] -- Installing: /home/vm/training/ros2_ws/src/install/simple_velocity_msg/share/simple_velocity_msg/environment/library_path.dsv
[5.223s] -- Installing: /home/vm/training/ros2_ws/src/install/simple_velocity_msg/lib/libsimple_velocity_msg__rosidl_generator_c.so
[5.224s] -- Set runtime path of "/home/vm/training/ros2_ws/src/install/simple_velocity_msg/lib/libsimple_velocity_msg__rosidl_generator_c.so" to ""
[5.224s] -- Up-to-date: /home/vm/training/ros2_ws/src/install/simple_velocity_msg/include/simple_velocity_msg/simple_velocity_msg
[5.224s] -- Up-to-date: /home/vm/training/ros2_ws/src/install/simple_velocity_msg/include/simple_velocity_msg/simple_velocity_msg/msg
[5.224s] -- Up-to-date: /home/vm/training/ros2_ws/src/install/simple_velocity_msg/include/simple_velocity_msg/simple_velocity_msg/msg/detail
[5.224s] -- Installing: /home/vm/training/ros2_ws/src/install/simple_velocity_msg/include/simple_velocity_msg/simple_velocity_msg/msg/detail/simple_velocity__rosidl_typesupport_fastrtps_c.h
[5.224s] -- Installing: /home/vm/training/ros2_ws/src/install/simple_velocity_msg/include/simple_velocity_msg/simple_velocity_msg/msg/rosidl_typesupport_fastrtps_c__visibility_control.h
[5.224s] -- Installing: /home/vm/training/ros2_ws/src/install/simple_velocity_msg/lib/libsimple_velocity_msg__rosidl_typesupport_fastrtps_c.so
[5.224s] -- Set runtime path of "/home/vm/training/ros2_ws/src/install/simple_velocity_msg/lib/libsimple_velocity_msg__rosidl_typesupport_fastrtps_c.so" to ""
[5.224s] -- Up-to-date: /home/vm/training/ros2_ws/src/install/simple_velocity_msg/include/simple_velocity_msg/simple_velocity_msg
[5.224s] -- Up-to-date: /home/vm/training/ros2_ws/src/install/simple_velocity_msg/include/simple_velocity_msg/simple_velocity_msg/msg
[5.224s] -- Up-to-date: /home/vm/training/ros2_ws/src/install/simple_velocity_msg/include/simple_velocity_msg/simple_velocity_msg/msg/detail
[5.225s] -- Installing: /home/vm/training/ros2_ws/src/install/simple_velocity_msg/include/simple_velocity_msg/simple_velocity_msg/msg/detail/simple_velocity__rosidl_typesupport_introspection_c.h
[5.225s] -- Installing: /home/vm/training/ros2_ws/src/install/simple_velocity_msg/include/simple_velocity_msg/simple_velocity_msg/msg/detail/simple_velocity__type_support.c
[5.225s] -- Installing: /home/vm/training/ros2_ws/src/install/simple_velocity_msg/include/simple_velocity_msg/simple_velocity_msg/msg/rosidl_typesupport_introspection_c__visibility_control.h
[5.225s] -- Installing: /home/vm/training/ros2_ws/src/install/simple_velocity_msg/lib/libsimple_velocity_msg__rosidl_typesupport_introspection_c.so
[5.225s] -- Set runtime path of "/home/vm/training/ros2_ws/src/install/simple_velocity_msg/lib/libsimple_velocity_msg__rosidl_typesupport_introspection_c.so" to ""
[5.225s] -- Installing: /home/vm/training/ros2_ws/src/install/simple_velocity_msg/lib/libsimple_velocity_msg__rosidl_typesupport_c.so
[5.226s] -- Set runtime path of "/home/vm/training/ros2_ws/src/install/simple_velocity_msg/lib/libsimple_velocity_msg__rosidl_typesupport_c.so" to ""
[5.226s] -- Up-to-date: /home/vm/training/ros2_ws/src/install/simple_velocity_msg/include/simple_velocity_msg/simple_velocity_msg
[5.226s] -- Up-to-date: /home/vm/training/ros2_ws/src/install/simple_velocity_msg/include/simple_velocity_msg/simple_velocity_msg/msg
[5.226s] -- Installing: /home/vm/training/ros2_ws/src/install/simple_velocity_msg/include/simple_velocity_msg/simple_velocity_msg/msg/simple_velocity.hpp
[5.226s] -- Up-to-date: /home/vm/training/ros2_ws/src/install/simple_velocity_msg/include/simple_velocity_msg/simple_velocity_msg/msg/detail
[5.226s] -- Installing: /home/vm/training/ros2_ws/src/install/simple_velocity_msg/include/simple_velocity_msg/simple_velocity_msg/msg/detail/simple_velocity__traits.hpp
[5.226s] -- Installing: /home/vm/training/ros2_ws/src/install/simple_velocity_msg/include/simple_velocity_msg/simple_velocity_msg/msg/detail/simple_velocity__type_support.hpp
[5.226s] -- Installing: /home/vm/training/ros2_ws/src/install/simple_velocity_msg/include/simple_velocity_msg/simple_velocity_msg/msg/detail/simple_velocity__builder.hpp
[5.226s] -- Installing: /home/vm/training/ros2_ws/src/install/simple_velocity_msg/include/simple_velocity_msg/simple_velocity_msg/msg/detail/simple_velocity__struct.hpp
[5.226s] -- Installing: /home/vm/training/ros2_ws/src/install/simple_velocity_msg/include/simple_velocity_msg/simple_velocity_msg/msg/rosidl_generator_cpp__visibility_control.hpp
[5.226s] -- Up-to-date: /home/vm/training/ros2_ws/src/install/simple_velocity_msg/include/simple_velocity_msg/simple_velocity_msg
[5.226s] -- Up-to-date: /home/vm/training/ros2_ws/src/install/simple_velocity_msg/include/simple_velocity_msg/simple_velocity_msg/msg
[5.226s] -- Up-to-date: /home/vm/training/ros2_ws/src/install/simple_velocity_msg/include/simple_velocity_msg/simple_velocity_msg/msg/detail
[5.226s] -- Installing: /home/vm/training/ros2_ws/src/install/simple_velocity_msg/include/simple_velocity_msg/simple_velocity_msg/msg/detail/simple_velocity__rosidl_typesupport_fastrtps_cpp.hpp
[5.227s] -- Installing: /home/vm/training/ros2_ws/src/install/simple_velocity_msg/include/simple_velocity_msg/simple_velocity_msg/msg/detail/dds_fastrtps
[5.227s] -- Installing: /home/vm/training/ros2_ws/src/install/simple_velocity_msg/include/simple_velocity_msg/simple_velocity_msg/msg/rosidl_typesupport_fastrtps_cpp__visibility_control.h
[5.227s] -- Installing: /home/vm/training/ros2_ws/src/install/simple_velocity_msg/lib/libsimple_velocity_msg__rosidl_typesupport_fastrtps_cpp.so
[5.228s] -- Set runtime path of "/home/vm/training/ros2_ws/src/install/simple_velocity_msg/lib/libsimple_velocity_msg__rosidl_typesupport_fastrtps_cpp.so" to ""
[5.228s] -- Up-to-date: /home/vm/training/ros2_ws/src/install/simple_velocity_msg/include/simple_velocity_msg/simple_velocity_msg
[5.228s] -- Up-to-date: /home/vm/training/ros2_ws/src/install/simple_velocity_msg/include/simple_velocity_msg/simple_velocity_msg/msg
[5.228s] -- Up-to-date: /home/vm/training/ros2_ws/src/install/simple_velocity_msg/include/simple_velocity_msg/simple_velocity_msg/msg/detail
[5.228s] -- Installing: /home/vm/training/ros2_ws/src/install/simple_velocity_msg/include/simple_velocity_msg/simple_velocity_msg/msg/detail/simple_velocity__type_support.cpp
[5.228s] -- Installing: /home/vm/training/ros2_ws/src/install/simple_velocity_msg/include/simple_velocity_msg/simple_velocity_msg/msg/detail/simple_velocity__rosidl_typesupport_introspection_cpp.hpp
[5.228s] -- Installing: /home/vm/training/ros2_ws/src/install/simple_velocity_msg/lib/libsimple_velocity_msg__rosidl_typesupport_introspection_cpp.so
[5.228s] -- Set runtime path of "/home/vm/training/ros2_ws/src/install/simple_velocity_msg/lib/libsimple_velocity_msg__rosidl_typesupport_introspection_cpp.so" to ""
[5.228s] -- Installing: /home/vm/training/ros2_ws/src/install/simple_velocity_msg/lib/libsimple_velocity_msg__rosidl_typesupport_cpp.so
[5.229s] -- Set runtime path of "/home/vm/training/ros2_ws/src/install/simple_velocity_msg/lib/libsimple_velocity_msg__rosidl_typesupport_cpp.so" to ""
[5.229s] -- Installing: /home/vm/training/ros2_ws/src/install/simple_velocity_msg/share/simple_velocity_msg/environment/pythonpath.sh
[5.229s] -- Installing: /home/vm/training/ros2_ws/src/install/simple_velocity_msg/share/simple_velocity_msg/environment/pythonpath.dsv
[5.229s] -- Installing: /home/vm/training/ros2_ws/src/install/simple_velocity_msg/local/lib/python3.10/dist-packages/simple_velocity_msg-0.0.0-py3.10.egg-info
[5.229s] -- Installing: /home/vm/training/ros2_ws/src/install/simple_velocity_msg/local/lib/python3.10/dist-packages/simple_velocity_msg-0.0.0-py3.10.egg-info/dependency_links.txt
[5.229s] -- Installing: /home/vm/training/ros2_ws/src/install/simple_velocity_msg/local/lib/python3.10/dist-packages/simple_velocity_msg-0.0.0-py3.10.egg-info/top_level.txt
[5.229s] -- Installing: /home/vm/training/ros2_ws/src/install/simple_velocity_msg/local/lib/python3.10/dist-packages/simple_velocity_msg-0.0.0-py3.10.egg-info/SOURCES.txt
[5.229s] -- Installing: /home/vm/training/ros2_ws/src/install/simple_velocity_msg/local/lib/python3.10/dist-packages/simple_velocity_msg-0.0.0-py3.10.egg-info/PKG-INFO
[5.229s] -- Installing: /home/vm/training/ros2_ws/src/install/simple_velocity_msg/local/lib/python3.10/dist-packages/simple_velocity_msg
[5.229s] -- Installing: /home/vm/training/ros2_ws/src/install/simple_velocity_msg/local/lib/python3.10/dist-packages/simple_velocity_msg/msg
[5.229s] -- Installing: /home/vm/training/ros2_ws/src/install/simple_velocity_msg/local/lib/python3.10/dist-packages/simple_velocity_msg/msg/_simple_velocity.py
[5.229s] -- Installing: /home/vm/training/ros2_ws/src/install/simple_velocity_msg/local/lib/python3.10/dist-packages/simple_velocity_msg/msg/__init__.py
[5.230s] -- Installing: /home/vm/training/ros2_ws/src/install/simple_velocity_msg/local/lib/python3.10/dist-packages/simple_velocity_msg/msg/_simple_velocity_s.c
[5.230s] -- Installing: /home/vm/training/ros2_ws/src/install/simple_velocity_msg/local/lib/python3.10/dist-packages/simple_velocity_msg/_simple_velocity_msg_s.ep.rosidl_typesupport_introspection_c.c
[5.230s] -- Installing: /home/vm/training/ros2_ws/src/install/simple_velocity_msg/local/lib/python3.10/dist-packages/simple_velocity_msg/simple_velocity_msg_s__rosidl_typesupport_introspection_c.cpython-310-x86_64-linux-gnu.so
[5.230s] -- Installing: /home/vm/training/ros2_ws/src/install/simple_velocity_msg/local/lib/python3.10/dist-packages/simple_velocity_msg/simple_velocity_msg_s__rosidl_typesupport_fastrtps_c.cpython-310-x86_64-linux-gnu.so
[5.230s] -- Installing: /home/vm/training/ros2_ws/src/install/simple_velocity_msg/local/lib/python3.10/dist-packages/simple_velocity_msg/simple_velocity_msg_s__rosidl_typesupport_c.cpython-310-x86_64-linux-gnu.so
[5.230s] -- Installing: /home/vm/training/ros2_ws/src/install/simple_velocity_msg/local/lib/python3.10/dist-packages/simple_velocity_msg/_simple_velocity_msg_s.ep.rosidl_typesupport_c.c
[5.230s] -- Installing: /home/vm/training/ros2_ws/src/install/simple_velocity_msg/local/lib/python3.10/dist-packages/simple_velocity_msg/__init__.py
[5.230s] -- Installing: /home/vm/training/ros2_ws/src/install/simple_velocity_msg/local/lib/python3.10/dist-packages/simple_velocity_msg/libsimple_velocity_msg__rosidl_generator_py.so
[5.231s] -- Installing: /home/vm/training/ros2_ws/src/install/simple_velocity_msg/local/lib/python3.10/dist-packages/simple_velocity_msg/_simple_velocity_msg_s.ep.rosidl_typesupport_fastrtps_c.c
[5.262s] Listing '/home/vm/training/ros2_ws/src/install/simple_velocity_msg/local/lib/python3.10/dist-packages/simple_velocity_msg'...
[5.262s] Compiling '/home/vm/training/ros2_ws/src/install/simple_velocity_msg/local/lib/python3.10/dist-packages/simple_velocity_msg/__init__.py'...
[5.262s] Listing '/home/vm/training/ros2_ws/src/install/simple_velocity_msg/local/lib/python3.10/dist-packages/simple_velocity_msg/msg'...
[5.262s] Compiling '/home/vm/training/ros2_ws/src/install/simple_velocity_msg/local/lib/python3.10/dist-packages/simple_velocity_msg/msg/__init__.py'...
[5.262s] Compiling '/home/vm/training/ros2_ws/src/install/simple_velocity_msg/local/lib/python3.10/dist-packages/simple_velocity_msg/msg/_simple_velocity.py'...
[5.265s] -- Installing: /home/vm/training/ros2_ws/src/install/simple_velocity_msg/local/lib/python3.10/dist-packages/simple_velocity_msg/simple_velocity_msg_s__rosidl_typesupport_fastrtps_c.cpython-310-x86_64-linux-gnu.so
[5.265s] -- Set runtime path of "/home/vm/training/ros2_ws/src/install/simple_velocity_msg/local/lib/python3.10/dist-packages/simple_velocity_msg/simple_velocity_msg_s__rosidl_typesupport_fastrtps_c.cpython-310-x86_64-linux-gnu.so" to ""
[5.265s] -- Installing: /home/vm/training/ros2_ws/src/install/simple_velocity_msg/local/lib/python3.10/dist-packages/simple_velocity_msg/simple_velocity_msg_s__rosidl_typesupport_introspection_c.cpython-310-x86_64-linux-gnu.so
[5.266s] -- Set runtime path of "/home/vm/training/ros2_ws/src/install/simple_velocity_msg/local/lib/python3.10/dist-packages/simple_velocity_msg/simple_velocity_msg_s__rosidl_typesupport_introspection_c.cpython-310-x86_64-linux-gnu.so" to ""
[5.266s] -- Installing: /home/vm/training/ros2_ws/src/install/simple_velocity_msg/local/lib/python3.10/dist-packages/simple_velocity_msg/simple_velocity_msg_s__rosidl_typesupport_c.cpython-310-x86_64-linux-gnu.so
[5.266s] -- Set runtime path of "/home/vm/training/ros2_ws/src/install/simple_velocity_msg/local/lib/python3.10/dist-packages/simple_velocity_msg/simple_velocity_msg_s__rosidl_typesupport_c.cpython-310-x86_64-linux-gnu.so" to ""
[5.266s] -- Installing: /home/vm/training/ros2_ws/src/install/simple_velocity_msg/lib/libsimple_velocity_msg__rosidl_generator_py.so
[5.267s] -- Set runtime path of "/home/vm/training/ros2_ws/src/install/simple_velocity_msg/lib/libsimple_velocity_msg__rosidl_generator_py.so" to ""
[5.267s] -- Installing: /home/vm/training/ros2_ws/src/install/simple_velocity_msg/share/ament_index/resource_index/rust_packages/simple_velocity_msg
[5.267s] -- Installing: /home/vm/training/ros2_ws/src/install/simple_velocity_msg/share/simple_velocity_msg/rust
[5.267s] -- Installing: /home/vm/training/ros2_ws/src/install/simple_velocity_msg/share/simple_velocity_msg/rust/Cargo.toml
[5.267s] -- Installing: /home/vm/training/ros2_ws/src/install/simple_velocity_msg/share/simple_velocity_msg/rust/src
[5.267s] -- Installing: /home/vm/training/ros2_ws/src/install/simple_velocity_msg/share/simple_velocity_msg/rust/src/msg
[5.267s] -- Installing: /home/vm/training/ros2_ws/src/install/simple_velocity_msg/share/simple_velocity_msg/rust/src/msg/rmw.rs
[5.267s] -- Installing: /home/vm/training/ros2_ws/src/install/simple_velocity_msg/share/simple_velocity_msg/rust/src/msg.rs
[5.267s] -- Installing: /home/vm/training/ros2_ws/src/install/simple_velocity_msg/share/simple_velocity_msg/rust/src/lib.rs
[5.267s] -- Installing: /home/vm/training/ros2_ws/src/install/simple_velocity_msg/share/simple_velocity_msg/rust/build.rs
[5.267s] -- Installing: /home/vm/training/ros2_ws/src/install/simple_velocity_msg/share/simple_velocity_msg/msg/SimpleVelocity.idl
[5.267s] -- Installing: /home/vm/training/ros2_ws/src/install/simple_velocity_msg/share/simple_velocity_msg/msg/SimpleVelocity.msg
[5.268s] -- Installing: /home/vm/training/ros2_ws/src/install/simple_velocity_msg/share/ament_index/resource_index/package_run_dependencies/simple_velocity_msg
[5.268s] -- Installing: /home/vm/training/ros2_ws/src/install/simple_velocity_msg/share/ament_index/resource_index/parent_prefix_path/simple_velocity_msg
[5.268s] -- Installing: /home/vm/training/ros2_ws/src/install/simple_velocity_msg/share/simple_velocity_msg/environment/ament_prefix_path.sh
[5.268s] -- Installing: /home/vm/training/ros2_ws/src/install/simple_velocity_msg/share/simple_velocity_msg/environment/ament_prefix_path.dsv
[5.268s] -- Installing: /home/vm/training/ros2_ws/src/install/simple_velocity_msg/share/simple_velocity_msg/environment/path.sh
[5.268s] -- Installing: /home/vm/training/ros2_ws/src/install/simple_velocity_msg/share/simple_velocity_msg/environment/path.dsv
[5.268s] -- Installing: /home/vm/training/ros2_ws/src/install/simple_velocity_msg/share/simple_velocity_msg/local_setup.bash
[5.268s] -- Installing: /home/vm/training/ros2_ws/src/install/simple_velocity_msg/share/simple_velocity_msg/local_setup.sh
[5.268s] -- Installing: /home/vm/training/ros2_ws/src/install/simple_velocity_msg/share/simple_velocity_msg/local_setup.zsh
[5.268s] -- Installing: /home/vm/training/ros2_ws/src/install/simple_velocity_msg/share/simple_velocity_msg/local_setup.dsv
[5.268s] -- Installing: /home/vm/training/ros2_ws/src/install/simple_velocity_msg/share/simple_velocity_msg/package.dsv
[5.269s] -- Installing: /home/vm/training/ros2_ws/src/install/simple_velocity_msg/share/ament_index/resource_index/packages/simple_velocity_msg
[5.269s] -- Installing: /home/vm/training/ros2_ws/src/install/simple_velocity_msg/share/simple_velocity_msg/cmake/export_simple_velocity_msg__rosidl_generator_cExport.cmake
[5.269s] -- Installing: /home/vm/training/ros2_ws/src/install/simple_velocity_msg/share/simple_velocity_msg/cmake/export_simple_velocity_msg__rosidl_generator_cExport-noconfig.cmake
[5.269s] -- Installing: /home/vm/training/ros2_ws/src/install/simple_velocity_msg/share/simple_velocity_msg/cmake/export_simple_velocity_msg__rosidl_typesupport_fastrtps_cExport.cmake
[5.269s] -- Installing: /home/vm/training/ros2_ws/src/install/simple_velocity_msg/share/simple_velocity_msg/cmake/export_simple_velocity_msg__rosidl_typesupport_fastrtps_cExport-noconfig.cmake
[5.269s] -- Installing: /home/vm/training/ros2_ws/src/install/simple_velocity_msg/share/simple_velocity_msg/cmake/simple_velocity_msg__rosidl_typesupport_introspection_cExport.cmake
[5.269s] -- Installing: /home/vm/training/ros2_ws/src/install/simple_velocity_msg/share/simple_velocity_msg/cmake/simple_velocity_msg__rosidl_typesupport_introspection_cExport-noconfig.cmake
[5.269s] -- Installing: /home/vm/training/ros2_ws/src/install/simple_velocity_msg/share/simple_velocity_msg/cmake/simple_velocity_msg__rosidl_typesupport_cExport.cmake
[5.269s] -- Installing: /home/vm/training/ros2_ws/src/install/simple_velocity_msg/share/simple_velocity_msg/cmake/simple_velocity_msg__rosidl_typesupport_cExport-noconfig.cmake
[5.270s] -- Installing: /home/vm/training/ros2_ws/src/install/simple_velocity_msg/share/simple_velocity_msg/cmake/export_simple_velocity_msg__rosidl_generator_cppExport.cmake
[5.270s] -- Installing: /home/vm/training/ros2_ws/src/install/simple_velocity_msg/share/simple_velocity_msg/cmake/export_simple_velocity_msg__rosidl_typesupport_fastrtps_cppExport.cmake
[5.270s] -- Installing: /home/vm/training/ros2_ws/src/install/simple_velocity_msg/share/simple_velocity_msg/cmake/export_simple_velocity_msg__rosidl_typesupport_fastrtps_cppExport-noconfig.cmake
[5.270s] -- Installing: /home/vm/training/ros2_ws/src/install/simple_velocity_msg/share/simple_velocity_msg/cmake/simple_velocity_msg__rosidl_typesupport_introspection_cppExport.cmake
[5.270s] -- Installing: /home/vm/training/ros2_ws/src/install/simple_velocity_msg/share/simple_velocity_msg/cmake/simple_velocity_msg__rosidl_typesupport_introspection_cppExport-noconfig.cmake
[5.270s] -- Installing: /home/vm/training/ros2_ws/src/install/simple_velocity_msg/share/simple_velocity_msg/cmake/simple_velocity_msg__rosidl_typesupport_cppExport.cmake
[5.270s] -- Installing: /home/vm/training/ros2_ws/src/install/simple_velocity_msg/share/simple_velocity_msg/cmake/simple_velocity_msg__rosidl_typesupport_cppExport-noconfig.cmake
[5.270s] -- Installing: /home/vm/training/ros2_ws/src/install/simple_velocity_msg/share/simple_velocity_msg/cmake/export_simple_velocity_msg__rosidl_generator_pyExport.cmake
[5.270s] -- Installing: /home/vm/training/ros2_ws/src/install/simple_velocity_msg/share/simple_velocity_msg/cmake/export_simple_velocity_msg__rosidl_generator_pyExport-noconfig.cmake
[5.271s] -- Installing: /home/vm/training/ros2_ws/src/install/simple_velocity_msg/share/simple_velocity_msg/cmake/rosidl_cmake-extras.cmake
[5.271s] -- Installing: /home/vm/training/ros2_ws/src/install/simple_velocity_msg/share/simple_velocity_msg/cmake/ament_cmake_export_include_directories-extras.cmake
[5.271s] -- Installing: /home/vm/training/ros2_ws/src/install/simple_velocity_msg/share/simple_velocity_msg/cmake/ament_cmake_export_libraries-extras.cmake
[5.271s] -- Installing: /home/vm/training/ros2_ws/src/install/simple_velocity_msg/share/simple_velocity_msg/cmake/ament_cmake_export_targets-extras.cmake
[5.271s] -- Installing: /home/vm/training/ros2_ws/src/install/simple_velocity_msg/share/simple_velocity_msg/cmake/rosidl_cmake_export_typesupport_targets-extras.cmake
[5.271s] -- Installing: /home/vm/training/ros2_ws/src/install/simple_velocity_msg/share/simple_velocity_msg/cmake/ament_cmake_export_dependencies-extras.cmake
[5.271s] -- Installing: /home/vm/training/ros2_ws/src/install/simple_velocity_msg/share/simple_velocity_msg/cmake/rosidl_cmake_export_typesupport_libraries-extras.cmake
[5.271s] -- Installing: /home/vm/training/ros2_ws/src/install/simple_velocity_msg/share/simple_velocity_msg/cmake/simple_velocity_msgConfig.cmake
[5.271s] -- Installing: /home/vm/training/ros2_ws/src/install/simple_velocity_msg/share/simple_velocity_msg/cmake/simple_velocity_msgConfig-version.cmake
[5.271s] -- Installing: /home/vm/training/ros2_ws/src/install/simple_velocity_msg/share/simple_velocity_msg/package.xml
[5.273s] Invoked command in '/home/vm/training/ros2_ws/src/build/simple_velocity_msg' returned '0': CMAKE_PREFIX_PATH=${CMAKE_PREFIX_PATH}:/home/vm/training/ros2_ws/install/teleop_keyboard:/home/vm/training/ros2_ws/install/pingpong_pkg:/home/vm/training/ros2_ws/install/object_spawner:/home/vm/training/ros2_ws/install/image_viewer:/home/vm/training/ros2_ws/install/custom_msg_subscriber:/home/vm/training/ros2_ws/install/custom_msg_publisher:/home/vm/training/ros2_ws/install/camera_service:/home/vm/training/new_workspace/install/package2:/home/vm/training/new_workspace/install/package1:/home/vm/training/new_workspace/install/my_python_package:/opt/ros/humble /usr/bin/cmake --install /home/vm/training/ros2_ws/src/build/simple_velocity_msg
