[0.999s] Invoking command in '/home/vm/training/ros2_ws/src/custom_msg_publisher': PYTHONPATH=/home/vm/training/ros2_ws/src/build/custom_msg_publisher/prefix_override:/usr/lib/python3/dist-packages/colcon_core/task/python/colcon_distutils_commands:/home/vm/training/ros2_ws/src/install/custom_msg_publisher/lib/python3.10/site-packages:${PYTHONPATH} /usr/bin/python3 -W ignore:setup.py install is deprecated -W ignore:easy_install command is deprecated setup.py egg_info --egg-base ../build/custom_msg_publisher build --build-base /home/vm/training/ros2_ws/src/build/custom_msg_publisher/build install --record /home/vm/training/ros2_ws/src/build/custom_msg_publisher/install.log --single-version-externally-managed install_data
[1.223s] running egg_info
[1.223s] creating ../build/custom_msg_publisher/custom_msg_publisher.egg-info
[1.223s] writing ../build/custom_msg_publisher/custom_msg_publisher.egg-info/PKG-INFO
[1.224s] writing dependency_links to ../build/custom_msg_publisher/custom_msg_publisher.egg-info/dependency_links.txt
[1.224s] writing entry points to ../build/custom_msg_publisher/custom_msg_publisher.egg-info/entry_points.txt
[1.224s] writing requirements to ../build/custom_msg_publisher/custom_msg_publisher.egg-info/requires.txt
[1.225s] writing top-level names to ../build/custom_msg_publisher/custom_msg_publisher.egg-info/top_level.txt
[1.225s] writing manifest file '../build/custom_msg_publisher/custom_msg_publisher.egg-info/SOURCES.txt'
[1.227s] reading manifest file '../build/custom_msg_publisher/custom_msg_publisher.egg-info/SOURCES.txt'
[1.227s] writing manifest file '../build/custom_msg_publisher/custom_msg_publisher.egg-info/SOURCES.txt'
[1.228s] running build
[1.228s] running build_py
[1.228s] creating /home/vm/training/ros2_ws/src/build/custom_msg_publisher/build
[1.228s] creating /home/vm/training/ros2_ws/src/build/custom_msg_publisher/build/lib
[1.228s] creating /home/vm/training/ros2_ws/src/build/custom_msg_publisher/build/lib/custom_msg_publisher
[1.229s] copying custom_msg_publisher/custom_msg_publisher.py -> /home/vm/training/ros2_ws/src/build/custom_msg_publisher/build/lib/custom_msg_publisher
[1.229s] copying custom_msg_publisher/__init__.py -> /home/vm/training/ros2_ws/src/build/custom_msg_publisher/build/lib/custom_msg_publisher
[1.229s] running install
[1.229s] running install_lib
[1.233s] creating /home/vm/training/ros2_ws/src/install/custom_msg_publisher/lib/python3.10/site-packages/custom_msg_publisher
[1.233s] copying /home/vm/training/ros2_ws/src/build/custom_msg_publisher/build/lib/custom_msg_publisher/custom_msg_publisher.py -> /home/vm/training/ros2_ws/src/install/custom_msg_publisher/lib/python3.10/site-packages/custom_msg_publisher
[1.233s] copying /home/vm/training/ros2_ws/src/build/custom_msg_publisher/build/lib/custom_msg_publisher/__init__.py -> /home/vm/training/ros2_ws/src/install/custom_msg_publisher/lib/python3.10/site-packages/custom_msg_publisher
[1.233s] byte-compiling /home/vm/training/ros2_ws/src/install/custom_msg_publisher/lib/python3.10/site-packages/custom_msg_publisher/custom_msg_publisher.py to custom_msg_publisher.cpython-310.pyc
[1.243s] byte-compiling /home/vm/training/ros2_ws/src/install/custom_msg_publisher/lib/python3.10/site-packages/custom_msg_publisher/__init__.py to __init__.cpython-310.pyc
[1.243s] running install_data
[1.243s] creating /home/vm/training/ros2_ws/src/install/custom_msg_publisher/share/ament_index
[1.243s] creating /home/vm/training/ros2_ws/src/install/custom_msg_publisher/share/ament_index/resource_index
[1.243s] creating /home/vm/training/ros2_ws/src/install/custom_msg_publisher/share/ament_index/resource_index/packages
[1.243s] copying resource/custom_msg_publisher -> /home/vm/training/ros2_ws/src/install/custom_msg_publisher/share/ament_index/resource_index/packages
[1.243s] copying package.xml -> /home/vm/training/ros2_ws/src/install/custom_msg_publisher/share/custom_msg_publisher
[1.243s] running install_egg_info
[1.243s] Copying ../build/custom_msg_publisher/custom_msg_publisher.egg-info to /home/vm/training/ros2_ws/src/install/custom_msg_publisher/lib/python3.10/site-packages/custom_msg_publisher-0.0.0-py3.10.egg-info
[1.243s] running install_scripts
[1.260s] Installing simple_velocity_pub_node script to /home/vm/training/ros2_ws/src/install/custom_msg_publisher/lib/custom_msg_publisher
[1.260s] writing list of installed files to '/home/vm/training/ros2_ws/src/build/custom_msg_publisher/install.log'
[1.481s] Invoked command in '/home/vm/training/ros2_ws/src/custom_msg_publisher' returned '0': PYTHONPATH=/home/vm/training/ros2_ws/src/build/custom_msg_publisher/prefix_override:/usr/lib/python3/dist-packages/colcon_core/task/python/colcon_distutils_commands:/home/vm/training/ros2_ws/src/install/custom_msg_publisher/lib/python3.10/site-packages:${PYTHONPATH} /usr/bin/python3 -W ignore:setup.py install is deprecated -W ignore:easy_install command is deprecated setup.py egg_info --egg-base ../build/custom_msg_publisher build --build-base /home/vm/training/ros2_ws/src/build/custom_msg_publisher/build install --record /home/vm/training/ros2_ws/src/build/custom_msg_publisher/install.log --single-version-externally-managed install_data
