running egg_info
creating ../../build/package1/package1.egg-info
writing ../../build/package1/package1.egg-info/PKG-INFO
writing dependency_links to ../../build/package1/package1.egg-info/dependency_links.txt
writing entry points to ../../build/package1/package1.egg-info/entry_points.txt
writing requirements to ../../build/package1/package1.egg-info/requires.txt
writing top-level names to ../../build/package1/package1.egg-info/top_level.txt
writing manifest file '../../build/package1/package1.egg-info/SOURCES.txt'
reading manifest file '../../build/package1/package1.egg-info/SOURCES.txt'
writing manifest file '../../build/package1/package1.egg-info/SOURCES.txt'
running build
running build_py
creating /home/vm/training/new_workspace/build/package1/build
creating /home/vm/training/new_workspace/build/package1/build/lib
creating /home/vm/training/new_workspace/build/package1/build/lib/package1
copying package1/node1.py -> /home/vm/training/new_workspace/build/package1/build/lib/package1
copying package1/__init__.py -> /home/vm/training/new_workspace/build/package1/build/lib/package1
running install
running install_lib
creating /home/vm/training/new_workspace/install/package1/lib/python3.10/site-packages/package1
copying /home/vm/training/new_workspace/build/package1/build/lib/package1/node1.py -> /home/vm/training/new_workspace/install/package1/lib/python3.10/site-packages/package1
copying /home/vm/training/new_workspace/build/package1/build/lib/package1/__init__.py -> /home/vm/training/new_workspace/install/package1/lib/python3.10/site-packages/package1
byte-compiling /home/vm/training/new_workspace/install/package1/lib/python3.10/site-packages/package1/node1.py to node1.cpython-310.pyc
byte-compiling /home/vm/training/new_workspace/install/package1/lib/python3.10/site-packages/package1/__init__.py to __init__.cpython-310.pyc
running install_data
creating /home/vm/training/new_workspace/install/package1/share/ament_index
creating /home/vm/training/new_workspace/install/package1/share/ament_index/resource_index
creating /home/vm/training/new_workspace/install/package1/share/ament_index/resource_index/packages
copying resource/package1 -> /home/vm/training/new_workspace/install/package1/share/ament_index/resource_index/packages
copying package.xml -> /home/vm/training/new_workspace/install/package1/share/package1
running install_egg_info
Copying ../../build/package1/package1.egg-info to /home/vm/training/new_workspace/install/package1/lib/python3.10/site-packages/package1-0.0.0-py3.10.egg-info
running install_scripts
Installing node1 script to /home/vm/training/new_workspace/install/package1/lib/package1
writing list of installed files to '/home/vm/training/new_workspace/build/package1/install.log'
