[1.141s] Invoking command in '/home/vm/training/ros2_ws/src/image_viewer': PYTHONPATH=/home/vm/training/ros2_ws/build/image_viewer/prefix_override:/usr/lib/python3/dist-packages/colcon_core/task/python/colcon_distutils_commands:/home/vm/training/ros2_ws/install/image_viewer/lib/python3.10/site-packages:${PYTHONPATH} /usr/bin/python3 -W ignore:setup.py install is deprecated -W ignore:easy_install command is deprecated setup.py egg_info --egg-base ../../build/image_viewer build --build-base /home/vm/training/ros2_ws/build/image_viewer/build install --record /home/vm/training/ros2_ws/build/image_viewer/install.log --single-version-externally-managed install_data
[1.371s] running egg_info
[1.372s] writing ../../build/image_viewer/image_viewer.egg-info/PKG-INFO
[1.372s] writing dependency_links to ../../build/image_viewer/image_viewer.egg-info/dependency_links.txt
[1.372s] writing entry points to ../../build/image_viewer/image_viewer.egg-info/entry_points.txt
[1.372s] writing requirements to ../../build/image_viewer/image_viewer.egg-info/requires.txt
[1.373s] writing top-level names to ../../build/image_viewer/image_viewer.egg-info/top_level.txt
[1.376s] reading manifest file '../../build/image_viewer/image_viewer.egg-info/SOURCES.txt'
[1.377s] writing manifest file '../../build/image_viewer/image_viewer.egg-info/SOURCES.txt'
[1.377s] running build
[1.377s] running build_py
[1.377s] running install
[1.377s] running install_lib
[1.379s] running install_data
[1.379s] running install_egg_info
[1.381s] removing '/home/vm/training/ros2_ws/install/image_viewer/lib/python3.10/site-packages/image_viewer-0.0.0-py3.10.egg-info' (and everything under it)
[1.383s] Copying ../../build/image_viewer/image_viewer.egg-info to /home/vm/training/ros2_ws/install/image_viewer/lib/python3.10/site-packages/image_viewer-0.0.0-py3.10.egg-info
[1.387s] running install_scripts
[1.408s] Installing view_image script to /home/vm/training/ros2_ws/install/image_viewer/lib/image_viewer
[1.408s] writing list of installed files to '/home/vm/training/ros2_ws/build/image_viewer/install.log'
[1.677s] Invoked command in '/home/vm/training/ros2_ws/src/image_viewer' returned '0': PYTHONPATH=/home/vm/training/ros2_ws/build/image_viewer/prefix_override:/usr/lib/python3/dist-packages/colcon_core/task/python/colcon_distutils_commands:/home/vm/training/ros2_ws/install/image_viewer/lib/python3.10/site-packages:${PYTHONPATH} /usr/bin/python3 -W ignore:setup.py install is deprecated -W ignore:easy_install command is deprecated setup.py egg_info --egg-base ../../build/image_viewer build --build-base /home/vm/training/ros2_ws/build/image_viewer/build install --record /home/vm/training/ros2_ws/build/image_viewer/install.log --single-version-externally-managed install_data
