[0.493s] Invoking command in '/home/vm/training/new_workspace/src/my_python_package': PYTHONPATH=/home/vm/training/new_workspace/build/my_python_package/prefix_override:/usr/lib/python3/dist-packages/colcon_core/task/python/colcon_distutils_commands:/home/vm/training/new_workspace/install/my_python_package/lib/python3.10/site-packages:${PYTHONPATH} /usr/bin/python3 -W ignore:setup.py install is deprecated -W ignore:easy_install command is deprecated setup.py egg_info --egg-base ../../build/my_python_package build --build-base /home/vm/training/new_workspace/build/my_python_package/build install --record /home/vm/training/new_workspace/build/my_python_package/install.log --single-version-externally-managed install_data
[0.643s] running egg_info
[0.643s] writing ../../build/my_python_package/my_python_package.egg-info/PKG-INFO
[0.643s] writing dependency_links to ../../build/my_python_package/my_python_package.egg-info/dependency_links.txt
[0.643s] writing entry points to ../../build/my_python_package/my_python_package.egg-info/entry_points.txt
[0.644s] writing requirements to ../../build/my_python_package/my_python_package.egg-info/requires.txt
[0.644s] writing top-level names to ../../build/my_python_package/my_python_package.egg-info/top_level.txt
[0.644s] reading manifest file '../../build/my_python_package/my_python_package.egg-info/SOURCES.txt'
[0.644s] writing manifest file '../../build/my_python_package/my_python_package.egg-info/SOURCES.txt'
[0.644s] running build
[0.644s] running build_py
[0.644s] copying my_python_package/my_node.py -> /home/vm/training/new_workspace/build/my_python_package/build/lib/my_python_package
[0.645s] copying my_python_package/my_example_node.py -> /home/vm/training/new_workspace/build/my_python_package/build/lib/my_python_package
[0.645s] running install
[0.645s] running install_lib
[0.645s] copying /home/vm/training/new_workspace/build/my_python_package/build/lib/my_python_package/my_node.py -> /home/vm/training/new_workspace/install/my_python_package/lib/python3.10/site-packages/my_python_package
[0.645s] copying /home/vm/training/new_workspace/build/my_python_package/build/lib/my_python_package/my_example_node.py -> /home/vm/training/new_workspace/install/my_python_package/lib/python3.10/site-packages/my_python_package
[0.646s] byte-compiling /home/vm/training/new_workspace/install/my_python_package/lib/python3.10/site-packages/my_python_package/my_node.py to my_node.cpython-310.pyc
[0.646s] byte-compiling /home/vm/training/new_workspace/install/my_python_package/lib/python3.10/site-packages/my_python_package/my_example_node.py to my_example_node.cpython-310.pyc
[0.646s] running install_data
[0.646s] running install_egg_info
[0.648s] removing '/home/vm/training/new_workspace/install/my_python_package/lib/python3.10/site-packages/my_python_package-0.0.0-py3.10.egg-info' (and everything under it)
[0.650s] Copying ../../build/my_python_package/my_python_package.egg-info to /home/vm/training/new_workspace/install/my_python_package/lib/python3.10/site-packages/my_python_package-0.0.0-py3.10.egg-info
[0.651s] running install_scripts
[0.664s] Installing my_node_executable script to /home/vm/training/new_workspace/install/my_python_package/lib/my_python_package
[0.665s] writing list of installed files to '/home/vm/training/new_workspace/build/my_python_package/install.log'
[0.681s] Invoked command in '/home/vm/training/new_workspace/src/my_python_package' returned '0': PYTHONPATH=/home/vm/training/new_workspace/build/my_python_package/prefix_override:/usr/lib/python3/dist-packages/colcon_core/task/python/colcon_distutils_commands:/home/vm/training/new_workspace/install/my_python_package/lib/python3.10/site-packages:${PYTHONPATH} /usr/bin/python3 -W ignore:setup.py install is deprecated -W ignore:easy_install command is deprecated setup.py egg_info --egg-base ../../build/my_python_package build --build-base /home/vm/training/new_workspace/build/my_python_package/build install --record /home/vm/training/new_workspace/build/my_python_package/install.log --single-version-externally-managed install_data
