[0.386s] Invoking command in '/home/vm/training/new_workspace/src/my_python_package': PYTHONPATH=/home/vm/training/new_workspace/build/my_python_package/prefix_override:/usr/lib/python3/dist-packages/colcon_core/task/python/colcon_distutils_commands:/home/vm/training/new_workspace/install/my_python_package/lib/python3.10/site-packages:${PYTHONPATH} /usr/bin/python3 -W ignore:setup.py install is deprecated -W ignore:easy_install command is deprecated setup.py egg_info --egg-base ../../build/my_python_package build --build-base /home/vm/training/new_workspace/build/my_python_package/build install --record /home/vm/training/new_workspace/build/my_python_package/install.log --single-version-externally-managed install_data
[0.529s] running egg_info
[0.529s] writing ../../build/my_python_package/my_python_package.egg-info/PKG-INFO
[0.531s] writing dependency_links to ../../build/my_python_package/my_python_package.egg-info/dependency_links.txt
[0.531s] writing entry points to ../../build/my_python_package/my_python_package.egg-info/entry_points.txt
[0.531s] writing requirements to ../../build/my_python_package/my_python_package.egg-info/requires.txt
[0.531s] writing top-level names to ../../build/my_python_package/my_python_package.egg-info/top_level.txt
[0.531s] reading manifest file '../../build/my_python_package/my_python_package.egg-info/SOURCES.txt'
[0.532s] writing manifest file '../../build/my_python_package/my_python_package.egg-info/SOURCES.txt'
[0.532s] running build
[0.535s] running build_py
[0.535s] running install
[0.535s] running install_lib
[0.535s] running install_data
[0.535s] running install_egg_info
[0.535s] removing '/home/vm/training/new_workspace/install/my_python_package/lib/python3.10/site-packages/my_python_package-0.0.0-py3.10.egg-info' (and everything under it)
[0.537s] Copying ../../build/my_python_package/my_python_package.egg-info to /home/vm/training/new_workspace/install/my_python_package/lib/python3.10/site-packages/my_python_package-0.0.0-py3.10.egg-info
[0.537s] running install_scripts
[0.549s] Installing my_example_node_executable script to /home/vm/training/new_workspace/install/my_python_package/lib/my_python_package
[0.549s] Installing my_node_executable script to /home/vm/training/new_workspace/install/my_python_package/lib/my_python_package
[0.550s] writing list of installed files to '/home/vm/training/new_workspace/build/my_python_package/install.log'
[0.563s] Invoked command in '/home/vm/training/new_workspace/src/my_python_package' returned '0': PYTHONPATH=/home/vm/training/new_workspace/build/my_python_package/prefix_override:/usr/lib/python3/dist-packages/colcon_core/task/python/colcon_distutils_commands:/home/vm/training/new_workspace/install/my_python_package/lib/python3.10/site-packages:${PYTHONPATH} /usr/bin/python3 -W ignore:setup.py install is deprecated -W ignore:easy_install command is deprecated setup.py egg_info --egg-base ../../build/my_python_package build --build-base /home/vm/training/new_workspace/build/my_python_package/build install --record /home/vm/training/new_workspace/build/my_python_package/install.log --single-version-externally-managed install_data
