[0.407s] Invoking command in '/home/vm/training/ros2_ws/src/object_spawner': PYTHONPATH=/home/vm/training/ros2_ws/build/object_spawner/prefix_override:/usr/lib/python3/dist-packages/colcon_core/task/python/colcon_distutils_commands:/home/vm/training/ros2_ws/install/object_spawner/lib/python3.10/site-packages:${PYTHONPATH} /usr/bin/python3 -W ignore:setup.py install is deprecated -W ignore:easy_install command is deprecated setup.py egg_info --egg-base ../../build/object_spawner build --build-base /home/vm/training/ros2_ws/build/object_spawner/build install --record /home/vm/training/ros2_ws/build/object_spawner/install.log --single-version-externally-managed install_data
[0.561s] running egg_info
[0.562s] writing ../../build/object_spawner/object_spawner.egg-info/PKG-INFO
[0.562s] writing dependency_links to ../../build/object_spawner/object_spawner.egg-info/dependency_links.txt
[0.562s] writing entry points to ../../build/object_spawner/object_spawner.egg-info/entry_points.txt
[0.562s] writing requirements to ../../build/object_spawner/object_spawner.egg-info/requires.txt
[0.562s] writing top-level names to ../../build/object_spawner/object_spawner.egg-info/top_level.txt
[0.564s] reading manifest file '../../build/object_spawner/object_spawner.egg-info/SOURCES.txt'
[0.564s] writing manifest file '../../build/object_spawner/object_spawner.egg-info/SOURCES.txt'
[0.564s] running build
[0.564s] running build_py
[0.564s] running install
[0.564s] running install_lib
[0.565s] running install_data
[0.566s] running install_egg_info
[0.571s] removing '/home/vm/training/ros2_ws/install/object_spawner/lib/python3.10/site-packages/object_spawner-0.0.0-py3.10.egg-info' (and everything under it)
[0.571s] Copying ../../build/object_spawner/object_spawner.egg-info to /home/vm/training/ros2_ws/install/object_spawner/lib/python3.10/site-packages/object_spawner-0.0.0-py3.10.egg-info
[0.571s] running install_scripts
[0.581s] Installing object_spawner_node script to /home/vm/training/ros2_ws/install/object_spawner/lib/object_spawner
[0.581s] writing list of installed files to '/home/vm/training/ros2_ws/build/object_spawner/install.log'
[0.595s] Invoked command in '/home/vm/training/ros2_ws/src/object_spawner' returned '0': PYTHONPATH=/home/vm/training/ros2_ws/build/object_spawner/prefix_override:/usr/lib/python3/dist-packages/colcon_core/task/python/colcon_distutils_commands:/home/vm/training/ros2_ws/install/object_spawner/lib/python3.10/site-packages:${PYTHONPATH} /usr/bin/python3 -W ignore:setup.py install is deprecated -W ignore:easy_install command is deprecated setup.py egg_info --egg-base ../../build/object_spawner build --build-base /home/vm/training/ros2_ws/build/object_spawner/build install --record /home/vm/training/ros2_ws/build/object_spawner/install.log --single-version-externally-managed install_data
