[  3%] Built target perception_msgs__rs
[ 12%] Built target perception_msgs__rosidl_generator_c
[ 15%] Built target perception_msgs__cpp
[ 15%] Built target ament_cmake_python_copy_perception_msgs
[ 25%] Built target perception_msgs__rosidl_typesupport_c
[ 34%] Built target perception_msgs__rosidl_typesupport_introspection_cpp
[ 43%] Built target perception_msgs__rosidl_typesupport_cpp
running egg_info
writing perception_msgs.egg-info/PKG-INFO
writing dependency_links to perception_msgs.egg-info/dependency_links.txt
writing top-level names to perception_msgs.egg-info/top_level.txt
reading manifest file 'perception_msgs.egg-info/SOURCES.txt'
writing manifest file 'perception_msgs.egg-info/SOURCES.txt'
[ 43%] Built target ament_cmake_python_build_perception_msgs_egg
[ 53%] Built target perception_msgs__rosidl_typesupport_fastrtps_cpp
[ 62%] Built target perception_msgs__rosidl_typesupport_introspection_c
[ 71%] Built target perception_msgs__rosidl_typesupport_fastrtps_c
[ 71%] Built target perception_msgs
[ 75%] Built target perception_msgs__py
[ 81%] Built target perception_msgs__rosidl_generator_py
[ 87%] Built target perception_msgs__rosidl_typesupport_fastrtps_c__pyext
[ 93%] Built target perception_msgs__rosidl_typesupport_c__pyext
[100%] Built target perception_msgs__rosidl_typesupport_introspection_c__pyext
-- Install configuration: ""
-- Up-to-date: /home/vm/training/ros2_ws/install/perception_msgs/share/ament_index/resource_index/rosidl_interfaces/perception_msgs
-- Up-to-date: /home/vm/training/ros2_ws/install/perception_msgs/include/perception_msgs/perception_msgs
-- Up-to-date: /home/vm/training/ros2_ws/install/perception_msgs/include/perception_msgs/perception_msgs/msg
-- Up-to-date: /home/vm/training/ros2_ws/install/perception_msgs/include/perception_msgs/perception_msgs/msg/rosidl_generator_c__visibility_control.h
-- Up-to-date: /home/vm/training/ros2_ws/install/perception_msgs/include/perception_msgs/perception_msgs/srv
-- Up-to-date: /home/vm/training/ros2_ws/install/perception_msgs/include/perception_msgs/perception_msgs/srv/detail
-- Up-to-date: /home/vm/training/ros2_ws/install/perception_msgs/include/perception_msgs/perception_msgs/srv/detail/get_object_location__type_support.h
-- Up-to-date: /home/vm/training/ros2_ws/install/perception_msgs/include/perception_msgs/perception_msgs/srv/detail/get_object_location__struct.h
-- Up-to-date: /home/vm/training/ros2_ws/install/perception_msgs/include/perception_msgs/perception_msgs/srv/detail/get_object_location__functions.h
-- Up-to-date: /home/vm/training/ros2_ws/install/perception_msgs/include/perception_msgs/perception_msgs/srv/detail/get_object_location__functions.c
-- Up-to-date: /home/vm/training/ros2_ws/install/perception_msgs/include/perception_msgs/perception_msgs/srv/get_object_location.h
-- Up-to-date: /home/vm/training/ros2_ws/install/perception_msgs/share/perception_msgs/environment/library_path.sh
-- Up-to-date: /home/vm/training/ros2_ws/install/perception_msgs/share/perception_msgs/environment/library_path.dsv
-- Up-to-date: /home/vm/training/ros2_ws/install/perception_msgs/lib/libperception_msgs__rosidl_generator_c.so
-- Up-to-date: /home/vm/training/ros2_ws/install/perception_msgs/include/perception_msgs/perception_msgs
-- Up-to-date: /home/vm/training/ros2_ws/install/perception_msgs/include/perception_msgs/perception_msgs/msg
-- Up-to-date: /home/vm/training/ros2_ws/install/perception_msgs/include/perception_msgs/perception_msgs/msg/rosidl_typesupport_fastrtps_c__visibility_control.h
-- Up-to-date: /home/vm/training/ros2_ws/install/perception_msgs/include/perception_msgs/perception_msgs/srv
-- Up-to-date: /home/vm/training/ros2_ws/install/perception_msgs/include/perception_msgs/perception_msgs/srv/detail
-- Up-to-date: /home/vm/training/ros2_ws/install/perception_msgs/include/perception_msgs/perception_msgs/srv/detail/get_object_location__rosidl_typesupport_fastrtps_c.h
-- Up-to-date: /home/vm/training/ros2_ws/install/perception_msgs/lib/libperception_msgs__rosidl_typesupport_fastrtps_c.so
-- Up-to-date: /home/vm/training/ros2_ws/install/perception_msgs/include/perception_msgs/perception_msgs
-- Up-to-date: /home/vm/training/ros2_ws/install/perception_msgs/include/perception_msgs/perception_msgs/msg
-- Up-to-date: /home/vm/training/ros2_ws/install/perception_msgs/include/perception_msgs/perception_msgs/msg/rosidl_generator_cpp__visibility_control.hpp
-- Up-to-date: /home/vm/training/ros2_ws/install/perception_msgs/include/perception_msgs/perception_msgs/srv
-- Up-to-date: /home/vm/training/ros2_ws/install/perception_msgs/include/perception_msgs/perception_msgs/srv/detail
-- Up-to-date: /home/vm/training/ros2_ws/install/perception_msgs/include/perception_msgs/perception_msgs/srv/detail/get_object_location__type_support.hpp
-- Up-to-date: /home/vm/training/ros2_ws/install/perception_msgs/include/perception_msgs/perception_msgs/srv/detail/get_object_location__builder.hpp
-- Up-to-date: /home/vm/training/ros2_ws/install/perception_msgs/include/perception_msgs/perception_msgs/srv/detail/get_object_location__struct.hpp
-- Up-to-date: /home/vm/training/ros2_ws/install/perception_msgs/include/perception_msgs/perception_msgs/srv/detail/get_object_location__traits.hpp
-- Up-to-date: /home/vm/training/ros2_ws/install/perception_msgs/include/perception_msgs/perception_msgs/srv/get_object_location.hpp
-- Up-to-date: /home/vm/training/ros2_ws/install/perception_msgs/include/perception_msgs/perception_msgs
-- Up-to-date: /home/vm/training/ros2_ws/install/perception_msgs/include/perception_msgs/perception_msgs/msg
-- Up-to-date: /home/vm/training/ros2_ws/install/perception_msgs/include/perception_msgs/perception_msgs/msg/rosidl_typesupport_fastrtps_cpp__visibility_control.h
-- Up-to-date: /home/vm/training/ros2_ws/install/perception_msgs/include/perception_msgs/perception_msgs/srv
-- Up-to-date: /home/vm/training/ros2_ws/install/perception_msgs/include/perception_msgs/perception_msgs/srv/detail
-- Up-to-date: /home/vm/training/ros2_ws/install/perception_msgs/include/perception_msgs/perception_msgs/srv/detail/get_object_location__rosidl_typesupport_fastrtps_cpp.hpp
-- Up-to-date: /home/vm/training/ros2_ws/install/perception_msgs/include/perception_msgs/perception_msgs/srv/detail/dds_fastrtps
-- Up-to-date: /home/vm/training/ros2_ws/install/perception_msgs/lib/libperception_msgs__rosidl_typesupport_fastrtps_cpp.so
-- Up-to-date: /home/vm/training/ros2_ws/install/perception_msgs/include/perception_msgs/perception_msgs
-- Up-to-date: /home/vm/training/ros2_ws/install/perception_msgs/include/perception_msgs/perception_msgs/msg
-- Up-to-date: /home/vm/training/ros2_ws/install/perception_msgs/include/perception_msgs/perception_msgs/msg/rosidl_typesupport_introspection_c__visibility_control.h
-- Up-to-date: /home/vm/training/ros2_ws/install/perception_msgs/include/perception_msgs/perception_msgs/srv
-- Up-to-date: /home/vm/training/ros2_ws/install/perception_msgs/include/perception_msgs/perception_msgs/srv/detail
-- Up-to-date: /home/vm/training/ros2_ws/install/perception_msgs/include/perception_msgs/perception_msgs/srv/detail/get_object_location__rosidl_typesupport_introspection_c.h
-- Up-to-date: /home/vm/training/ros2_ws/install/perception_msgs/include/perception_msgs/perception_msgs/srv/detail/get_object_location__type_support.c
-- Up-to-date: /home/vm/training/ros2_ws/install/perception_msgs/lib/libperception_msgs__rosidl_typesupport_introspection_c.so
-- Up-to-date: /home/vm/training/ros2_ws/install/perception_msgs/lib/libperception_msgs__rosidl_typesupport_c.so
-- Up-to-date: /home/vm/training/ros2_ws/install/perception_msgs/include/perception_msgs/perception_msgs
-- Up-to-date: /home/vm/training/ros2_ws/install/perception_msgs/include/perception_msgs/perception_msgs/srv
-- Up-to-date: /home/vm/training/ros2_ws/install/perception_msgs/include/perception_msgs/perception_msgs/srv/detail
-- Up-to-date: /home/vm/training/ros2_ws/install/perception_msgs/include/perception_msgs/perception_msgs/srv/detail/get_object_location__type_support.cpp
-- Up-to-date: /home/vm/training/ros2_ws/install/perception_msgs/include/perception_msgs/perception_msgs/srv/detail/get_object_location__rosidl_typesupport_introspection_cpp.hpp
-- Up-to-date: /home/vm/training/ros2_ws/install/perception_msgs/lib/libperception_msgs__rosidl_typesupport_introspection_cpp.so
-- Up-to-date: /home/vm/training/ros2_ws/install/perception_msgs/lib/libperception_msgs__rosidl_typesupport_cpp.so
-- Up-to-date: /home/vm/training/ros2_ws/install/perception_msgs/share/perception_msgs/environment/pythonpath.sh
-- Up-to-date: /home/vm/training/ros2_ws/install/perception_msgs/share/perception_msgs/environment/pythonpath.dsv
-- Up-to-date: /home/vm/training/ros2_ws/install/perception_msgs/local/lib/python3.10/dist-packages/perception_msgs-0.0.0-py3.10.egg-info
-- Installing: /home/vm/training/ros2_ws/install/perception_msgs/local/lib/python3.10/dist-packages/perception_msgs-0.0.0-py3.10.egg-info/dependency_links.txt
-- Installing: /home/vm/training/ros2_ws/install/perception_msgs/local/lib/python3.10/dist-packages/perception_msgs-0.0.0-py3.10.egg-info/top_level.txt
-- Installing: /home/vm/training/ros2_ws/install/perception_msgs/local/lib/python3.10/dist-packages/perception_msgs-0.0.0-py3.10.egg-info/SOURCES.txt
-- Installing: /home/vm/training/ros2_ws/install/perception_msgs/local/lib/python3.10/dist-packages/perception_msgs-0.0.0-py3.10.egg-info/PKG-INFO
-- Up-to-date: /home/vm/training/ros2_ws/install/perception_msgs/local/lib/python3.10/dist-packages/perception_msgs
-- Up-to-date: /home/vm/training/ros2_ws/install/perception_msgs/local/lib/python3.10/dist-packages/perception_msgs/_perception_msgs_s.ep.rosidl_typesupport_introspection_c.c
-- Up-to-date: /home/vm/training/ros2_ws/install/perception_msgs/local/lib/python3.10/dist-packages/perception_msgs/__init__.py
-- Up-to-date: /home/vm/training/ros2_ws/install/perception_msgs/local/lib/python3.10/dist-packages/perception_msgs/_perception_msgs_s.ep.rosidl_typesupport_c.c
-- Up-to-date: /home/vm/training/ros2_ws/install/perception_msgs/local/lib/python3.10/dist-packages/perception_msgs/perception_msgs_s__rosidl_typesupport_introspection_c.cpython-310-x86_64-linux-gnu.so
-- Up-to-date: /home/vm/training/ros2_ws/install/perception_msgs/local/lib/python3.10/dist-packages/perception_msgs/srv
-- Up-to-date: /home/vm/training/ros2_ws/install/perception_msgs/local/lib/python3.10/dist-packages/perception_msgs/srv/__init__.py
-- Up-to-date: /home/vm/training/ros2_ws/install/perception_msgs/local/lib/python3.10/dist-packages/perception_msgs/srv/_get_object_location_s.c
-- Up-to-date: /home/vm/training/ros2_ws/install/perception_msgs/local/lib/python3.10/dist-packages/perception_msgs/srv/_get_object_location.py
-- Up-to-date: /home/vm/training/ros2_ws/install/perception_msgs/local/lib/python3.10/dist-packages/perception_msgs/perception_msgs_s__rosidl_typesupport_c.cpython-310-x86_64-linux-gnu.so
-- Up-to-date: /home/vm/training/ros2_ws/install/perception_msgs/local/lib/python3.10/dist-packages/perception_msgs/libperception_msgs__rosidl_generator_py.so
-- Up-to-date: /home/vm/training/ros2_ws/install/perception_msgs/local/lib/python3.10/dist-packages/perception_msgs/perception_msgs_s__rosidl_typesupport_fastrtps_c.cpython-310-x86_64-linux-gnu.so
-- Up-to-date: /home/vm/training/ros2_ws/install/perception_msgs/local/lib/python3.10/dist-packages/perception_msgs/_perception_msgs_s.ep.rosidl_typesupport_fastrtps_c.c
Listing '/home/vm/training/ros2_ws/install/perception_msgs/local/lib/python3.10/dist-packages/perception_msgs'...
Listing '/home/vm/training/ros2_ws/install/perception_msgs/local/lib/python3.10/dist-packages/perception_msgs/srv'...
-- Up-to-date: /home/vm/training/ros2_ws/install/perception_msgs/local/lib/python3.10/dist-packages/perception_msgs/perception_msgs_s__rosidl_typesupport_fastrtps_c.cpython-310-x86_64-linux-gnu.so
-- Up-to-date: /home/vm/training/ros2_ws/install/perception_msgs/local/lib/python3.10/dist-packages/perception_msgs/perception_msgs_s__rosidl_typesupport_introspection_c.cpython-310-x86_64-linux-gnu.so
-- Up-to-date: /home/vm/training/ros2_ws/install/perception_msgs/local/lib/python3.10/dist-packages/perception_msgs/perception_msgs_s__rosidl_typesupport_c.cpython-310-x86_64-linux-gnu.so
-- Up-to-date: /home/vm/training/ros2_ws/install/perception_msgs/lib/libperception_msgs__rosidl_generator_py.so
-- Up-to-date: /home/vm/training/ros2_ws/install/perception_msgs/share/ament_index/resource_index/rust_packages/perception_msgs
-- Up-to-date: /home/vm/training/ros2_ws/install/perception_msgs/share/perception_msgs/rust
-- Up-to-date: /home/vm/training/ros2_ws/install/perception_msgs/share/perception_msgs/rust/Cargo.toml
-- Up-to-date: /home/vm/training/ros2_ws/install/perception_msgs/share/perception_msgs/rust/src
-- Up-to-date: /home/vm/training/ros2_ws/install/perception_msgs/share/perception_msgs/rust/src/lib.rs
-- Up-to-date: /home/vm/training/ros2_ws/install/perception_msgs/share/perception_msgs/rust/src/srv
-- Up-to-date: /home/vm/training/ros2_ws/install/perception_msgs/share/perception_msgs/rust/src/srv/rmw.rs
-- Up-to-date: /home/vm/training/ros2_ws/install/perception_msgs/share/perception_msgs/rust/src/srv.rs
-- Up-to-date: /home/vm/training/ros2_ws/install/perception_msgs/share/perception_msgs/rust/build.rs
-- Up-to-date: /home/vm/training/ros2_ws/install/perception_msgs/share/perception_msgs/srv/GetObjectLocation.idl
-- Up-to-date: /home/vm/training/ros2_ws/install/perception_msgs/share/perception_msgs/srv/GetObjectLocation.srv
-- Up-to-date: /home/vm/training/ros2_ws/install/perception_msgs/share/perception_msgs/srv/GetObjectLocation_Request.msg
-- Up-to-date: /home/vm/training/ros2_ws/install/perception_msgs/share/perception_msgs/srv/GetObjectLocation_Response.msg
-- Up-to-date: /home/vm/training/ros2_ws/install/perception_msgs/share/ament_index/resource_index/package_run_dependencies/perception_msgs
-- Up-to-date: /home/vm/training/ros2_ws/install/perception_msgs/share/ament_index/resource_index/parent_prefix_path/perception_msgs
-- Up-to-date: /home/vm/training/ros2_ws/install/perception_msgs/share/perception_msgs/environment/ament_prefix_path.sh
-- Up-to-date: /home/vm/training/ros2_ws/install/perception_msgs/share/perception_msgs/environment/ament_prefix_path.dsv
-- Up-to-date: /home/vm/training/ros2_ws/install/perception_msgs/share/perception_msgs/environment/path.sh
-- Up-to-date: /home/vm/training/ros2_ws/install/perception_msgs/share/perception_msgs/environment/path.dsv
-- Up-to-date: /home/vm/training/ros2_ws/install/perception_msgs/share/perception_msgs/local_setup.bash
-- Up-to-date: /home/vm/training/ros2_ws/install/perception_msgs/share/perception_msgs/local_setup.sh
-- Up-to-date: /home/vm/training/ros2_ws/install/perception_msgs/share/perception_msgs/local_setup.zsh
-- Up-to-date: /home/vm/training/ros2_ws/install/perception_msgs/share/perception_msgs/local_setup.dsv
-- Installing: /home/vm/training/ros2_ws/install/perception_msgs/share/perception_msgs/package.dsv
-- Up-to-date: /home/vm/training/ros2_ws/install/perception_msgs/share/ament_index/resource_index/packages/perception_msgs
-- Up-to-date: /home/vm/training/ros2_ws/install/perception_msgs/share/perception_msgs/cmake/export_perception_msgs__rosidl_generator_cExport.cmake
-- Up-to-date: /home/vm/training/ros2_ws/install/perception_msgs/share/perception_msgs/cmake/export_perception_msgs__rosidl_generator_cExport-noconfig.cmake
-- Up-to-date: /home/vm/training/ros2_ws/install/perception_msgs/share/perception_msgs/cmake/export_perception_msgs__rosidl_typesupport_fastrtps_cExport.cmake
-- Up-to-date: /home/vm/training/ros2_ws/install/perception_msgs/share/perception_msgs/cmake/export_perception_msgs__rosidl_typesupport_fastrtps_cExport-noconfig.cmake
-- Up-to-date: /home/vm/training/ros2_ws/install/perception_msgs/share/perception_msgs/cmake/export_perception_msgs__rosidl_generator_cppExport.cmake
-- Up-to-date: /home/vm/training/ros2_ws/install/perception_msgs/share/perception_msgs/cmake/export_perception_msgs__rosidl_typesupport_fastrtps_cppExport.cmake
-- Up-to-date: /home/vm/training/ros2_ws/install/perception_msgs/share/perception_msgs/cmake/export_perception_msgs__rosidl_typesupport_fastrtps_cppExport-noconfig.cmake
-- Up-to-date: /home/vm/training/ros2_ws/install/perception_msgs/share/perception_msgs/cmake/perception_msgs__rosidl_typesupport_introspection_cExport.cmake
-- Up-to-date: /home/vm/training/ros2_ws/install/perception_msgs/share/perception_msgs/cmake/perception_msgs__rosidl_typesupport_introspection_cExport-noconfig.cmake
-- Up-to-date: /home/vm/training/ros2_ws/install/perception_msgs/share/perception_msgs/cmake/perception_msgs__rosidl_typesupport_cExport.cmake
-- Up-to-date: /home/vm/training/ros2_ws/install/perception_msgs/share/perception_msgs/cmake/perception_msgs__rosidl_typesupport_cExport-noconfig.cmake
-- Up-to-date: /home/vm/training/ros2_ws/install/perception_msgs/share/perception_msgs/cmake/perception_msgs__rosidl_typesupport_introspection_cppExport.cmake
-- Up-to-date: /home/vm/training/ros2_ws/install/perception_msgs/share/perception_msgs/cmake/perception_msgs__rosidl_typesupport_introspection_cppExport-noconfig.cmake
-- Up-to-date: /home/vm/training/ros2_ws/install/perception_msgs/share/perception_msgs/cmake/perception_msgs__rosidl_typesupport_cppExport.cmake
-- Up-to-date: /home/vm/training/ros2_ws/install/perception_msgs/share/perception_msgs/cmake/perception_msgs__rosidl_typesupport_cppExport-noconfig.cmake
-- Up-to-date: /home/vm/training/ros2_ws/install/perception_msgs/share/perception_msgs/cmake/export_perception_msgs__rosidl_generator_pyExport.cmake
-- Up-to-date: /home/vm/training/ros2_ws/install/perception_msgs/share/perception_msgs/cmake/export_perception_msgs__rosidl_generator_pyExport-noconfig.cmake
-- Up-to-date: /home/vm/training/ros2_ws/install/perception_msgs/share/perception_msgs/cmake/rosidl_cmake-extras.cmake
-- Up-to-date: /home/vm/training/ros2_ws/install/perception_msgs/share/perception_msgs/cmake/ament_cmake_export_dependencies-extras.cmake
-- Up-to-date: /home/vm/training/ros2_ws/install/perception_msgs/share/perception_msgs/cmake/ament_cmake_export_include_directories-extras.cmake
-- Up-to-date: /home/vm/training/ros2_ws/install/perception_msgs/share/perception_msgs/cmake/ament_cmake_export_libraries-extras.cmake
-- Up-to-date: /home/vm/training/ros2_ws/install/perception_msgs/share/perception_msgs/cmake/ament_cmake_export_targets-extras.cmake
-- Up-to-date: /home/vm/training/ros2_ws/install/perception_msgs/share/perception_msgs/cmake/rosidl_cmake_export_typesupport_targets-extras.cmake
-- Up-to-date: /home/vm/training/ros2_ws/install/perception_msgs/share/perception_msgs/cmake/rosidl_cmake_export_typesupport_libraries-extras.cmake
-- Up-to-date: /home/vm/training/ros2_ws/install/perception_msgs/share/perception_msgs/cmake/perception_msgsConfig.cmake
-- Up-to-date: /home/vm/training/ros2_ws/install/perception_msgs/share/perception_msgs/cmake/perception_msgsConfig-version.cmake
-- Up-to-date: /home/vm/training/ros2_ws/install/perception_msgs/share/perception_msgs/package.xml
