[0.018s] Invoking command in '/home/vm/training/ros2_ws/build/perception_msgs': CMAKE_PREFIX_PATH=/opt/ros/humble /usr/bin/cmake --build /home/vm/training/ros2_ws/build/perception_msgs -- -j4 -l4
[0.626s] [  3%] Built target perception_msgs__rs
[0.626s] [ 12%] Built target perception_msgs__rosidl_generator_c
[0.626s] [ 15%] Built target perception_msgs__cpp
[0.626s] [ 15%] Built target ament_cmake_python_copy_perception_msgs
[0.626s] [ 25%] Built target perception_msgs__rosidl_typesupport_c
[0.626s] [ 34%] Built target perception_msgs__rosidl_typesupport_introspection_cpp
[0.626s] [ 43%] Built target perception_msgs__rosidl_typesupport_cpp
[0.626s] running egg_info
[0.627s] writing perception_msgs.egg-info/PKG-INFO
[0.627s] writing dependency_links to perception_msgs.egg-info/dependency_links.txt
[0.627s] writing top-level names to perception_msgs.egg-info/top_level.txt
[0.627s] reading manifest file 'perception_msgs.egg-info/SOURCES.txt'
[0.627s] writing manifest file 'perception_msgs.egg-info/SOURCES.txt'
[0.628s] [ 43%] Built target ament_cmake_python_build_perception_msgs_egg
[0.666s] [ 53%] Built target perception_msgs__rosidl_typesupport_fastrtps_cpp
[0.706s] [ 62%] Built target perception_msgs__rosidl_typesupport_introspection_c
[0.764s] [ 71%] Built target perception_msgs__rosidl_typesupport_fastrtps_c
[0.807s] [ 71%] Built target perception_msgs
[0.849s] [ 75%] Built target perception_msgs__py
[0.911s] [ 81%] Built target perception_msgs__rosidl_generator_py
[1.009s] [ 87%] Built target perception_msgs__rosidl_typesupport_fastrtps_c__pyext
[1.114s] [ 93%] Built target perception_msgs__rosidl_typesupport_c__pyext
[1.165s] [100%] Built target perception_msgs__rosidl_typesupport_introspection_c__pyext
[1.198s] Invoked command in '/home/vm/training/ros2_ws/build/perception_msgs' returned '0': CMAKE_PREFIX_PATH=/opt/ros/humble /usr/bin/cmake --build /home/vm/training/ros2_ws/build/perception_msgs -- -j4 -l4
[1.224s] Invoking command in '/home/vm/training/ros2_ws/build/perception_msgs': CMAKE_PREFIX_PATH=/opt/ros/humble /usr/bin/cmake --install /home/vm/training/ros2_ws/build/perception_msgs
[1.253s] -- Install configuration: ""
[1.253s] -- Up-to-date: /home/vm/training/ros2_ws/install/perception_msgs/share/ament_index/resource_index/rosidl_interfaces/perception_msgs
[1.253s] -- Up-to-date: /home/vm/training/ros2_ws/install/perception_msgs/include/perception_msgs/perception_msgs
[1.253s] -- Up-to-date: /home/vm/training/ros2_ws/install/perception_msgs/include/perception_msgs/perception_msgs/msg
[1.253s] -- Up-to-date: /home/vm/training/ros2_ws/install/perception_msgs/include/perception_msgs/perception_msgs/msg/rosidl_generator_c__visibility_control.h
[1.254s] -- Up-to-date: /home/vm/training/ros2_ws/install/perception_msgs/include/perception_msgs/perception_msgs/srv
[1.254s] -- Up-to-date: /home/vm/training/ros2_ws/install/perception_msgs/include/perception_msgs/perception_msgs/srv/detail
[1.254s] -- Up-to-date: /home/vm/training/ros2_ws/install/perception_msgs/include/perception_msgs/perception_msgs/srv/detail/get_object_location__type_support.h
[1.254s] -- Up-to-date: /home/vm/training/ros2_ws/install/perception_msgs/include/perception_msgs/perception_msgs/srv/detail/get_object_location__struct.h
[1.254s] -- Up-to-date: /home/vm/training/ros2_ws/install/perception_msgs/include/perception_msgs/perception_msgs/srv/detail/get_object_location__functions.h
[1.254s] -- Up-to-date: /home/vm/training/ros2_ws/install/perception_msgs/include/perception_msgs/perception_msgs/srv/detail/get_object_location__functions.c
[1.255s] -- Up-to-date: /home/vm/training/ros2_ws/install/perception_msgs/include/perception_msgs/perception_msgs/srv/get_object_location.h
[1.255s] -- Up-to-date: /home/vm/training/ros2_ws/install/perception_msgs/share/perception_msgs/environment/library_path.sh
[1.256s] -- Up-to-date: /home/vm/training/ros2_ws/install/perception_msgs/share/perception_msgs/environment/library_path.dsv
[1.256s] -- Up-to-date: /home/vm/training/ros2_ws/install/perception_msgs/lib/libperception_msgs__rosidl_generator_c.so
[1.256s] -- Up-to-date: /home/vm/training/ros2_ws/install/perception_msgs/include/perception_msgs/perception_msgs
[1.256s] -- Up-to-date: /home/vm/training/ros2_ws/install/perception_msgs/include/perception_msgs/perception_msgs/msg
[1.256s] -- Up-to-date: /home/vm/training/ros2_ws/install/perception_msgs/include/perception_msgs/perception_msgs/msg/rosidl_typesupport_fastrtps_c__visibility_control.h
[1.257s] -- Up-to-date: /home/vm/training/ros2_ws/install/perception_msgs/include/perception_msgs/perception_msgs/srv
[1.261s] -- Up-to-date: /home/vm/training/ros2_ws/install/perception_msgs/include/perception_msgs/perception_msgs/srv/detail
[1.262s] -- Up-to-date: /home/vm/training/ros2_ws/install/perception_msgs/include/perception_msgs/perception_msgs/srv/detail/get_object_location__rosidl_typesupport_fastrtps_c.h
[1.262s] -- Up-to-date: /home/vm/training/ros2_ws/install/perception_msgs/lib/libperception_msgs__rosidl_typesupport_fastrtps_c.so
[1.262s] -- Up-to-date: /home/vm/training/ros2_ws/install/perception_msgs/include/perception_msgs/perception_msgs
[1.262s] -- Up-to-date: /home/vm/training/ros2_ws/install/perception_msgs/include/perception_msgs/perception_msgs/msg
[1.262s] -- Up-to-date: /home/vm/training/ros2_ws/install/perception_msgs/include/perception_msgs/perception_msgs/msg/rosidl_generator_cpp__visibility_control.hpp
[1.262s] -- Up-to-date: /home/vm/training/ros2_ws/install/perception_msgs/include/perception_msgs/perception_msgs/srv
[1.262s] -- Up-to-date: /home/vm/training/ros2_ws/install/perception_msgs/include/perception_msgs/perception_msgs/srv/detail
[1.263s] -- Up-to-date: /home/vm/training/ros2_ws/install/perception_msgs/include/perception_msgs/perception_msgs/srv/detail/get_object_location__type_support.hpp
[1.263s] -- Up-to-date: /home/vm/training/ros2_ws/install/perception_msgs/include/perception_msgs/perception_msgs/srv/detail/get_object_location__builder.hpp
[1.263s] -- Up-to-date: /home/vm/training/ros2_ws/install/perception_msgs/include/perception_msgs/perception_msgs/srv/detail/get_object_location__struct.hpp
[1.263s] -- Up-to-date: /home/vm/training/ros2_ws/install/perception_msgs/include/perception_msgs/perception_msgs/srv/detail/get_object_location__traits.hpp
[1.264s] -- Up-to-date: /home/vm/training/ros2_ws/install/perception_msgs/include/perception_msgs/perception_msgs/srv/get_object_location.hpp
[1.264s] -- Up-to-date: /home/vm/training/ros2_ws/install/perception_msgs/include/perception_msgs/perception_msgs
[1.264s] -- Up-to-date: /home/vm/training/ros2_ws/install/perception_msgs/include/perception_msgs/perception_msgs/msg
[1.264s] -- Up-to-date: /home/vm/training/ros2_ws/install/perception_msgs/include/perception_msgs/perception_msgs/msg/rosidl_typesupport_fastrtps_cpp__visibility_control.h
[1.264s] -- Up-to-date: /home/vm/training/ros2_ws/install/perception_msgs/include/perception_msgs/perception_msgs/srv
[1.264s] -- Up-to-date: /home/vm/training/ros2_ws/install/perception_msgs/include/perception_msgs/perception_msgs/srv/detail
[1.264s] -- Up-to-date: /home/vm/training/ros2_ws/install/perception_msgs/include/perception_msgs/perception_msgs/srv/detail/get_object_location__rosidl_typesupport_fastrtps_cpp.hpp
[1.264s] -- Up-to-date: /home/vm/training/ros2_ws/install/perception_msgs/include/perception_msgs/perception_msgs/srv/detail/dds_fastrtps
[1.282s] -- Up-to-date: /home/vm/training/ros2_ws/install/perception_msgs/lib/libperception_msgs__rosidl_typesupport_fastrtps_cpp.so
[1.282s] -- Up-to-date: /home/vm/training/ros2_ws/install/perception_msgs/include/perception_msgs/perception_msgs
[1.282s] -- Up-to-date: /home/vm/training/ros2_ws/install/perception_msgs/include/perception_msgs/perception_msgs/msg
[1.282s] -- Up-to-date: /home/vm/training/ros2_ws/install/perception_msgs/include/perception_msgs/perception_msgs/msg/rosidl_typesupport_introspection_c__visibility_control.h
[1.282s] -- Up-to-date: /home/vm/training/ros2_ws/install/perception_msgs/include/perception_msgs/perception_msgs/srv
[1.282s] -- Up-to-date: /home/vm/training/ros2_ws/install/perception_msgs/include/perception_msgs/perception_msgs/srv/detail
[1.283s] -- Up-to-date: /home/vm/training/ros2_ws/install/perception_msgs/include/perception_msgs/perception_msgs/srv/detail/get_object_location__rosidl_typesupport_introspection_c.h
[1.283s] -- Up-to-date: /home/vm/training/ros2_ws/install/perception_msgs/include/perception_msgs/perception_msgs/srv/detail/get_object_location__type_support.c
[1.283s] -- Up-to-date: /home/vm/training/ros2_ws/install/perception_msgs/lib/libperception_msgs__rosidl_typesupport_introspection_c.so
[1.283s] -- Up-to-date: /home/vm/training/ros2_ws/install/perception_msgs/lib/libperception_msgs__rosidl_typesupport_c.so
[1.283s] -- Up-to-date: /home/vm/training/ros2_ws/install/perception_msgs/include/perception_msgs/perception_msgs
[1.283s] -- Up-to-date: /home/vm/training/ros2_ws/install/perception_msgs/include/perception_msgs/perception_msgs/srv
[1.283s] -- Up-to-date: /home/vm/training/ros2_ws/install/perception_msgs/include/perception_msgs/perception_msgs/srv/detail
[1.283s] -- Up-to-date: /home/vm/training/ros2_ws/install/perception_msgs/include/perception_msgs/perception_msgs/srv/detail/get_object_location__type_support.cpp
[1.283s] -- Up-to-date: /home/vm/training/ros2_ws/install/perception_msgs/include/perception_msgs/perception_msgs/srv/detail/get_object_location__rosidl_typesupport_introspection_cpp.hpp
[1.283s] -- Up-to-date: /home/vm/training/ros2_ws/install/perception_msgs/lib/libperception_msgs__rosidl_typesupport_introspection_cpp.so
[1.283s] -- Up-to-date: /home/vm/training/ros2_ws/install/perception_msgs/lib/libperception_msgs__rosidl_typesupport_cpp.so
[1.283s] -- Up-to-date: /home/vm/training/ros2_ws/install/perception_msgs/share/perception_msgs/environment/pythonpath.sh
[1.283s] -- Up-to-date: /home/vm/training/ros2_ws/install/perception_msgs/share/perception_msgs/environment/pythonpath.dsv
[1.283s] -- Up-to-date: /home/vm/training/ros2_ws/install/perception_msgs/local/lib/python3.10/dist-packages/perception_msgs-0.0.0-py3.10.egg-info
[1.283s] -- Installing: /home/vm/training/ros2_ws/install/perception_msgs/local/lib/python3.10/dist-packages/perception_msgs-0.0.0-py3.10.egg-info/dependency_links.txt
[1.283s] -- Installing: /home/vm/training/ros2_ws/install/perception_msgs/local/lib/python3.10/dist-packages/perception_msgs-0.0.0-py3.10.egg-info/top_level.txt
[1.283s] -- Installing: /home/vm/training/ros2_ws/install/perception_msgs/local/lib/python3.10/dist-packages/perception_msgs-0.0.0-py3.10.egg-info/SOURCES.txt
[1.283s] -- Installing: /home/vm/training/ros2_ws/install/perception_msgs/local/lib/python3.10/dist-packages/perception_msgs-0.0.0-py3.10.egg-info/PKG-INFO
[1.283s] -- Up-to-date: /home/vm/training/ros2_ws/install/perception_msgs/local/lib/python3.10/dist-packages/perception_msgs
[1.283s] -- Up-to-date: /home/vm/training/ros2_ws/install/perception_msgs/local/lib/python3.10/dist-packages/perception_msgs/_perception_msgs_s.ep.rosidl_typesupport_introspection_c.c
[1.284s] -- Up-to-date: /home/vm/training/ros2_ws/install/perception_msgs/local/lib/python3.10/dist-packages/perception_msgs/__init__.py
[1.284s] -- Up-to-date: /home/vm/training/ros2_ws/install/perception_msgs/local/lib/python3.10/dist-packages/perception_msgs/_perception_msgs_s.ep.rosidl_typesupport_c.c
[1.284s] -- Up-to-date: /home/vm/training/ros2_ws/install/perception_msgs/local/lib/python3.10/dist-packages/perception_msgs/perception_msgs_s__rosidl_typesupport_introspection_c.cpython-310-x86_64-linux-gnu.so
[1.284s] -- Up-to-date: /home/vm/training/ros2_ws/install/perception_msgs/local/lib/python3.10/dist-packages/perception_msgs/srv
[1.284s] -- Up-to-date: /home/vm/training/ros2_ws/install/perception_msgs/local/lib/python3.10/dist-packages/perception_msgs/srv/__init__.py
[1.284s] -- Up-to-date: /home/vm/training/ros2_ws/install/perception_msgs/local/lib/python3.10/dist-packages/perception_msgs/srv/_get_object_location_s.c
[1.284s] -- Up-to-date: /home/vm/training/ros2_ws/install/perception_msgs/local/lib/python3.10/dist-packages/perception_msgs/srv/_get_object_location.py
[1.284s] -- Up-to-date: /home/vm/training/ros2_ws/install/perception_msgs/local/lib/python3.10/dist-packages/perception_msgs/perception_msgs_s__rosidl_typesupport_c.cpython-310-x86_64-linux-gnu.so
[1.284s] -- Up-to-date: /home/vm/training/ros2_ws/install/perception_msgs/local/lib/python3.10/dist-packages/perception_msgs/libperception_msgs__rosidl_generator_py.so
[1.284s] -- Up-to-date: /home/vm/training/ros2_ws/install/perception_msgs/local/lib/python3.10/dist-packages/perception_msgs/perception_msgs_s__rosidl_typesupport_fastrtps_c.cpython-310-x86_64-linux-gnu.so
[1.284s] -- Up-to-date: /home/vm/training/ros2_ws/install/perception_msgs/local/lib/python3.10/dist-packages/perception_msgs/_perception_msgs_s.ep.rosidl_typesupport_fastrtps_c.c
[1.322s] Listing '/home/vm/training/ros2_ws/install/perception_msgs/local/lib/python3.10/dist-packages/perception_msgs'...
[1.323s] Listing '/home/vm/training/ros2_ws/install/perception_msgs/local/lib/python3.10/dist-packages/perception_msgs/srv'...
[1.332s] -- Up-to-date: /home/vm/training/ros2_ws/install/perception_msgs/local/lib/python3.10/dist-packages/perception_msgs/perception_msgs_s__rosidl_typesupport_fastrtps_c.cpython-310-x86_64-linux-gnu.so
[1.333s] -- Up-to-date: /home/vm/training/ros2_ws/install/perception_msgs/local/lib/python3.10/dist-packages/perception_msgs/perception_msgs_s__rosidl_typesupport_introspection_c.cpython-310-x86_64-linux-gnu.so
[1.333s] -- Up-to-date: /home/vm/training/ros2_ws/install/perception_msgs/local/lib/python3.10/dist-packages/perception_msgs/perception_msgs_s__rosidl_typesupport_c.cpython-310-x86_64-linux-gnu.so
[1.333s] -- Up-to-date: /home/vm/training/ros2_ws/install/perception_msgs/lib/libperception_msgs__rosidl_generator_py.so
[1.333s] -- Up-to-date: /home/vm/training/ros2_ws/install/perception_msgs/share/ament_index/resource_index/rust_packages/perception_msgs
[1.333s] -- Up-to-date: /home/vm/training/ros2_ws/install/perception_msgs/share/perception_msgs/rust
[1.334s] -- Up-to-date: /home/vm/training/ros2_ws/install/perception_msgs/share/perception_msgs/rust/Cargo.toml
[1.334s] -- Up-to-date: /home/vm/training/ros2_ws/install/perception_msgs/share/perception_msgs/rust/src
[1.334s] -- Up-to-date: /home/vm/training/ros2_ws/install/perception_msgs/share/perception_msgs/rust/src/lib.rs
[1.334s] -- Up-to-date: /home/vm/training/ros2_ws/install/perception_msgs/share/perception_msgs/rust/src/srv
[1.334s] -- Up-to-date: /home/vm/training/ros2_ws/install/perception_msgs/share/perception_msgs/rust/src/srv/rmw.rs
[1.334s] -- Up-to-date: /home/vm/training/ros2_ws/install/perception_msgs/share/perception_msgs/rust/src/srv.rs
[1.334s] -- Up-to-date: /home/vm/training/ros2_ws/install/perception_msgs/share/perception_msgs/rust/build.rs
[1.334s] -- Up-to-date: /home/vm/training/ros2_ws/install/perception_msgs/share/perception_msgs/srv/GetObjectLocation.idl
[1.334s] -- Up-to-date: /home/vm/training/ros2_ws/install/perception_msgs/share/perception_msgs/srv/GetObjectLocation.srv
[1.334s] -- Up-to-date: /home/vm/training/ros2_ws/install/perception_msgs/share/perception_msgs/srv/GetObjectLocation_Request.msg
[1.334s] -- Up-to-date: /home/vm/training/ros2_ws/install/perception_msgs/share/perception_msgs/srv/GetObjectLocation_Response.msg
[1.334s] -- Up-to-date: /home/vm/training/ros2_ws/install/perception_msgs/share/ament_index/resource_index/package_run_dependencies/perception_msgs
[1.334s] -- Up-to-date: /home/vm/training/ros2_ws/install/perception_msgs/share/ament_index/resource_index/parent_prefix_path/perception_msgs
[1.334s] -- Up-to-date: /home/vm/training/ros2_ws/install/perception_msgs/share/perception_msgs/environment/ament_prefix_path.sh
[1.334s] -- Up-to-date: /home/vm/training/ros2_ws/install/perception_msgs/share/perception_msgs/environment/ament_prefix_path.dsv
[1.334s] -- Up-to-date: /home/vm/training/ros2_ws/install/perception_msgs/share/perception_msgs/environment/path.sh
[1.336s] -- Up-to-date: /home/vm/training/ros2_ws/install/perception_msgs/share/perception_msgs/environment/path.dsv
[1.337s] -- Up-to-date: /home/vm/training/ros2_ws/install/perception_msgs/share/perception_msgs/local_setup.bash
[1.337s] -- Up-to-date: /home/vm/training/ros2_ws/install/perception_msgs/share/perception_msgs/local_setup.sh
[1.338s] -- Up-to-date: /home/vm/training/ros2_ws/install/perception_msgs/share/perception_msgs/local_setup.zsh
[1.339s] -- Up-to-date: /home/vm/training/ros2_ws/install/perception_msgs/share/perception_msgs/local_setup.dsv
[1.339s] -- Installing: /home/vm/training/ros2_ws/install/perception_msgs/share/perception_msgs/package.dsv
[1.339s] -- Up-to-date: /home/vm/training/ros2_ws/install/perception_msgs/share/ament_index/resource_index/packages/perception_msgs
[1.340s] -- Up-to-date: /home/vm/training/ros2_ws/install/perception_msgs/share/perception_msgs/cmake/export_perception_msgs__rosidl_generator_cExport.cmake
[1.340s] -- Up-to-date: /home/vm/training/ros2_ws/install/perception_msgs/share/perception_msgs/cmake/export_perception_msgs__rosidl_generator_cExport-noconfig.cmake
[1.340s] -- Up-to-date: /home/vm/training/ros2_ws/install/perception_msgs/share/perception_msgs/cmake/export_perception_msgs__rosidl_typesupport_fastrtps_cExport.cmake
[1.340s] -- Up-to-date: /home/vm/training/ros2_ws/install/perception_msgs/share/perception_msgs/cmake/export_perception_msgs__rosidl_typesupport_fastrtps_cExport-noconfig.cmake
[1.340s] -- Up-to-date: /home/vm/training/ros2_ws/install/perception_msgs/share/perception_msgs/cmake/export_perception_msgs__rosidl_generator_cppExport.cmake
[1.341s] -- Up-to-date: /home/vm/training/ros2_ws/install/perception_msgs/share/perception_msgs/cmake/export_perception_msgs__rosidl_typesupport_fastrtps_cppExport.cmake
[1.341s] -- Up-to-date: /home/vm/training/ros2_ws/install/perception_msgs/share/perception_msgs/cmake/export_perception_msgs__rosidl_typesupport_fastrtps_cppExport-noconfig.cmake
[1.341s] -- Up-to-date: /home/vm/training/ros2_ws/install/perception_msgs/share/perception_msgs/cmake/perception_msgs__rosidl_typesupport_introspection_cExport.cmake
[1.341s] -- Up-to-date: /home/vm/training/ros2_ws/install/perception_msgs/share/perception_msgs/cmake/perception_msgs__rosidl_typesupport_introspection_cExport-noconfig.cmake
[1.341s] -- Up-to-date: /home/vm/training/ros2_ws/install/perception_msgs/share/perception_msgs/cmake/perception_msgs__rosidl_typesupport_cExport.cmake
[1.341s] -- Up-to-date: /home/vm/training/ros2_ws/install/perception_msgs/share/perception_msgs/cmake/perception_msgs__rosidl_typesupport_cExport-noconfig.cmake
[1.345s] -- Up-to-date: /home/vm/training/ros2_ws/install/perception_msgs/share/perception_msgs/cmake/perception_msgs__rosidl_typesupport_introspection_cppExport.cmake
[1.346s] -- Up-to-date: /home/vm/training/ros2_ws/install/perception_msgs/share/perception_msgs/cmake/perception_msgs__rosidl_typesupport_introspection_cppExport-noconfig.cmake
[1.347s] -- Up-to-date: /home/vm/training/ros2_ws/install/perception_msgs/share/perception_msgs/cmake/perception_msgs__rosidl_typesupport_cppExport.cmake
[1.347s] -- Up-to-date: /home/vm/training/ros2_ws/install/perception_msgs/share/perception_msgs/cmake/perception_msgs__rosidl_typesupport_cppExport-noconfig.cmake
[1.348s] -- Up-to-date: /home/vm/training/ros2_ws/install/perception_msgs/share/perception_msgs/cmake/export_perception_msgs__rosidl_generator_pyExport.cmake
[1.348s] -- Up-to-date: /home/vm/training/ros2_ws/install/perception_msgs/share/perception_msgs/cmake/export_perception_msgs__rosidl_generator_pyExport-noconfig.cmake
[1.348s] -- Up-to-date: /home/vm/training/ros2_ws/install/perception_msgs/share/perception_msgs/cmake/rosidl_cmake-extras.cmake
[1.348s] -- Up-to-date: /home/vm/training/ros2_ws/install/perception_msgs/share/perception_msgs/cmake/ament_cmake_export_dependencies-extras.cmake
[1.348s] -- Up-to-date: /home/vm/training/ros2_ws/install/perception_msgs/share/perception_msgs/cmake/ament_cmake_export_include_directories-extras.cmake
[1.348s] -- Up-to-date: /home/vm/training/ros2_ws/install/perception_msgs/share/perception_msgs/cmake/ament_cmake_export_libraries-extras.cmake
[1.348s] -- Up-to-date: /home/vm/training/ros2_ws/install/perception_msgs/share/perception_msgs/cmake/ament_cmake_export_targets-extras.cmake
[1.348s] -- Up-to-date: /home/vm/training/ros2_ws/install/perception_msgs/share/perception_msgs/cmake/rosidl_cmake_export_typesupport_targets-extras.cmake
[1.348s] -- Up-to-date: /home/vm/training/ros2_ws/install/perception_msgs/share/perception_msgs/cmake/rosidl_cmake_export_typesupport_libraries-extras.cmake
[1.348s] -- Up-to-date: /home/vm/training/ros2_ws/install/perception_msgs/share/perception_msgs/cmake/perception_msgsConfig.cmake
[1.348s] -- Up-to-date: /home/vm/training/ros2_ws/install/perception_msgs/share/perception_msgs/cmake/perception_msgsConfig-version.cmake
[1.349s] -- Up-to-date: /home/vm/training/ros2_ws/install/perception_msgs/share/perception_msgs/package.xml
[1.349s] Invoked command in '/home/vm/training/ros2_ws/build/perception_msgs' returned '0': CMAKE_PREFIX_PATH=/opt/ros/humble /usr/bin/cmake --install /home/vm/training/ros2_ws/build/perception_msgs
