[0.077s] DEBUG:colcon:Command line arguments: ['/usr/bin/colcon', 'build', '--packages-select', 'perception_msgs']
[0.077s] DEBUG:colcon:Parsed command line arguments: Namespace(log_base=None, log_level=None, verb_name='build', build_base='build', install_base='install', merge_install=False, symlink_install=False, test_result_base=None, continue_on_error=False, executor='parallel', parallel_workers=4, event_handlers=None, ignore_user_meta=False, metas=['./colcon.meta'], base_paths=['.'], packages_ignore=None, packages_ignore_regex=None, paths=None, packages_up_to=None, packages_up_to_regex=None, packages_above=None, packages_above_and_dependencies=None, packages_above_depth=None, packages_select_by_dep=None, packages_skip_by_dep=None, packages_skip_up_to=None, packages_select_build_failed=False, packages_skip_build_finished=False, packages_select_test_failures=False, packages_skip_test_passed=False, packages_select=['perception_msgs'], packages_skip=None, packages_select_regex=None, packages_skip_regex=None, packages_start=None, packages_end=None, allow_overriding=[], cmake_args=None, cmake_target=None, cmake_target_skip_unavailable=False, cmake_clean_cache=False, cmake_clean_first=False, cmake_force_configure=False, ament_cmake_args=None, catkin_cmake_args=None, catkin_skip_building_tests=False, verb_parser=<colcon_defaults.argument_parser.defaults.DefaultArgumentsDecorator object at 0x7aa1f9468910>, verb_extension=<colcon_core.verb.build.BuildVerb object at 0x7aa1f9468370>, main=<bound method BuildVerb.main of <colcon_core.verb.build.BuildVerb object at 0x7aa1f9468370>>)
[0.184s] Level 1:colcon.colcon_core.package_discovery:discover_packages(colcon_meta) check parameters
[0.184s] Level 1:colcon.colcon_core.package_discovery:discover_packages(recursive) check parameters
[0.184s] Level 1:colcon.colcon_core.package_discovery:discover_packages(ignore) check parameters
[0.184s] Level 1:colcon.colcon_core.package_discovery:discover_packages(path) check parameters
[0.184s] Level 1:colcon.colcon_core.package_discovery:discover_packages(colcon_meta) discover
[0.184s] Level 1:colcon.colcon_core.package_discovery:discover_packages(recursive) discover
[0.184s] INFO:colcon.colcon_core.package_discovery:Crawling recursively for packages in '/home/vm/training/ros2_ws/src'
[0.184s] Level 1:colcon.colcon_core.package_identification:_identify(.) by extensions ['ignore', 'ignore_ament_install']
[0.184s] Level 1:colcon.colcon_core.package_identification:_identify(.) by extension 'ignore'
[0.184s] Level 1:colcon.colcon_core.package_identification:_identify(.) by extension 'ignore_ament_install'
[0.184s] Level 1:colcon.colcon_core.package_identification:_identify(.) by extensions ['colcon_pkg']
[0.184s] Level 1:colcon.colcon_core.package_identification:_identify(.) by extension 'colcon_pkg'
[0.184s] Level 1:colcon.colcon_core.package_identification:_identify(.) by extensions ['colcon_meta']
[0.184s] Level 1:colcon.colcon_core.package_identification:_identify(.) by extension 'colcon_meta'
[0.184s] Level 1:colcon.colcon_core.package_identification:_identify(.) by extensions ['ros']
[0.184s] Level 1:colcon.colcon_core.package_identification:_identify(.) by extension 'ros'
[0.193s] Level 1:colcon.colcon_core.package_identification:_identify(.) by extensions ['cmake', 'python']
[0.193s] Level 1:colcon.colcon_core.package_identification:_identify(.) by extension 'cmake'
[0.193s] Level 1:colcon.colcon_core.package_identification:_identify(.) by extension 'python'
[0.193s] Level 1:colcon.colcon_core.package_identification:_identify(.) by extensions ['python_setup_py']
[0.193s] Level 1:colcon.colcon_core.package_identification:_identify(.) by extension 'python_setup_py'
[0.193s] Level 1:colcon.colcon_core.package_identification:_identify(build) by extensions ['ignore', 'ignore_ament_install']
[0.193s] Level 1:colcon.colcon_core.package_identification:_identify(build) by extension 'ignore'
[0.193s] Level 1:colcon.colcon_core.package_identification:_identify(build) ignored
[0.194s] Level 1:colcon.colcon_core.package_identification:_identify(custom_msg_publisher) by extensions ['ignore', 'ignore_ament_install']
[0.194s] Level 1:colcon.colcon_core.package_identification:_identify(custom_msg_publisher) by extension 'ignore'
[0.194s] Level 1:colcon.colcon_core.package_identification:_identify(custom_msg_publisher) by extension 'ignore_ament_install'
[0.194s] Level 1:colcon.colcon_core.package_identification:_identify(custom_msg_publisher) by extensions ['colcon_pkg']
[0.194s] Level 1:colcon.colcon_core.package_identification:_identify(custom_msg_publisher) by extension 'colcon_pkg'
[0.194s] Level 1:colcon.colcon_core.package_identification:_identify(custom_msg_publisher) by extensions ['colcon_meta']
[0.194s] Level 1:colcon.colcon_core.package_identification:_identify(custom_msg_publisher) by extension 'colcon_meta'
[0.194s] Level 1:colcon.colcon_core.package_identification:_identify(custom_msg_publisher) by extensions ['ros']
[0.194s] Level 1:colcon.colcon_core.package_identification:_identify(custom_msg_publisher) by extension 'ros'
[0.195s] DEBUG:colcon.colcon_core.package_identification:Package 'custom_msg_publisher' with type 'ros.ament_python' and name 'custom_msg_publisher'
[0.195s] Level 1:colcon.colcon_core.package_identification:_identify(custom_msg_subscriber) by extensions ['ignore', 'ignore_ament_install']
[0.195s] Level 1:colcon.colcon_core.package_identification:_identify(custom_msg_subscriber) by extension 'ignore'
[0.196s] Level 1:colcon.colcon_core.package_identification:_identify(custom_msg_subscriber) by extension 'ignore_ament_install'
[0.196s] Level 1:colcon.colcon_core.package_identification:_identify(custom_msg_subscriber) by extensions ['colcon_pkg']
[0.196s] Level 1:colcon.colcon_core.package_identification:_identify(custom_msg_subscriber) by extension 'colcon_pkg'
[0.196s] Level 1:colcon.colcon_core.package_identification:_identify(custom_msg_subscriber) by extensions ['colcon_meta']
[0.196s] Level 1:colcon.colcon_core.package_identification:_identify(custom_msg_subscriber) by extension 'colcon_meta'
[0.196s] Level 1:colcon.colcon_core.package_identification:_identify(custom_msg_subscriber) by extensions ['ros']
[0.196s] Level 1:colcon.colcon_core.package_identification:_identify(custom_msg_subscriber) by extension 'ros'
[0.196s] DEBUG:colcon.colcon_core.package_identification:Package 'custom_msg_subscriber' with type 'ros.ament_python' and name 'custom_msg_subscriber'
[0.196s] Level 1:colcon.colcon_core.package_identification:_identify(image_viewer) by extensions ['ignore', 'ignore_ament_install']
[0.196s] Level 1:colcon.colcon_core.package_identification:_identify(image_viewer) by extension 'ignore'
[0.196s] Level 1:colcon.colcon_core.package_identification:_identify(image_viewer) by extension 'ignore_ament_install'
[0.196s] Level 1:colcon.colcon_core.package_identification:_identify(image_viewer) by extensions ['colcon_pkg']
[0.196s] Level 1:colcon.colcon_core.package_identification:_identify(image_viewer) by extension 'colcon_pkg'
[0.196s] Level 1:colcon.colcon_core.package_identification:_identify(image_viewer) by extensions ['colcon_meta']
[0.196s] Level 1:colcon.colcon_core.package_identification:_identify(image_viewer) by extension 'colcon_meta'
[0.196s] Level 1:colcon.colcon_core.package_identification:_identify(image_viewer) by extensions ['ros']
[0.196s] Level 1:colcon.colcon_core.package_identification:_identify(image_viewer) by extension 'ros'
[0.197s] DEBUG:colcon.colcon_core.package_identification:Package 'image_viewer' with type 'ros.ament_python' and name 'image_viewer'
[0.197s] Level 1:colcon.colcon_core.package_identification:_identify(install) by extensions ['ignore', 'ignore_ament_install']
[0.197s] Level 1:colcon.colcon_core.package_identification:_identify(install) by extension 'ignore'
[0.197s] Level 1:colcon.colcon_core.package_identification:_identify(install) ignored
[0.197s] Level 1:colcon.colcon_core.package_identification:_identify(log) by extensions ['ignore', 'ignore_ament_install']
[0.197s] Level 1:colcon.colcon_core.package_identification:_identify(log) by extension 'ignore'
[0.197s] Level 1:colcon.colcon_core.package_identification:_identify(log) ignored
[0.197s] Level 1:colcon.colcon_core.package_identification:_identify(perception_msgs) by extensions ['ignore', 'ignore_ament_install']
[0.197s] Level 1:colcon.colcon_core.package_identification:_identify(perception_msgs) by extension 'ignore'
[0.197s] Level 1:colcon.colcon_core.package_identification:_identify(perception_msgs) by extension 'ignore_ament_install'
[0.197s] Level 1:colcon.colcon_core.package_identification:_identify(perception_msgs) by extensions ['colcon_pkg']
[0.197s] Level 1:colcon.colcon_core.package_identification:_identify(perception_msgs) by extension 'colcon_pkg'
[0.197s] Level 1:colcon.colcon_core.package_identification:_identify(perception_msgs) by extensions ['colcon_meta']
[0.197s] Level 1:colcon.colcon_core.package_identification:_identify(perception_msgs) by extension 'colcon_meta'
[0.197s] Level 1:colcon.colcon_core.package_identification:_identify(perception_msgs) by extensions ['ros']
[0.197s] Level 1:colcon.colcon_core.package_identification:_identify(perception_msgs) by extension 'ros'
[0.198s] DEBUG:colcon.colcon_core.package_identification:Package 'perception_msgs' with type 'ros.ament_cmake' and name 'perception_msgs'
[0.198s] Level 1:colcon.colcon_core.package_identification:_identify(pingpong_pkg) by extensions ['ignore', 'ignore_ament_install']
[0.198s] Level 1:colcon.colcon_core.package_identification:_identify(pingpong_pkg) by extension 'ignore'
[0.198s] Level 1:colcon.colcon_core.package_identification:_identify(pingpong_pkg) by extension 'ignore_ament_install'
[0.198s] Level 1:colcon.colcon_core.package_identification:_identify(pingpong_pkg) by extensions ['colcon_pkg']
[0.198s] Level 1:colcon.colcon_core.package_identification:_identify(pingpong_pkg) by extension 'colcon_pkg'
[0.198s] Level 1:colcon.colcon_core.package_identification:_identify(pingpong_pkg) by extensions ['colcon_meta']
[0.198s] Level 1:colcon.colcon_core.package_identification:_identify(pingpong_pkg) by extension 'colcon_meta'
[0.198s] Level 1:colcon.colcon_core.package_identification:_identify(pingpong_pkg) by extensions ['ros']
[0.198s] Level 1:colcon.colcon_core.package_identification:_identify(pingpong_pkg) by extension 'ros'
[0.198s] DEBUG:colcon.colcon_core.package_identification:Package 'pingpong_pkg' with type 'ros.ament_python' and name 'pingpong_pkg'
[0.199s] Level 1:colcon.colcon_core.package_identification:_identify(simple_velocity_msg) by extensions ['ignore', 'ignore_ament_install']
[0.199s] Level 1:colcon.colcon_core.package_identification:_identify(simple_velocity_msg) by extension 'ignore'
[0.199s] Level 1:colcon.colcon_core.package_identification:_identify(simple_velocity_msg) by extension 'ignore_ament_install'
[0.199s] Level 1:colcon.colcon_core.package_identification:_identify(simple_velocity_msg) by extensions ['colcon_pkg']
[0.199s] Level 1:colcon.colcon_core.package_identification:_identify(simple_velocity_msg) by extension 'colcon_pkg'
[0.199s] Level 1:colcon.colcon_core.package_identification:_identify(simple_velocity_msg) by extensions ['colcon_meta']
[0.199s] Level 1:colcon.colcon_core.package_identification:_identify(simple_velocity_msg) by extension 'colcon_meta'
[0.199s] Level 1:colcon.colcon_core.package_identification:_identify(simple_velocity_msg) by extensions ['ros']
[0.199s] Level 1:colcon.colcon_core.package_identification:_identify(simple_velocity_msg) by extension 'ros'
[0.200s] DEBUG:colcon.colcon_core.package_identification:Package 'simple_velocity_msg' with type 'ros.ament_cmake' and name 'simple_velocity_msg'
[0.200s] Level 1:colcon.colcon_core.package_identification:_identify(teleop_keyboard) by extensions ['ignore', 'ignore_ament_install']
[0.200s] Level 1:colcon.colcon_core.package_identification:_identify(teleop_keyboard) by extension 'ignore'
[0.200s] Level 1:colcon.colcon_core.package_identification:_identify(teleop_keyboard) by extension 'ignore_ament_install'
[0.200s] Level 1:colcon.colcon_core.package_identification:_identify(teleop_keyboard) by extensions ['colcon_pkg']
[0.200s] Level 1:colcon.colcon_core.package_identification:_identify(teleop_keyboard) by extension 'colcon_pkg'
[0.200s] Level 1:colcon.colcon_core.package_identification:_identify(teleop_keyboard) by extensions ['colcon_meta']
[0.200s] Level 1:colcon.colcon_core.package_identification:_identify(teleop_keyboard) by extension 'colcon_meta'
[0.200s] Level 1:colcon.colcon_core.package_identification:_identify(teleop_keyboard) by extensions ['ros']
[0.200s] Level 1:colcon.colcon_core.package_identification:_identify(teleop_keyboard) by extension 'ros'
[0.200s] DEBUG:colcon.colcon_core.package_identification:Package 'teleop_keyboard' with type 'ros.ament_python' and name 'teleop_keyboard'
[0.201s] Level 1:colcon.colcon_core.package_discovery:discover_packages(recursive) using defaults
[0.201s] Level 1:colcon.colcon_core.package_discovery:discover_packages(ignore) discover
[0.201s] Level 1:colcon.colcon_core.package_discovery:discover_packages(ignore) using defaults
[0.201s] Level 1:colcon.colcon_core.package_discovery:discover_packages(path) discover
[0.201s] Level 1:colcon.colcon_core.package_discovery:discover_packages(path) using defaults
[0.215s] INFO:colcon.colcon_core.package_selection:Skipping not selected package 'custom_msg_publisher' in 'custom_msg_publisher'
[0.215s] INFO:colcon.colcon_core.package_selection:Skipping not selected package 'custom_msg_subscriber' in 'custom_msg_subscriber'
[0.215s] INFO:colcon.colcon_core.package_selection:Skipping not selected package 'image_viewer' in 'image_viewer'
[0.215s] INFO:colcon.colcon_core.package_selection:Skipping not selected package 'pingpong_pkg' in 'pingpong_pkg'
[0.215s] INFO:colcon.colcon_core.package_selection:Skipping not selected package 'simple_velocity_msg' in 'simple_velocity_msg'
[0.215s] INFO:colcon.colcon_core.package_selection:Skipping not selected package 'teleop_keyboard' in 'teleop_keyboard'
[0.215s] Level 1:colcon.colcon_core.package_discovery:discover_packages(prefix_path) check parameters
[0.216s] Level 1:colcon.colcon_core.package_discovery:discover_packages(prefix_path) discover
[0.217s] DEBUG:colcon.colcon_installed_package_information.package_discovery:Found 1 installed packages in /home/vm/training/ros2_ws/src/install
[0.217s] DEBUG:colcon.colcon_installed_package_information.package_discovery:Found 3 installed packages in /home/vm/training/ros2_ws/install
[0.217s] DEBUG:colcon.colcon_installed_package_information.package_discovery:Found 2 installed packages in /home/vm/training/new_workspace/install
[0.219s] DEBUG:colcon.colcon_installed_package_information.package_discovery:Found 273 installed packages in /opt/ros/humble
[0.226s] Level 1:colcon.colcon_core.package_discovery:discover_packages(prefix_path) using defaults
[0.251s] Level 5:colcon.colcon_core.verb:set package 'perception_msgs' build argument 'cmake_args' from command line to 'None'
[0.251s] Level 5:colcon.colcon_core.verb:set package 'perception_msgs' build argument 'cmake_target' from command line to 'None'
[0.251s] Level 5:colcon.colcon_core.verb:set package 'perception_msgs' build argument 'cmake_target_skip_unavailable' from command line to 'False'
[0.251s] Level 5:colcon.colcon_core.verb:set package 'perception_msgs' build argument 'cmake_clean_cache' from command line to 'False'
[0.251s] Level 5:colcon.colcon_core.verb:set package 'perception_msgs' build argument 'cmake_clean_first' from command line to 'False'
[0.251s] Level 5:colcon.colcon_core.verb:set package 'perception_msgs' build argument 'cmake_force_configure' from command line to 'False'
[0.251s] Level 5:colcon.colcon_core.verb:set package 'perception_msgs' build argument 'ament_cmake_args' from command line to 'None'
[0.251s] Level 5:colcon.colcon_core.verb:set package 'perception_msgs' build argument 'catkin_cmake_args' from command line to 'None'
[0.251s] Level 5:colcon.colcon_core.verb:set package 'perception_msgs' build argument 'catkin_skip_building_tests' from command line to 'False'
[0.251s] DEBUG:colcon.colcon_core.verb:Building package 'perception_msgs' with the following arguments: {'ament_cmake_args': None, 'build_base': '/home/vm/training/ros2_ws/src/build/perception_msgs', 'catkin_cmake_args': None, 'catkin_skip_building_tests': False, 'cmake_args': None, 'cmake_clean_cache': False, 'cmake_clean_first': False, 'cmake_force_configure': False, 'cmake_target': None, 'cmake_target_skip_unavailable': False, 'install_base': '/home/vm/training/ros2_ws/src/install/perception_msgs', 'merge_install': False, 'path': '/home/vm/training/ros2_ws/src/perception_msgs', 'symlink_install': False, 'test_result_base': None}
[0.251s] INFO:colcon.colcon_core.executor:Executing jobs using 'parallel' executor
[0.253s] DEBUG:colcon.colcon_parallel_executor.executor.parallel:run_until_complete
[0.253s] INFO:colcon.colcon_ros.task.ament_cmake.build:Building ROS package in '/home/vm/training/ros2_ws/src/perception_msgs' with build type 'ament_cmake'
[0.253s] INFO:colcon.colcon_cmake.task.cmake.build:Building CMake package in '/home/vm/training/ros2_ws/src/perception_msgs'
[0.255s] INFO:colcon.colcon_core.plugin_system:Skipping extension 'colcon_core.shell.bat': Not used on non-Windows systems
[0.255s] INFO:colcon.colcon_core.shell:Skip shell extension 'powershell' for command environment: Not usable outside of PowerShell
[0.255s] DEBUG:colcon.colcon_core.shell:Skip shell extension 'dsv' for command environment
[0.264s] DEBUG:colcon.colcon_core.event_handler.log_command:Invoking command in '/home/vm/training/ros2_ws/src/build/perception_msgs': CMAKE_PREFIX_PATH=${CMAKE_PREFIX_PATH}:/home/vm/training/ros2_ws/src/install/custom_msg_subscriber:/home/vm/training/ros2_ws/install/custom_msg_publisher:/home/vm/training/ros2_ws/install/pingpong_pkg:/home/vm/training/new_workspace/install/my_python_package:/opt/ros/humble /usr/bin/cmake /home/vm/training/ros2_ws/src/perception_msgs -DCMAKE_INSTALL_PREFIX=/home/vm/training/ros2_ws/src/install/perception_msgs
[0.923s] DEBUG:colcon.colcon_core.event_handler.log_command:Invoked command in '/home/vm/training/ros2_ws/src/build/perception_msgs' returned '1': CMAKE_PREFIX_PATH=${CMAKE_PREFIX_PATH}:/home/vm/training/ros2_ws/src/install/custom_msg_subscriber:/home/vm/training/ros2_ws/install/custom_msg_publisher:/home/vm/training/ros2_ws/install/pingpong_pkg:/home/vm/training/new_workspace/install/my_python_package:/opt/ros/humble /usr/bin/cmake /home/vm/training/ros2_ws/src/perception_msgs -DCMAKE_INSTALL_PREFIX=/home/vm/training/ros2_ws/src/install/perception_msgs
[0.931s] Level 1:colcon.colcon_core.environment:create_environment_scripts_only(perception_msgs)
[0.934s] Level 1:colcon.colcon_core.environment:checking '/home/vm/training/ros2_ws/src/install/perception_msgs' for CMake module files
[0.934s] Level 1:colcon.colcon_core.environment:checking '/home/vm/training/ros2_ws/src/install/perception_msgs' for CMake config files
[0.934s] Level 1:colcon.colcon_core.environment:checking '/home/vm/training/ros2_ws/src/install/perception_msgs/bin'
[0.934s] Level 1:colcon.colcon_core.environment:checking '/home/vm/training/ros2_ws/src/install/perception_msgs/lib/pkgconfig/perception_msgs.pc'
[0.935s] Level 1:colcon.colcon_core.environment:checking '/home/vm/training/ros2_ws/src/install/perception_msgs/lib/python3.10/site-packages'
[0.935s] Level 1:colcon.colcon_core.environment:checking '/home/vm/training/ros2_ws/src/install/perception_msgs/bin'
[0.935s] INFO:colcon.colcon_core.shell:Creating package script '/home/vm/training/ros2_ws/src/install/perception_msgs/share/perception_msgs/package.ps1'
[0.936s] INFO:colcon.colcon_core.shell:Creating package descriptor '/home/vm/training/ros2_ws/src/install/perception_msgs/share/perception_msgs/package.dsv'
[0.936s] INFO:colcon.colcon_core.shell:Creating package script '/home/vm/training/ros2_ws/src/install/perception_msgs/share/perception_msgs/package.sh'
[0.937s] INFO:colcon.colcon_core.shell:Creating package script '/home/vm/training/ros2_ws/src/install/perception_msgs/share/perception_msgs/package.bash'
[0.938s] INFO:colcon.colcon_core.shell:Creating package script '/home/vm/training/ros2_ws/src/install/perception_msgs/share/perception_msgs/package.zsh'
[0.938s] Level 1:colcon.colcon_core.environment:create_file_with_runtime_dependencies(/home/vm/training/ros2_ws/src/install/perception_msgs/share/colcon-core/packages/perception_msgs)
[0.949s] DEBUG:colcon.colcon_parallel_executor.executor.parallel:closing loop
[0.949s] DEBUG:colcon.colcon_parallel_executor.executor.parallel:loop closed
[0.949s] DEBUG:colcon.colcon_parallel_executor.executor.parallel:run_until_complete finished with '1'
[0.949s] DEBUG:colcon.colcon_core.event_reactor:joining thread
[0.955s] INFO:colcon.colcon_core.plugin_system:Skipping extension 'colcon_notification.desktop_notification.terminal_notifier': Not used on non-Darwin systems
[0.955s] INFO:colcon.colcon_core.plugin_system:Skipping extension 'colcon_notification.desktop_notification.win32': Not used on non-Windows systems
[0.955s] INFO:colcon.colcon_notification.desktop_notification:Sending desktop notification using 'notify2'
[0.968s] DEBUG:colcon.colcon_core.event_reactor:joined thread
[0.968s] INFO:colcon.colcon_core.shell:Creating prefix script '/home/vm/training/ros2_ws/src/install/local_setup.ps1'
[0.969s] INFO:colcon.colcon_core.shell:Creating prefix util module '/home/vm/training/ros2_ws/src/install/_local_setup_util_ps1.py'
[0.970s] INFO:colcon.colcon_core.shell:Creating prefix chain script '/home/vm/training/ros2_ws/src/install/setup.ps1'
[0.974s] INFO:colcon.colcon_core.shell:Creating prefix script '/home/vm/training/ros2_ws/src/install/local_setup.sh'
[0.974s] INFO:colcon.colcon_core.shell:Creating prefix util module '/home/vm/training/ros2_ws/src/install/_local_setup_util_sh.py'
[0.975s] INFO:colcon.colcon_core.shell:Creating prefix chain script '/home/vm/training/ros2_ws/src/install/setup.sh'
[0.975s] INFO:colcon.colcon_core.shell:Creating prefix script '/home/vm/training/ros2_ws/src/install/local_setup.bash'
[0.976s] INFO:colcon.colcon_core.shell:Creating prefix chain script '/home/vm/training/ros2_ws/src/install/setup.bash'
[0.979s] INFO:colcon.colcon_core.shell:Creating prefix script '/home/vm/training/ros2_ws/src/install/local_setup.zsh'
[0.979s] INFO:colcon.colcon_core.shell:Creating prefix chain script '/home/vm/training/ros2_ws/src/install/setup.zsh'
