running egg_info
creating ../../build/package2/package2.egg-info
writing ../../build/package2/package2.egg-info/PKG-INFO
writing dependency_links to ../../build/package2/package2.egg-info/dependency_links.txt
writing entry points to ../../build/package2/package2.egg-info/entry_points.txt
writing requirements to ../../build/package2/package2.egg-info/requires.txt
writing top-level names to ../../build/package2/package2.egg-info/top_level.txt
writing manifest file '../../build/package2/package2.egg-info/SOURCES.txt'
reading manifest file '../../build/package2/package2.egg-info/SOURCES.txt'
writing manifest file '../../build/package2/package2.egg-info/SOURCES.txt'
running build
running build_py
creating /home/vm/training/new_workspace/build/package2/build
creating /home/vm/training/new_workspace/build/package2/build/lib
creating /home/vm/training/new_workspace/build/package2/build/lib/package2
copying package2/node2.py -> /home/vm/training/new_workspace/build/package2/build/lib/package2
copying package2/__init__.py -> /home/vm/training/new_workspace/build/package2/build/lib/package2
running install
running install_lib
creating /home/vm/training/new_workspace/install/package2/lib/python3.10/site-packages/package2
copying /home/vm/training/new_workspace/build/package2/build/lib/package2/node2.py -> /home/vm/training/new_workspace/install/package2/lib/python3.10/site-packages/package2
copying /home/vm/training/new_workspace/build/package2/build/lib/package2/__init__.py -> /home/vm/training/new_workspace/install/package2/lib/python3.10/site-packages/package2
byte-compiling /home/vm/training/new_workspace/install/package2/lib/python3.10/site-packages/package2/node2.py to node2.cpython-310.pyc
byte-compiling /home/vm/training/new_workspace/install/package2/lib/python3.10/site-packages/package2/__init__.py to __init__.cpython-310.pyc
running install_data
creating /home/vm/training/new_workspace/install/package2/share/ament_index
creating /home/vm/training/new_workspace/install/package2/share/ament_index/resource_index
creating /home/vm/training/new_workspace/install/package2/share/ament_index/resource_index/packages
copying resource/package2 -> /home/vm/training/new_workspace/install/package2/share/ament_index/resource_index/packages
copying package.xml -> /home/vm/training/new_workspace/install/package2/share/package2
running install_egg_info
Copying ../../build/package2/package2.egg-info to /home/vm/training/new_workspace/install/package2/lib/python3.10/site-packages/package2-0.0.0-py3.10.egg-info
running install_scripts
Installing node2 script to /home/vm/training/new_workspace/install/package2/lib/package2
writing list of installed files to '/home/vm/training/new_workspace/build/package2/install.log'
