[1.564s] Invoking command in '/home/vm/training/new_workspace/src/package2': PYTHONPATH=/home/vm/training/new_workspace/build/package2/prefix_override:/usr/lib/python3/dist-packages/colcon_core/task/python/colcon_distutils_commands:/home/vm/training/new_workspace/install/package2/lib/python3.10/site-packages:${PYTHONPATH} /usr/bin/python3 -W ignore:setup.py install is deprecated -W ignore:easy_install command is deprecated setup.py egg_info --egg-base ../../build/package2 build --build-base /home/vm/training/new_workspace/build/package2/build install --record /home/vm/training/new_workspace/build/package2/install.log --single-version-externally-managed install_data
[1.918s] running egg_info
[1.919s] creating ../../build/package2/package2.egg-info
[1.919s] writing ../../build/package2/package2.egg-info/PKG-INFO
[1.919s] writing dependency_links to ../../build/package2/package2.egg-info/dependency_links.txt
[1.920s] writing entry points to ../../build/package2/package2.egg-info/entry_points.txt
[1.920s] writing requirements to ../../build/package2/package2.egg-info/requires.txt
[1.920s] writing top-level names to ../../build/package2/package2.egg-info/top_level.txt
[1.921s] writing manifest file '../../build/package2/package2.egg-info/SOURCES.txt'
[1.924s] reading manifest file '../../build/package2/package2.egg-info/SOURCES.txt'
[1.926s] writing manifest file '../../build/package2/package2.egg-info/SOURCES.txt'
[1.926s] running build
[1.927s] running build_py
[1.927s] creating /home/vm/training/new_workspace/build/package2/build
[1.927s] creating /home/vm/training/new_workspace/build/package2/build/lib
[1.927s] creating /home/vm/training/new_workspace/build/package2/build/lib/package2
[1.927s] copying package2/node2.py -> /home/vm/training/new_workspace/build/package2/build/lib/package2
[1.927s] copying package2/__init__.py -> /home/vm/training/new_workspace/build/package2/build/lib/package2
[1.927s] running install
[1.927s] running install_lib
[1.931s] creating /home/vm/training/new_workspace/install/package2/lib/python3.10/site-packages/package2
[1.932s] copying /home/vm/training/new_workspace/build/package2/build/lib/package2/node2.py -> /home/vm/training/new_workspace/install/package2/lib/python3.10/site-packages/package2
[1.934s] copying /home/vm/training/new_workspace/build/package2/build/lib/package2/__init__.py -> /home/vm/training/new_workspace/install/package2/lib/python3.10/site-packages/package2
[1.936s] byte-compiling /home/vm/training/new_workspace/install/package2/lib/python3.10/site-packages/package2/node2.py to node2.cpython-310.pyc
[1.936s] byte-compiling /home/vm/training/new_workspace/install/package2/lib/python3.10/site-packages/package2/__init__.py to __init__.cpython-310.pyc
[1.936s] running install_data
[1.937s] creating /home/vm/training/new_workspace/install/package2/share/ament_index
[1.937s] creating /home/vm/training/new_workspace/install/package2/share/ament_index/resource_index
[1.937s] creating /home/vm/training/new_workspace/install/package2/share/ament_index/resource_index/packages
[1.940s] copying resource/package2 -> /home/vm/training/new_workspace/install/package2/share/ament_index/resource_index/packages
[1.941s] copying package.xml -> /home/vm/training/new_workspace/install/package2/share/package2
[1.941s] running install_egg_info
[1.941s] Copying ../../build/package2/package2.egg-info to /home/vm/training/new_workspace/install/package2/lib/python3.10/site-packages/package2-0.0.0-py3.10.egg-info
[1.944s] running install_scripts
[1.970s] Installing node2 script to /home/vm/training/new_workspace/install/package2/lib/package2
[1.971s] writing list of installed files to '/home/vm/training/new_workspace/build/package2/install.log'
[2.018s] Invoked command in '/home/vm/training/new_workspace/src/package2' returned '0': PYTHONPATH=/home/vm/training/new_workspace/build/package2/prefix_override:/usr/lib/python3/dist-packages/colcon_core/task/python/colcon_distutils_commands:/home/vm/training/new_workspace/install/package2/lib/python3.10/site-packages:${PYTHONPATH} /usr/bin/python3 -W ignore:setup.py install is deprecated -W ignore:easy_install command is deprecated setup.py egg_info --egg-base ../../build/package2 build --build-base /home/vm/training/new_workspace/build/package2/build install --record /home/vm/training/new_workspace/build/package2/install.log --single-version-externally-managed install_data
