[0.017s] Invoking command in '/home/vm/training/ros2_ws/build/simple_velocity_msg': CMAKE_PREFIX_PATH=${CMAKE_PREFIX_PATH}:/home/vm/training/ros2_ws/install/teleop_keyboard:/home/vm/training/ros2_ws/install/pingpong_pkg:/home/vm/training/ros2_ws/install/object_spawner:/home/vm/training/ros2_ws/install/image_viewer:/home/vm/training/ros2_ws/install/final_assessment:/home/vm/training/ros2_ws/install/custom_msg_subscriber:/home/vm/training/ros2_ws/install/custom_msg_publisher:/home/vm/training/ros2_ws/install/camera_service:/opt/ros/humble /usr/bin/cmake --build /home/vm/training/ros2_ws/build/simple_velocity_msg -- -j4 -l4
[0.088s] [  3%] Built target simple_velocity_msg__rs
[0.090s] [ 12%] Built target simple_velocity_msg__rosidl_generator_c
[0.103s] [ 15%] Built target simple_velocity_msg__cpp
[0.138s] [ 25%] Built target simple_velocity_msg__rosidl_typesupport_introspection_c
[0.146s] [ 25%] Built target ament_cmake_python_copy_simple_velocity_msg
[0.152s] [ 34%] Built target simple_velocity_msg__rosidl_typesupport_c
[0.159s] [ 43%] Built target simple_velocity_msg__rosidl_typesupport_fastrtps_c
[0.167s] [ 53%] Built target simple_velocity_msg__rosidl_typesupport_fastrtps_cpp
[0.179s] [ 65%] Built target simple_velocity_msg__rosidl_typesupport_cpp
[0.180s] [ 71%] Built target simple_velocity_msg__rosidl_typesupport_introspection_cpp
[0.216s] [ 71%] Built target simple_velocity_msg
[0.257s] [ 75%] Built target simple_velocity_msg__py
[0.304s] [ 81%] Built target simple_velocity_msg__rosidl_generator_py
[0.368s] [ 87%] Built target simple_velocity_msg__rosidl_typesupport_fastrtps_c__pyext
[0.368s] [ 93%] Built target simple_velocity_msg__rosidl_typesupport_introspection_c__pyext
[0.386s] [100%] Built target simple_velocity_msg__rosidl_typesupport_c__pyext
[0.425s] running egg_info
[0.426s] writing simple_velocity_msg.egg-info/PKG-INFO
[0.428s] writing dependency_links to simple_velocity_msg.egg-info/dependency_links.txt
[0.428s] writing top-level names to simple_velocity_msg.egg-info/top_level.txt
[0.434s] reading manifest file 'simple_velocity_msg.egg-info/SOURCES.txt'
[0.437s] writing manifest file 'simple_velocity_msg.egg-info/SOURCES.txt'
[0.492s] [100%] Built target ament_cmake_python_build_simple_velocity_msg_egg
[0.560s] Invoked command in '/home/vm/training/ros2_ws/build/simple_velocity_msg' returned '0': CMAKE_PREFIX_PATH=${CMAKE_PREFIX_PATH}:/home/vm/training/ros2_ws/install/teleop_keyboard:/home/vm/training/ros2_ws/install/pingpong_pkg:/home/vm/training/ros2_ws/install/object_spawner:/home/vm/training/ros2_ws/install/image_viewer:/home/vm/training/ros2_ws/install/final_assessment:/home/vm/training/ros2_ws/install/custom_msg_subscriber:/home/vm/training/ros2_ws/install/custom_msg_publisher:/home/vm/training/ros2_ws/install/camera_service:/opt/ros/humble /usr/bin/cmake --build /home/vm/training/ros2_ws/build/simple_velocity_msg -- -j4 -l4
[0.560s] Invoking command in '/home/vm/training/ros2_ws/build/simple_velocity_msg': CMAKE_PREFIX_PATH=${CMAKE_PREFIX_PATH}:/home/vm/training/ros2_ws/install/teleop_keyboard:/home/vm/training/ros2_ws/install/pingpong_pkg:/home/vm/training/ros2_ws/install/object_spawner:/home/vm/training/ros2_ws/install/image_viewer:/home/vm/training/ros2_ws/install/final_assessment:/home/vm/training/ros2_ws/install/custom_msg_subscriber:/home/vm/training/ros2_ws/install/custom_msg_publisher:/home/vm/training/ros2_ws/install/camera_service:/opt/ros/humble /usr/bin/cmake --install /home/vm/training/ros2_ws/build/simple_velocity_msg
[0.576s] -- Install configuration: ""
[0.576s] -- Up-to-date: /home/vm/training/ros2_ws/install/simple_velocity_msg/share/ament_index/resource_index/rosidl_interfaces/simple_velocity_msg
[0.576s] -- Up-to-date: /home/vm/training/ros2_ws/install/simple_velocity_msg/include/simple_velocity_msg/simple_velocity_msg
[0.576s] -- Up-to-date: /home/vm/training/ros2_ws/install/simple_velocity_msg/include/simple_velocity_msg/simple_velocity_msg/msg
[0.576s] -- Up-to-date: /home/vm/training/ros2_ws/install/simple_velocity_msg/include/simple_velocity_msg/simple_velocity_msg/msg/detail
[0.576s] -- Up-to-date: /home/vm/training/ros2_ws/install/simple_velocity_msg/include/simple_velocity_msg/simple_velocity_msg/msg/detail/simple_velocity__functions.c
[0.576s] -- Up-to-date: /home/vm/training/ros2_ws/install/simple_velocity_msg/include/simple_velocity_msg/simple_velocity_msg/msg/detail/simple_velocity__type_support.h
[0.576s] -- Up-to-date: /home/vm/training/ros2_ws/install/simple_velocity_msg/include/simple_velocity_msg/simple_velocity_msg/msg/detail/simple_velocity__struct.h
[0.576s] -- Up-to-date: /home/vm/training/ros2_ws/install/simple_velocity_msg/include/simple_velocity_msg/simple_velocity_msg/msg/detail/simple_velocity__functions.h
[0.576s] -- Up-to-date: /home/vm/training/ros2_ws/install/simple_velocity_msg/include/simple_velocity_msg/simple_velocity_msg/msg/simple_velocity.h
[0.576s] -- Up-to-date: /home/vm/training/ros2_ws/install/simple_velocity_msg/include/simple_velocity_msg/simple_velocity_msg/msg/rosidl_generator_c__visibility_control.h
[0.578s] -- Up-to-date: /home/vm/training/ros2_ws/install/simple_velocity_msg/share/simple_velocity_msg/environment/library_path.sh
[0.578s] -- Up-to-date: /home/vm/training/ros2_ws/install/simple_velocity_msg/share/simple_velocity_msg/environment/library_path.dsv
[0.578s] -- Up-to-date: /home/vm/training/ros2_ws/install/simple_velocity_msg/lib/libsimple_velocity_msg__rosidl_generator_c.so
[0.578s] -- Up-to-date: /home/vm/training/ros2_ws/install/simple_velocity_msg/include/simple_velocity_msg/simple_velocity_msg
[0.578s] -- Up-to-date: /home/vm/training/ros2_ws/install/simple_velocity_msg/include/simple_velocity_msg/simple_velocity_msg/msg
[0.578s] -- Up-to-date: /home/vm/training/ros2_ws/install/simple_velocity_msg/include/simple_velocity_msg/simple_velocity_msg/msg/detail
[0.578s] -- Up-to-date: /home/vm/training/ros2_ws/install/simple_velocity_msg/include/simple_velocity_msg/simple_velocity_msg/msg/detail/simple_velocity__rosidl_typesupport_fastrtps_c.h
[0.578s] -- Up-to-date: /home/vm/training/ros2_ws/install/simple_velocity_msg/include/simple_velocity_msg/simple_velocity_msg/msg/rosidl_typesupport_fastrtps_c__visibility_control.h
[0.578s] -- Up-to-date: /home/vm/training/ros2_ws/install/simple_velocity_msg/lib/libsimple_velocity_msg__rosidl_typesupport_fastrtps_c.so
[0.578s] -- Up-to-date: /home/vm/training/ros2_ws/install/simple_velocity_msg/include/simple_velocity_msg/simple_velocity_msg
[0.578s] -- Up-to-date: /home/vm/training/ros2_ws/install/simple_velocity_msg/include/simple_velocity_msg/simple_velocity_msg/msg
[0.578s] -- Up-to-date: /home/vm/training/ros2_ws/install/simple_velocity_msg/include/simple_velocity_msg/simple_velocity_msg/msg/detail
[0.578s] -- Up-to-date: /home/vm/training/ros2_ws/install/simple_velocity_msg/include/simple_velocity_msg/simple_velocity_msg/msg/detail/simple_velocity__rosidl_typesupport_introspection_c.h
[0.578s] -- Up-to-date: /home/vm/training/ros2_ws/install/simple_velocity_msg/include/simple_velocity_msg/simple_velocity_msg/msg/detail/simple_velocity__type_support.c
[0.578s] -- Up-to-date: /home/vm/training/ros2_ws/install/simple_velocity_msg/include/simple_velocity_msg/simple_velocity_msg/msg/rosidl_typesupport_introspection_c__visibility_control.h
[0.578s] -- Up-to-date: /home/vm/training/ros2_ws/install/simple_velocity_msg/lib/libsimple_velocity_msg__rosidl_typesupport_introspection_c.so
[0.578s] -- Up-to-date: /home/vm/training/ros2_ws/install/simple_velocity_msg/lib/libsimple_velocity_msg__rosidl_typesupport_c.so
[0.579s] -- Up-to-date: /home/vm/training/ros2_ws/install/simple_velocity_msg/include/simple_velocity_msg/simple_velocity_msg
[0.579s] -- Up-to-date: /home/vm/training/ros2_ws/install/simple_velocity_msg/include/simple_velocity_msg/simple_velocity_msg/msg
[0.579s] -- Up-to-date: /home/vm/training/ros2_ws/install/simple_velocity_msg/include/simple_velocity_msg/simple_velocity_msg/msg/simple_velocity.hpp
[0.579s] -- Up-to-date: /home/vm/training/ros2_ws/install/simple_velocity_msg/include/simple_velocity_msg/simple_velocity_msg/msg/detail
[0.579s] -- Up-to-date: /home/vm/training/ros2_ws/install/simple_velocity_msg/include/simple_velocity_msg/simple_velocity_msg/msg/detail/simple_velocity__traits.hpp
[0.579s] -- Up-to-date: /home/vm/training/ros2_ws/install/simple_velocity_msg/include/simple_velocity_msg/simple_velocity_msg/msg/detail/simple_velocity__type_support.hpp
[0.579s] -- Up-to-date: /home/vm/training/ros2_ws/install/simple_velocity_msg/include/simple_velocity_msg/simple_velocity_msg/msg/detail/simple_velocity__builder.hpp
[0.579s] -- Up-to-date: /home/vm/training/ros2_ws/install/simple_velocity_msg/include/simple_velocity_msg/simple_velocity_msg/msg/detail/simple_velocity__struct.hpp
[0.579s] -- Up-to-date: /home/vm/training/ros2_ws/install/simple_velocity_msg/include/simple_velocity_msg/simple_velocity_msg/msg/rosidl_generator_cpp__visibility_control.hpp
[0.579s] -- Up-to-date: /home/vm/training/ros2_ws/install/simple_velocity_msg/include/simple_velocity_msg/simple_velocity_msg
[0.583s] -- Up-to-date: /home/vm/training/ros2_ws/install/simple_velocity_msg/include/simple_velocity_msg/simple_velocity_msg/msg
[0.583s] -- Up-to-date: /home/vm/training/ros2_ws/install/simple_velocity_msg/include/simple_velocity_msg/simple_velocity_msg/msg/detail
[0.583s] -- Up-to-date: /home/vm/training/ros2_ws/install/simple_velocity_msg/include/simple_velocity_msg/simple_velocity_msg/msg/detail/simple_velocity__rosidl_typesupport_fastrtps_cpp.hpp
[0.583s] -- Up-to-date: /home/vm/training/ros2_ws/install/simple_velocity_msg/include/simple_velocity_msg/simple_velocity_msg/msg/detail/dds_fastrtps
[0.583s] -- Up-to-date: /home/vm/training/ros2_ws/install/simple_velocity_msg/include/simple_velocity_msg/simple_velocity_msg/msg/rosidl_typesupport_fastrtps_cpp__visibility_control.h
[0.583s] -- Up-to-date: /home/vm/training/ros2_ws/install/simple_velocity_msg/lib/libsimple_velocity_msg__rosidl_typesupport_fastrtps_cpp.so
[0.583s] -- Up-to-date: /home/vm/training/ros2_ws/install/simple_velocity_msg/include/simple_velocity_msg/simple_velocity_msg
[0.583s] -- Up-to-date: /home/vm/training/ros2_ws/install/simple_velocity_msg/include/simple_velocity_msg/simple_velocity_msg/msg
[0.583s] -- Up-to-date: /home/vm/training/ros2_ws/install/simple_velocity_msg/include/simple_velocity_msg/simple_velocity_msg/msg/detail
[0.583s] -- Up-to-date: /home/vm/training/ros2_ws/install/simple_velocity_msg/include/simple_velocity_msg/simple_velocity_msg/msg/detail/simple_velocity__type_support.cpp
[0.584s] -- Up-to-date: /home/vm/training/ros2_ws/install/simple_velocity_msg/include/simple_velocity_msg/simple_velocity_msg/msg/detail/simple_velocity__rosidl_typesupport_introspection_cpp.hpp
[0.585s] -- Up-to-date: /home/vm/training/ros2_ws/install/simple_velocity_msg/lib/libsimple_velocity_msg__rosidl_typesupport_introspection_cpp.so
[0.585s] -- Up-to-date: /home/vm/training/ros2_ws/install/simple_velocity_msg/lib/libsimple_velocity_msg__rosidl_typesupport_cpp.so
[0.585s] -- Up-to-date: /home/vm/training/ros2_ws/install/simple_velocity_msg/share/simple_velocity_msg/environment/pythonpath.sh
[0.585s] -- Up-to-date: /home/vm/training/ros2_ws/install/simple_velocity_msg/share/simple_velocity_msg/environment/pythonpath.dsv
[0.585s] -- Up-to-date: /home/vm/training/ros2_ws/install/simple_velocity_msg/local/lib/python3.10/dist-packages/simple_velocity_msg-0.0.0-py3.10.egg-info
[0.585s] -- Installing: /home/vm/training/ros2_ws/install/simple_velocity_msg/local/lib/python3.10/dist-packages/simple_velocity_msg-0.0.0-py3.10.egg-info/dependency_links.txt
[0.585s] -- Installing: /home/vm/training/ros2_ws/install/simple_velocity_msg/local/lib/python3.10/dist-packages/simple_velocity_msg-0.0.0-py3.10.egg-info/top_level.txt
[0.588s] -- Installing: /home/vm/training/ros2_ws/install/simple_velocity_msg/local/lib/python3.10/dist-packages/simple_velocity_msg-0.0.0-py3.10.egg-info/SOURCES.txt
[0.588s] -- Installing: /home/vm/training/ros2_ws/install/simple_velocity_msg/local/lib/python3.10/dist-packages/simple_velocity_msg-0.0.0-py3.10.egg-info/PKG-INFO
[0.588s] -- Up-to-date: /home/vm/training/ros2_ws/install/simple_velocity_msg/local/lib/python3.10/dist-packages/simple_velocity_msg
[0.588s] -- Up-to-date: /home/vm/training/ros2_ws/install/simple_velocity_msg/local/lib/python3.10/dist-packages/simple_velocity_msg/msg
[0.588s] -- Up-to-date: /home/vm/training/ros2_ws/install/simple_velocity_msg/local/lib/python3.10/dist-packages/simple_velocity_msg/msg/_simple_velocity.py
[0.588s] -- Up-to-date: /home/vm/training/ros2_ws/install/simple_velocity_msg/local/lib/python3.10/dist-packages/simple_velocity_msg/msg/__init__.py
[0.588s] -- Up-to-date: /home/vm/training/ros2_ws/install/simple_velocity_msg/local/lib/python3.10/dist-packages/simple_velocity_msg/msg/_simple_velocity_s.c
[0.588s] -- Up-to-date: /home/vm/training/ros2_ws/install/simple_velocity_msg/local/lib/python3.10/dist-packages/simple_velocity_msg/_simple_velocity_msg_s.ep.rosidl_typesupport_introspection_c.c
[0.588s] -- Up-to-date: /home/vm/training/ros2_ws/install/simple_velocity_msg/local/lib/python3.10/dist-packages/simple_velocity_msg/simple_velocity_msg_s__rosidl_typesupport_introspection_c.cpython-310-x86_64-linux-gnu.so
[0.589s] -- Up-to-date: /home/vm/training/ros2_ws/install/simple_velocity_msg/local/lib/python3.10/dist-packages/simple_velocity_msg/simple_velocity_msg_s__rosidl_typesupport_fastrtps_c.cpython-310-x86_64-linux-gnu.so
[0.589s] -- Up-to-date: /home/vm/training/ros2_ws/install/simple_velocity_msg/local/lib/python3.10/dist-packages/simple_velocity_msg/simple_velocity_msg_s__rosidl_typesupport_c.cpython-310-x86_64-linux-gnu.so
[0.589s] -- Up-to-date: /home/vm/training/ros2_ws/install/simple_velocity_msg/local/lib/python3.10/dist-packages/simple_velocity_msg/_simple_velocity_msg_s.ep.rosidl_typesupport_c.c
[0.589s] -- Up-to-date: /home/vm/training/ros2_ws/install/simple_velocity_msg/local/lib/python3.10/dist-packages/simple_velocity_msg/__init__.py
[0.589s] -- Up-to-date: /home/vm/training/ros2_ws/install/simple_velocity_msg/local/lib/python3.10/dist-packages/simple_velocity_msg/libsimple_velocity_msg__rosidl_generator_py.so
[0.589s] -- Up-to-date: /home/vm/training/ros2_ws/install/simple_velocity_msg/local/lib/python3.10/dist-packages/simple_velocity_msg/_simple_velocity_msg_s.ep.rosidl_typesupport_fastrtps_c.c
[0.645s] Listing '/home/vm/training/ros2_ws/install/simple_velocity_msg/local/lib/python3.10/dist-packages/simple_velocity_msg'...
[0.645s] Listing '/home/vm/training/ros2_ws/install/simple_velocity_msg/local/lib/python3.10/dist-packages/simple_velocity_msg/msg'...
[0.651s] -- Up-to-date: /home/vm/training/ros2_ws/install/simple_velocity_msg/local/lib/python3.10/dist-packages/simple_velocity_msg/simple_velocity_msg_s__rosidl_typesupport_fastrtps_c.cpython-310-x86_64-linux-gnu.so
[0.651s] -- Up-to-date: /home/vm/training/ros2_ws/install/simple_velocity_msg/local/lib/python3.10/dist-packages/simple_velocity_msg/simple_velocity_msg_s__rosidl_typesupport_introspection_c.cpython-310-x86_64-linux-gnu.so
[0.651s] -- Up-to-date: /home/vm/training/ros2_ws/install/simple_velocity_msg/local/lib/python3.10/dist-packages/simple_velocity_msg/simple_velocity_msg_s__rosidl_typesupport_c.cpython-310-x86_64-linux-gnu.so
[0.653s] -- Up-to-date: /home/vm/training/ros2_ws/install/simple_velocity_msg/lib/libsimple_velocity_msg__rosidl_generator_py.so
[0.653s] -- Up-to-date: /home/vm/training/ros2_ws/install/simple_velocity_msg/share/ament_index/resource_index/rust_packages/simple_velocity_msg
[0.653s] -- Up-to-date: /home/vm/training/ros2_ws/install/simple_velocity_msg/share/simple_velocity_msg/rust
[0.654s] -- Up-to-date: /home/vm/training/ros2_ws/install/simple_velocity_msg/share/simple_velocity_msg/rust/Cargo.toml
[0.654s] -- Up-to-date: /home/vm/training/ros2_ws/install/simple_velocity_msg/share/simple_velocity_msg/rust/src
[0.659s] -- Up-to-date: /home/vm/training/ros2_ws/install/simple_velocity_msg/share/simple_velocity_msg/rust/src/msg
[0.659s] -- Up-to-date: /home/vm/training/ros2_ws/install/simple_velocity_msg/share/simple_velocity_msg/rust/src/msg/rmw.rs
[0.659s] -- Up-to-date: /home/vm/training/ros2_ws/install/simple_velocity_msg/share/simple_velocity_msg/rust/src/msg.rs
[0.659s] -- Up-to-date: /home/vm/training/ros2_ws/install/simple_velocity_msg/share/simple_velocity_msg/rust/src/lib.rs
[0.659s] -- Up-to-date: /home/vm/training/ros2_ws/install/simple_velocity_msg/share/simple_velocity_msg/rust/build.rs
[0.659s] -- Up-to-date: /home/vm/training/ros2_ws/install/simple_velocity_msg/share/simple_velocity_msg/msg/SimpleVelocity.idl
[0.659s] -- Up-to-date: /home/vm/training/ros2_ws/install/simple_velocity_msg/share/simple_velocity_msg/msg/SimpleVelocity.msg
[0.660s] -- Up-to-date: /home/vm/training/ros2_ws/install/simple_velocity_msg/share/ament_index/resource_index/package_run_dependencies/simple_velocity_msg
[0.660s] -- Up-to-date: /home/vm/training/ros2_ws/install/simple_velocity_msg/share/ament_index/resource_index/parent_prefix_path/simple_velocity_msg
[0.660s] -- Up-to-date: /home/vm/training/ros2_ws/install/simple_velocity_msg/share/simple_velocity_msg/environment/ament_prefix_path.sh
[0.660s] -- Up-to-date: /home/vm/training/ros2_ws/install/simple_velocity_msg/share/simple_velocity_msg/environment/ament_prefix_path.dsv
[0.660s] -- Up-to-date: /home/vm/training/ros2_ws/install/simple_velocity_msg/share/simple_velocity_msg/environment/path.sh
[0.660s] -- Up-to-date: /home/vm/training/ros2_ws/install/simple_velocity_msg/share/simple_velocity_msg/environment/path.dsv
[0.660s] -- Up-to-date: /home/vm/training/ros2_ws/install/simple_velocity_msg/share/simple_velocity_msg/local_setup.bash
[0.660s] -- Up-to-date: /home/vm/training/ros2_ws/install/simple_velocity_msg/share/simple_velocity_msg/local_setup.sh
[0.660s] -- Up-to-date: /home/vm/training/ros2_ws/install/simple_velocity_msg/share/simple_velocity_msg/local_setup.zsh
[0.660s] -- Up-to-date: /home/vm/training/ros2_ws/install/simple_velocity_msg/share/simple_velocity_msg/local_setup.dsv
[0.661s] -- Installing: /home/vm/training/ros2_ws/install/simple_velocity_msg/share/simple_velocity_msg/package.dsv
[0.661s] -- Up-to-date: /home/vm/training/ros2_ws/install/simple_velocity_msg/share/ament_index/resource_index/packages/simple_velocity_msg
[0.661s] -- Up-to-date: /home/vm/training/ros2_ws/install/simple_velocity_msg/share/simple_velocity_msg/cmake/export_simple_velocity_msg__rosidl_generator_cExport.cmake
[0.661s] -- Up-to-date: /home/vm/training/ros2_ws/install/simple_velocity_msg/share/simple_velocity_msg/cmake/export_simple_velocity_msg__rosidl_generator_cExport-noconfig.cmake
[0.661s] -- Up-to-date: /home/vm/training/ros2_ws/install/simple_velocity_msg/share/simple_velocity_msg/cmake/export_simple_velocity_msg__rosidl_typesupport_fastrtps_cExport.cmake
[0.661s] -- Up-to-date: /home/vm/training/ros2_ws/install/simple_velocity_msg/share/simple_velocity_msg/cmake/export_simple_velocity_msg__rosidl_typesupport_fastrtps_cExport-noconfig.cmake
[0.661s] -- Up-to-date: /home/vm/training/ros2_ws/install/simple_velocity_msg/share/simple_velocity_msg/cmake/simple_velocity_msg__rosidl_typesupport_introspection_cExport.cmake
[0.661s] -- Up-to-date: /home/vm/training/ros2_ws/install/simple_velocity_msg/share/simple_velocity_msg/cmake/simple_velocity_msg__rosidl_typesupport_introspection_cExport-noconfig.cmake
[0.661s] -- Up-to-date: /home/vm/training/ros2_ws/install/simple_velocity_msg/share/simple_velocity_msg/cmake/simple_velocity_msg__rosidl_typesupport_cExport.cmake
[0.661s] -- Up-to-date: /home/vm/training/ros2_ws/install/simple_velocity_msg/share/simple_velocity_msg/cmake/simple_velocity_msg__rosidl_typesupport_cExport-noconfig.cmake
[0.662s] -- Up-to-date: /home/vm/training/ros2_ws/install/simple_velocity_msg/share/simple_velocity_msg/cmake/export_simple_velocity_msg__rosidl_generator_cppExport.cmake
[0.662s] -- Up-to-date: /home/vm/training/ros2_ws/install/simple_velocity_msg/share/simple_velocity_msg/cmake/export_simple_velocity_msg__rosidl_typesupport_fastrtps_cppExport.cmake
[0.662s] -- Up-to-date: /home/vm/training/ros2_ws/install/simple_velocity_msg/share/simple_velocity_msg/cmake/export_simple_velocity_msg__rosidl_typesupport_fastrtps_cppExport-noconfig.cmake
[0.662s] -- Up-to-date: /home/vm/training/ros2_ws/install/simple_velocity_msg/share/simple_velocity_msg/cmake/simple_velocity_msg__rosidl_typesupport_introspection_cppExport.cmake
[0.662s] -- Up-to-date: /home/vm/training/ros2_ws/install/simple_velocity_msg/share/simple_velocity_msg/cmake/simple_velocity_msg__rosidl_typesupport_introspection_cppExport-noconfig.cmake
[0.662s] -- Up-to-date: /home/vm/training/ros2_ws/install/simple_velocity_msg/share/simple_velocity_msg/cmake/simple_velocity_msg__rosidl_typesupport_cppExport.cmake
[0.662s] -- Up-to-date: /home/vm/training/ros2_ws/install/simple_velocity_msg/share/simple_velocity_msg/cmake/simple_velocity_msg__rosidl_typesupport_cppExport-noconfig.cmake
[0.662s] -- Up-to-date: /home/vm/training/ros2_ws/install/simple_velocity_msg/share/simple_velocity_msg/cmake/export_simple_velocity_msg__rosidl_generator_pyExport.cmake
[0.665s] -- Up-to-date: /home/vm/training/ros2_ws/install/simple_velocity_msg/share/simple_velocity_msg/cmake/export_simple_velocity_msg__rosidl_generator_pyExport-noconfig.cmake
[0.666s] -- Up-to-date: /home/vm/training/ros2_ws/install/simple_velocity_msg/share/simple_velocity_msg/cmake/rosidl_cmake-extras.cmake
[0.666s] -- Up-to-date: /home/vm/training/ros2_ws/install/simple_velocity_msg/share/simple_velocity_msg/cmake/ament_cmake_export_include_directories-extras.cmake
[0.666s] -- Up-to-date: /home/vm/training/ros2_ws/install/simple_velocity_msg/share/simple_velocity_msg/cmake/ament_cmake_export_libraries-extras.cmake
[0.666s] -- Up-to-date: /home/vm/training/ros2_ws/install/simple_velocity_msg/share/simple_velocity_msg/cmake/ament_cmake_export_targets-extras.cmake
[0.666s] -- Up-to-date: /home/vm/training/ros2_ws/install/simple_velocity_msg/share/simple_velocity_msg/cmake/rosidl_cmake_export_typesupport_targets-extras.cmake
[0.666s] -- Up-to-date: /home/vm/training/ros2_ws/install/simple_velocity_msg/share/simple_velocity_msg/cmake/ament_cmake_export_dependencies-extras.cmake
[0.666s] -- Up-to-date: /home/vm/training/ros2_ws/install/simple_velocity_msg/share/simple_velocity_msg/cmake/rosidl_cmake_export_typesupport_libraries-extras.cmake
[0.666s] -- Up-to-date: /home/vm/training/ros2_ws/install/simple_velocity_msg/share/simple_velocity_msg/cmake/simple_velocity_msgConfig.cmake
[0.666s] -- Up-to-date: /home/vm/training/ros2_ws/install/simple_velocity_msg/share/simple_velocity_msg/cmake/simple_velocity_msgConfig-version.cmake
[0.666s] -- Up-to-date: /home/vm/training/ros2_ws/install/simple_velocity_msg/share/simple_velocity_msg/package.xml
[0.667s] Invoked command in '/home/vm/training/ros2_ws/build/simple_velocity_msg' returned '0': CMAKE_PREFIX_PATH=${CMAKE_PREFIX_PATH}:/home/vm/training/ros2_ws/install/teleop_keyboard:/home/vm/training/ros2_ws/install/pingpong_pkg:/home/vm/training/ros2_ws/install/object_spawner:/home/vm/training/ros2_ws/install/image_viewer:/home/vm/training/ros2_ws/install/final_assessment:/home/vm/training/ros2_ws/install/custom_msg_subscriber:/home/vm/training/ros2_ws/install/custom_msg_publisher:/home/vm/training/ros2_ws/install/camera_service:/opt/ros/humble /usr/bin/cmake --install /home/vm/training/ros2_ws/build/simple_velocity_msg
