[0.503s] Invoking command in '/home/vm/training/ros2_ws/src/object_spawner': PYTHONPATH=/home/vm/training/ros2_ws/src/build/object_spawner/prefix_override:/usr/lib/python3/dist-packages/colcon_core/task/python/colcon_distutils_commands:/home/vm/training/ros2_ws/src/install/object_spawner/lib/python3.10/site-packages:${PYTHONPATH} /usr/bin/python3 -W ignore:setup.py install is deprecated -W ignore:easy_install command is deprecated setup.py egg_info --egg-base ../build/object_spawner build --build-base /home/vm/training/ros2_ws/src/build/object_spawner/build install --record /home/vm/training/ros2_ws/src/build/object_spawner/install.log --single-version-externally-managed install_data
[0.691s] running egg_info
[0.692s] creating ../build/object_spawner/object_spawner.egg-info
[0.692s] writing ../build/object_spawner/object_spawner.egg-info/PKG-INFO
[0.692s] writing dependency_links to ../build/object_spawner/object_spawner.egg-info/dependency_links.txt
[0.692s] writing entry points to ../build/object_spawner/object_spawner.egg-info/entry_points.txt
[0.692s] writing requirements to ../build/object_spawner/object_spawner.egg-info/requires.txt
[0.692s] writing top-level names to ../build/object_spawner/object_spawner.egg-info/top_level.txt
[0.692s] writing manifest file '../build/object_spawner/object_spawner.egg-info/SOURCES.txt'
[0.693s] reading manifest file '../build/object_spawner/object_spawner.egg-info/SOURCES.txt'
[0.694s] writing manifest file '../build/object_spawner/object_spawner.egg-info/SOURCES.txt'
[0.694s] running build
[0.694s] running build_py
[0.694s] creating /home/vm/training/ros2_ws/src/build/object_spawner/build
[0.694s] creating /home/vm/training/ros2_ws/src/build/object_spawner/build/lib
[0.694s] creating /home/vm/training/ros2_ws/src/build/object_spawner/build/lib/object_spawner
[0.694s] copying object_spawner/__init__.py -> /home/vm/training/ros2_ws/src/build/object_spawner/build/lib/object_spawner
[0.694s] copying object_spawner/object_spawner.py -> /home/vm/training/ros2_ws/src/build/object_spawner/build/lib/object_spawner
[0.695s] running install
[0.695s] running install_lib
[0.695s] creating /home/vm/training/ros2_ws/src/install/object_spawner/lib/python3.10/site-packages/object_spawner
[0.695s] copying /home/vm/training/ros2_ws/src/build/object_spawner/build/lib/object_spawner/__init__.py -> /home/vm/training/ros2_ws/src/install/object_spawner/lib/python3.10/site-packages/object_spawner
[0.695s] copying /home/vm/training/ros2_ws/src/build/object_spawner/build/lib/object_spawner/object_spawner.py -> /home/vm/training/ros2_ws/src/install/object_spawner/lib/python3.10/site-packages/object_spawner
[0.696s] byte-compiling /home/vm/training/ros2_ws/src/install/object_spawner/lib/python3.10/site-packages/object_spawner/__init__.py to __init__.cpython-310.pyc
[0.696s] byte-compiling /home/vm/training/ros2_ws/src/install/object_spawner/lib/python3.10/site-packages/object_spawner/object_spawner.py to object_spawner.cpython-310.pyc
[0.696s] running install_data
[0.696s] creating /home/vm/training/ros2_ws/src/install/object_spawner/share/ament_index
[0.697s] creating /home/vm/training/ros2_ws/src/install/object_spawner/share/ament_index/resource_index
[0.697s] creating /home/vm/training/ros2_ws/src/install/object_spawner/share/ament_index/resource_index/packages
[0.697s] copying resource/object_spawner -> /home/vm/training/ros2_ws/src/install/object_spawner/share/ament_index/resource_index/packages
[0.697s] copying package.xml -> /home/vm/training/ros2_ws/src/install/object_spawner/share/object_spawner
[0.697s] creating /home/vm/training/ros2_ws/src/install/object_spawner/share/object_spawner/launch
[0.697s] copying launch/demo.launch.py -> /home/vm/training/ros2_ws/src/install/object_spawner/share/object_spawner/launch
[0.697s] copying launch/practical9.rviz -> /home/vm/training/ros2_ws/src/install/object_spawner/share/object_spawner/launch
[0.697s] running install_egg_info
[0.698s] Copying ../build/object_spawner/object_spawner.egg-info to /home/vm/training/ros2_ws/src/install/object_spawner/lib/python3.10/site-packages/object_spawner-0.0.0-py3.10.egg-info
[0.699s] running install_scripts
[0.716s] Installing object_spawner_node script to /home/vm/training/ros2_ws/src/install/object_spawner/lib/object_spawner
[0.716s] writing list of installed files to '/home/vm/training/ros2_ws/src/build/object_spawner/install.log'
[0.740s] Invoked command in '/home/vm/training/ros2_ws/src/object_spawner' returned '0': PYTHONPATH=/home/vm/training/ros2_ws/src/build/object_spawner/prefix_override:/usr/lib/python3/dist-packages/colcon_core/task/python/colcon_distutils_commands:/home/vm/training/ros2_ws/src/install/object_spawner/lib/python3.10/site-packages:${PYTHONPATH} /usr/bin/python3 -W ignore:setup.py install is deprecated -W ignore:easy_install command is deprecated setup.py egg_info --egg-base ../build/object_spawner build --build-base /home/vm/training/ros2_ws/src/build/object_spawner/build install --record /home/vm/training/ros2_ws/src/build/object_spawner/install.log --single-version-externally-managed install_data
