[1.021s] Invoking command in '/home/vm/training/ros2_ws/src/object_spawner': PYTHONPATH=/home/vm/training/ros2_ws/build/object_spawner/prefix_override:/usr/lib/python3/dist-packages/colcon_core/task/python/colcon_distutils_commands:/home/vm/training/ros2_ws/install/object_spawner/lib/python3.10/site-packages:${PYTHONPATH} /usr/bin/python3 -W ignore:setup.py install is deprecated -W ignore:easy_install command is deprecated setup.py egg_info --egg-base ../../build/object_spawner build --build-base /home/vm/training/ros2_ws/build/object_spawner/build install --record /home/vm/training/ros2_ws/build/object_spawner/install.log --single-version-externally-managed install_data
[1.264s] running egg_info
[1.264s] writing ../../build/object_spawner/object_spawner.egg-info/PKG-INFO
[1.264s] writing dependency_links to ../../build/object_spawner/object_spawner.egg-info/dependency_links.txt
[1.264s] writing entry points to ../../build/object_spawner/object_spawner.egg-info/entry_points.txt
[1.264s] writing requirements to ../../build/object_spawner/object_spawner.egg-info/requires.txt
[1.265s] writing top-level names to ../../build/object_spawner/object_spawner.egg-info/top_level.txt
[1.266s] reading manifest file '../../build/object_spawner/object_spawner.egg-info/SOURCES.txt'
[1.266s] writing manifest file '../../build/object_spawner/object_spawner.egg-info/SOURCES.txt'
[1.267s] running build
[1.267s] running build_py
[1.267s] copying object_spawner/object_spawner.py -> /home/vm/training/ros2_ws/build/object_spawner/build/lib/object_spawner
[1.267s] running install
[1.267s] running install_lib
[1.268s] copying /home/vm/training/ros2_ws/build/object_spawner/build/lib/object_spawner/object_spawner.py -> /home/vm/training/ros2_ws/install/object_spawner/lib/python3.10/site-packages/object_spawner
[1.269s] byte-compiling /home/vm/training/ros2_ws/install/object_spawner/lib/python3.10/site-packages/object_spawner/object_spawner.py to object_spawner.cpython-310.pyc
[1.269s] running install_data
[1.269s] running install_egg_info
[1.271s] removing '/home/vm/training/ros2_ws/install/object_spawner/lib/python3.10/site-packages/object_spawner-0.0.0-py3.10.egg-info' (and everything under it)
[1.273s] Copying ../../build/object_spawner/object_spawner.egg-info to /home/vm/training/ros2_ws/install/object_spawner/lib/python3.10/site-packages/object_spawner-0.0.0-py3.10.egg-info
[1.274s] running install_scripts
[1.291s] Installing object_spawner_node script to /home/vm/training/ros2_ws/install/object_spawner/lib/object_spawner
[1.291s] writing list of installed files to '/home/vm/training/ros2_ws/build/object_spawner/install.log'
[1.329s] Invoked command in '/home/vm/training/ros2_ws/src/object_spawner' returned '0': PYTHONPATH=/home/vm/training/ros2_ws/build/object_spawner/prefix_override:/usr/lib/python3/dist-packages/colcon_core/task/python/colcon_distutils_commands:/home/vm/training/ros2_ws/install/object_spawner/lib/python3.10/site-packages:${PYTHONPATH} /usr/bin/python3 -W ignore:setup.py install is deprecated -W ignore:easy_install command is deprecated setup.py egg_info --egg-base ../../build/object_spawner build --build-base /home/vm/training/ros2_ws/build/object_spawner/build install --record /home/vm/training/ros2_ws/build/object_spawner/install.log --single-version-externally-managed install_data
