[0.949s] Invoking command in '/home/vm/training/ros2_ws/src/custom_msg_publisher': PYTHONPATH=/home/vm/training/ros2_ws/build/custom_msg_publisher/prefix_override:/usr/lib/python3/dist-packages/colcon_core/task/python/colcon_distutils_commands:/home/vm/training/ros2_ws/install/custom_msg_publisher/lib/python3.10/site-packages:${PYTHONPATH} /usr/bin/python3 -W ignore:setup.py install is deprecated -W ignore:easy_install command is deprecated setup.py egg_info --egg-base ../../build/custom_msg_publisher build --build-base /home/vm/training/ros2_ws/build/custom_msg_publisher/build install --record /home/vm/training/ros2_ws/build/custom_msg_publisher/install.log --single-version-externally-managed install_data
[1.129s] running egg_info
[1.129s] writing ../../build/custom_msg_publisher/custom_msg_publisher.egg-info/PKG-INFO
[1.130s] writing dependency_links to ../../build/custom_msg_publisher/custom_msg_publisher.egg-info/dependency_links.txt
[1.130s] writing entry points to ../../build/custom_msg_publisher/custom_msg_publisher.egg-info/entry_points.txt
[1.130s] writing requirements to ../../build/custom_msg_publisher/custom_msg_publisher.egg-info/requires.txt
[1.130s] writing top-level names to ../../build/custom_msg_publisher/custom_msg_publisher.egg-info/top_level.txt
[1.131s] reading manifest file '../../build/custom_msg_publisher/custom_msg_publisher.egg-info/SOURCES.txt'
[1.131s] writing manifest file '../../build/custom_msg_publisher/custom_msg_publisher.egg-info/SOURCES.txt'
[1.132s] running build
[1.132s] running build_py
[1.132s] running install
[1.132s] running install_lib
[1.133s] running install_data
[1.133s] running install_egg_info
[1.134s] removing '/home/vm/training/ros2_ws/install/custom_msg_publisher/lib/python3.10/site-packages/custom_msg_publisher-0.0.0-py3.10.egg-info' (and everything under it)
[1.137s] Copying ../../build/custom_msg_publisher/custom_msg_publisher.egg-info to /home/vm/training/ros2_ws/install/custom_msg_publisher/lib/python3.10/site-packages/custom_msg_publisher-0.0.0-py3.10.egg-info
[1.142s] running install_scripts
[1.155s] Installing simple_velocity_pub_node script to /home/vm/training/ros2_ws/install/custom_msg_publisher/lib/custom_msg_publisher
[1.155s] writing list of installed files to '/home/vm/training/ros2_ws/build/custom_msg_publisher/install.log'
[1.172s] Invoked command in '/home/vm/training/ros2_ws/src/custom_msg_publisher' returned '0': PYTHONPATH=/home/vm/training/ros2_ws/build/custom_msg_publisher/prefix_override:/usr/lib/python3/dist-packages/colcon_core/task/python/colcon_distutils_commands:/home/vm/training/ros2_ws/install/custom_msg_publisher/lib/python3.10/site-packages:${PYTHONPATH} /usr/bin/python3 -W ignore:setup.py install is deprecated -W ignore:easy_install command is deprecated setup.py egg_info --egg-base ../../build/custom_msg_publisher build --build-base /home/vm/training/ros2_ws/build/custom_msg_publisher/build install --record /home/vm/training/ros2_ws/build/custom_msg_publisher/install.log --single-version-externally-managed install_data
