[0.350s] Invoking command in '/home/vm/training/ros2_ws/build/simple_velocity_msg': CMAKE_PREFIX_PATH=${CMAKE_PREFIX_PATH}:/home/vm/training/ros2_ws/install/camera_service:/home/vm/training/ros2_ws/install/object_spawner:/home/vm/training/ros2_ws/install/pingpong_pkg:/home/vm/training/ros2_ws/install/custom_msg_publisher:/home/vm/training/new_workspace/install/package2:/home/vm/training/new_workspace/install/package1:/home/vm/training/new_workspace/install/my_python_package:/opt/ros/humble /usr/bin/cmake --build /home/vm/training/ros2_ws/build/simple_velocity_msg -- -j4 -l4
[0.469s] [35m[1mConsolidate compiler generated dependencies of target simple_velocity_msg__rosidl_generator_c[0m
[0.474s] [  3%] Built target simple_velocity_msg__cpp
[0.509s] [  6%] Built target simple_velocity_msg__rs
[0.516s] [35m[1mConsolidate compiler generated dependencies of target simple_velocity_msg__rosidl_typesupport_fastrtps_cpp[0m
[0.535s] [  6%] Built target ament_cmake_python_copy_simple_velocity_msg
[0.542s] [ 15%] Built target simple_velocity_msg__rosidl_generator_c
[0.578s] [35m[1mConsolidate compiler generated dependencies of target simple_velocity_msg__rosidl_typesupport_introspection_cpp[0m
[0.590s] [ 25%] Built target simple_velocity_msg__rosidl_typesupport_fastrtps_cpp
[0.594s] [35m[1mConsolidate compiler generated dependencies of target simple_velocity_msg__rosidl_typesupport_cpp[0m
[0.620s] [ 34%] Built target simple_velocity_msg__rosidl_typesupport_introspection_cpp
[0.643s] [35m[1mConsolidate compiler generated dependencies of target simple_velocity_msg__rosidl_typesupport_fastrtps_c[0m
[0.646s] [ 43%] Built target simple_velocity_msg__rosidl_typesupport_cpp
[0.668s] [35m[1mConsolidate compiler generated dependencies of target simple_velocity_msg__rosidl_typesupport_introspection_c[0m
[0.690s] [ 53%] Built target simple_velocity_msg__rosidl_typesupport_fastrtps_c
[0.691s] [35m[1mConsolidate compiler generated dependencies of target simple_velocity_msg__rosidl_typesupport_c[0m
[0.719s] [ 62%] Built target simple_velocity_msg__rosidl_typesupport_introspection_c
[0.743s] [ 71%] Built target simple_velocity_msg__rosidl_typesupport_c
[0.799s] [ 71%] Built target simple_velocity_msg
[0.874s] [ 75%] Built target simple_velocity_msg__py
[0.913s] [35m[1mConsolidate compiler generated dependencies of target simple_velocity_msg__rosidl_generator_py[0m
[0.963s] [ 81%] Built target simple_velocity_msg__rosidl_generator_py
[0.997s] [35m[1mConsolidate compiler generated dependencies of target simple_velocity_msg__rosidl_typesupport_fastrtps_c__pyext[0m
[0.997s] [35m[1mConsolidate compiler generated dependencies of target simple_velocity_msg__rosidl_typesupport_introspection_c__pyext[0m
[1.007s] [35m[1mConsolidate compiler generated dependencies of target simple_velocity_msg__rosidl_typesupport_c__pyext[0m
[1.015s] [ 87%] Built target simple_velocity_msg__rosidl_typesupport_introspection_c__pyext
[1.029s] [ 93%] Built target simple_velocity_msg__rosidl_typesupport_c__pyext
[1.030s] [100%] Built target simple_velocity_msg__rosidl_typesupport_fastrtps_c__pyext
[1.198s] running egg_info
[1.198s] writing simple_velocity_msg.egg-info/PKG-INFO
[1.198s] writing dependency_links to simple_velocity_msg.egg-info/dependency_links.txt
[1.198s] writing top-level names to simple_velocity_msg.egg-info/top_level.txt
[1.201s] reading manifest file 'simple_velocity_msg.egg-info/SOURCES.txt'
[1.205s] writing manifest file 'simple_velocity_msg.egg-info/SOURCES.txt'
[1.256s] [100%] Built target ament_cmake_python_build_simple_velocity_msg_egg
[1.353s] Invoked command in '/home/vm/training/ros2_ws/build/simple_velocity_msg' returned '0': CMAKE_PREFIX_PATH=${CMAKE_PREFIX_PATH}:/home/vm/training/ros2_ws/install/camera_service:/home/vm/training/ros2_ws/install/object_spawner:/home/vm/training/ros2_ws/install/pingpong_pkg:/home/vm/training/ros2_ws/install/custom_msg_publisher:/home/vm/training/new_workspace/install/package2:/home/vm/training/new_workspace/install/package1:/home/vm/training/new_workspace/install/my_python_package:/opt/ros/humble /usr/bin/cmake --build /home/vm/training/ros2_ws/build/simple_velocity_msg -- -j4 -l4
[1.363s] Invoking command in '/home/vm/training/ros2_ws/build/simple_velocity_msg': CMAKE_PREFIX_PATH=${CMAKE_PREFIX_PATH}:/home/vm/training/ros2_ws/install/camera_service:/home/vm/training/ros2_ws/install/object_spawner:/home/vm/training/ros2_ws/install/pingpong_pkg:/home/vm/training/ros2_ws/install/custom_msg_publisher:/home/vm/training/new_workspace/install/package2:/home/vm/training/new_workspace/install/package1:/home/vm/training/new_workspace/install/my_python_package:/opt/ros/humble /usr/bin/cmake --install /home/vm/training/ros2_ws/build/simple_velocity_msg
[1.393s] -- Install configuration: ""
[1.393s] -- Up-to-date: /home/vm/training/ros2_ws/install/simple_velocity_msg/share/ament_index/resource_index/rosidl_interfaces/simple_velocity_msg
[1.393s] -- Up-to-date: /home/vm/training/ros2_ws/install/simple_velocity_msg/include/simple_velocity_msg/simple_velocity_msg
[1.393s] -- Up-to-date: /home/vm/training/ros2_ws/install/simple_velocity_msg/include/simple_velocity_msg/simple_velocity_msg/msg
[1.393s] -- Up-to-date: /home/vm/training/ros2_ws/install/simple_velocity_msg/include/simple_velocity_msg/simple_velocity_msg/msg/detail
[1.393s] -- Up-to-date: /home/vm/training/ros2_ws/install/simple_velocity_msg/include/simple_velocity_msg/simple_velocity_msg/msg/detail/simple_velocity__functions.c
[1.393s] -- Up-to-date: /home/vm/training/ros2_ws/install/simple_velocity_msg/include/simple_velocity_msg/simple_velocity_msg/msg/detail/simple_velocity__type_support.h
[1.394s] -- Up-to-date: /home/vm/training/ros2_ws/install/simple_velocity_msg/include/simple_velocity_msg/simple_velocity_msg/msg/detail/simple_velocity__struct.h
[1.394s] -- Up-to-date: /home/vm/training/ros2_ws/install/simple_velocity_msg/include/simple_velocity_msg/simple_velocity_msg/msg/detail/simple_velocity__functions.h
[1.394s] -- Up-to-date: /home/vm/training/ros2_ws/install/simple_velocity_msg/include/simple_velocity_msg/simple_velocity_msg/msg/simple_velocity.h
[1.394s] -- Up-to-date: /home/vm/training/ros2_ws/install/simple_velocity_msg/include/simple_velocity_msg/simple_velocity_msg/msg/rosidl_generator_c__visibility_control.h
[1.394s] -- Up-to-date: /home/vm/training/ros2_ws/install/simple_velocity_msg/share/simple_velocity_msg/environment/library_path.sh
[1.394s] -- Up-to-date: /home/vm/training/ros2_ws/install/simple_velocity_msg/share/simple_velocity_msg/environment/library_path.dsv
[1.394s] -- Up-to-date: /home/vm/training/ros2_ws/install/simple_velocity_msg/lib/libsimple_velocity_msg__rosidl_generator_c.so
[1.394s] -- Up-to-date: /home/vm/training/ros2_ws/install/simple_velocity_msg/include/simple_velocity_msg/simple_velocity_msg
[1.394s] -- Up-to-date: /home/vm/training/ros2_ws/install/simple_velocity_msg/include/simple_velocity_msg/simple_velocity_msg/msg
[1.395s] -- Up-to-date: /home/vm/training/ros2_ws/install/simple_velocity_msg/include/simple_velocity_msg/simple_velocity_msg/msg/detail
[1.395s] -- Up-to-date: /home/vm/training/ros2_ws/install/simple_velocity_msg/include/simple_velocity_msg/simple_velocity_msg/msg/detail/simple_velocity__rosidl_typesupport_fastrtps_c.h
[1.395s] -- Up-to-date: /home/vm/training/ros2_ws/install/simple_velocity_msg/include/simple_velocity_msg/simple_velocity_msg/msg/rosidl_typesupport_fastrtps_c__visibility_control.h
[1.395s] -- Up-to-date: /home/vm/training/ros2_ws/install/simple_velocity_msg/lib/libsimple_velocity_msg__rosidl_typesupport_fastrtps_c.so
[1.395s] -- Up-to-date: /home/vm/training/ros2_ws/install/simple_velocity_msg/include/simple_velocity_msg/simple_velocity_msg
[1.395s] -- Up-to-date: /home/vm/training/ros2_ws/install/simple_velocity_msg/include/simple_velocity_msg/simple_velocity_msg/msg
[1.395s] -- Up-to-date: /home/vm/training/ros2_ws/install/simple_velocity_msg/include/simple_velocity_msg/simple_velocity_msg/msg/detail
[1.395s] -- Up-to-date: /home/vm/training/ros2_ws/install/simple_velocity_msg/include/simple_velocity_msg/simple_velocity_msg/msg/detail/simple_velocity__rosidl_typesupport_introspection_c.h
[1.398s] -- Up-to-date: /home/vm/training/ros2_ws/install/simple_velocity_msg/include/simple_velocity_msg/simple_velocity_msg/msg/detail/simple_velocity__type_support.c
[1.398s] -- Up-to-date: /home/vm/training/ros2_ws/install/simple_velocity_msg/include/simple_velocity_msg/simple_velocity_msg/msg/rosidl_typesupport_introspection_c__visibility_control.h
[1.399s] -- Up-to-date: /home/vm/training/ros2_ws/install/simple_velocity_msg/lib/libsimple_velocity_msg__rosidl_typesupport_introspection_c.so
[1.399s] -- Up-to-date: /home/vm/training/ros2_ws/install/simple_velocity_msg/lib/libsimple_velocity_msg__rosidl_typesupport_c.so
[1.399s] -- Up-to-date: /home/vm/training/ros2_ws/install/simple_velocity_msg/include/simple_velocity_msg/simple_velocity_msg
[1.399s] -- Up-to-date: /home/vm/training/ros2_ws/install/simple_velocity_msg/include/simple_velocity_msg/simple_velocity_msg/msg
[1.399s] -- Up-to-date: /home/vm/training/ros2_ws/install/simple_velocity_msg/include/simple_velocity_msg/simple_velocity_msg/msg/simple_velocity.hpp
[1.399s] -- Up-to-date: /home/vm/training/ros2_ws/install/simple_velocity_msg/include/simple_velocity_msg/simple_velocity_msg/msg/detail
[1.399s] -- Up-to-date: /home/vm/training/ros2_ws/install/simple_velocity_msg/include/simple_velocity_msg/simple_velocity_msg/msg/detail/simple_velocity__traits.hpp
[1.399s] -- Up-to-date: /home/vm/training/ros2_ws/install/simple_velocity_msg/include/simple_velocity_msg/simple_velocity_msg/msg/detail/simple_velocity__type_support.hpp
[1.399s] -- Up-to-date: /home/vm/training/ros2_ws/install/simple_velocity_msg/include/simple_velocity_msg/simple_velocity_msg/msg/detail/simple_velocity__builder.hpp
[1.399s] -- Up-to-date: /home/vm/training/ros2_ws/install/simple_velocity_msg/include/simple_velocity_msg/simple_velocity_msg/msg/detail/simple_velocity__struct.hpp
[1.399s] -- Up-to-date: /home/vm/training/ros2_ws/install/simple_velocity_msg/include/simple_velocity_msg/simple_velocity_msg/msg/rosidl_generator_cpp__visibility_control.hpp
[1.399s] -- Up-to-date: /home/vm/training/ros2_ws/install/simple_velocity_msg/include/simple_velocity_msg/simple_velocity_msg
[1.399s] -- Up-to-date: /home/vm/training/ros2_ws/install/simple_velocity_msg/include/simple_velocity_msg/simple_velocity_msg/msg
[1.399s] -- Up-to-date: /home/vm/training/ros2_ws/install/simple_velocity_msg/include/simple_velocity_msg/simple_velocity_msg/msg/detail
[1.403s] -- Up-to-date: /home/vm/training/ros2_ws/install/simple_velocity_msg/include/simple_velocity_msg/simple_velocity_msg/msg/detail/simple_velocity__rosidl_typesupport_fastrtps_cpp.hpp
[1.403s] -- Up-to-date: /home/vm/training/ros2_ws/install/simple_velocity_msg/include/simple_velocity_msg/simple_velocity_msg/msg/detail/dds_fastrtps
[1.403s] -- Up-to-date: /home/vm/training/ros2_ws/install/simple_velocity_msg/include/simple_velocity_msg/simple_velocity_msg/msg/rosidl_typesupport_fastrtps_cpp__visibility_control.h
[1.403s] -- Up-to-date: /home/vm/training/ros2_ws/install/simple_velocity_msg/lib/libsimple_velocity_msg__rosidl_typesupport_fastrtps_cpp.so
[1.403s] -- Up-to-date: /home/vm/training/ros2_ws/install/simple_velocity_msg/include/simple_velocity_msg/simple_velocity_msg
[1.403s] -- Up-to-date: /home/vm/training/ros2_ws/install/simple_velocity_msg/include/simple_velocity_msg/simple_velocity_msg/msg
[1.403s] -- Up-to-date: /home/vm/training/ros2_ws/install/simple_velocity_msg/include/simple_velocity_msg/simple_velocity_msg/msg/detail
[1.403s] -- Up-to-date: /home/vm/training/ros2_ws/install/simple_velocity_msg/include/simple_velocity_msg/simple_velocity_msg/msg/detail/simple_velocity__type_support.cpp
[1.404s] -- Up-to-date: /home/vm/training/ros2_ws/install/simple_velocity_msg/include/simple_velocity_msg/simple_velocity_msg/msg/detail/simple_velocity__rosidl_typesupport_introspection_cpp.hpp
[1.404s] -- Up-to-date: /home/vm/training/ros2_ws/install/simple_velocity_msg/lib/libsimple_velocity_msg__rosidl_typesupport_introspection_cpp.so
[1.404s] -- Up-to-date: /home/vm/training/ros2_ws/install/simple_velocity_msg/lib/libsimple_velocity_msg__rosidl_typesupport_cpp.so
[1.404s] -- Up-to-date: /home/vm/training/ros2_ws/install/simple_velocity_msg/share/simple_velocity_msg/environment/pythonpath.sh
[1.404s] -- Up-to-date: /home/vm/training/ros2_ws/install/simple_velocity_msg/share/simple_velocity_msg/environment/pythonpath.dsv
[1.404s] -- Up-to-date: /home/vm/training/ros2_ws/install/simple_velocity_msg/local/lib/python3.10/dist-packages/simple_velocity_msg-0.0.0-py3.10.egg-info
[1.404s] -- Installing: /home/vm/training/ros2_ws/install/simple_velocity_msg/local/lib/python3.10/dist-packages/simple_velocity_msg-0.0.0-py3.10.egg-info/dependency_links.txt
[1.404s] -- Installing: /home/vm/training/ros2_ws/install/simple_velocity_msg/local/lib/python3.10/dist-packages/simple_velocity_msg-0.0.0-py3.10.egg-info/top_level.txt
[1.404s] -- Installing: /home/vm/training/ros2_ws/install/simple_velocity_msg/local/lib/python3.10/dist-packages/simple_velocity_msg-0.0.0-py3.10.egg-info/SOURCES.txt
[1.404s] -- Installing: /home/vm/training/ros2_ws/install/simple_velocity_msg/local/lib/python3.10/dist-packages/simple_velocity_msg-0.0.0-py3.10.egg-info/PKG-INFO
[1.404s] -- Up-to-date: /home/vm/training/ros2_ws/install/simple_velocity_msg/local/lib/python3.10/dist-packages/simple_velocity_msg
[1.404s] -- Up-to-date: /home/vm/training/ros2_ws/install/simple_velocity_msg/local/lib/python3.10/dist-packages/simple_velocity_msg/msg
[1.404s] -- Up-to-date: /home/vm/training/ros2_ws/install/simple_velocity_msg/local/lib/python3.10/dist-packages/simple_velocity_msg/msg/_simple_velocity.py
[1.404s] -- Up-to-date: /home/vm/training/ros2_ws/install/simple_velocity_msg/local/lib/python3.10/dist-packages/simple_velocity_msg/msg/__init__.py
[1.404s] -- Up-to-date: /home/vm/training/ros2_ws/install/simple_velocity_msg/local/lib/python3.10/dist-packages/simple_velocity_msg/msg/_simple_velocity_s.c
[1.404s] -- Up-to-date: /home/vm/training/ros2_ws/install/simple_velocity_msg/local/lib/python3.10/dist-packages/simple_velocity_msg/_simple_velocity_msg_s.ep.rosidl_typesupport_introspection_c.c
[1.404s] -- Up-to-date: /home/vm/training/ros2_ws/install/simple_velocity_msg/local/lib/python3.10/dist-packages/simple_velocity_msg/simple_velocity_msg_s__rosidl_typesupport_introspection_c.cpython-310-x86_64-linux-gnu.so
[1.404s] -- Up-to-date: /home/vm/training/ros2_ws/install/simple_velocity_msg/local/lib/python3.10/dist-packages/simple_velocity_msg/simple_velocity_msg_s__rosidl_typesupport_fastrtps_c.cpython-310-x86_64-linux-gnu.so
[1.404s] -- Up-to-date: /home/vm/training/ros2_ws/install/simple_velocity_msg/local/lib/python3.10/dist-packages/simple_velocity_msg/simple_velocity_msg_s__rosidl_typesupport_c.cpython-310-x86_64-linux-gnu.so
[1.404s] -- Up-to-date: /home/vm/training/ros2_ws/install/simple_velocity_msg/local/lib/python3.10/dist-packages/simple_velocity_msg/_simple_velocity_msg_s.ep.rosidl_typesupport_c.c
[1.404s] -- Up-to-date: /home/vm/training/ros2_ws/install/simple_velocity_msg/local/lib/python3.10/dist-packages/simple_velocity_msg/__init__.py
[1.404s] -- Up-to-date: /home/vm/training/ros2_ws/install/simple_velocity_msg/local/lib/python3.10/dist-packages/simple_velocity_msg/libsimple_velocity_msg__rosidl_generator_py.so
[1.404s] -- Up-to-date: /home/vm/training/ros2_ws/install/simple_velocity_msg/local/lib/python3.10/dist-packages/simple_velocity_msg/_simple_velocity_msg_s.ep.rosidl_typesupport_fastrtps_c.c
[1.478s] Listing '/home/vm/training/ros2_ws/install/simple_velocity_msg/local/lib/python3.10/dist-packages/simple_velocity_msg'...
[1.479s] Listing '/home/vm/training/ros2_ws/install/simple_velocity_msg/local/lib/python3.10/dist-packages/simple_velocity_msg/msg'...
[1.484s] -- Up-to-date: /home/vm/training/ros2_ws/install/simple_velocity_msg/local/lib/python3.10/dist-packages/simple_velocity_msg/simple_velocity_msg_s__rosidl_typesupport_fastrtps_c.cpython-310-x86_64-linux-gnu.so
[1.485s] -- Up-to-date: /home/vm/training/ros2_ws/install/simple_velocity_msg/local/lib/python3.10/dist-packages/simple_velocity_msg/simple_velocity_msg_s__rosidl_typesupport_introspection_c.cpython-310-x86_64-linux-gnu.so
[1.485s] -- Up-to-date: /home/vm/training/ros2_ws/install/simple_velocity_msg/local/lib/python3.10/dist-packages/simple_velocity_msg/simple_velocity_msg_s__rosidl_typesupport_c.cpython-310-x86_64-linux-gnu.so
[1.485s] -- Up-to-date: /home/vm/training/ros2_ws/install/simple_velocity_msg/lib/libsimple_velocity_msg__rosidl_generator_py.so
[1.485s] -- Up-to-date: /home/vm/training/ros2_ws/install/simple_velocity_msg/share/ament_index/resource_index/rust_packages/simple_velocity_msg
[1.485s] -- Up-to-date: /home/vm/training/ros2_ws/install/simple_velocity_msg/share/simple_velocity_msg/rust
[1.485s] -- Up-to-date: /home/vm/training/ros2_ws/install/simple_velocity_msg/share/simple_velocity_msg/rust/Cargo.toml
[1.485s] -- Up-to-date: /home/vm/training/ros2_ws/install/simple_velocity_msg/share/simple_velocity_msg/rust/src
[1.485s] -- Up-to-date: /home/vm/training/ros2_ws/install/simple_velocity_msg/share/simple_velocity_msg/rust/src/msg
[1.485s] -- Up-to-date: /home/vm/training/ros2_ws/install/simple_velocity_msg/share/simple_velocity_msg/rust/src/msg/rmw.rs
[1.485s] -- Up-to-date: /home/vm/training/ros2_ws/install/simple_velocity_msg/share/simple_velocity_msg/rust/src/msg.rs
[1.485s] -- Up-to-date: /home/vm/training/ros2_ws/install/simple_velocity_msg/share/simple_velocity_msg/rust/src/lib.rs
[1.485s] -- Up-to-date: /home/vm/training/ros2_ws/install/simple_velocity_msg/share/simple_velocity_msg/rust/build.rs
[1.486s] -- Up-to-date: /home/vm/training/ros2_ws/install/simple_velocity_msg/share/simple_velocity_msg/msg/SimpleVelocity.idl
[1.486s] -- Up-to-date: /home/vm/training/ros2_ws/install/simple_velocity_msg/share/simple_velocity_msg/msg/SimpleVelocity.msg
[1.486s] -- Up-to-date: /home/vm/training/ros2_ws/install/simple_velocity_msg/share/ament_index/resource_index/package_run_dependencies/simple_velocity_msg
[1.486s] -- Up-to-date: /home/vm/training/ros2_ws/install/simple_velocity_msg/share/ament_index/resource_index/parent_prefix_path/simple_velocity_msg
[1.486s] -- Up-to-date: /home/vm/training/ros2_ws/install/simple_velocity_msg/share/simple_velocity_msg/environment/ament_prefix_path.sh
[1.486s] -- Up-to-date: /home/vm/training/ros2_ws/install/simple_velocity_msg/share/simple_velocity_msg/environment/ament_prefix_path.dsv
[1.486s] -- Up-to-date: /home/vm/training/ros2_ws/install/simple_velocity_msg/share/simple_velocity_msg/environment/path.sh
[1.486s] -- Up-to-date: /home/vm/training/ros2_ws/install/simple_velocity_msg/share/simple_velocity_msg/environment/path.dsv
[1.486s] -- Up-to-date: /home/vm/training/ros2_ws/install/simple_velocity_msg/share/simple_velocity_msg/local_setup.bash
[1.486s] -- Up-to-date: /home/vm/training/ros2_ws/install/simple_velocity_msg/share/simple_velocity_msg/local_setup.sh
[1.486s] -- Up-to-date: /home/vm/training/ros2_ws/install/simple_velocity_msg/share/simple_velocity_msg/local_setup.zsh
[1.486s] -- Up-to-date: /home/vm/training/ros2_ws/install/simple_velocity_msg/share/simple_velocity_msg/local_setup.dsv
[1.486s] -- Installing: /home/vm/training/ros2_ws/install/simple_velocity_msg/share/simple_velocity_msg/package.dsv
[1.486s] -- Up-to-date: /home/vm/training/ros2_ws/install/simple_velocity_msg/share/ament_index/resource_index/packages/simple_velocity_msg
[1.488s] -- Up-to-date: /home/vm/training/ros2_ws/install/simple_velocity_msg/share/simple_velocity_msg/cmake/export_simple_velocity_msg__rosidl_generator_cExport.cmake
[1.489s] -- Up-to-date: /home/vm/training/ros2_ws/install/simple_velocity_msg/share/simple_velocity_msg/cmake/export_simple_velocity_msg__rosidl_generator_cExport-noconfig.cmake
[1.492s] -- Up-to-date: /home/vm/training/ros2_ws/install/simple_velocity_msg/share/simple_velocity_msg/cmake/export_simple_velocity_msg__rosidl_typesupport_fastrtps_cExport.cmake
[1.492s] -- Up-to-date: /home/vm/training/ros2_ws/install/simple_velocity_msg/share/simple_velocity_msg/cmake/export_simple_velocity_msg__rosidl_typesupport_fastrtps_cExport-noconfig.cmake
[1.492s] -- Up-to-date: /home/vm/training/ros2_ws/install/simple_velocity_msg/share/simple_velocity_msg/cmake/simple_velocity_msg__rosidl_typesupport_introspection_cExport.cmake
[1.493s] -- Up-to-date: /home/vm/training/ros2_ws/install/simple_velocity_msg/share/simple_velocity_msg/cmake/simple_velocity_msg__rosidl_typesupport_introspection_cExport-noconfig.cmake
[1.493s] -- Up-to-date: /home/vm/training/ros2_ws/install/simple_velocity_msg/share/simple_velocity_msg/cmake/simple_velocity_msg__rosidl_typesupport_cExport.cmake
[1.493s] -- Up-to-date: /home/vm/training/ros2_ws/install/simple_velocity_msg/share/simple_velocity_msg/cmake/simple_velocity_msg__rosidl_typesupport_cExport-noconfig.cmake
[1.493s] -- Up-to-date: /home/vm/training/ros2_ws/install/simple_velocity_msg/share/simple_velocity_msg/cmake/export_simple_velocity_msg__rosidl_generator_cppExport.cmake
[1.493s] -- Up-to-date: /home/vm/training/ros2_ws/install/simple_velocity_msg/share/simple_velocity_msg/cmake/export_simple_velocity_msg__rosidl_typesupport_fastrtps_cppExport.cmake
[1.493s] -- Up-to-date: /home/vm/training/ros2_ws/install/simple_velocity_msg/share/simple_velocity_msg/cmake/export_simple_velocity_msg__rosidl_typesupport_fastrtps_cppExport-noconfig.cmake
[1.493s] -- Up-to-date: /home/vm/training/ros2_ws/install/simple_velocity_msg/share/simple_velocity_msg/cmake/simple_velocity_msg__rosidl_typesupport_introspection_cppExport.cmake
[1.493s] -- Up-to-date: /home/vm/training/ros2_ws/install/simple_velocity_msg/share/simple_velocity_msg/cmake/simple_velocity_msg__rosidl_typesupport_introspection_cppExport-noconfig.cmake
[1.493s] -- Up-to-date: /home/vm/training/ros2_ws/install/simple_velocity_msg/share/simple_velocity_msg/cmake/simple_velocity_msg__rosidl_typesupport_cppExport.cmake
[1.493s] -- Up-to-date: /home/vm/training/ros2_ws/install/simple_velocity_msg/share/simple_velocity_msg/cmake/simple_velocity_msg__rosidl_typesupport_cppExport-noconfig.cmake
[1.494s] -- Up-to-date: /home/vm/training/ros2_ws/install/simple_velocity_msg/share/simple_velocity_msg/cmake/export_simple_velocity_msg__rosidl_generator_pyExport.cmake
[1.494s] -- Up-to-date: /home/vm/training/ros2_ws/install/simple_velocity_msg/share/simple_velocity_msg/cmake/export_simple_velocity_msg__rosidl_generator_pyExport-noconfig.cmake
[1.494s] -- Up-to-date: /home/vm/training/ros2_ws/install/simple_velocity_msg/share/simple_velocity_msg/cmake/rosidl_cmake-extras.cmake
[1.495s] -- Up-to-date: /home/vm/training/ros2_ws/install/simple_velocity_msg/share/simple_velocity_msg/cmake/ament_cmake_export_include_directories-extras.cmake
[1.496s] -- Up-to-date: /home/vm/training/ros2_ws/install/simple_velocity_msg/share/simple_velocity_msg/cmake/ament_cmake_export_libraries-extras.cmake
[1.496s] -- Up-to-date: /home/vm/training/ros2_ws/install/simple_velocity_msg/share/simple_velocity_msg/cmake/ament_cmake_export_targets-extras.cmake
[1.496s] -- Up-to-date: /home/vm/training/ros2_ws/install/simple_velocity_msg/share/simple_velocity_msg/cmake/rosidl_cmake_export_typesupport_targets-extras.cmake
[1.496s] -- Up-to-date: /home/vm/training/ros2_ws/install/simple_velocity_msg/share/simple_velocity_msg/cmake/ament_cmake_export_dependencies-extras.cmake
[1.496s] -- Up-to-date: /home/vm/training/ros2_ws/install/simple_velocity_msg/share/simple_velocity_msg/cmake/rosidl_cmake_export_typesupport_libraries-extras.cmake
[1.496s] -- Up-to-date: /home/vm/training/ros2_ws/install/simple_velocity_msg/share/simple_velocity_msg/cmake/simple_velocity_msgConfig.cmake
[1.496s] -- Up-to-date: /home/vm/training/ros2_ws/install/simple_velocity_msg/share/simple_velocity_msg/cmake/simple_velocity_msgConfig-version.cmake
[1.496s] -- Up-to-date: /home/vm/training/ros2_ws/install/simple_velocity_msg/share/simple_velocity_msg/package.xml
[1.505s] Invoked command in '/home/vm/training/ros2_ws/build/simple_velocity_msg' returned '0': CMAKE_PREFIX_PATH=${CMAKE_PREFIX_PATH}:/home/vm/training/ros2_ws/install/camera_service:/home/vm/training/ros2_ws/install/object_spawner:/home/vm/training/ros2_ws/install/pingpong_pkg:/home/vm/training/ros2_ws/install/custom_msg_publisher:/home/vm/training/new_workspace/install/package2:/home/vm/training/new_workspace/install/package1:/home/vm/training/new_workspace/install/my_python_package:/opt/ros/humble /usr/bin/cmake --install /home/vm/training/ros2_ws/build/simple_velocity_msg
