[0.069s] DEBUG:colcon:Command line arguments: ['/usr/bin/colcon', 'build']
[0.069s] DEBUG:colcon:Parsed command line arguments: Namespace(log_base=None, log_level=None, verb_name='build', build_base='build', install_base='install', merge_install=False, symlink_install=False, test_result_base=None, continue_on_error=False, executor='parallel', parallel_workers=4, event_handlers=None, ignore_user_meta=False, metas=['./colcon.meta'], base_paths=['.'], packages_ignore=None, packages_ignore_regex=None, paths=None, packages_up_to=None, packages_up_to_regex=None, packages_above=None, packages_above_and_dependencies=None, packages_above_depth=None, packages_select_by_dep=None, packages_skip_by_dep=None, packages_skip_up_to=None, packages_select_build_failed=False, packages_skip_build_finished=False, packages_select_test_failures=False, packages_skip_test_passed=False, packages_select=None, packages_skip=None, packages_select_regex=None, packages_skip_regex=None, packages_start=None, packages_end=None, allow_overriding=[], cmake_args=None, cmake_target=None, cmake_target_skip_unavailable=False, cmake_clean_cache=False, cmake_clean_first=False, cmake_force_configure=False, ament_cmake_args=None, catkin_cmake_args=None, catkin_skip_building_tests=False, verb_parser=<colcon_defaults.argument_parser.defaults.DefaultArgumentsDecorator object at 0x7557df44cd30>, verb_extension=<colcon_core.verb.build.BuildVerb object at 0x7557df44c7f0>, main=<bound method BuildVerb.main of <colcon_core.verb.build.BuildVerb object at 0x7557df44c7f0>>)
[0.194s] Level 1:colcon.colcon_core.package_discovery:discover_packages(colcon_meta) check parameters
[0.194s] Level 1:colcon.colcon_core.package_discovery:discover_packages(recursive) check parameters
[0.194s] Level 1:colcon.colcon_core.package_discovery:discover_packages(ignore) check parameters
[0.194s] Level 1:colcon.colcon_core.package_discovery:discover_packages(path) check parameters
[0.194s] Level 1:colcon.colcon_core.package_discovery:discover_packages(colcon_meta) discover
[0.194s] Level 1:colcon.colcon_core.package_discovery:discover_packages(recursive) discover
[0.194s] INFO:colcon.colcon_core.package_discovery:Crawling recursively for packages in '/home/vm/training/ros2_ws'
[0.194s] Level 1:colcon.colcon_core.package_identification:_identify(.) by extensions ['ignore', 'ignore_ament_install']
[0.194s] Level 1:colcon.colcon_core.package_identification:_identify(.) by extension 'ignore'
[0.194s] Level 1:colcon.colcon_core.package_identification:_identify(.) by extension 'ignore_ament_install'
[0.195s] Level 1:colcon.colcon_core.package_identification:_identify(.) by extensions ['colcon_pkg']
[0.195s] Level 1:colcon.colcon_core.package_identification:_identify(.) by extension 'colcon_pkg'
[0.195s] Level 1:colcon.colcon_core.package_identification:_identify(.) by extensions ['colcon_meta']
[0.195s] Level 1:colcon.colcon_core.package_identification:_identify(.) by extension 'colcon_meta'
[0.195s] Level 1:colcon.colcon_core.package_identification:_identify(.) by extensions ['ros']
[0.195s] Level 1:colcon.colcon_core.package_identification:_identify(.) by extension 'ros'
[0.205s] Level 1:colcon.colcon_core.package_identification:_identify(.) by extensions ['cmake', 'python']
[0.206s] Level 1:colcon.colcon_core.package_identification:_identify(.) by extension 'cmake'
[0.206s] Level 1:colcon.colcon_core.package_identification:_identify(.) by extension 'python'
[0.206s] Level 1:colcon.colcon_core.package_identification:_identify(.) by extensions ['python_setup_py']
[0.206s] Level 1:colcon.colcon_core.package_identification:_identify(.) by extension 'python_setup_py'
[0.206s] Level 1:colcon.colcon_core.package_identification:_identify(build) by extensions ['ignore', 'ignore_ament_install']
[0.206s] Level 1:colcon.colcon_core.package_identification:_identify(build) by extension 'ignore'
[0.206s] Level 1:colcon.colcon_core.package_identification:_identify(build) ignored
[0.206s] Level 1:colcon.colcon_core.package_identification:_identify(install) by extensions ['ignore', 'ignore_ament_install']
[0.206s] Level 1:colcon.colcon_core.package_identification:_identify(install) by extension 'ignore'
[0.206s] Level 1:colcon.colcon_core.package_identification:_identify(install) ignored
[0.206s] Level 1:colcon.colcon_core.package_identification:_identify(log) by extensions ['ignore', 'ignore_ament_install']
[0.207s] Level 1:colcon.colcon_core.package_identification:_identify(log) by extension 'ignore'
[0.207s] Level 1:colcon.colcon_core.package_identification:_identify(log) ignored
[0.207s] Level 1:colcon.colcon_core.package_identification:_identify(src) by extensions ['ignore', 'ignore_ament_install']
[0.207s] Level 1:colcon.colcon_core.package_identification:_identify(src) by extension 'ignore'
[0.207s] Level 1:colcon.colcon_core.package_identification:_identify(src) by extension 'ignore_ament_install'
[0.207s] Level 1:colcon.colcon_core.package_identification:_identify(src) by extensions ['colcon_pkg']
[0.207s] Level 1:colcon.colcon_core.package_identification:_identify(src) by extension 'colcon_pkg'
[0.207s] Level 1:colcon.colcon_core.package_identification:_identify(src) by extensions ['colcon_meta']
[0.207s] Level 1:colcon.colcon_core.package_identification:_identify(src) by extension 'colcon_meta'
[0.207s] Level 1:colcon.colcon_core.package_identification:_identify(src) by extensions ['ros']
[0.207s] Level 1:colcon.colcon_core.package_identification:_identify(src) by extension 'ros'
[0.207s] Level 1:colcon.colcon_core.package_identification:_identify(src) by extensions ['cmake', 'python']
[0.207s] Level 1:colcon.colcon_core.package_identification:_identify(src) by extension 'cmake'
[0.207s] Level 1:colcon.colcon_core.package_identification:_identify(src) by extension 'python'
[0.207s] Level 1:colcon.colcon_core.package_identification:_identify(src) by extensions ['python_setup_py']
[0.207s] Level 1:colcon.colcon_core.package_identification:_identify(src) by extension 'python_setup_py'
[0.207s] Level 1:colcon.colcon_core.package_identification:_identify(src/build) by extensions ['ignore', 'ignore_ament_install']
[0.207s] Level 1:colcon.colcon_core.package_identification:_identify(src/build) by extension 'ignore'
[0.207s] Level 1:colcon.colcon_core.package_identification:_identify(src/build) ignored
[0.207s] Level 1:colcon.colcon_core.package_identification:_identify(src/camera_service) by extensions ['ignore', 'ignore_ament_install']
[0.208s] Level 1:colcon.colcon_core.package_identification:_identify(src/camera_service) by extension 'ignore'
[0.208s] Level 1:colcon.colcon_core.package_identification:_identify(src/camera_service) by extension 'ignore_ament_install'
[0.208s] Level 1:colcon.colcon_core.package_identification:_identify(src/camera_service) by extensions ['colcon_pkg']
[0.208s] Level 1:colcon.colcon_core.package_identification:_identify(src/camera_service) by extension 'colcon_pkg'
[0.208s] Level 1:colcon.colcon_core.package_identification:_identify(src/camera_service) by extensions ['colcon_meta']
[0.208s] Level 1:colcon.colcon_core.package_identification:_identify(src/camera_service) by extension 'colcon_meta'
[0.208s] Level 1:colcon.colcon_core.package_identification:_identify(src/camera_service) by extensions ['ros']
[0.208s] Level 1:colcon.colcon_core.package_identification:_identify(src/camera_service) by extension 'ros'
[0.211s] DEBUG:colcon.colcon_core.package_identification:Package 'src/camera_service' with type 'ros.ament_python' and name 'camera_service'
[0.211s] Level 1:colcon.colcon_core.package_identification:_identify(src/custom_msg_publisher) by extensions ['ignore', 'ignore_ament_install']
[0.212s] Level 1:colcon.colcon_core.package_identification:_identify(src/custom_msg_publisher) by extension 'ignore'
[0.212s] Level 1:colcon.colcon_core.package_identification:_identify(src/custom_msg_publisher) by extension 'ignore_ament_install'
[0.212s] Level 1:colcon.colcon_core.package_identification:_identify(src/custom_msg_publisher) by extensions ['colcon_pkg']
[0.212s] Level 1:colcon.colcon_core.package_identification:_identify(src/custom_msg_publisher) by extension 'colcon_pkg'
[0.212s] Level 1:colcon.colcon_core.package_identification:_identify(src/custom_msg_publisher) by extensions ['colcon_meta']
[0.212s] Level 1:colcon.colcon_core.package_identification:_identify(src/custom_msg_publisher) by extension 'colcon_meta'
[0.212s] Level 1:colcon.colcon_core.package_identification:_identify(src/custom_msg_publisher) by extensions ['ros']
[0.212s] Level 1:colcon.colcon_core.package_identification:_identify(src/custom_msg_publisher) by extension 'ros'
[0.213s] DEBUG:colcon.colcon_core.package_identification:Package 'src/custom_msg_publisher' with type 'ros.ament_python' and name 'custom_msg_publisher'
[0.213s] Level 1:colcon.colcon_core.package_identification:_identify(src/custom_msg_subscriber) by extensions ['ignore', 'ignore_ament_install']
[0.213s] Level 1:colcon.colcon_core.package_identification:_identify(src/custom_msg_subscriber) by extension 'ignore'
[0.213s] Level 1:colcon.colcon_core.package_identification:_identify(src/custom_msg_subscriber) by extension 'ignore_ament_install'
[0.213s] Level 1:colcon.colcon_core.package_identification:_identify(src/custom_msg_subscriber) by extensions ['colcon_pkg']
[0.213s] Level 1:colcon.colcon_core.package_identification:_identify(src/custom_msg_subscriber) by extension 'colcon_pkg'
[0.213s] Level 1:colcon.colcon_core.package_identification:_identify(src/custom_msg_subscriber) by extensions ['colcon_meta']
[0.213s] Level 1:colcon.colcon_core.package_identification:_identify(src/custom_msg_subscriber) by extension 'colcon_meta'
[0.213s] Level 1:colcon.colcon_core.package_identification:_identify(src/custom_msg_subscriber) by extensions ['ros']
[0.213s] Level 1:colcon.colcon_core.package_identification:_identify(src/custom_msg_subscriber) by extension 'ros'
[0.214s] DEBUG:colcon.colcon_core.package_identification:Package 'src/custom_msg_subscriber' with type 'ros.ament_python' and name 'custom_msg_subscriber'
[0.214s] Level 1:colcon.colcon_core.package_identification:_identify(src/image_viewer) by extensions ['ignore', 'ignore_ament_install']
[0.214s] Level 1:colcon.colcon_core.package_identification:_identify(src/image_viewer) by extension 'ignore'
[0.214s] Level 1:colcon.colcon_core.package_identification:_identify(src/image_viewer) by extension 'ignore_ament_install'
[0.214s] Level 1:colcon.colcon_core.package_identification:_identify(src/image_viewer) by extensions ['colcon_pkg']
[0.214s] Level 1:colcon.colcon_core.package_identification:_identify(src/image_viewer) by extension 'colcon_pkg'
[0.214s] Level 1:colcon.colcon_core.package_identification:_identify(src/image_viewer) by extensions ['colcon_meta']
[0.214s] Level 1:colcon.colcon_core.package_identification:_identify(src/image_viewer) by extension 'colcon_meta'
[0.214s] Level 1:colcon.colcon_core.package_identification:_identify(src/image_viewer) by extensions ['ros']
[0.214s] Level 1:colcon.colcon_core.package_identification:_identify(src/image_viewer) by extension 'ros'
[0.215s] DEBUG:colcon.colcon_core.package_identification:Package 'src/image_viewer' with type 'ros.ament_python' and name 'image_viewer'
[0.215s] Level 1:colcon.colcon_core.package_identification:_identify(src/install) by extensions ['ignore', 'ignore_ament_install']
[0.215s] Level 1:colcon.colcon_core.package_identification:_identify(src/install) by extension 'ignore'
[0.215s] Level 1:colcon.colcon_core.package_identification:_identify(src/install) ignored
[0.215s] Level 1:colcon.colcon_core.package_identification:_identify(src/log) by extensions ['ignore', 'ignore_ament_install']
[0.215s] Level 1:colcon.colcon_core.package_identification:_identify(src/log) by extension 'ignore'
[0.215s] Level 1:colcon.colcon_core.package_identification:_identify(src/log) ignored
[0.215s] Level 1:colcon.colcon_core.package_identification:_identify(src/object_spawner) by extensions ['ignore', 'ignore_ament_install']
[0.216s] Level 1:colcon.colcon_core.package_identification:_identify(src/object_spawner) by extension 'ignore'
[0.216s] Level 1:colcon.colcon_core.package_identification:_identify(src/object_spawner) by extension 'ignore_ament_install'
[0.216s] Level 1:colcon.colcon_core.package_identification:_identify(src/object_spawner) by extensions ['colcon_pkg']
[0.216s] Level 1:colcon.colcon_core.package_identification:_identify(src/object_spawner) by extension 'colcon_pkg'
[0.216s] Level 1:colcon.colcon_core.package_identification:_identify(src/object_spawner) by extensions ['colcon_meta']
[0.216s] Level 1:colcon.colcon_core.package_identification:_identify(src/object_spawner) by extension 'colcon_meta'
[0.216s] Level 1:colcon.colcon_core.package_identification:_identify(src/object_spawner) by extensions ['ros']
[0.216s] Level 1:colcon.colcon_core.package_identification:_identify(src/object_spawner) by extension 'ros'
[0.216s] DEBUG:colcon.colcon_core.package_identification:Package 'src/object_spawner' with type 'ros.ament_python' and name 'object_spawner'
[0.216s] Level 1:colcon.colcon_core.package_identification:_identify(src/perception_msgs) by extensions ['ignore', 'ignore_ament_install']
[0.216s] Level 1:colcon.colcon_core.package_identification:_identify(src/perception_msgs) by extension 'ignore'
[0.216s] Level 1:colcon.colcon_core.package_identification:_identify(src/perception_msgs) by extension 'ignore_ament_install'
[0.216s] Level 1:colcon.colcon_core.package_identification:_identify(src/perception_msgs) by extensions ['colcon_pkg']
[0.216s] Level 1:colcon.colcon_core.package_identification:_identify(src/perception_msgs) by extension 'colcon_pkg'
[0.216s] Level 1:colcon.colcon_core.package_identification:_identify(src/perception_msgs) by extensions ['colcon_meta']
[0.216s] Level 1:colcon.colcon_core.package_identification:_identify(src/perception_msgs) by extension 'colcon_meta'
[0.216s] Level 1:colcon.colcon_core.package_identification:_identify(src/perception_msgs) by extensions ['ros']
[0.217s] Level 1:colcon.colcon_core.package_identification:_identify(src/perception_msgs) by extension 'ros'
[0.217s] DEBUG:colcon.colcon_core.package_identification:Package 'src/perception_msgs' with type 'ros.ament_cmake' and name 'perception_msgs'
[0.217s] Level 1:colcon.colcon_core.package_identification:_identify(src/pingpong_pkg) by extensions ['ignore', 'ignore_ament_install']
[0.217s] Level 1:colcon.colcon_core.package_identification:_identify(src/pingpong_pkg) by extension 'ignore'
[0.217s] Level 1:colcon.colcon_core.package_identification:_identify(src/pingpong_pkg) by extension 'ignore_ament_install'
[0.217s] Level 1:colcon.colcon_core.package_identification:_identify(src/pingpong_pkg) by extensions ['colcon_pkg']
[0.217s] Level 1:colcon.colcon_core.package_identification:_identify(src/pingpong_pkg) by extension 'colcon_pkg'
[0.217s] Level 1:colcon.colcon_core.package_identification:_identify(src/pingpong_pkg) by extensions ['colcon_meta']
[0.217s] Level 1:colcon.colcon_core.package_identification:_identify(src/pingpong_pkg) by extension 'colcon_meta'
[0.217s] Level 1:colcon.colcon_core.package_identification:_identify(src/pingpong_pkg) by extensions ['ros']
[0.217s] Level 1:colcon.colcon_core.package_identification:_identify(src/pingpong_pkg) by extension 'ros'
[0.218s] DEBUG:colcon.colcon_core.package_identification:Package 'src/pingpong_pkg' with type 'ros.ament_python' and name 'pingpong_pkg'
[0.218s] Level 1:colcon.colcon_core.package_identification:_identify(src/simple_velocity_msg) by extensions ['ignore', 'ignore_ament_install']
[0.218s] Level 1:colcon.colcon_core.package_identification:_identify(src/simple_velocity_msg) by extension 'ignore'
[0.218s] Level 1:colcon.colcon_core.package_identification:_identify(src/simple_velocity_msg) by extension 'ignore_ament_install'
[0.218s] Level 1:colcon.colcon_core.package_identification:_identify(src/simple_velocity_msg) by extensions ['colcon_pkg']
[0.218s] Level 1:colcon.colcon_core.package_identification:_identify(src/simple_velocity_msg) by extension 'colcon_pkg'
[0.218s] Level 1:colcon.colcon_core.package_identification:_identify(src/simple_velocity_msg) by extensions ['colcon_meta']
[0.218s] Level 1:colcon.colcon_core.package_identification:_identify(src/simple_velocity_msg) by extension 'colcon_meta'
[0.218s] Level 1:colcon.colcon_core.package_identification:_identify(src/simple_velocity_msg) by extensions ['ros']
[0.218s] Level 1:colcon.colcon_core.package_identification:_identify(src/simple_velocity_msg) by extension 'ros'
[0.219s] DEBUG:colcon.colcon_core.package_identification:Package 'src/simple_velocity_msg' with type 'ros.ament_cmake' and name 'simple_velocity_msg'
[0.219s] Level 1:colcon.colcon_core.package_identification:_identify(src/teleop_keyboard) by extensions ['ignore', 'ignore_ament_install']
[0.219s] Level 1:colcon.colcon_core.package_identification:_identify(src/teleop_keyboard) by extension 'ignore'
[0.219s] Level 1:colcon.colcon_core.package_identification:_identify(src/teleop_keyboard) by extension 'ignore_ament_install'
[0.219s] Level 1:colcon.colcon_core.package_identification:_identify(src/teleop_keyboard) by extensions ['colcon_pkg']
[0.219s] Level 1:colcon.colcon_core.package_identification:_identify(src/teleop_keyboard) by extension 'colcon_pkg'
[0.219s] Level 1:colcon.colcon_core.package_identification:_identify(src/teleop_keyboard) by extensions ['colcon_meta']
[0.219s] Level 1:colcon.colcon_core.package_identification:_identify(src/teleop_keyboard) by extension 'colcon_meta'
[0.219s] Level 1:colcon.colcon_core.package_identification:_identify(src/teleop_keyboard) by extensions ['ros']
[0.219s] Level 1:colcon.colcon_core.package_identification:_identify(src/teleop_keyboard) by extension 'ros'
[0.219s] DEBUG:colcon.colcon_core.package_identification:Package 'src/teleop_keyboard' with type 'ros.ament_python' and name 'teleop_keyboard'
[0.219s] Level 1:colcon.colcon_core.package_discovery:discover_packages(recursive) using defaults
[0.219s] Level 1:colcon.colcon_core.package_discovery:discover_packages(ignore) discover
[0.219s] Level 1:colcon.colcon_core.package_discovery:discover_packages(ignore) using defaults
[0.219s] Level 1:colcon.colcon_core.package_discovery:discover_packages(path) discover
[0.219s] Level 1:colcon.colcon_core.package_discovery:discover_packages(path) using defaults
[0.238s] Level 1:colcon.colcon_core.package_discovery:discover_packages(prefix_path) check parameters
[0.238s] Level 1:colcon.colcon_core.package_discovery:discover_packages(prefix_path) discover
[0.239s] DEBUG:colcon.colcon_installed_package_information.package_discovery:Found 5 installed packages in /home/vm/training/ros2_ws/install
[0.240s] DEBUG:colcon.colcon_installed_package_information.package_discovery:Found 4 installed packages in /home/vm/training/new_workspace/install
[0.241s] DEBUG:colcon.colcon_installed_package_information.package_discovery:Found 273 installed packages in /opt/ros/humble
[0.248s] Level 1:colcon.colcon_core.package_discovery:discover_packages(prefix_path) using defaults
[0.271s] Level 5:colcon.colcon_core.verb:set package 'camera_service' build argument 'cmake_args' from command line to 'None'
[0.271s] Level 5:colcon.colcon_core.verb:set package 'camera_service' build argument 'cmake_target' from command line to 'None'
[0.271s] Level 5:colcon.colcon_core.verb:set package 'camera_service' build argument 'cmake_target_skip_unavailable' from command line to 'False'
[0.271s] Level 5:colcon.colcon_core.verb:set package 'camera_service' build argument 'cmake_clean_cache' from command line to 'False'
[0.271s] Level 5:colcon.colcon_core.verb:set package 'camera_service' build argument 'cmake_clean_first' from command line to 'False'
[0.271s] Level 5:colcon.colcon_core.verb:set package 'camera_service' build argument 'cmake_force_configure' from command line to 'False'
[0.272s] Level 5:colcon.colcon_core.verb:set package 'camera_service' build argument 'ament_cmake_args' from command line to 'None'
[0.272s] Level 5:colcon.colcon_core.verb:set package 'camera_service' build argument 'catkin_cmake_args' from command line to 'None'
[0.272s] Level 5:colcon.colcon_core.verb:set package 'camera_service' build argument 'catkin_skip_building_tests' from command line to 'False'
[0.272s] DEBUG:colcon.colcon_core.verb:Building package 'camera_service' with the following arguments: {'ament_cmake_args': None, 'build_base': '/home/vm/training/ros2_ws/build/camera_service', 'catkin_cmake_args': None, 'catkin_skip_building_tests': False, 'cmake_args': None, 'cmake_clean_cache': False, 'cmake_clean_first': False, 'cmake_force_configure': False, 'cmake_target': None, 'cmake_target_skip_unavailable': False, 'install_base': '/home/vm/training/ros2_ws/install/camera_service', 'merge_install': False, 'path': '/home/vm/training/ros2_ws/src/camera_service', 'symlink_install': False, 'test_result_base': None}
[0.272s] Level 5:colcon.colcon_core.verb:set package 'custom_msg_publisher' build argument 'cmake_args' from command line to 'None'
[0.272s] Level 5:colcon.colcon_core.verb:set package 'custom_msg_publisher' build argument 'cmake_target' from command line to 'None'
[0.272s] Level 5:colcon.colcon_core.verb:set package 'custom_msg_publisher' build argument 'cmake_target_skip_unavailable' from command line to 'False'
[0.272s] Level 5:colcon.colcon_core.verb:set package 'custom_msg_publisher' build argument 'cmake_clean_cache' from command line to 'False'
[0.272s] Level 5:colcon.colcon_core.verb:set package 'custom_msg_publisher' build argument 'cmake_clean_first' from command line to 'False'
[0.272s] Level 5:colcon.colcon_core.verb:set package 'custom_msg_publisher' build argument 'cmake_force_configure' from command line to 'False'
[0.272s] Level 5:colcon.colcon_core.verb:set package 'custom_msg_publisher' build argument 'ament_cmake_args' from command line to 'None'
[0.272s] Level 5:colcon.colcon_core.verb:set package 'custom_msg_publisher' build argument 'catkin_cmake_args' from command line to 'None'
[0.272s] Level 5:colcon.colcon_core.verb:set package 'custom_msg_publisher' build argument 'catkin_skip_building_tests' from command line to 'False'
[0.272s] DEBUG:colcon.colcon_core.verb:Building package 'custom_msg_publisher' with the following arguments: {'ament_cmake_args': None, 'build_base': '/home/vm/training/ros2_ws/build/custom_msg_publisher', 'catkin_cmake_args': None, 'catkin_skip_building_tests': False, 'cmake_args': None, 'cmake_clean_cache': False, 'cmake_clean_first': False, 'cmake_force_configure': False, 'cmake_target': None, 'cmake_target_skip_unavailable': False, 'install_base': '/home/vm/training/ros2_ws/install/custom_msg_publisher', 'merge_install': False, 'path': '/home/vm/training/ros2_ws/src/custom_msg_publisher', 'symlink_install': False, 'test_result_base': None}
[0.272s] Level 5:colcon.colcon_core.verb:set package 'custom_msg_subscriber' build argument 'cmake_args' from command line to 'None'
[0.272s] Level 5:colcon.colcon_core.verb:set package 'custom_msg_subscriber' build argument 'cmake_target' from command line to 'None'
[0.272s] Level 5:colcon.colcon_core.verb:set package 'custom_msg_subscriber' build argument 'cmake_target_skip_unavailable' from command line to 'False'
[0.272s] Level 5:colcon.colcon_core.verb:set package 'custom_msg_subscriber' build argument 'cmake_clean_cache' from command line to 'False'
[0.272s] Level 5:colcon.colcon_core.verb:set package 'custom_msg_subscriber' build argument 'cmake_clean_first' from command line to 'False'
[0.272s] Level 5:colcon.colcon_core.verb:set package 'custom_msg_subscriber' build argument 'cmake_force_configure' from command line to 'False'
[0.272s] Level 5:colcon.colcon_core.verb:set package 'custom_msg_subscriber' build argument 'ament_cmake_args' from command line to 'None'
[0.272s] Level 5:colcon.colcon_core.verb:set package 'custom_msg_subscriber' build argument 'catkin_cmake_args' from command line to 'None'
[0.272s] Level 5:colcon.colcon_core.verb:set package 'custom_msg_subscriber' build argument 'catkin_skip_building_tests' from command line to 'False'
[0.272s] DEBUG:colcon.colcon_core.verb:Building package 'custom_msg_subscriber' with the following arguments: {'ament_cmake_args': None, 'build_base': '/home/vm/training/ros2_ws/build/custom_msg_subscriber', 'catkin_cmake_args': None, 'catkin_skip_building_tests': False, 'cmake_args': None, 'cmake_clean_cache': False, 'cmake_clean_first': False, 'cmake_force_configure': False, 'cmake_target': None, 'cmake_target_skip_unavailable': False, 'install_base': '/home/vm/training/ros2_ws/install/custom_msg_subscriber', 'merge_install': False, 'path': '/home/vm/training/ros2_ws/src/custom_msg_subscriber', 'symlink_install': False, 'test_result_base': None}
[0.273s] Level 5:colcon.colcon_core.verb:set package 'image_viewer' build argument 'cmake_args' from command line to 'None'
[0.273s] Level 5:colcon.colcon_core.verb:set package 'image_viewer' build argument 'cmake_target' from command line to 'None'
[0.273s] Level 5:colcon.colcon_core.verb:set package 'image_viewer' build argument 'cmake_target_skip_unavailable' from command line to 'False'
[0.273s] Level 5:colcon.colcon_core.verb:set package 'image_viewer' build argument 'cmake_clean_cache' from command line to 'False'
[0.273s] Level 5:colcon.colcon_core.verb:set package 'image_viewer' build argument 'cmake_clean_first' from command line to 'False'
[0.273s] Level 5:colcon.colcon_core.verb:set package 'image_viewer' build argument 'cmake_force_configure' from command line to 'False'
[0.273s] Level 5:colcon.colcon_core.verb:set package 'image_viewer' build argument 'ament_cmake_args' from command line to 'None'
[0.273s] Level 5:colcon.colcon_core.verb:set package 'image_viewer' build argument 'catkin_cmake_args' from command line to 'None'
[0.273s] Level 5:colcon.colcon_core.verb:set package 'image_viewer' build argument 'catkin_skip_building_tests' from command line to 'False'
[0.273s] DEBUG:colcon.colcon_core.verb:Building package 'image_viewer' with the following arguments: {'ament_cmake_args': None, 'build_base': '/home/vm/training/ros2_ws/build/image_viewer', 'catkin_cmake_args': None, 'catkin_skip_building_tests': False, 'cmake_args': None, 'cmake_clean_cache': False, 'cmake_clean_first': False, 'cmake_force_configure': False, 'cmake_target': None, 'cmake_target_skip_unavailable': False, 'install_base': '/home/vm/training/ros2_ws/install/image_viewer', 'merge_install': False, 'path': '/home/vm/training/ros2_ws/src/image_viewer', 'symlink_install': False, 'test_result_base': None}
[0.273s] Level 5:colcon.colcon_core.verb:set package 'object_spawner' build argument 'cmake_args' from command line to 'None'
[0.273s] Level 5:colcon.colcon_core.verb:set package 'object_spawner' build argument 'cmake_target' from command line to 'None'
[0.273s] Level 5:colcon.colcon_core.verb:set package 'object_spawner' build argument 'cmake_target_skip_unavailable' from command line to 'False'
[0.273s] Level 5:colcon.colcon_core.verb:set package 'object_spawner' build argument 'cmake_clean_cache' from command line to 'False'
[0.273s] Level 5:colcon.colcon_core.verb:set package 'object_spawner' build argument 'cmake_clean_first' from command line to 'False'
[0.273s] Level 5:colcon.colcon_core.verb:set package 'object_spawner' build argument 'cmake_force_configure' from command line to 'False'
[0.273s] Level 5:colcon.colcon_core.verb:set package 'object_spawner' build argument 'ament_cmake_args' from command line to 'None'
[0.273s] Level 5:colcon.colcon_core.verb:set package 'object_spawner' build argument 'catkin_cmake_args' from command line to 'None'
[0.273s] Level 5:colcon.colcon_core.verb:set package 'object_spawner' build argument 'catkin_skip_building_tests' from command line to 'False'
[0.273s] DEBUG:colcon.colcon_core.verb:Building package 'object_spawner' with the following arguments: {'ament_cmake_args': None, 'build_base': '/home/vm/training/ros2_ws/build/object_spawner', 'catkin_cmake_args': None, 'catkin_skip_building_tests': False, 'cmake_args': None, 'cmake_clean_cache': False, 'cmake_clean_first': False, 'cmake_force_configure': False, 'cmake_target': None, 'cmake_target_skip_unavailable': False, 'install_base': '/home/vm/training/ros2_ws/install/object_spawner', 'merge_install': False, 'path': '/home/vm/training/ros2_ws/src/object_spawner', 'symlink_install': False, 'test_result_base': None}
[0.274s] Level 5:colcon.colcon_core.verb:set package 'perception_msgs' build argument 'cmake_args' from command line to 'None'
[0.274s] Level 5:colcon.colcon_core.verb:set package 'perception_msgs' build argument 'cmake_target' from command line to 'None'
[0.274s] Level 5:colcon.colcon_core.verb:set package 'perception_msgs' build argument 'cmake_target_skip_unavailable' from command line to 'False'
[0.274s] Level 5:colcon.colcon_core.verb:set package 'perception_msgs' build argument 'cmake_clean_cache' from command line to 'False'
[0.274s] Level 5:colcon.colcon_core.verb:set package 'perception_msgs' build argument 'cmake_clean_first' from command line to 'False'
[0.274s] Level 5:colcon.colcon_core.verb:set package 'perception_msgs' build argument 'cmake_force_configure' from command line to 'False'
[0.274s] Level 5:colcon.colcon_core.verb:set package 'perception_msgs' build argument 'ament_cmake_args' from command line to 'None'
[0.274s] Level 5:colcon.colcon_core.verb:set package 'perception_msgs' build argument 'catkin_cmake_args' from command line to 'None'
[0.274s] Level 5:colcon.colcon_core.verb:set package 'perception_msgs' build argument 'catkin_skip_building_tests' from command line to 'False'
[0.274s] DEBUG:colcon.colcon_core.verb:Building package 'perception_msgs' with the following arguments: {'ament_cmake_args': None, 'build_base': '/home/vm/training/ros2_ws/build/perception_msgs', 'catkin_cmake_args': None, 'catkin_skip_building_tests': False, 'cmake_args': None, 'cmake_clean_cache': False, 'cmake_clean_first': False, 'cmake_force_configure': False, 'cmake_target': None, 'cmake_target_skip_unavailable': False, 'install_base': '/home/vm/training/ros2_ws/install/perception_msgs', 'merge_install': False, 'path': '/home/vm/training/ros2_ws/src/perception_msgs', 'symlink_install': False, 'test_result_base': None}
[0.274s] Level 5:colcon.colcon_core.verb:set package 'pingpong_pkg' build argument 'cmake_args' from command line to 'None'
[0.274s] Level 5:colcon.colcon_core.verb:set package 'pingpong_pkg' build argument 'cmake_target' from command line to 'None'
[0.274s] Level 5:colcon.colcon_core.verb:set package 'pingpong_pkg' build argument 'cmake_target_skip_unavailable' from command line to 'False'
[0.274s] Level 5:colcon.colcon_core.verb:set package 'pingpong_pkg' build argument 'cmake_clean_cache' from command line to 'False'
[0.274s] Level 5:colcon.colcon_core.verb:set package 'pingpong_pkg' build argument 'cmake_clean_first' from command line to 'False'
[0.274s] Level 5:colcon.colcon_core.verb:set package 'pingpong_pkg' build argument 'cmake_force_configure' from command line to 'False'
[0.274s] Level 5:colcon.colcon_core.verb:set package 'pingpong_pkg' build argument 'ament_cmake_args' from command line to 'None'
[0.274s] Level 5:colcon.colcon_core.verb:set package 'pingpong_pkg' build argument 'catkin_cmake_args' from command line to 'None'
[0.274s] Level 5:colcon.colcon_core.verb:set package 'pingpong_pkg' build argument 'catkin_skip_building_tests' from command line to 'False'
[0.274s] DEBUG:colcon.colcon_core.verb:Building package 'pingpong_pkg' with the following arguments: {'ament_cmake_args': None, 'build_base': '/home/vm/training/ros2_ws/build/pingpong_pkg', 'catkin_cmake_args': None, 'catkin_skip_building_tests': False, 'cmake_args': None, 'cmake_clean_cache': False, 'cmake_clean_first': False, 'cmake_force_configure': False, 'cmake_target': None, 'cmake_target_skip_unavailable': False, 'install_base': '/home/vm/training/ros2_ws/install/pingpong_pkg', 'merge_install': False, 'path': '/home/vm/training/ros2_ws/src/pingpong_pkg', 'symlink_install': False, 'test_result_base': None}
[0.275s] Level 5:colcon.colcon_core.verb:set package 'simple_velocity_msg' build argument 'cmake_args' from command line to 'None'
[0.275s] Level 5:colcon.colcon_core.verb:set package 'simple_velocity_msg' build argument 'cmake_target' from command line to 'None'
[0.275s] Level 5:colcon.colcon_core.verb:set package 'simple_velocity_msg' build argument 'cmake_target_skip_unavailable' from command line to 'False'
[0.275s] Level 5:colcon.colcon_core.verb:set package 'simple_velocity_msg' build argument 'cmake_clean_cache' from command line to 'False'
[0.275s] Level 5:colcon.colcon_core.verb:set package 'simple_velocity_msg' build argument 'cmake_clean_first' from command line to 'False'
[0.275s] Level 5:colcon.colcon_core.verb:set package 'simple_velocity_msg' build argument 'cmake_force_configure' from command line to 'False'
[0.275s] Level 5:colcon.colcon_core.verb:set package 'simple_velocity_msg' build argument 'ament_cmake_args' from command line to 'None'
[0.275s] Level 5:colcon.colcon_core.verb:set package 'simple_velocity_msg' build argument 'catkin_cmake_args' from command line to 'None'
[0.275s] Level 5:colcon.colcon_core.verb:set package 'simple_velocity_msg' build argument 'catkin_skip_building_tests' from command line to 'False'
[0.275s] DEBUG:colcon.colcon_core.verb:Building package 'simple_velocity_msg' with the following arguments: {'ament_cmake_args': None, 'build_base': '/home/vm/training/ros2_ws/build/simple_velocity_msg', 'catkin_cmake_args': None, 'catkin_skip_building_tests': False, 'cmake_args': None, 'cmake_clean_cache': False, 'cmake_clean_first': False, 'cmake_force_configure': False, 'cmake_target': None, 'cmake_target_skip_unavailable': False, 'install_base': '/home/vm/training/ros2_ws/install/simple_velocity_msg', 'merge_install': False, 'path': '/home/vm/training/ros2_ws/src/simple_velocity_msg', 'symlink_install': False, 'test_result_base': None}
[0.275s] Level 5:colcon.colcon_core.verb:set package 'teleop_keyboard' build argument 'cmake_args' from command line to 'None'
[0.275s] Level 5:colcon.colcon_core.verb:set package 'teleop_keyboard' build argument 'cmake_target' from command line to 'None'
[0.275s] Level 5:colcon.colcon_core.verb:set package 'teleop_keyboard' build argument 'cmake_target_skip_unavailable' from command line to 'False'
[0.275s] Level 5:colcon.colcon_core.verb:set package 'teleop_keyboard' build argument 'cmake_clean_cache' from command line to 'False'
[0.275s] Level 5:colcon.colcon_core.verb:set package 'teleop_keyboard' build argument 'cmake_clean_first' from command line to 'False'
[0.275s] Level 5:colcon.colcon_core.verb:set package 'teleop_keyboard' build argument 'cmake_force_configure' from command line to 'False'
[0.275s] Level 5:colcon.colcon_core.verb:set package 'teleop_keyboard' build argument 'ament_cmake_args' from command line to 'None'
[0.275s] Level 5:colcon.colcon_core.verb:set package 'teleop_keyboard' build argument 'catkin_cmake_args' from command line to 'None'
[0.275s] Level 5:colcon.colcon_core.verb:set package 'teleop_keyboard' build argument 'catkin_skip_building_tests' from command line to 'False'
[0.275s] DEBUG:colcon.colcon_core.verb:Building package 'teleop_keyboard' with the following arguments: {'ament_cmake_args': None, 'build_base': '/home/vm/training/ros2_ws/build/teleop_keyboard', 'catkin_cmake_args': None, 'catkin_skip_building_tests': False, 'cmake_args': None, 'cmake_clean_cache': False, 'cmake_clean_first': False, 'cmake_force_configure': False, 'cmake_target': None, 'cmake_target_skip_unavailable': False, 'install_base': '/home/vm/training/ros2_ws/install/teleop_keyboard', 'merge_install': False, 'path': '/home/vm/training/ros2_ws/src/teleop_keyboard', 'symlink_install': False, 'test_result_base': None}
[0.275s] INFO:colcon.colcon_core.executor:Executing jobs using 'parallel' executor
[0.276s] DEBUG:colcon.colcon_parallel_executor.executor.parallel:run_until_complete
[0.277s] INFO:colcon.colcon_ros.task.ament_python.build:Building ROS package in '/home/vm/training/ros2_ws/src/camera_service' with build type 'ament_python'
[0.277s] Level 1:colcon.colcon_core.shell:create_environment_hook('camera_service', 'ament_prefix_path')
[0.279s] INFO:colcon.colcon_core.plugin_system:Skipping extension 'colcon_core.shell.bat': Not used on non-Windows systems
[0.279s] INFO:colcon.colcon_core.shell:Creating environment hook '/home/vm/training/ros2_ws/install/camera_service/share/camera_service/hook/ament_prefix_path.ps1'
[0.279s] INFO:colcon.colcon_core.shell:Creating environment descriptor '/home/vm/training/ros2_ws/install/camera_service/share/camera_service/hook/ament_prefix_path.dsv'
[0.280s] INFO:colcon.colcon_core.shell:Creating environment hook '/home/vm/training/ros2_ws/install/camera_service/share/camera_service/hook/ament_prefix_path.sh'
[0.280s] INFO:colcon.colcon_core.shell:Skip shell extension 'powershell' for command environment: Not usable outside of PowerShell
[0.280s] DEBUG:colcon.colcon_core.shell:Skip shell extension 'dsv' for command environment
[0.284s] INFO:colcon.colcon_ros.task.ament_python.build:Building ROS package in '/home/vm/training/ros2_ws/src/custom_msg_publisher' with build type 'ament_python'
[0.284s] Level 1:colcon.colcon_core.shell:create_environment_hook('custom_msg_publisher', 'ament_prefix_path')
[0.284s] INFO:colcon.colcon_core.shell:Creating environment hook '/home/vm/training/ros2_ws/install/custom_msg_publisher/share/custom_msg_publisher/hook/ament_prefix_path.ps1'
[0.284s] INFO:colcon.colcon_core.shell:Creating environment descriptor '/home/vm/training/ros2_ws/install/custom_msg_publisher/share/custom_msg_publisher/hook/ament_prefix_path.dsv'
[0.285s] INFO:colcon.colcon_core.shell:Creating environment hook '/home/vm/training/ros2_ws/install/custom_msg_publisher/share/custom_msg_publisher/hook/ament_prefix_path.sh'
[0.285s] INFO:colcon.colcon_core.shell:Skip shell extension 'powershell' for command environment: Not usable outside of PowerShell
[0.285s] DEBUG:colcon.colcon_core.shell:Skip shell extension 'dsv' for command environment
[0.290s] INFO:colcon.colcon_ros.task.ament_python.build:Building ROS package in '/home/vm/training/ros2_ws/src/custom_msg_subscriber' with build type 'ament_python'
[0.290s] Level 1:colcon.colcon_core.shell:create_environment_hook('custom_msg_subscriber', 'ament_prefix_path')
[0.290s] INFO:colcon.colcon_core.shell:Creating environment hook '/home/vm/training/ros2_ws/install/custom_msg_subscriber/share/custom_msg_subscriber/hook/ament_prefix_path.ps1'
[0.291s] INFO:colcon.colcon_core.shell:Creating environment descriptor '/home/vm/training/ros2_ws/install/custom_msg_subscriber/share/custom_msg_subscriber/hook/ament_prefix_path.dsv'
[0.291s] INFO:colcon.colcon_core.shell:Creating environment hook '/home/vm/training/ros2_ws/install/custom_msg_subscriber/share/custom_msg_subscriber/hook/ament_prefix_path.sh'
[0.291s] INFO:colcon.colcon_core.shell:Skip shell extension 'powershell' for command environment: Not usable outside of PowerShell
[0.291s] DEBUG:colcon.colcon_core.shell:Skip shell extension 'dsv' for command environment
[0.296s] INFO:colcon.colcon_ros.task.ament_python.build:Building ROS package in '/home/vm/training/ros2_ws/src/image_viewer' with build type 'ament_python'
[0.296s] Level 1:colcon.colcon_core.shell:create_environment_hook('image_viewer', 'ament_prefix_path')
[0.296s] INFO:colcon.colcon_core.shell:Creating environment hook '/home/vm/training/ros2_ws/install/image_viewer/share/image_viewer/hook/ament_prefix_path.ps1'
[0.297s] INFO:colcon.colcon_core.shell:Creating environment descriptor '/home/vm/training/ros2_ws/install/image_viewer/share/image_viewer/hook/ament_prefix_path.dsv'
[0.297s] INFO:colcon.colcon_core.shell:Creating environment hook '/home/vm/training/ros2_ws/install/image_viewer/share/image_viewer/hook/ament_prefix_path.sh'
[0.298s] INFO:colcon.colcon_core.shell:Skip shell extension 'powershell' for command environment: Not usable outside of PowerShell
[0.298s] DEBUG:colcon.colcon_core.shell:Skip shell extension 'dsv' for command environment
[0.497s] INFO:colcon.colcon_core.task.python.build:Building Python package in '/home/vm/training/ros2_ws/src/camera_service'
[0.498s] INFO:colcon.colcon_core.shell:Skip shell extension 'powershell' for command environment: Not usable outside of PowerShell
[0.498s] DEBUG:colcon.colcon_core.shell:Skip shell extension 'dsv' for command environment
[0.721s] INFO:colcon.colcon_core.task.python.build:Building Python package in '/home/vm/training/ros2_ws/src/custom_msg_publisher'
[0.722s] INFO:colcon.colcon_core.shell:Skip shell extension 'powershell' for command environment: Not usable outside of PowerShell
[0.722s] DEBUG:colcon.colcon_core.shell:Skip shell extension 'dsv' for command environment
[0.891s] INFO:colcon.colcon_core.task.python.build:Building Python package in '/home/vm/training/ros2_ws/src/custom_msg_subscriber'
[0.891s] INFO:colcon.colcon_core.shell:Skip shell extension 'powershell' for command environment: Not usable outside of PowerShell
[0.891s] DEBUG:colcon.colcon_core.shell:Skip shell extension 'dsv' for command environment
[1.084s] INFO:colcon.colcon_core.task.python.build:Building Python package in '/home/vm/training/ros2_ws/src/image_viewer'
[1.084s] INFO:colcon.colcon_core.shell:Skip shell extension 'powershell' for command environment: Not usable outside of PowerShell
[1.084s] DEBUG:colcon.colcon_core.shell:Skip shell extension 'dsv' for command environment
[1.353s] DEBUG:colcon.colcon_core.event_handler.log_command:Invoking command in '/home/vm/training/ros2_ws/src/custom_msg_publisher': PYTHONPATH=/home/vm/training/ros2_ws/build/custom_msg_publisher/prefix_override:/usr/lib/python3/dist-packages/colcon_core/task/python/colcon_distutils_commands:/home/vm/training/ros2_ws/install/custom_msg_publisher/lib/python3.10/site-packages:${PYTHONPATH} /usr/bin/python3 -W ignore:setup.py install is deprecated -W ignore:easy_install command is deprecated setup.py egg_info --egg-base ../../build/custom_msg_publisher build --build-base /home/vm/training/ros2_ws/build/custom_msg_publisher/build install --record /home/vm/training/ros2_ws/build/custom_msg_publisher/install.log --single-version-externally-managed install_data
[1.385s] DEBUG:colcon.colcon_core.event_handler.log_command:Invoking command in '/home/vm/training/ros2_ws/src/camera_service': PYTHONPATH=/home/vm/training/ros2_ws/build/camera_service/prefix_override:/usr/lib/python3/dist-packages/colcon_core/task/python/colcon_distutils_commands:/home/vm/training/ros2_ws/install/camera_service/lib/python3.10/site-packages:${PYTHONPATH} /usr/bin/python3 -W ignore:setup.py install is deprecated -W ignore:easy_install command is deprecated setup.py egg_info --egg-base ../../build/camera_service build --build-base /home/vm/training/ros2_ws/build/camera_service/build install --record /home/vm/training/ros2_ws/build/camera_service/install.log --single-version-externally-managed install_data
[1.394s] DEBUG:colcon.colcon_core.event_handler.log_command:Invoking command in '/home/vm/training/ros2_ws/src/image_viewer': PYTHONPATH=/home/vm/training/ros2_ws/build/image_viewer/prefix_override:/usr/lib/python3/dist-packages/colcon_core/task/python/colcon_distutils_commands:/home/vm/training/ros2_ws/install/image_viewer/lib/python3.10/site-packages:${PYTHONPATH} /usr/bin/python3 -W ignore:setup.py install is deprecated -W ignore:easy_install command is deprecated setup.py egg_info --egg-base ../../build/image_viewer build --build-base /home/vm/training/ros2_ws/build/image_viewer/build install --record /home/vm/training/ros2_ws/build/image_viewer/install.log --single-version-externally-managed install_data
[1.425s] DEBUG:colcon.colcon_core.event_handler.log_command:Invoking command in '/home/vm/training/ros2_ws/src/custom_msg_subscriber': PYTHONPATH=/home/vm/training/ros2_ws/build/custom_msg_subscriber/prefix_override:/usr/lib/python3/dist-packages/colcon_core/task/python/colcon_distutils_commands:/home/vm/training/ros2_ws/install/custom_msg_subscriber/lib/python3.10/site-packages:${PYTHONPATH} /usr/bin/python3 -W ignore:setup.py install is deprecated -W ignore:easy_install command is deprecated setup.py egg_info --egg-base ../../build/custom_msg_subscriber build --build-base /home/vm/training/ros2_ws/build/custom_msg_subscriber/build install --record /home/vm/training/ros2_ws/build/custom_msg_subscriber/install.log --single-version-externally-managed install_data
[1.596s] DEBUG:colcon.colcon_core.event_handler.log_command:Invoked command in '/home/vm/training/ros2_ws/src/custom_msg_publisher' returned '0': PYTHONPATH=/home/vm/training/ros2_ws/build/custom_msg_publisher/prefix_override:/usr/lib/python3/dist-packages/colcon_core/task/python/colcon_distutils_commands:/home/vm/training/ros2_ws/install/custom_msg_publisher/lib/python3.10/site-packages:${PYTHONPATH} /usr/bin/python3 -W ignore:setup.py install is deprecated -W ignore:easy_install command is deprecated setup.py egg_info --egg-base ../../build/custom_msg_publisher build --build-base /home/vm/training/ros2_ws/build/custom_msg_publisher/build install --record /home/vm/training/ros2_ws/build/custom_msg_publisher/install.log --single-version-externally-managed install_data
[1.602s] Level 1:colcon.colcon_core.environment:checking '/home/vm/training/ros2_ws/install/custom_msg_publisher' for CMake module files
[1.602s] Level 1:colcon.colcon_core.environment:checking '/home/vm/training/ros2_ws/install/custom_msg_publisher' for CMake config files
[1.603s] Level 1:colcon.colcon_core.environment:checking '/home/vm/training/ros2_ws/install/custom_msg_publisher/lib'
[1.603s] Level 1:colcon.colcon_core.environment:checking '/home/vm/training/ros2_ws/install/custom_msg_publisher/bin'
[1.603s] Level 1:colcon.colcon_core.environment:checking '/home/vm/training/ros2_ws/install/custom_msg_publisher/lib/pkgconfig/custom_msg_publisher.pc'
[1.603s] Level 1:colcon.colcon_core.environment:checking '/home/vm/training/ros2_ws/install/custom_msg_publisher/lib/python3.10/site-packages'
[1.603s] Level 1:colcon.colcon_core.shell:create_environment_hook('custom_msg_publisher', 'pythonpath')
[1.603s] INFO:colcon.colcon_core.shell:Creating environment hook '/home/vm/training/ros2_ws/install/custom_msg_publisher/share/custom_msg_publisher/hook/pythonpath.ps1'
[1.604s] INFO:colcon.colcon_core.shell:Creating environment descriptor '/home/vm/training/ros2_ws/install/custom_msg_publisher/share/custom_msg_publisher/hook/pythonpath.dsv'
[1.604s] INFO:colcon.colcon_core.shell:Creating environment hook '/home/vm/training/ros2_ws/install/custom_msg_publisher/share/custom_msg_publisher/hook/pythonpath.sh'
[1.605s] Level 1:colcon.colcon_core.environment:checking '/home/vm/training/ros2_ws/install/custom_msg_publisher/bin'
[1.605s] Level 1:colcon.colcon_core.environment:create_environment_scripts_only(custom_msg_publisher)
[1.605s] INFO:colcon.colcon_core.shell:Creating package script '/home/vm/training/ros2_ws/install/custom_msg_publisher/share/custom_msg_publisher/package.ps1'
[1.606s] INFO:colcon.colcon_core.shell:Creating package descriptor '/home/vm/training/ros2_ws/install/custom_msg_publisher/share/custom_msg_publisher/package.dsv'
[1.606s] INFO:colcon.colcon_core.shell:Creating package script '/home/vm/training/ros2_ws/install/custom_msg_publisher/share/custom_msg_publisher/package.sh'
[1.607s] INFO:colcon.colcon_core.shell:Creating package script '/home/vm/training/ros2_ws/install/custom_msg_publisher/share/custom_msg_publisher/package.bash'
[1.608s] INFO:colcon.colcon_core.shell:Creating package script '/home/vm/training/ros2_ws/install/custom_msg_publisher/share/custom_msg_publisher/package.zsh'
[1.609s] Level 1:colcon.colcon_core.environment:create_file_with_runtime_dependencies(/home/vm/training/ros2_ws/install/custom_msg_publisher/share/colcon-core/packages/custom_msg_publisher)
[1.610s] INFO:colcon.colcon_ros.task.ament_python.build:Building ROS package in '/home/vm/training/ros2_ws/src/object_spawner' with build type 'ament_python'
[1.610s] Level 1:colcon.colcon_core.shell:create_environment_hook('object_spawner', 'ament_prefix_path')
[1.610s] INFO:colcon.colcon_core.shell:Creating environment hook '/home/vm/training/ros2_ws/install/object_spawner/share/object_spawner/hook/ament_prefix_path.ps1'
[1.612s] INFO:colcon.colcon_core.shell:Creating environment descriptor '/home/vm/training/ros2_ws/install/object_spawner/share/object_spawner/hook/ament_prefix_path.dsv'
[1.615s] INFO:colcon.colcon_core.shell:Creating environment hook '/home/vm/training/ros2_ws/install/object_spawner/share/object_spawner/hook/ament_prefix_path.sh'
[1.619s] INFO:colcon.colcon_core.shell:Skip shell extension 'powershell' for command environment: Not usable outside of PowerShell
[1.619s] DEBUG:colcon.colcon_core.shell:Skip shell extension 'dsv' for command environment
[1.853s] INFO:colcon.colcon_core.task.python.build:Building Python package in '/home/vm/training/ros2_ws/src/object_spawner'
[1.854s] INFO:colcon.colcon_core.shell:Skip shell extension 'powershell' for command environment: Not usable outside of PowerShell
[1.854s] DEBUG:colcon.colcon_core.shell:Skip shell extension 'dsv' for command environment
[1.860s] Level 1:colcon.colcon_core.environment:checking '/home/vm/training/ros2_ws/install/camera_service' for CMake module files
[1.861s] DEBUG:colcon.colcon_core.event_handler.log_command:Invoked command in '/home/vm/training/ros2_ws/src/camera_service' returned '0': PYTHONPATH=/home/vm/training/ros2_ws/build/camera_service/prefix_override:/usr/lib/python3/dist-packages/colcon_core/task/python/colcon_distutils_commands:/home/vm/training/ros2_ws/install/camera_service/lib/python3.10/site-packages:${PYTHONPATH} /usr/bin/python3 -W ignore:setup.py install is deprecated -W ignore:easy_install command is deprecated setup.py egg_info --egg-base ../../build/camera_service build --build-base /home/vm/training/ros2_ws/build/camera_service/build install --record /home/vm/training/ros2_ws/build/camera_service/install.log --single-version-externally-managed install_data
[1.861s] Level 1:colcon.colcon_core.environment:checking '/home/vm/training/ros2_ws/install/camera_service' for CMake config files
[1.862s] Level 1:colcon.colcon_core.environment:checking '/home/vm/training/ros2_ws/install/camera_service/lib'
[1.862s] Level 1:colcon.colcon_core.environment:checking '/home/vm/training/ros2_ws/install/camera_service/bin'
[1.862s] Level 1:colcon.colcon_core.environment:checking '/home/vm/training/ros2_ws/install/camera_service/lib/pkgconfig/camera_service.pc'
[1.862s] Level 1:colcon.colcon_core.environment:checking '/home/vm/training/ros2_ws/install/camera_service/lib/python3.10/site-packages'
[1.862s] Level 1:colcon.colcon_core.shell:create_environment_hook('camera_service', 'pythonpath')
[1.862s] INFO:colcon.colcon_core.shell:Creating environment hook '/home/vm/training/ros2_ws/install/camera_service/share/camera_service/hook/pythonpath.ps1'
[1.863s] INFO:colcon.colcon_core.shell:Creating environment descriptor '/home/vm/training/ros2_ws/install/camera_service/share/camera_service/hook/pythonpath.dsv'
[1.863s] INFO:colcon.colcon_core.shell:Creating environment hook '/home/vm/training/ros2_ws/install/camera_service/share/camera_service/hook/pythonpath.sh'
[1.863s] Level 1:colcon.colcon_core.environment:checking '/home/vm/training/ros2_ws/install/camera_service/bin'
[1.864s] Level 1:colcon.colcon_core.environment:create_environment_scripts_only(camera_service)
[1.864s] INFO:colcon.colcon_core.shell:Creating package script '/home/vm/training/ros2_ws/install/camera_service/share/camera_service/package.ps1'
[1.864s] INFO:colcon.colcon_core.shell:Creating package descriptor '/home/vm/training/ros2_ws/install/camera_service/share/camera_service/package.dsv'
[1.865s] INFO:colcon.colcon_core.shell:Creating package script '/home/vm/training/ros2_ws/install/camera_service/share/camera_service/package.sh'
[1.865s] INFO:colcon.colcon_core.shell:Creating package script '/home/vm/training/ros2_ws/install/camera_service/share/camera_service/package.bash'
[1.865s] INFO:colcon.colcon_core.shell:Creating package script '/home/vm/training/ros2_ws/install/camera_service/share/camera_service/package.zsh'
[1.866s] Level 1:colcon.colcon_core.environment:create_file_with_runtime_dependencies(/home/vm/training/ros2_ws/install/camera_service/share/colcon-core/packages/camera_service)
[1.866s] INFO:colcon.colcon_ros.task.ament_cmake.build:Building ROS package in '/home/vm/training/ros2_ws/src/perception_msgs' with build type 'ament_cmake'
[1.866s] INFO:colcon.colcon_cmake.task.cmake.build:Building CMake package in '/home/vm/training/ros2_ws/src/perception_msgs'
[1.867s] INFO:colcon.colcon_core.shell:Skip shell extension 'powershell' for command environment: Not usable outside of PowerShell
[1.867s] DEBUG:colcon.colcon_core.shell:Skip shell extension 'dsv' for command environment
[1.871s] Level 1:colcon.colcon_core.environment:checking '/home/vm/training/ros2_ws/install/custom_msg_subscriber' for CMake module files
[1.871s] DEBUG:colcon.colcon_core.event_handler.log_command:Invoked command in '/home/vm/training/ros2_ws/src/custom_msg_subscriber' returned '0': PYTHONPATH=/home/vm/training/ros2_ws/build/custom_msg_subscriber/prefix_override:/usr/lib/python3/dist-packages/colcon_core/task/python/colcon_distutils_commands:/home/vm/training/ros2_ws/install/custom_msg_subscriber/lib/python3.10/site-packages:${PYTHONPATH} /usr/bin/python3 -W ignore:setup.py install is deprecated -W ignore:easy_install command is deprecated setup.py egg_info --egg-base ../../build/custom_msg_subscriber build --build-base /home/vm/training/ros2_ws/build/custom_msg_subscriber/build install --record /home/vm/training/ros2_ws/build/custom_msg_subscriber/install.log --single-version-externally-managed install_data
[1.871s] Level 1:colcon.colcon_core.environment:checking '/home/vm/training/ros2_ws/install/custom_msg_subscriber' for CMake config files
[1.872s] Level 1:colcon.colcon_core.environment:checking '/home/vm/training/ros2_ws/install/custom_msg_subscriber/lib'
[1.872s] Level 1:colcon.colcon_core.environment:checking '/home/vm/training/ros2_ws/install/custom_msg_subscriber/bin'
[1.872s] Level 1:colcon.colcon_core.environment:checking '/home/vm/training/ros2_ws/install/custom_msg_subscriber/lib/pkgconfig/custom_msg_subscriber.pc'
[1.872s] Level 1:colcon.colcon_core.environment:checking '/home/vm/training/ros2_ws/install/custom_msg_subscriber/lib/python3.10/site-packages'
[1.872s] Level 1:colcon.colcon_core.shell:create_environment_hook('custom_msg_subscriber', 'pythonpath')
[1.872s] INFO:colcon.colcon_core.shell:Creating environment hook '/home/vm/training/ros2_ws/install/custom_msg_subscriber/share/custom_msg_subscriber/hook/pythonpath.ps1'
[1.873s] INFO:colcon.colcon_core.shell:Creating environment descriptor '/home/vm/training/ros2_ws/install/custom_msg_subscriber/share/custom_msg_subscriber/hook/pythonpath.dsv'
[1.874s] INFO:colcon.colcon_core.shell:Creating environment hook '/home/vm/training/ros2_ws/install/custom_msg_subscriber/share/custom_msg_subscriber/hook/pythonpath.sh'
[1.874s] Level 1:colcon.colcon_core.environment:checking '/home/vm/training/ros2_ws/install/custom_msg_subscriber/bin'
[1.874s] Level 1:colcon.colcon_core.environment:create_environment_scripts_only(custom_msg_subscriber)
[1.875s] INFO:colcon.colcon_core.shell:Creating package script '/home/vm/training/ros2_ws/install/custom_msg_subscriber/share/custom_msg_subscriber/package.ps1'
[1.875s] INFO:colcon.colcon_core.shell:Creating package descriptor '/home/vm/training/ros2_ws/install/custom_msg_subscriber/share/custom_msg_subscriber/package.dsv'
[1.876s] INFO:colcon.colcon_core.shell:Creating package script '/home/vm/training/ros2_ws/install/custom_msg_subscriber/share/custom_msg_subscriber/package.sh'
[1.876s] INFO:colcon.colcon_core.shell:Creating package script '/home/vm/training/ros2_ws/install/custom_msg_subscriber/share/custom_msg_subscriber/package.bash'
[1.877s] INFO:colcon.colcon_core.shell:Creating package script '/home/vm/training/ros2_ws/install/custom_msg_subscriber/share/custom_msg_subscriber/package.zsh'
[1.877s] Level 1:colcon.colcon_core.environment:create_file_with_runtime_dependencies(/home/vm/training/ros2_ws/install/custom_msg_subscriber/share/colcon-core/packages/custom_msg_subscriber)
[1.877s] Level 1:colcon.colcon_core.environment:checking '/home/vm/training/ros2_ws/install/image_viewer' for CMake module files
[1.878s] Level 1:colcon.colcon_core.environment:checking '/home/vm/training/ros2_ws/install/image_viewer' for CMake config files
[1.879s] Level 1:colcon.colcon_core.environment:checking '/home/vm/training/ros2_ws/install/image_viewer/lib'
[1.879s] DEBUG:colcon.colcon_core.event_handler.log_command:Invoked command in '/home/vm/training/ros2_ws/src/image_viewer' returned '0': PYTHONPATH=/home/vm/training/ros2_ws/build/image_viewer/prefix_override:/usr/lib/python3/dist-packages/colcon_core/task/python/colcon_distutils_commands:/home/vm/training/ros2_ws/install/image_viewer/lib/python3.10/site-packages:${PYTHONPATH} /usr/bin/python3 -W ignore:setup.py install is deprecated -W ignore:easy_install command is deprecated setup.py egg_info --egg-base ../../build/image_viewer build --build-base /home/vm/training/ros2_ws/build/image_viewer/build install --record /home/vm/training/ros2_ws/build/image_viewer/install.log --single-version-externally-managed install_data
[1.879s] Level 1:colcon.colcon_core.environment:checking '/home/vm/training/ros2_ws/install/image_viewer/bin'
[1.879s] Level 1:colcon.colcon_core.environment:checking '/home/vm/training/ros2_ws/install/image_viewer/lib/pkgconfig/image_viewer.pc'
[1.879s] Level 1:colcon.colcon_core.environment:checking '/home/vm/training/ros2_ws/install/image_viewer/lib/python3.10/site-packages'
[1.879s] Level 1:colcon.colcon_core.shell:create_environment_hook('image_viewer', 'pythonpath')
[1.879s] INFO:colcon.colcon_core.shell:Creating environment hook '/home/vm/training/ros2_ws/install/image_viewer/share/image_viewer/hook/pythonpath.ps1'
[1.880s] INFO:colcon.colcon_core.shell:Creating environment descriptor '/home/vm/training/ros2_ws/install/image_viewer/share/image_viewer/hook/pythonpath.dsv'
[1.880s] INFO:colcon.colcon_core.shell:Creating environment hook '/home/vm/training/ros2_ws/install/image_viewer/share/image_viewer/hook/pythonpath.sh'
[1.880s] Level 1:colcon.colcon_core.environment:checking '/home/vm/training/ros2_ws/install/image_viewer/bin'
[1.880s] Level 1:colcon.colcon_core.environment:create_environment_scripts_only(image_viewer)
[1.881s] INFO:colcon.colcon_core.shell:Creating package script '/home/vm/training/ros2_ws/install/image_viewer/share/image_viewer/package.ps1'
[1.881s] INFO:colcon.colcon_core.shell:Creating package descriptor '/home/vm/training/ros2_ws/install/image_viewer/share/image_viewer/package.dsv'
[1.881s] INFO:colcon.colcon_core.shell:Creating package script '/home/vm/training/ros2_ws/install/image_viewer/share/image_viewer/package.sh'
[1.882s] INFO:colcon.colcon_core.shell:Creating package script '/home/vm/training/ros2_ws/install/image_viewer/share/image_viewer/package.bash'
[1.882s] INFO:colcon.colcon_core.shell:Creating package script '/home/vm/training/ros2_ws/install/image_viewer/share/image_viewer/package.zsh'
[1.882s] Level 1:colcon.colcon_core.environment:create_file_with_runtime_dependencies(/home/vm/training/ros2_ws/install/image_viewer/share/colcon-core/packages/image_viewer)
[1.883s] INFO:colcon.colcon_ros.task.ament_python.build:Building ROS package in '/home/vm/training/ros2_ws/src/pingpong_pkg' with build type 'ament_python'
[1.883s] Level 1:colcon.colcon_core.shell:create_environment_hook('pingpong_pkg', 'ament_prefix_path')
[1.883s] INFO:colcon.colcon_core.shell:Creating environment hook '/home/vm/training/ros2_ws/install/pingpong_pkg/share/pingpong_pkg/hook/ament_prefix_path.ps1'
[1.883s] INFO:colcon.colcon_core.shell:Creating environment descriptor '/home/vm/training/ros2_ws/install/pingpong_pkg/share/pingpong_pkg/hook/ament_prefix_path.dsv'
[1.883s] INFO:colcon.colcon_core.shell:Creating environment hook '/home/vm/training/ros2_ws/install/pingpong_pkg/share/pingpong_pkg/hook/ament_prefix_path.sh'
[1.884s] INFO:colcon.colcon_core.shell:Skip shell extension 'powershell' for command environment: Not usable outside of PowerShell
[1.884s] DEBUG:colcon.colcon_core.shell:Skip shell extension 'dsv' for command environment
[1.888s] INFO:colcon.colcon_ros.task.ament_cmake.build:Building ROS package in '/home/vm/training/ros2_ws/src/simple_velocity_msg' with build type 'ament_cmake'
[1.888s] INFO:colcon.colcon_cmake.task.cmake.build:Building CMake package in '/home/vm/training/ros2_ws/src/simple_velocity_msg'
[1.888s] INFO:colcon.colcon_core.shell:Skip shell extension 'powershell' for command environment: Not usable outside of PowerShell
[1.888s] DEBUG:colcon.colcon_core.shell:Skip shell extension 'dsv' for command environment
[1.911s] DEBUG:colcon.colcon_core.event_handler.log_command:Invoking command in '/home/vm/training/ros2_ws/build/perception_msgs': CMAKE_PREFIX_PATH=${CMAKE_PREFIX_PATH}:/home/vm/training/ros2_ws/install/camera_service:/home/vm/training/ros2_ws/install/object_spawner:/home/vm/training/ros2_ws/install/pingpong_pkg:/home/vm/training/ros2_ws/install/custom_msg_publisher:/home/vm/training/new_workspace/install/package2:/home/vm/training/new_workspace/install/package1:/home/vm/training/new_workspace/install/my_python_package:/opt/ros/humble /usr/bin/cmake /home/vm/training/ros2_ws/src/perception_msgs -DCMAKE_INSTALL_PREFIX=/home/vm/training/ros2_ws/install/perception_msgs
[2.219s] INFO:colcon.colcon_core.task.python.build:Building Python package in '/home/vm/training/ros2_ws/src/pingpong_pkg'
[2.220s] INFO:colcon.colcon_core.shell:Skip shell extension 'powershell' for command environment: Not usable outside of PowerShell
[2.221s] DEBUG:colcon.colcon_core.shell:Skip shell extension 'dsv' for command environment
[2.240s] DEBUG:colcon.colcon_core.event_handler.log_command:Invoking command in '/home/vm/training/ros2_ws/build/simple_velocity_msg': CMAKE_PREFIX_PATH=${CMAKE_PREFIX_PATH}:/home/vm/training/ros2_ws/install/camera_service:/home/vm/training/ros2_ws/install/object_spawner:/home/vm/training/ros2_ws/install/pingpong_pkg:/home/vm/training/ros2_ws/install/custom_msg_publisher:/home/vm/training/new_workspace/install/package2:/home/vm/training/new_workspace/install/package1:/home/vm/training/new_workspace/install/my_python_package:/opt/ros/humble /usr/bin/cmake --build /home/vm/training/ros2_ws/build/simple_velocity_msg -- -j4 -l4
[2.359s] DEBUG:colcon.colcon_core.event_handler.log_command:Invoking command in '/home/vm/training/ros2_ws/src/object_spawner': PYTHONPATH=/home/vm/training/ros2_ws/build/object_spawner/prefix_override:/usr/lib/python3/dist-packages/colcon_core/task/python/colcon_distutils_commands:/home/vm/training/ros2_ws/install/object_spawner/lib/python3.10/site-packages:${PYTHONPATH} /usr/bin/python3 -W ignore:setup.py install is deprecated -W ignore:easy_install command is deprecated setup.py egg_info --egg-base ../../build/object_spawner build --build-base /home/vm/training/ros2_ws/build/object_spawner/build install --record /home/vm/training/ros2_ws/build/object_spawner/install.log --single-version-externally-managed install_data
[2.885s] Level 1:colcon.colcon_core.environment:checking '/home/vm/training/ros2_ws/install/object_spawner' for CMake module files
[2.886s] Level 1:colcon.colcon_core.environment:checking '/home/vm/training/ros2_ws/install/object_spawner' for CMake config files
[2.887s] DEBUG:colcon.colcon_core.event_handler.log_command:Invoked command in '/home/vm/training/ros2_ws/src/object_spawner' returned '0': PYTHONPATH=/home/vm/training/ros2_ws/build/object_spawner/prefix_override:/usr/lib/python3/dist-packages/colcon_core/task/python/colcon_distutils_commands:/home/vm/training/ros2_ws/install/object_spawner/lib/python3.10/site-packages:${PYTHONPATH} /usr/bin/python3 -W ignore:setup.py install is deprecated -W ignore:easy_install command is deprecated setup.py egg_info --egg-base ../../build/object_spawner build --build-base /home/vm/training/ros2_ws/build/object_spawner/build install --record /home/vm/training/ros2_ws/build/object_spawner/install.log --single-version-externally-managed install_data
[2.888s] Level 1:colcon.colcon_core.environment:checking '/home/vm/training/ros2_ws/install/object_spawner/lib'
[2.891s] Level 1:colcon.colcon_core.environment:checking '/home/vm/training/ros2_ws/install/object_spawner/bin'
[2.894s] Level 1:colcon.colcon_core.environment:checking '/home/vm/training/ros2_ws/install/object_spawner/lib/pkgconfig/object_spawner.pc'
[2.894s] Level 1:colcon.colcon_core.environment:checking '/home/vm/training/ros2_ws/install/object_spawner/lib/python3.10/site-packages'
[2.894s] Level 1:colcon.colcon_core.shell:create_environment_hook('object_spawner', 'pythonpath')
[2.894s] INFO:colcon.colcon_core.shell:Creating environment hook '/home/vm/training/ros2_ws/install/object_spawner/share/object_spawner/hook/pythonpath.ps1'
[2.895s] INFO:colcon.colcon_core.shell:Creating environment descriptor '/home/vm/training/ros2_ws/install/object_spawner/share/object_spawner/hook/pythonpath.dsv'
[2.895s] INFO:colcon.colcon_core.shell:Creating environment hook '/home/vm/training/ros2_ws/install/object_spawner/share/object_spawner/hook/pythonpath.sh'
[2.896s] Level 1:colcon.colcon_core.environment:checking '/home/vm/training/ros2_ws/install/object_spawner/bin'
[2.896s] Level 1:colcon.colcon_core.environment:create_environment_scripts_only(object_spawner)
[2.896s] INFO:colcon.colcon_core.shell:Creating package script '/home/vm/training/ros2_ws/install/object_spawner/share/object_spawner/package.ps1'
[2.897s] INFO:colcon.colcon_core.shell:Creating package descriptor '/home/vm/training/ros2_ws/install/object_spawner/share/object_spawner/package.dsv'
[2.898s] INFO:colcon.colcon_core.shell:Creating package script '/home/vm/training/ros2_ws/install/object_spawner/share/object_spawner/package.sh'
[2.898s] INFO:colcon.colcon_core.shell:Creating package script '/home/vm/training/ros2_ws/install/object_spawner/share/object_spawner/package.bash'
[2.898s] INFO:colcon.colcon_core.shell:Creating package script '/home/vm/training/ros2_ws/install/object_spawner/share/object_spawner/package.zsh'
[2.899s] Level 1:colcon.colcon_core.environment:create_file_with_runtime_dependencies(/home/vm/training/ros2_ws/install/object_spawner/share/colcon-core/packages/object_spawner)
[2.899s] INFO:colcon.colcon_ros.task.ament_python.build:Building ROS package in '/home/vm/training/ros2_ws/src/teleop_keyboard' with build type 'ament_python'
[2.899s] Level 1:colcon.colcon_core.shell:create_environment_hook('teleop_keyboard', 'ament_prefix_path')
[2.902s] INFO:colcon.colcon_core.shell:Creating environment hook '/home/vm/training/ros2_ws/install/teleop_keyboard/share/teleop_keyboard/hook/ament_prefix_path.ps1'
[2.905s] INFO:colcon.colcon_core.shell:Creating environment descriptor '/home/vm/training/ros2_ws/install/teleop_keyboard/share/teleop_keyboard/hook/ament_prefix_path.dsv'
[2.906s] INFO:colcon.colcon_core.shell:Creating environment hook '/home/vm/training/ros2_ws/install/teleop_keyboard/share/teleop_keyboard/hook/ament_prefix_path.sh'
[2.906s] INFO:colcon.colcon_core.shell:Skip shell extension 'powershell' for command environment: Not usable outside of PowerShell
[2.906s] DEBUG:colcon.colcon_core.shell:Skip shell extension 'dsv' for command environment
[3.215s] INFO:colcon.colcon_core.task.python.build:Building Python package in '/home/vm/training/ros2_ws/src/teleop_keyboard'
[3.216s] INFO:colcon.colcon_core.shell:Skip shell extension 'powershell' for command environment: Not usable outside of PowerShell
[3.216s] DEBUG:colcon.colcon_core.shell:Skip shell extension 'dsv' for command environment
[3.233s] DEBUG:colcon.colcon_core.event_handler.log_command:Invoking command in '/home/vm/training/ros2_ws/src/pingpong_pkg': PYTHONPATH=/home/vm/training/ros2_ws/build/pingpong_pkg/prefix_override:/usr/lib/python3/dist-packages/colcon_core/task/python/colcon_distutils_commands:/home/vm/training/ros2_ws/install/pingpong_pkg/lib/python3.10/site-packages:${PYTHONPATH} /usr/bin/python3 -W ignore:setup.py install is deprecated -W ignore:easy_install command is deprecated setup.py egg_info --egg-base ../../build/pingpong_pkg build --build-base /home/vm/training/ros2_ws/build/pingpong_pkg/build install --record /home/vm/training/ros2_ws/build/pingpong_pkg/install.log --single-version-externally-managed install_data
[3.242s] DEBUG:colcon.colcon_core.event_handler.log_command:Invoked command in '/home/vm/training/ros2_ws/build/simple_velocity_msg' returned '0': CMAKE_PREFIX_PATH=${CMAKE_PREFIX_PATH}:/home/vm/training/ros2_ws/install/camera_service:/home/vm/training/ros2_ws/install/object_spawner:/home/vm/training/ros2_ws/install/pingpong_pkg:/home/vm/training/ros2_ws/install/custom_msg_publisher:/home/vm/training/new_workspace/install/package2:/home/vm/training/new_workspace/install/package1:/home/vm/training/new_workspace/install/my_python_package:/opt/ros/humble /usr/bin/cmake --build /home/vm/training/ros2_ws/build/simple_velocity_msg -- -j4 -l4
[3.253s] DEBUG:colcon.colcon_core.event_handler.log_command:Invoking command in '/home/vm/training/ros2_ws/build/simple_velocity_msg': CMAKE_PREFIX_PATH=${CMAKE_PREFIX_PATH}:/home/vm/training/ros2_ws/install/camera_service:/home/vm/training/ros2_ws/install/object_spawner:/home/vm/training/ros2_ws/install/pingpong_pkg:/home/vm/training/ros2_ws/install/custom_msg_publisher:/home/vm/training/new_workspace/install/package2:/home/vm/training/new_workspace/install/package1:/home/vm/training/new_workspace/install/my_python_package:/opt/ros/humble /usr/bin/cmake --install /home/vm/training/ros2_ws/build/simple_velocity_msg
[3.391s] Level 1:colcon.colcon_core.environment:create_environment_scripts_only(simple_velocity_msg)
[3.392s] Level 1:colcon.colcon_core.environment:checking '/home/vm/training/ros2_ws/install/simple_velocity_msg' for CMake module files
[3.395s] DEBUG:colcon.colcon_core.event_handler.log_command:Invoked command in '/home/vm/training/ros2_ws/build/simple_velocity_msg' returned '0': CMAKE_PREFIX_PATH=${CMAKE_PREFIX_PATH}:/home/vm/training/ros2_ws/install/camera_service:/home/vm/training/ros2_ws/install/object_spawner:/home/vm/training/ros2_ws/install/pingpong_pkg:/home/vm/training/ros2_ws/install/custom_msg_publisher:/home/vm/training/new_workspace/install/package2:/home/vm/training/new_workspace/install/package1:/home/vm/training/new_workspace/install/my_python_package:/opt/ros/humble /usr/bin/cmake --install /home/vm/training/ros2_ws/build/simple_velocity_msg
[3.397s] Level 1:colcon.colcon_core.environment:checking '/home/vm/training/ros2_ws/install/simple_velocity_msg' for CMake config files
[3.397s] Level 1:colcon.colcon_core.shell:create_environment_hook('simple_velocity_msg', 'cmake_prefix_path')
[3.398s] INFO:colcon.colcon_core.shell:Creating environment hook '/home/vm/training/ros2_ws/install/simple_velocity_msg/share/simple_velocity_msg/hook/cmake_prefix_path.ps1'
[3.398s] INFO:colcon.colcon_core.shell:Creating environment descriptor '/home/vm/training/ros2_ws/install/simple_velocity_msg/share/simple_velocity_msg/hook/cmake_prefix_path.dsv'
[3.398s] INFO:colcon.colcon_core.shell:Creating environment hook '/home/vm/training/ros2_ws/install/simple_velocity_msg/share/simple_velocity_msg/hook/cmake_prefix_path.sh'
[3.399s] Level 1:colcon.colcon_core.environment:checking '/home/vm/training/ros2_ws/install/simple_velocity_msg/lib'
[3.402s] Level 1:colcon.colcon_core.shell:create_environment_hook('simple_velocity_msg', 'ld_library_path_lib')
[3.402s] INFO:colcon.colcon_core.shell:Creating environment hook '/home/vm/training/ros2_ws/install/simple_velocity_msg/share/simple_velocity_msg/hook/ld_library_path_lib.ps1'
[3.403s] INFO:colcon.colcon_core.shell:Creating environment descriptor '/home/vm/training/ros2_ws/install/simple_velocity_msg/share/simple_velocity_msg/hook/ld_library_path_lib.dsv'
[3.403s] INFO:colcon.colcon_core.shell:Creating environment hook '/home/vm/training/ros2_ws/install/simple_velocity_msg/share/simple_velocity_msg/hook/ld_library_path_lib.sh'
[3.404s] Level 1:colcon.colcon_core.environment:checking '/home/vm/training/ros2_ws/install/simple_velocity_msg/bin'
[3.404s] Level 1:colcon.colcon_core.environment:checking '/home/vm/training/ros2_ws/install/simple_velocity_msg/lib/pkgconfig/simple_velocity_msg.pc'
[3.408s] Level 1:colcon.colcon_core.environment:checking '/home/vm/training/ros2_ws/install/simple_velocity_msg/lib/python3.10/site-packages'
[3.409s] Level 1:colcon.colcon_core.environment:checking '/home/vm/training/ros2_ws/install/simple_velocity_msg/bin'
[3.409s] INFO:colcon.colcon_core.shell:Creating package script '/home/vm/training/ros2_ws/install/simple_velocity_msg/share/simple_velocity_msg/package.ps1'
[3.413s] INFO:colcon.colcon_core.shell:Creating package descriptor '/home/vm/training/ros2_ws/install/simple_velocity_msg/share/simple_velocity_msg/package.dsv'
[3.413s] INFO:colcon.colcon_core.shell:Creating package script '/home/vm/training/ros2_ws/install/simple_velocity_msg/share/simple_velocity_msg/package.sh'
[3.413s] INFO:colcon.colcon_core.shell:Creating package script '/home/vm/training/ros2_ws/install/simple_velocity_msg/share/simple_velocity_msg/package.bash'
[3.414s] INFO:colcon.colcon_core.shell:Creating package script '/home/vm/training/ros2_ws/install/simple_velocity_msg/share/simple_velocity_msg/package.zsh'
[3.414s] Level 1:colcon.colcon_core.environment:create_file_with_runtime_dependencies(/home/vm/training/ros2_ws/install/simple_velocity_msg/share/colcon-core/packages/simple_velocity_msg)
[3.414s] Level 1:colcon.colcon_core.environment:create_environment_scripts_only(simple_velocity_msg)
[3.415s] Level 1:colcon.colcon_core.environment:checking '/home/vm/training/ros2_ws/install/simple_velocity_msg' for CMake module files
[3.419s] Level 1:colcon.colcon_core.environment:checking '/home/vm/training/ros2_ws/install/simple_velocity_msg' for CMake config files
[3.419s] Level 1:colcon.colcon_core.shell:create_environment_hook('simple_velocity_msg', 'cmake_prefix_path')
[3.419s] INFO:colcon.colcon_core.shell:Creating environment hook '/home/vm/training/ros2_ws/install/simple_velocity_msg/share/simple_velocity_msg/hook/cmake_prefix_path.ps1'
[3.420s] INFO:colcon.colcon_core.shell:Creating environment descriptor '/home/vm/training/ros2_ws/install/simple_velocity_msg/share/simple_velocity_msg/hook/cmake_prefix_path.dsv'
[3.420s] INFO:colcon.colcon_core.shell:Creating environment hook '/home/vm/training/ros2_ws/install/simple_velocity_msg/share/simple_velocity_msg/hook/cmake_prefix_path.sh'
[3.421s] Level 1:colcon.colcon_core.environment:checking '/home/vm/training/ros2_ws/install/simple_velocity_msg/lib'
[3.421s] Level 1:colcon.colcon_core.shell:create_environment_hook('simple_velocity_msg', 'ld_library_path_lib')
[3.421s] INFO:colcon.colcon_core.shell:Creating environment hook '/home/vm/training/ros2_ws/install/simple_velocity_msg/share/simple_velocity_msg/hook/ld_library_path_lib.ps1'
[3.423s] INFO:colcon.colcon_core.shell:Creating environment descriptor '/home/vm/training/ros2_ws/install/simple_velocity_msg/share/simple_velocity_msg/hook/ld_library_path_lib.dsv'
[3.424s] INFO:colcon.colcon_core.shell:Creating environment hook '/home/vm/training/ros2_ws/install/simple_velocity_msg/share/simple_velocity_msg/hook/ld_library_path_lib.sh'
[3.424s] Level 1:colcon.colcon_core.environment:checking '/home/vm/training/ros2_ws/install/simple_velocity_msg/bin'
[3.424s] Level 1:colcon.colcon_core.environment:checking '/home/vm/training/ros2_ws/install/simple_velocity_msg/lib/pkgconfig/simple_velocity_msg.pc'
[3.424s] Level 1:colcon.colcon_core.environment:checking '/home/vm/training/ros2_ws/install/simple_velocity_msg/lib/python3.10/site-packages'
[3.424s] Level 1:colcon.colcon_core.environment:checking '/home/vm/training/ros2_ws/install/simple_velocity_msg/bin'
[3.425s] INFO:colcon.colcon_core.shell:Creating package script '/home/vm/training/ros2_ws/install/simple_velocity_msg/share/simple_velocity_msg/package.ps1'
[3.431s] INFO:colcon.colcon_core.shell:Creating package descriptor '/home/vm/training/ros2_ws/install/simple_velocity_msg/share/simple_velocity_msg/package.dsv'
[3.431s] INFO:colcon.colcon_core.shell:Creating package script '/home/vm/training/ros2_ws/install/simple_velocity_msg/share/simple_velocity_msg/package.sh'
[3.432s] INFO:colcon.colcon_core.shell:Creating package script '/home/vm/training/ros2_ws/install/simple_velocity_msg/share/simple_velocity_msg/package.bash'
[3.432s] INFO:colcon.colcon_core.shell:Creating package script '/home/vm/training/ros2_ws/install/simple_velocity_msg/share/simple_velocity_msg/package.zsh'
[3.432s] Level 1:colcon.colcon_core.environment:create_file_with_runtime_dependencies(/home/vm/training/ros2_ws/install/simple_velocity_msg/share/colcon-core/packages/simple_velocity_msg)
[3.650s] Level 1:colcon.colcon_core.environment:checking '/home/vm/training/ros2_ws/install/pingpong_pkg' for CMake module files
[3.650s] DEBUG:colcon.colcon_core.event_handler.log_command:Invoked command in '/home/vm/training/ros2_ws/src/pingpong_pkg' returned '0': PYTHONPATH=/home/vm/training/ros2_ws/build/pingpong_pkg/prefix_override:/usr/lib/python3/dist-packages/colcon_core/task/python/colcon_distutils_commands:/home/vm/training/ros2_ws/install/pingpong_pkg/lib/python3.10/site-packages:${PYTHONPATH} /usr/bin/python3 -W ignore:setup.py install is deprecated -W ignore:easy_install command is deprecated setup.py egg_info --egg-base ../../build/pingpong_pkg build --build-base /home/vm/training/ros2_ws/build/pingpong_pkg/build install --record /home/vm/training/ros2_ws/build/pingpong_pkg/install.log --single-version-externally-managed install_data
[3.651s] Level 1:colcon.colcon_core.environment:checking '/home/vm/training/ros2_ws/install/pingpong_pkg' for CMake config files
[3.654s] Level 1:colcon.colcon_core.environment:checking '/home/vm/training/ros2_ws/install/pingpong_pkg/lib'
[3.654s] Level 1:colcon.colcon_core.environment:checking '/home/vm/training/ros2_ws/install/pingpong_pkg/bin'
[3.654s] Level 1:colcon.colcon_core.environment:checking '/home/vm/training/ros2_ws/install/pingpong_pkg/lib/pkgconfig/pingpong_pkg.pc'
[3.655s] Level 1:colcon.colcon_core.environment:checking '/home/vm/training/ros2_ws/install/pingpong_pkg/lib/python3.10/site-packages'
[3.655s] Level 1:colcon.colcon_core.shell:create_environment_hook('pingpong_pkg', 'pythonpath')
[3.655s] INFO:colcon.colcon_core.shell:Creating environment hook '/home/vm/training/ros2_ws/install/pingpong_pkg/share/pingpong_pkg/hook/pythonpath.ps1'
[3.656s] INFO:colcon.colcon_core.shell:Creating environment descriptor '/home/vm/training/ros2_ws/install/pingpong_pkg/share/pingpong_pkg/hook/pythonpath.dsv'
[3.662s] INFO:colcon.colcon_core.shell:Creating environment hook '/home/vm/training/ros2_ws/install/pingpong_pkg/share/pingpong_pkg/hook/pythonpath.sh'
[3.664s] Level 1:colcon.colcon_core.environment:checking '/home/vm/training/ros2_ws/install/pingpong_pkg/bin'
[3.664s] Level 1:colcon.colcon_core.environment:create_environment_scripts_only(pingpong_pkg)
[3.665s] INFO:colcon.colcon_core.shell:Creating package script '/home/vm/training/ros2_ws/install/pingpong_pkg/share/pingpong_pkg/package.ps1'
[3.669s] INFO:colcon.colcon_core.shell:Creating package descriptor '/home/vm/training/ros2_ws/install/pingpong_pkg/share/pingpong_pkg/package.dsv'
[3.670s] INFO:colcon.colcon_core.shell:Creating package script '/home/vm/training/ros2_ws/install/pingpong_pkg/share/pingpong_pkg/package.sh'
[3.670s] INFO:colcon.colcon_core.shell:Creating package script '/home/vm/training/ros2_ws/install/pingpong_pkg/share/pingpong_pkg/package.bash'
[3.670s] INFO:colcon.colcon_core.shell:Creating package script '/home/vm/training/ros2_ws/install/pingpong_pkg/share/pingpong_pkg/package.zsh'
[3.671s] Level 1:colcon.colcon_core.environment:create_file_with_runtime_dependencies(/home/vm/training/ros2_ws/install/pingpong_pkg/share/colcon-core/packages/pingpong_pkg)
[3.719s] DEBUG:colcon.colcon_core.event_handler.log_command:Invoking command in '/home/vm/training/ros2_ws/src/teleop_keyboard': PYTHONPATH=/home/vm/training/ros2_ws/build/teleop_keyboard/prefix_override:/usr/lib/python3/dist-packages/colcon_core/task/python/colcon_distutils_commands:/home/vm/training/ros2_ws/install/teleop_keyboard/lib/python3.10/site-packages:${PYTHONPATH} /usr/bin/python3 -W ignore:setup.py install is deprecated -W ignore:easy_install command is deprecated setup.py egg_info --egg-base ../../build/teleop_keyboard build --build-base /home/vm/training/ros2_ws/build/teleop_keyboard/build install --record /home/vm/training/ros2_ws/build/teleop_keyboard/install.log --single-version-externally-managed install_data
[4.024s] Level 1:colcon.colcon_core.environment:checking '/home/vm/training/ros2_ws/install/teleop_keyboard' for CMake module files
[4.025s] Level 1:colcon.colcon_core.environment:checking '/home/vm/training/ros2_ws/install/teleop_keyboard' for CMake config files
[4.025s] DEBUG:colcon.colcon_core.event_handler.log_command:Invoked command in '/home/vm/training/ros2_ws/src/teleop_keyboard' returned '0': PYTHONPATH=/home/vm/training/ros2_ws/build/teleop_keyboard/prefix_override:/usr/lib/python3/dist-packages/colcon_core/task/python/colcon_distutils_commands:/home/vm/training/ros2_ws/install/teleop_keyboard/lib/python3.10/site-packages:${PYTHONPATH} /usr/bin/python3 -W ignore:setup.py install is deprecated -W ignore:easy_install command is deprecated setup.py egg_info --egg-base ../../build/teleop_keyboard build --build-base /home/vm/training/ros2_ws/build/teleop_keyboard/build install --record /home/vm/training/ros2_ws/build/teleop_keyboard/install.log --single-version-externally-managed install_data
[4.026s] Level 1:colcon.colcon_core.environment:checking '/home/vm/training/ros2_ws/install/teleop_keyboard/lib'
[4.026s] Level 1:colcon.colcon_core.environment:checking '/home/vm/training/ros2_ws/install/teleop_keyboard/bin'
[4.026s] Level 1:colcon.colcon_core.environment:checking '/home/vm/training/ros2_ws/install/teleop_keyboard/lib/pkgconfig/teleop_keyboard.pc'
[4.027s] Level 1:colcon.colcon_core.environment:checking '/home/vm/training/ros2_ws/install/teleop_keyboard/lib/python3.10/site-packages'
[4.027s] Level 1:colcon.colcon_core.shell:create_environment_hook('teleop_keyboard', 'pythonpath')
[4.027s] INFO:colcon.colcon_core.shell:Creating environment hook '/home/vm/training/ros2_ws/install/teleop_keyboard/share/teleop_keyboard/hook/pythonpath.ps1'
[4.027s] INFO:colcon.colcon_core.shell:Creating environment descriptor '/home/vm/training/ros2_ws/install/teleop_keyboard/share/teleop_keyboard/hook/pythonpath.dsv'
[4.027s] INFO:colcon.colcon_core.shell:Creating environment hook '/home/vm/training/ros2_ws/install/teleop_keyboard/share/teleop_keyboard/hook/pythonpath.sh'
[4.028s] Level 1:colcon.colcon_core.environment:checking '/home/vm/training/ros2_ws/install/teleop_keyboard/bin'
[4.028s] Level 1:colcon.colcon_core.environment:create_environment_scripts_only(teleop_keyboard)
[4.028s] INFO:colcon.colcon_core.shell:Creating package script '/home/vm/training/ros2_ws/install/teleop_keyboard/share/teleop_keyboard/package.ps1'
[4.029s] INFO:colcon.colcon_core.shell:Creating package descriptor '/home/vm/training/ros2_ws/install/teleop_keyboard/share/teleop_keyboard/package.dsv'
[4.029s] INFO:colcon.colcon_core.shell:Creating package script '/home/vm/training/ros2_ws/install/teleop_keyboard/share/teleop_keyboard/package.sh'
[4.034s] INFO:colcon.colcon_core.shell:Creating package script '/home/vm/training/ros2_ws/install/teleop_keyboard/share/teleop_keyboard/package.bash'
[4.035s] INFO:colcon.colcon_core.shell:Creating package script '/home/vm/training/ros2_ws/install/teleop_keyboard/share/teleop_keyboard/package.zsh'
[4.035s] Level 1:colcon.colcon_core.environment:create_file_with_runtime_dependencies(/home/vm/training/ros2_ws/install/teleop_keyboard/share/colcon-core/packages/teleop_keyboard)
[5.215s] DEBUG:colcon.colcon_core.event_handler.log_command:Invoked command in '/home/vm/training/ros2_ws/build/perception_msgs' returned '0': CMAKE_PREFIX_PATH=${CMAKE_PREFIX_PATH}:/home/vm/training/ros2_ws/install/camera_service:/home/vm/training/ros2_ws/install/object_spawner:/home/vm/training/ros2_ws/install/pingpong_pkg:/home/vm/training/ros2_ws/install/custom_msg_publisher:/home/vm/training/new_workspace/install/package2:/home/vm/training/new_workspace/install/package1:/home/vm/training/new_workspace/install/my_python_package:/opt/ros/humble /usr/bin/cmake /home/vm/training/ros2_ws/src/perception_msgs -DCMAKE_INSTALL_PREFIX=/home/vm/training/ros2_ws/install/perception_msgs
[5.216s] DEBUG:colcon.colcon_core.event_handler.log_command:Invoking command in '/home/vm/training/ros2_ws/build/perception_msgs': CMAKE_PREFIX_PATH=${CMAKE_PREFIX_PATH}:/home/vm/training/ros2_ws/install/camera_service:/home/vm/training/ros2_ws/install/object_spawner:/home/vm/training/ros2_ws/install/pingpong_pkg:/home/vm/training/ros2_ws/install/custom_msg_publisher:/home/vm/training/new_workspace/install/package2:/home/vm/training/new_workspace/install/package1:/home/vm/training/new_workspace/install/my_python_package:/opt/ros/humble /usr/bin/cmake --build /home/vm/training/ros2_ws/build/perception_msgs -- -j4 -l4
[7.825s] DEBUG:colcon.colcon_core.event_handler.log_command:Invoked command in '/home/vm/training/ros2_ws/build/perception_msgs' returned '0': CMAKE_PREFIX_PATH=${CMAKE_PREFIX_PATH}:/home/vm/training/ros2_ws/install/camera_service:/home/vm/training/ros2_ws/install/object_spawner:/home/vm/training/ros2_ws/install/pingpong_pkg:/home/vm/training/ros2_ws/install/custom_msg_publisher:/home/vm/training/new_workspace/install/package2:/home/vm/training/new_workspace/install/package1:/home/vm/training/new_workspace/install/my_python_package:/opt/ros/humble /usr/bin/cmake --build /home/vm/training/ros2_ws/build/perception_msgs -- -j4 -l4
[7.825s] DEBUG:colcon.colcon_core.event_handler.log_command:Invoking command in '/home/vm/training/ros2_ws/build/perception_msgs': CMAKE_PREFIX_PATH=${CMAKE_PREFIX_PATH}:/home/vm/training/ros2_ws/install/camera_service:/home/vm/training/ros2_ws/install/object_spawner:/home/vm/training/ros2_ws/install/pingpong_pkg:/home/vm/training/ros2_ws/install/custom_msg_publisher:/home/vm/training/new_workspace/install/package2:/home/vm/training/new_workspace/install/package1:/home/vm/training/new_workspace/install/my_python_package:/opt/ros/humble /usr/bin/cmake --install /home/vm/training/ros2_ws/build/perception_msgs
[7.887s] Level 1:colcon.colcon_core.environment:create_environment_scripts_only(perception_msgs)
[7.888s] Level 1:colcon.colcon_core.environment:checking '/home/vm/training/ros2_ws/install/perception_msgs' for CMake module files
[7.888s] DEBUG:colcon.colcon_core.event_handler.log_command:Invoked command in '/home/vm/training/ros2_ws/build/perception_msgs' returned '0': CMAKE_PREFIX_PATH=${CMAKE_PREFIX_PATH}:/home/vm/training/ros2_ws/install/camera_service:/home/vm/training/ros2_ws/install/object_spawner:/home/vm/training/ros2_ws/install/pingpong_pkg:/home/vm/training/ros2_ws/install/custom_msg_publisher:/home/vm/training/new_workspace/install/package2:/home/vm/training/new_workspace/install/package1:/home/vm/training/new_workspace/install/my_python_package:/opt/ros/humble /usr/bin/cmake --install /home/vm/training/ros2_ws/build/perception_msgs
[7.889s] Level 1:colcon.colcon_core.environment:checking '/home/vm/training/ros2_ws/install/perception_msgs' for CMake config files
[7.889s] Level 1:colcon.colcon_core.shell:create_environment_hook('perception_msgs', 'cmake_prefix_path')
[7.889s] INFO:colcon.colcon_core.shell:Creating environment hook '/home/vm/training/ros2_ws/install/perception_msgs/share/perception_msgs/hook/cmake_prefix_path.ps1'
[7.890s] INFO:colcon.colcon_core.shell:Creating environment descriptor '/home/vm/training/ros2_ws/install/perception_msgs/share/perception_msgs/hook/cmake_prefix_path.dsv'
[7.890s] INFO:colcon.colcon_core.shell:Creating environment hook '/home/vm/training/ros2_ws/install/perception_msgs/share/perception_msgs/hook/cmake_prefix_path.sh'
[7.891s] Level 1:colcon.colcon_core.environment:checking '/home/vm/training/ros2_ws/install/perception_msgs/lib'
[7.891s] Level 1:colcon.colcon_core.shell:create_environment_hook('perception_msgs', 'ld_library_path_lib')
[7.891s] INFO:colcon.colcon_core.shell:Creating environment hook '/home/vm/training/ros2_ws/install/perception_msgs/share/perception_msgs/hook/ld_library_path_lib.ps1'
[7.891s] INFO:colcon.colcon_core.shell:Creating environment descriptor '/home/vm/training/ros2_ws/install/perception_msgs/share/perception_msgs/hook/ld_library_path_lib.dsv'
[7.891s] INFO:colcon.colcon_core.shell:Creating environment hook '/home/vm/training/ros2_ws/install/perception_msgs/share/perception_msgs/hook/ld_library_path_lib.sh'
[7.892s] Level 1:colcon.colcon_core.environment:checking '/home/vm/training/ros2_ws/install/perception_msgs/bin'
[7.892s] Level 1:colcon.colcon_core.environment:checking '/home/vm/training/ros2_ws/install/perception_msgs/lib/pkgconfig/perception_msgs.pc'
[7.892s] Level 1:colcon.colcon_core.environment:checking '/home/vm/training/ros2_ws/install/perception_msgs/lib/python3.10/site-packages'
[7.893s] Level 1:colcon.colcon_core.environment:checking '/home/vm/training/ros2_ws/install/perception_msgs/bin'
[7.893s] INFO:colcon.colcon_core.shell:Creating package script '/home/vm/training/ros2_ws/install/perception_msgs/share/perception_msgs/package.ps1'
[7.894s] INFO:colcon.colcon_core.shell:Creating package descriptor '/home/vm/training/ros2_ws/install/perception_msgs/share/perception_msgs/package.dsv'
[7.894s] INFO:colcon.colcon_core.shell:Creating package script '/home/vm/training/ros2_ws/install/perception_msgs/share/perception_msgs/package.sh'
[7.894s] INFO:colcon.colcon_core.shell:Creating package script '/home/vm/training/ros2_ws/install/perception_msgs/share/perception_msgs/package.bash'
[7.895s] INFO:colcon.colcon_core.shell:Creating package script '/home/vm/training/ros2_ws/install/perception_msgs/share/perception_msgs/package.zsh'
[7.895s] Level 1:colcon.colcon_core.environment:create_file_with_runtime_dependencies(/home/vm/training/ros2_ws/install/perception_msgs/share/colcon-core/packages/perception_msgs)
[7.895s] Level 1:colcon.colcon_core.environment:create_environment_scripts_only(perception_msgs)
[7.896s] Level 1:colcon.colcon_core.environment:checking '/home/vm/training/ros2_ws/install/perception_msgs' for CMake module files
[7.896s] Level 1:colcon.colcon_core.environment:checking '/home/vm/training/ros2_ws/install/perception_msgs' for CMake config files
[7.897s] Level 1:colcon.colcon_core.shell:create_environment_hook('perception_msgs', 'cmake_prefix_path')
[7.897s] INFO:colcon.colcon_core.shell:Creating environment hook '/home/vm/training/ros2_ws/install/perception_msgs/share/perception_msgs/hook/cmake_prefix_path.ps1'
[7.897s] INFO:colcon.colcon_core.shell:Creating environment descriptor '/home/vm/training/ros2_ws/install/perception_msgs/share/perception_msgs/hook/cmake_prefix_path.dsv'
[7.897s] INFO:colcon.colcon_core.shell:Creating environment hook '/home/vm/training/ros2_ws/install/perception_msgs/share/perception_msgs/hook/cmake_prefix_path.sh'
[7.898s] Level 1:colcon.colcon_core.environment:checking '/home/vm/training/ros2_ws/install/perception_msgs/lib'
[7.898s] Level 1:colcon.colcon_core.shell:create_environment_hook('perception_msgs', 'ld_library_path_lib')
[7.898s] INFO:colcon.colcon_core.shell:Creating environment hook '/home/vm/training/ros2_ws/install/perception_msgs/share/perception_msgs/hook/ld_library_path_lib.ps1'
[7.898s] INFO:colcon.colcon_core.shell:Creating environment descriptor '/home/vm/training/ros2_ws/install/perception_msgs/share/perception_msgs/hook/ld_library_path_lib.dsv'
[7.899s] INFO:colcon.colcon_core.shell:Creating environment hook '/home/vm/training/ros2_ws/install/perception_msgs/share/perception_msgs/hook/ld_library_path_lib.sh'
[7.899s] Level 1:colcon.colcon_core.environment:checking '/home/vm/training/ros2_ws/install/perception_msgs/bin'
[7.899s] Level 1:colcon.colcon_core.environment:checking '/home/vm/training/ros2_ws/install/perception_msgs/lib/pkgconfig/perception_msgs.pc'
[7.899s] Level 1:colcon.colcon_core.environment:checking '/home/vm/training/ros2_ws/install/perception_msgs/lib/python3.10/site-packages'
[7.900s] Level 1:colcon.colcon_core.environment:checking '/home/vm/training/ros2_ws/install/perception_msgs/bin'
[7.900s] INFO:colcon.colcon_core.shell:Creating package script '/home/vm/training/ros2_ws/install/perception_msgs/share/perception_msgs/package.ps1'
[7.900s] INFO:colcon.colcon_core.shell:Creating package descriptor '/home/vm/training/ros2_ws/install/perception_msgs/share/perception_msgs/package.dsv'
[7.901s] INFO:colcon.colcon_core.shell:Creating package script '/home/vm/training/ros2_ws/install/perception_msgs/share/perception_msgs/package.sh'
[7.901s] INFO:colcon.colcon_core.shell:Creating package script '/home/vm/training/ros2_ws/install/perception_msgs/share/perception_msgs/package.bash'
[7.902s] INFO:colcon.colcon_core.shell:Creating package script '/home/vm/training/ros2_ws/install/perception_msgs/share/perception_msgs/package.zsh'
[7.902s] Level 1:colcon.colcon_core.environment:create_file_with_runtime_dependencies(/home/vm/training/ros2_ws/install/perception_msgs/share/colcon-core/packages/perception_msgs)
[7.902s] DEBUG:colcon.colcon_parallel_executor.executor.parallel:closing loop
[7.903s] DEBUG:colcon.colcon_parallel_executor.executor.parallel:loop closed
[7.903s] DEBUG:colcon.colcon_parallel_executor.executor.parallel:run_until_complete finished with '0'
[7.903s] DEBUG:colcon.colcon_core.event_reactor:joining thread
[7.909s] INFO:colcon.colcon_core.plugin_system:Skipping extension 'colcon_notification.desktop_notification.terminal_notifier': Not used on non-Darwin systems
[7.910s] INFO:colcon.colcon_core.plugin_system:Skipping extension 'colcon_notification.desktop_notification.win32': Not used on non-Windows systems
[7.910s] INFO:colcon.colcon_notification.desktop_notification:Sending desktop notification using 'notify2'
[7.923s] DEBUG:colcon.colcon_core.event_reactor:joined thread
[7.923s] INFO:colcon.colcon_core.shell:Creating prefix script '/home/vm/training/ros2_ws/install/local_setup.ps1'
[7.924s] INFO:colcon.colcon_core.shell:Creating prefix util module '/home/vm/training/ros2_ws/install/_local_setup_util_ps1.py'
[7.925s] INFO:colcon.colcon_core.shell:Creating prefix chain script '/home/vm/training/ros2_ws/install/setup.ps1'
[7.927s] INFO:colcon.colcon_core.shell:Creating prefix script '/home/vm/training/ros2_ws/install/local_setup.sh'
[7.927s] INFO:colcon.colcon_core.shell:Creating prefix util module '/home/vm/training/ros2_ws/install/_local_setup_util_sh.py'
[7.928s] INFO:colcon.colcon_core.shell:Creating prefix chain script '/home/vm/training/ros2_ws/install/setup.sh'
[7.929s] INFO:colcon.colcon_core.shell:Creating prefix script '/home/vm/training/ros2_ws/install/local_setup.bash'
[7.929s] INFO:colcon.colcon_core.shell:Creating prefix chain script '/home/vm/training/ros2_ws/install/setup.bash'
[7.930s] INFO:colcon.colcon_core.shell:Creating prefix script '/home/vm/training/ros2_ws/install/local_setup.zsh'
[7.931s] INFO:colcon.colcon_core.shell:Creating prefix chain script '/home/vm/training/ros2_ws/install/setup.zsh'
