[1.645s] Invoking command in '/home/vm/training/ros2_ws/src/camera_service': PYTHONPATH=/home/vm/training/ros2_ws/build/camera_service/prefix_override:/usr/lib/python3/dist-packages/colcon_core/task/python/colcon_distutils_commands:/home/vm/training/ros2_ws/install/camera_service/lib/python3.10/site-packages:${PYTHONPATH} /usr/bin/python3 -W ignore:setup.py install is deprecated -W ignore:easy_install command is deprecated setup.py egg_info --egg-base ../../build/camera_service build --build-base /home/vm/training/ros2_ws/build/camera_service/build install --record /home/vm/training/ros2_ws/build/camera_service/install.log --single-version-externally-managed install_data
[2.087s] running egg_info
[2.088s] writing ../../build/camera_service/camera_service.egg-info/PKG-INFO
[2.088s] writing dependency_links to ../../build/camera_service/camera_service.egg-info/dependency_links.txt
[2.088s] writing entry points to ../../build/camera_service/camera_service.egg-info/entry_points.txt
[2.089s] writing requirements to ../../build/camera_service/camera_service.egg-info/requires.txt
[2.090s] writing top-level names to ../../build/camera_service/camera_service.egg-info/top_level.txt
[2.091s] reading manifest file '../../build/camera_service/camera_service.egg-info/SOURCES.txt'
[2.092s] writing manifest file '../../build/camera_service/camera_service.egg-info/SOURCES.txt'
[2.093s] running build
[2.093s] running build_py
[2.093s] copying camera_service/camera_service.py -> /home/vm/training/ros2_ws/build/camera_service/build/lib/camera_service
[2.095s] running install
[2.097s] running install_lib
[2.097s] copying /home/vm/training/ros2_ws/build/camera_service/build/lib/camera_service/camera_service.py -> /home/vm/training/ros2_ws/install/camera_service/lib/python3.10/site-packages/camera_service
[2.099s] byte-compiling /home/vm/training/ros2_ws/install/camera_service/lib/python3.10/site-packages/camera_service/camera_service.py to camera_service.cpython-310.pyc
[2.099s] running install_data
[2.100s] running install_egg_info
[2.101s] removing '/home/vm/training/ros2_ws/install/camera_service/lib/python3.10/site-packages/camera_service-0.0.0-py3.10.egg-info' (and everything under it)
[2.104s] Copying ../../build/camera_service/camera_service.egg-info to /home/vm/training/ros2_ws/install/camera_service/lib/python3.10/site-packages/camera_service-0.0.0-py3.10.egg-info
[2.105s] running install_scripts
[2.132s] Installing aruco_detection_node script to /home/vm/training/ros2_ws/install/camera_service/lib/camera_service
[2.132s] writing list of installed files to '/home/vm/training/ros2_ws/build/camera_service/install.log'
[2.301s] Invoked command in '/home/vm/training/ros2_ws/src/camera_service' returned '0': PYTHONPATH=/home/vm/training/ros2_ws/build/camera_service/prefix_override:/usr/lib/python3/dist-packages/colcon_core/task/python/colcon_distutils_commands:/home/vm/training/ros2_ws/install/camera_service/lib/python3.10/site-packages:${PYTHONPATH} /usr/bin/python3 -W ignore:setup.py install is deprecated -W ignore:easy_install command is deprecated setup.py egg_info --egg-base ../../build/camera_service build --build-base /home/vm/training/ros2_ws/build/camera_service/build install --record /home/vm/training/ros2_ws/build/camera_service/install.log --single-version-externally-managed install_data
