[0.537s] Invoking command in '/home/vm/training/ros2_ws/src/object_spawner': PYTHONPATH=/home/vm/training/ros2_ws/src/build/object_spawner/prefix_override:/usr/lib/python3/dist-packages/colcon_core/task/python/colcon_distutils_commands:/home/vm/training/ros2_ws/src/install/object_spawner/lib/python3.10/site-packages:${PYTHONPATH} /usr/bin/python3 -W ignore:setup.py install is deprecated -W ignore:easy_install command is deprecated setup.py egg_info --egg-base ../build/object_spawner build --build-base /home/vm/training/ros2_ws/src/build/object_spawner/build install --record /home/vm/training/ros2_ws/src/build/object_spawner/install.log --single-version-externally-managed install_data
[0.943s] running egg_info
[0.950s] writing ../build/object_spawner/object_spawner.egg-info/PKG-INFO
[0.950s] writing dependency_links to ../build/object_spawner/object_spawner.egg-info/dependency_links.txt
[0.950s] writing entry points to ../build/object_spawner/object_spawner.egg-info/entry_points.txt
[0.950s] writing requirements to ../build/object_spawner/object_spawner.egg-info/requires.txt
[0.951s] writing top-level names to ../build/object_spawner/object_spawner.egg-info/top_level.txt
[0.954s] reading manifest file '../build/object_spawner/object_spawner.egg-info/SOURCES.txt'
[0.954s] writing manifest file '../build/object_spawner/object_spawner.egg-info/SOURCES.txt'
[0.954s] running build
[0.954s] running build_py
[0.954s] running install
[0.954s] running install_lib
[0.955s] running install_data
[0.958s] running install_egg_info
[0.958s] removing '/home/vm/training/ros2_ws/src/install/object_spawner/lib/python3.10/site-packages/object_spawner-0.0.0-py3.10.egg-info' (and everything under it)
[0.963s] Copying ../build/object_spawner/object_spawner.egg-info to /home/vm/training/ros2_ws/src/install/object_spawner/lib/python3.10/site-packages/object_spawner-0.0.0-py3.10.egg-info
[0.964s] running install_scripts
[0.986s] Installing object_spawner_node script to /home/vm/training/ros2_ws/src/install/object_spawner/lib/object_spawner
[0.986s] writing list of installed files to '/home/vm/training/ros2_ws/src/build/object_spawner/install.log'
[1.016s] Invoked command in '/home/vm/training/ros2_ws/src/object_spawner' returned '0': PYTHONPATH=/home/vm/training/ros2_ws/src/build/object_spawner/prefix_override:/usr/lib/python3/dist-packages/colcon_core/task/python/colcon_distutils_commands:/home/vm/training/ros2_ws/src/install/object_spawner/lib/python3.10/site-packages:${PYTHONPATH} /usr/bin/python3 -W ignore:setup.py install is deprecated -W ignore:easy_install command is deprecated setup.py egg_info --egg-base ../build/object_spawner build --build-base /home/vm/training/ros2_ws/src/build/object_spawner/build install --record /home/vm/training/ros2_ws/src/build/object_spawner/install.log --single-version-externally-managed install_data
