[0.116s] DEBUG:colcon:Command line arguments: ['/usr/bin/colcon', 'build']
[0.116s] DEBUG:colcon:Parsed command line arguments: Namespace(log_base=None, log_level=None, verb_name='build', build_base='build', install_base='install', merge_install=False, symlink_install=False, test_result_base=None, continue_on_error=False, executor='parallel', parallel_workers=4, event_handlers=None, ignore_user_meta=False, metas=['./colcon.meta'], base_paths=['.'], packages_ignore=None, packages_ignore_regex=None, paths=None, packages_up_to=None, packages_up_to_regex=None, packages_above=None, packages_above_and_dependencies=None, packages_above_depth=None, packages_select_by_dep=None, packages_skip_by_dep=None, packages_skip_up_to=None, packages_select_build_failed=False, packages_skip_build_finished=False, packages_select_test_failures=False, packages_skip_test_passed=False, packages_select=None, packages_skip=None, packages_select_regex=None, packages_skip_regex=None, packages_start=None, packages_end=None, allow_overriding=[], cmake_args=None, cmake_target=None, cmake_target_skip_unavailable=False, cmake_clean_cache=False, cmake_clean_first=False, cmake_force_configure=False, ament_cmake_args=None, catkin_cmake_args=None, catkin_skip_building_tests=False, verb_parser=<colcon_defaults.argument_parser.defaults.DefaultArgumentsDecorator object at 0x72313e249420>, verb_extension=<colcon_core.verb.build.BuildVerb object at 0x72313e248ee0>, main=<bound method BuildVerb.main of <colcon_core.verb.build.BuildVerb object at 0x72313e248ee0>>)
[0.325s] Level 1:colcon.colcon_core.package_discovery:discover_packages(colcon_meta) check parameters
[0.326s] Level 1:colcon.colcon_core.package_discovery:discover_packages(recursive) check parameters
[0.326s] Level 1:colcon.colcon_core.package_discovery:discover_packages(ignore) check parameters
[0.326s] Level 1:colcon.colcon_core.package_discovery:discover_packages(path) check parameters
[0.326s] Level 1:colcon.colcon_core.package_discovery:discover_packages(colcon_meta) discover
[0.326s] Level 1:colcon.colcon_core.package_discovery:discover_packages(recursive) discover
[0.326s] INFO:colcon.colcon_core.package_discovery:Crawling recursively for packages in '/home/vm/training/ros2_ws'
[0.327s] Level 1:colcon.colcon_core.package_identification:_identify(.) by extensions ['ignore', 'ignore_ament_install']
[0.327s] Level 1:colcon.colcon_core.package_identification:_identify(.) by extension 'ignore'
[0.327s] Level 1:colcon.colcon_core.package_identification:_identify(.) by extension 'ignore_ament_install'
[0.327s] Level 1:colcon.colcon_core.package_identification:_identify(.) by extensions ['colcon_pkg']
[0.327s] Level 1:colcon.colcon_core.package_identification:_identify(.) by extension 'colcon_pkg'
[0.327s] Level 1:colcon.colcon_core.package_identification:_identify(.) by extensions ['colcon_meta']
[0.327s] Level 1:colcon.colcon_core.package_identification:_identify(.) by extension 'colcon_meta'
[0.327s] Level 1:colcon.colcon_core.package_identification:_identify(.) by extensions ['ros']
[0.327s] Level 1:colcon.colcon_core.package_identification:_identify(.) by extension 'ros'
[0.338s] Level 1:colcon.colcon_core.package_identification:_identify(.) by extensions ['cmake', 'python']
[0.338s] Level 1:colcon.colcon_core.package_identification:_identify(.) by extension 'cmake'
[0.338s] Level 1:colcon.colcon_core.package_identification:_identify(.) by extension 'python'
[0.338s] Level 1:colcon.colcon_core.package_identification:_identify(.) by extensions ['python_setup_py']
[0.338s] Level 1:colcon.colcon_core.package_identification:_identify(.) by extension 'python_setup_py'
[0.338s] Level 1:colcon.colcon_core.package_identification:_identify(build) by extensions ['ignore', 'ignore_ament_install']
[0.338s] Level 1:colcon.colcon_core.package_identification:_identify(build) by extension 'ignore'
[0.338s] Level 1:colcon.colcon_core.package_identification:_identify(build) ignored
[0.339s] Level 1:colcon.colcon_core.package_identification:_identify(install) by extensions ['ignore', 'ignore_ament_install']
[0.339s] Level 1:colcon.colcon_core.package_identification:_identify(install) by extension 'ignore'
[0.339s] Level 1:colcon.colcon_core.package_identification:_identify(install) ignored
[0.339s] Level 1:colcon.colcon_core.package_identification:_identify(log) by extensions ['ignore', 'ignore_ament_install']
[0.339s] Level 1:colcon.colcon_core.package_identification:_identify(log) by extension 'ignore'
[0.339s] Level 1:colcon.colcon_core.package_identification:_identify(log) ignored
[0.339s] Level 1:colcon.colcon_core.package_identification:_identify(src) by extensions ['ignore', 'ignore_ament_install']
[0.339s] Level 1:colcon.colcon_core.package_identification:_identify(src) by extension 'ignore'
[0.339s] Level 1:colcon.colcon_core.package_identification:_identify(src) by extension 'ignore_ament_install'
[0.339s] Level 1:colcon.colcon_core.package_identification:_identify(src) by extensions ['colcon_pkg']
[0.339s] Level 1:colcon.colcon_core.package_identification:_identify(src) by extension 'colcon_pkg'
[0.339s] Level 1:colcon.colcon_core.package_identification:_identify(src) by extensions ['colcon_meta']
[0.339s] Level 1:colcon.colcon_core.package_identification:_identify(src) by extension 'colcon_meta'
[0.339s] Level 1:colcon.colcon_core.package_identification:_identify(src) by extensions ['ros']
[0.339s] Level 1:colcon.colcon_core.package_identification:_identify(src) by extension 'ros'
[0.339s] Level 1:colcon.colcon_core.package_identification:_identify(src) by extensions ['cmake', 'python']
[0.339s] Level 1:colcon.colcon_core.package_identification:_identify(src) by extension 'cmake'
[0.339s] Level 1:colcon.colcon_core.package_identification:_identify(src) by extension 'python'
[0.339s] Level 1:colcon.colcon_core.package_identification:_identify(src) by extensions ['python_setup_py']
[0.339s] Level 1:colcon.colcon_core.package_identification:_identify(src) by extension 'python_setup_py'
[0.339s] Level 1:colcon.colcon_core.package_identification:_identify(src/build) by extensions ['ignore', 'ignore_ament_install']
[0.339s] Level 1:colcon.colcon_core.package_identification:_identify(src/build) by extension 'ignore'
[0.340s] Level 1:colcon.colcon_core.package_identification:_identify(src/build) ignored
[0.340s] Level 1:colcon.colcon_core.package_identification:_identify(src/camera_service) by extensions ['ignore', 'ignore_ament_install']
[0.340s] Level 1:colcon.colcon_core.package_identification:_identify(src/camera_service) by extension 'ignore'
[0.340s] Level 1:colcon.colcon_core.package_identification:_identify(src/camera_service) by extension 'ignore_ament_install'
[0.340s] Level 1:colcon.colcon_core.package_identification:_identify(src/camera_service) by extensions ['colcon_pkg']
[0.340s] Level 1:colcon.colcon_core.package_identification:_identify(src/camera_service) by extension 'colcon_pkg'
[0.340s] Level 1:colcon.colcon_core.package_identification:_identify(src/camera_service) by extensions ['colcon_meta']
[0.340s] Level 1:colcon.colcon_core.package_identification:_identify(src/camera_service) by extension 'colcon_meta'
[0.340s] Level 1:colcon.colcon_core.package_identification:_identify(src/camera_service) by extensions ['ros']
[0.340s] Level 1:colcon.colcon_core.package_identification:_identify(src/camera_service) by extension 'ros'
[0.343s] DEBUG:colcon.colcon_core.package_identification:Package 'src/camera_service' with type 'ros.ament_python' and name 'camera_service'
[0.344s] Level 1:colcon.colcon_core.package_identification:_identify(src/custom_msg_publisher) by extensions ['ignore', 'ignore_ament_install']
[0.344s] Level 1:colcon.colcon_core.package_identification:_identify(src/custom_msg_publisher) by extension 'ignore'
[0.344s] Level 1:colcon.colcon_core.package_identification:_identify(src/custom_msg_publisher) by extension 'ignore_ament_install'
[0.344s] Level 1:colcon.colcon_core.package_identification:_identify(src/custom_msg_publisher) by extensions ['colcon_pkg']
[0.344s] Level 1:colcon.colcon_core.package_identification:_identify(src/custom_msg_publisher) by extension 'colcon_pkg'
[0.344s] Level 1:colcon.colcon_core.package_identification:_identify(src/custom_msg_publisher) by extensions ['colcon_meta']
[0.344s] Level 1:colcon.colcon_core.package_identification:_identify(src/custom_msg_publisher) by extension 'colcon_meta'
[0.344s] Level 1:colcon.colcon_core.package_identification:_identify(src/custom_msg_publisher) by extensions ['ros']
[0.344s] Level 1:colcon.colcon_core.package_identification:_identify(src/custom_msg_publisher) by extension 'ros'
[0.345s] DEBUG:colcon.colcon_core.package_identification:Package 'src/custom_msg_publisher' with type 'ros.ament_python' and name 'custom_msg_publisher'
[0.345s] Level 1:colcon.colcon_core.package_identification:_identify(src/custom_msg_subscriber) by extensions ['ignore', 'ignore_ament_install']
[0.345s] Level 1:colcon.colcon_core.package_identification:_identify(src/custom_msg_subscriber) by extension 'ignore'
[0.345s] Level 1:colcon.colcon_core.package_identification:_identify(src/custom_msg_subscriber) by extension 'ignore_ament_install'
[0.346s] Level 1:colcon.colcon_core.package_identification:_identify(src/custom_msg_subscriber) by extensions ['colcon_pkg']
[0.346s] Level 1:colcon.colcon_core.package_identification:_identify(src/custom_msg_subscriber) by extension 'colcon_pkg'
[0.346s] Level 1:colcon.colcon_core.package_identification:_identify(src/custom_msg_subscriber) by extensions ['colcon_meta']
[0.346s] Level 1:colcon.colcon_core.package_identification:_identify(src/custom_msg_subscriber) by extension 'colcon_meta'
[0.346s] Level 1:colcon.colcon_core.package_identification:_identify(src/custom_msg_subscriber) by extensions ['ros']
[0.346s] Level 1:colcon.colcon_core.package_identification:_identify(src/custom_msg_subscriber) by extension 'ros'
[0.347s] DEBUG:colcon.colcon_core.package_identification:Package 'src/custom_msg_subscriber' with type 'ros.ament_python' and name 'custom_msg_subscriber'
[0.347s] Level 1:colcon.colcon_core.package_identification:_identify(src/image_viewer) by extensions ['ignore', 'ignore_ament_install']
[0.347s] Level 1:colcon.colcon_core.package_identification:_identify(src/image_viewer) by extension 'ignore'
[0.347s] Level 1:colcon.colcon_core.package_identification:_identify(src/image_viewer) by extension 'ignore_ament_install'
[0.348s] Level 1:colcon.colcon_core.package_identification:_identify(src/image_viewer) by extensions ['colcon_pkg']
[0.348s] Level 1:colcon.colcon_core.package_identification:_identify(src/image_viewer) by extension 'colcon_pkg'
[0.348s] Level 1:colcon.colcon_core.package_identification:_identify(src/image_viewer) by extensions ['colcon_meta']
[0.348s] Level 1:colcon.colcon_core.package_identification:_identify(src/image_viewer) by extension 'colcon_meta'
[0.348s] Level 1:colcon.colcon_core.package_identification:_identify(src/image_viewer) by extensions ['ros']
[0.348s] Level 1:colcon.colcon_core.package_identification:_identify(src/image_viewer) by extension 'ros'
[0.349s] DEBUG:colcon.colcon_core.package_identification:Package 'src/image_viewer' with type 'ros.ament_python' and name 'image_viewer'
[0.349s] Level 1:colcon.colcon_core.package_identification:_identify(src/install) by extensions ['ignore', 'ignore_ament_install']
[0.349s] Level 1:colcon.colcon_core.package_identification:_identify(src/install) by extension 'ignore'
[0.349s] Level 1:colcon.colcon_core.package_identification:_identify(src/install) ignored
[0.349s] Level 1:colcon.colcon_core.package_identification:_identify(src/log) by extensions ['ignore', 'ignore_ament_install']
[0.350s] Level 1:colcon.colcon_core.package_identification:_identify(src/log) by extension 'ignore'
[0.350s] Level 1:colcon.colcon_core.package_identification:_identify(src/log) ignored
[0.350s] Level 1:colcon.colcon_core.package_identification:_identify(src/object_spawner) by extensions ['ignore', 'ignore_ament_install']
[0.350s] Level 1:colcon.colcon_core.package_identification:_identify(src/object_spawner) by extension 'ignore'
[0.350s] Level 1:colcon.colcon_core.package_identification:_identify(src/object_spawner) by extension 'ignore_ament_install'
[0.350s] Level 1:colcon.colcon_core.package_identification:_identify(src/object_spawner) by extensions ['colcon_pkg']
[0.350s] Level 1:colcon.colcon_core.package_identification:_identify(src/object_spawner) by extension 'colcon_pkg'
[0.350s] Level 1:colcon.colcon_core.package_identification:_identify(src/object_spawner) by extensions ['colcon_meta']
[0.350s] Level 1:colcon.colcon_core.package_identification:_identify(src/object_spawner) by extension 'colcon_meta'
[0.350s] Level 1:colcon.colcon_core.package_identification:_identify(src/object_spawner) by extensions ['ros']
[0.350s] Level 1:colcon.colcon_core.package_identification:_identify(src/object_spawner) by extension 'ros'
[0.351s] DEBUG:colcon.colcon_core.package_identification:Package 'src/object_spawner' with type 'ros.ament_python' and name 'object_spawner'
[0.351s] Level 1:colcon.colcon_core.package_identification:_identify(src/perception_msgs) by extensions ['ignore', 'ignore_ament_install']
[0.351s] Level 1:colcon.colcon_core.package_identification:_identify(src/perception_msgs) by extension 'ignore'
[0.352s] Level 1:colcon.colcon_core.package_identification:_identify(src/perception_msgs) by extension 'ignore_ament_install'
[0.352s] Level 1:colcon.colcon_core.package_identification:_identify(src/perception_msgs) by extensions ['colcon_pkg']
[0.352s] Level 1:colcon.colcon_core.package_identification:_identify(src/perception_msgs) by extension 'colcon_pkg'
[0.352s] Level 1:colcon.colcon_core.package_identification:_identify(src/perception_msgs) by extensions ['colcon_meta']
[0.352s] Level 1:colcon.colcon_core.package_identification:_identify(src/perception_msgs) by extension 'colcon_meta'
[0.352s] Level 1:colcon.colcon_core.package_identification:_identify(src/perception_msgs) by extensions ['ros']
[0.352s] Level 1:colcon.colcon_core.package_identification:_identify(src/perception_msgs) by extension 'ros'
[0.353s] DEBUG:colcon.colcon_core.package_identification:Package 'src/perception_msgs' with type 'ros.ament_cmake' and name 'perception_msgs'
[0.353s] Level 1:colcon.colcon_core.package_identification:_identify(src/pingpong_pkg) by extensions ['ignore', 'ignore_ament_install']
[0.353s] Level 1:colcon.colcon_core.package_identification:_identify(src/pingpong_pkg) by extension 'ignore'
[0.353s] Level 1:colcon.colcon_core.package_identification:_identify(src/pingpong_pkg) by extension 'ignore_ament_install'
[0.353s] Level 1:colcon.colcon_core.package_identification:_identify(src/pingpong_pkg) by extensions ['colcon_pkg']
[0.353s] Level 1:colcon.colcon_core.package_identification:_identify(src/pingpong_pkg) by extension 'colcon_pkg'
[0.354s] Level 1:colcon.colcon_core.package_identification:_identify(src/pingpong_pkg) by extensions ['colcon_meta']
[0.354s] Level 1:colcon.colcon_core.package_identification:_identify(src/pingpong_pkg) by extension 'colcon_meta'
[0.354s] Level 1:colcon.colcon_core.package_identification:_identify(src/pingpong_pkg) by extensions ['ros']
[0.354s] Level 1:colcon.colcon_core.package_identification:_identify(src/pingpong_pkg) by extension 'ros'
[0.355s] DEBUG:colcon.colcon_core.package_identification:Package 'src/pingpong_pkg' with type 'ros.ament_python' and name 'pingpong_pkg'
[0.355s] Level 1:colcon.colcon_core.package_identification:_identify(src/simple_velocity_msg) by extensions ['ignore', 'ignore_ament_install']
[0.355s] Level 1:colcon.colcon_core.package_identification:_identify(src/simple_velocity_msg) by extension 'ignore'
[0.355s] Level 1:colcon.colcon_core.package_identification:_identify(src/simple_velocity_msg) by extension 'ignore_ament_install'
[0.355s] Level 1:colcon.colcon_core.package_identification:_identify(src/simple_velocity_msg) by extensions ['colcon_pkg']
[0.355s] Level 1:colcon.colcon_core.package_identification:_identify(src/simple_velocity_msg) by extension 'colcon_pkg'
[0.355s] Level 1:colcon.colcon_core.package_identification:_identify(src/simple_velocity_msg) by extensions ['colcon_meta']
[0.355s] Level 1:colcon.colcon_core.package_identification:_identify(src/simple_velocity_msg) by extension 'colcon_meta'
[0.355s] Level 1:colcon.colcon_core.package_identification:_identify(src/simple_velocity_msg) by extensions ['ros']
[0.355s] Level 1:colcon.colcon_core.package_identification:_identify(src/simple_velocity_msg) by extension 'ros'
[0.356s] DEBUG:colcon.colcon_core.package_identification:Package 'src/simple_velocity_msg' with type 'ros.ament_cmake' and name 'simple_velocity_msg'
[0.356s] Level 1:colcon.colcon_core.package_identification:_identify(src/teleop_keyboard) by extensions ['ignore', 'ignore_ament_install']
[0.356s] Level 1:colcon.colcon_core.package_identification:_identify(src/teleop_keyboard) by extension 'ignore'
[0.356s] Level 1:colcon.colcon_core.package_identification:_identify(src/teleop_keyboard) by extension 'ignore_ament_install'
[0.356s] Level 1:colcon.colcon_core.package_identification:_identify(src/teleop_keyboard) by extensions ['colcon_pkg']
[0.356s] Level 1:colcon.colcon_core.package_identification:_identify(src/teleop_keyboard) by extension 'colcon_pkg'
[0.356s] Level 1:colcon.colcon_core.package_identification:_identify(src/teleop_keyboard) by extensions ['colcon_meta']
[0.357s] Level 1:colcon.colcon_core.package_identification:_identify(src/teleop_keyboard) by extension 'colcon_meta'
[0.357s] Level 1:colcon.colcon_core.package_identification:_identify(src/teleop_keyboard) by extensions ['ros']
[0.357s] Level 1:colcon.colcon_core.package_identification:_identify(src/teleop_keyboard) by extension 'ros'
[0.357s] DEBUG:colcon.colcon_core.package_identification:Package 'src/teleop_keyboard' with type 'ros.ament_python' and name 'teleop_keyboard'
[0.358s] Level 1:colcon.colcon_core.package_discovery:discover_packages(recursive) using defaults
[0.358s] Level 1:colcon.colcon_core.package_discovery:discover_packages(ignore) discover
[0.358s] Level 1:colcon.colcon_core.package_discovery:discover_packages(ignore) using defaults
[0.358s] Level 1:colcon.colcon_core.package_discovery:discover_packages(path) discover
[0.358s] Level 1:colcon.colcon_core.package_discovery:discover_packages(path) using defaults
[0.386s] Level 1:colcon.colcon_core.package_discovery:discover_packages(prefix_path) check parameters
[0.387s] Level 1:colcon.colcon_core.package_discovery:discover_packages(prefix_path) discover
[0.390s] DEBUG:colcon.colcon_installed_package_information.package_discovery:Found 9 installed packages in /home/vm/training/ros2_ws/install
[0.391s] DEBUG:colcon.colcon_installed_package_information.package_discovery:Found 4 installed packages in /home/vm/training/new_workspace/install
[0.393s] DEBUG:colcon.colcon_installed_package_information.package_discovery:Found 273 installed packages in /opt/ros/humble
[0.400s] Level 1:colcon.colcon_core.package_discovery:discover_packages(prefix_path) using defaults
[0.431s] Level 5:colcon.colcon_core.verb:set package 'camera_service' build argument 'cmake_args' from command line to 'None'
[0.431s] Level 5:colcon.colcon_core.verb:set package 'camera_service' build argument 'cmake_target' from command line to 'None'
[0.431s] Level 5:colcon.colcon_core.verb:set package 'camera_service' build argument 'cmake_target_skip_unavailable' from command line to 'False'
[0.431s] Level 5:colcon.colcon_core.verb:set package 'camera_service' build argument 'cmake_clean_cache' from command line to 'False'
[0.431s] Level 5:colcon.colcon_core.verb:set package 'camera_service' build argument 'cmake_clean_first' from command line to 'False'
[0.431s] Level 5:colcon.colcon_core.verb:set package 'camera_service' build argument 'cmake_force_configure' from command line to 'False'
[0.431s] Level 5:colcon.colcon_core.verb:set package 'camera_service' build argument 'ament_cmake_args' from command line to 'None'
[0.431s] Level 5:colcon.colcon_core.verb:set package 'camera_service' build argument 'catkin_cmake_args' from command line to 'None'
[0.431s] Level 5:colcon.colcon_core.verb:set package 'camera_service' build argument 'catkin_skip_building_tests' from command line to 'False'
[0.431s] DEBUG:colcon.colcon_core.verb:Building package 'camera_service' with the following arguments: {'ament_cmake_args': None, 'build_base': '/home/vm/training/ros2_ws/build/camera_service', 'catkin_cmake_args': None, 'catkin_skip_building_tests': False, 'cmake_args': None, 'cmake_clean_cache': False, 'cmake_clean_first': False, 'cmake_force_configure': False, 'cmake_target': None, 'cmake_target_skip_unavailable': False, 'install_base': '/home/vm/training/ros2_ws/install/camera_service', 'merge_install': False, 'path': '/home/vm/training/ros2_ws/src/camera_service', 'symlink_install': False, 'test_result_base': None}
[0.432s] Level 5:colcon.colcon_core.verb:set package 'custom_msg_publisher' build argument 'cmake_args' from command line to 'None'
[0.432s] Level 5:colcon.colcon_core.verb:set package 'custom_msg_publisher' build argument 'cmake_target' from command line to 'None'
[0.432s] Level 5:colcon.colcon_core.verb:set package 'custom_msg_publisher' build argument 'cmake_target_skip_unavailable' from command line to 'False'
[0.432s] Level 5:colcon.colcon_core.verb:set package 'custom_msg_publisher' build argument 'cmake_clean_cache' from command line to 'False'
[0.432s] Level 5:colcon.colcon_core.verb:set package 'custom_msg_publisher' build argument 'cmake_clean_first' from command line to 'False'
[0.432s] Level 5:colcon.colcon_core.verb:set package 'custom_msg_publisher' build argument 'cmake_force_configure' from command line to 'False'
[0.432s] Level 5:colcon.colcon_core.verb:set package 'custom_msg_publisher' build argument 'ament_cmake_args' from command line to 'None'
[0.432s] Level 5:colcon.colcon_core.verb:set package 'custom_msg_publisher' build argument 'catkin_cmake_args' from command line to 'None'
[0.432s] Level 5:colcon.colcon_core.verb:set package 'custom_msg_publisher' build argument 'catkin_skip_building_tests' from command line to 'False'
[0.432s] DEBUG:colcon.colcon_core.verb:Building package 'custom_msg_publisher' with the following arguments: {'ament_cmake_args': None, 'build_base': '/home/vm/training/ros2_ws/build/custom_msg_publisher', 'catkin_cmake_args': None, 'catkin_skip_building_tests': False, 'cmake_args': None, 'cmake_clean_cache': False, 'cmake_clean_first': False, 'cmake_force_configure': False, 'cmake_target': None, 'cmake_target_skip_unavailable': False, 'install_base': '/home/vm/training/ros2_ws/install/custom_msg_publisher', 'merge_install': False, 'path': '/home/vm/training/ros2_ws/src/custom_msg_publisher', 'symlink_install': False, 'test_result_base': None}
[0.432s] Level 5:colcon.colcon_core.verb:set package 'custom_msg_subscriber' build argument 'cmake_args' from command line to 'None'
[0.432s] Level 5:colcon.colcon_core.verb:set package 'custom_msg_subscriber' build argument 'cmake_target' from command line to 'None'
[0.432s] Level 5:colcon.colcon_core.verb:set package 'custom_msg_subscriber' build argument 'cmake_target_skip_unavailable' from command line to 'False'
[0.432s] Level 5:colcon.colcon_core.verb:set package 'custom_msg_subscriber' build argument 'cmake_clean_cache' from command line to 'False'
[0.432s] Level 5:colcon.colcon_core.verb:set package 'custom_msg_subscriber' build argument 'cmake_clean_first' from command line to 'False'
[0.432s] Level 5:colcon.colcon_core.verb:set package 'custom_msg_subscriber' build argument 'cmake_force_configure' from command line to 'False'
[0.432s] Level 5:colcon.colcon_core.verb:set package 'custom_msg_subscriber' build argument 'ament_cmake_args' from command line to 'None'
[0.432s] Level 5:colcon.colcon_core.verb:set package 'custom_msg_subscriber' build argument 'catkin_cmake_args' from command line to 'None'
[0.432s] Level 5:colcon.colcon_core.verb:set package 'custom_msg_subscriber' build argument 'catkin_skip_building_tests' from command line to 'False'
[0.432s] DEBUG:colcon.colcon_core.verb:Building package 'custom_msg_subscriber' with the following arguments: {'ament_cmake_args': None, 'build_base': '/home/vm/training/ros2_ws/build/custom_msg_subscriber', 'catkin_cmake_args': None, 'catkin_skip_building_tests': False, 'cmake_args': None, 'cmake_clean_cache': False, 'cmake_clean_first': False, 'cmake_force_configure': False, 'cmake_target': None, 'cmake_target_skip_unavailable': False, 'install_base': '/home/vm/training/ros2_ws/install/custom_msg_subscriber', 'merge_install': False, 'path': '/home/vm/training/ros2_ws/src/custom_msg_subscriber', 'symlink_install': False, 'test_result_base': None}
[0.433s] Level 5:colcon.colcon_core.verb:set package 'image_viewer' build argument 'cmake_args' from command line to 'None'
[0.433s] Level 5:colcon.colcon_core.verb:set package 'image_viewer' build argument 'cmake_target' from command line to 'None'
[0.433s] Level 5:colcon.colcon_core.verb:set package 'image_viewer' build argument 'cmake_target_skip_unavailable' from command line to 'False'
[0.433s] Level 5:colcon.colcon_core.verb:set package 'image_viewer' build argument 'cmake_clean_cache' from command line to 'False'
[0.433s] Level 5:colcon.colcon_core.verb:set package 'image_viewer' build argument 'cmake_clean_first' from command line to 'False'
[0.433s] Level 5:colcon.colcon_core.verb:set package 'image_viewer' build argument 'cmake_force_configure' from command line to 'False'
[0.433s] Level 5:colcon.colcon_core.verb:set package 'image_viewer' build argument 'ament_cmake_args' from command line to 'None'
[0.433s] Level 5:colcon.colcon_core.verb:set package 'image_viewer' build argument 'catkin_cmake_args' from command line to 'None'
[0.433s] Level 5:colcon.colcon_core.verb:set package 'image_viewer' build argument 'catkin_skip_building_tests' from command line to 'False'
[0.433s] DEBUG:colcon.colcon_core.verb:Building package 'image_viewer' with the following arguments: {'ament_cmake_args': None, 'build_base': '/home/vm/training/ros2_ws/build/image_viewer', 'catkin_cmake_args': None, 'catkin_skip_building_tests': False, 'cmake_args': None, 'cmake_clean_cache': False, 'cmake_clean_first': False, 'cmake_force_configure': False, 'cmake_target': None, 'cmake_target_skip_unavailable': False, 'install_base': '/home/vm/training/ros2_ws/install/image_viewer', 'merge_install': False, 'path': '/home/vm/training/ros2_ws/src/image_viewer', 'symlink_install': False, 'test_result_base': None}
[0.433s] Level 5:colcon.colcon_core.verb:set package 'object_spawner' build argument 'cmake_args' from command line to 'None'
[0.433s] Level 5:colcon.colcon_core.verb:set package 'object_spawner' build argument 'cmake_target' from command line to 'None'
[0.433s] Level 5:colcon.colcon_core.verb:set package 'object_spawner' build argument 'cmake_target_skip_unavailable' from command line to 'False'
[0.433s] Level 5:colcon.colcon_core.verb:set package 'object_spawner' build argument 'cmake_clean_cache' from command line to 'False'
[0.433s] Level 5:colcon.colcon_core.verb:set package 'object_spawner' build argument 'cmake_clean_first' from command line to 'False'
[0.433s] Level 5:colcon.colcon_core.verb:set package 'object_spawner' build argument 'cmake_force_configure' from command line to 'False'
[0.433s] Level 5:colcon.colcon_core.verb:set package 'object_spawner' build argument 'ament_cmake_args' from command line to 'None'
[0.433s] Level 5:colcon.colcon_core.verb:set package 'object_spawner' build argument 'catkin_cmake_args' from command line to 'None'
[0.433s] Level 5:colcon.colcon_core.verb:set package 'object_spawner' build argument 'catkin_skip_building_tests' from command line to 'False'
[0.433s] DEBUG:colcon.colcon_core.verb:Building package 'object_spawner' with the following arguments: {'ament_cmake_args': None, 'build_base': '/home/vm/training/ros2_ws/build/object_spawner', 'catkin_cmake_args': None, 'catkin_skip_building_tests': False, 'cmake_args': None, 'cmake_clean_cache': False, 'cmake_clean_first': False, 'cmake_force_configure': False, 'cmake_target': None, 'cmake_target_skip_unavailable': False, 'install_base': '/home/vm/training/ros2_ws/install/object_spawner', 'merge_install': False, 'path': '/home/vm/training/ros2_ws/src/object_spawner', 'symlink_install': False, 'test_result_base': None}
[0.433s] Level 5:colcon.colcon_core.verb:set package 'perception_msgs' build argument 'cmake_args' from command line to 'None'
[0.433s] Level 5:colcon.colcon_core.verb:set package 'perception_msgs' build argument 'cmake_target' from command line to 'None'
[0.433s] Level 5:colcon.colcon_core.verb:set package 'perception_msgs' build argument 'cmake_target_skip_unavailable' from command line to 'False'
[0.433s] Level 5:colcon.colcon_core.verb:set package 'perception_msgs' build argument 'cmake_clean_cache' from command line to 'False'
[0.433s] Level 5:colcon.colcon_core.verb:set package 'perception_msgs' build argument 'cmake_clean_first' from command line to 'False'
[0.433s] Level 5:colcon.colcon_core.verb:set package 'perception_msgs' build argument 'cmake_force_configure' from command line to 'False'
[0.433s] Level 5:colcon.colcon_core.verb:set package 'perception_msgs' build argument 'ament_cmake_args' from command line to 'None'
[0.433s] Level 5:colcon.colcon_core.verb:set package 'perception_msgs' build argument 'catkin_cmake_args' from command line to 'None'
[0.433s] Level 5:colcon.colcon_core.verb:set package 'perception_msgs' build argument 'catkin_skip_building_tests' from command line to 'False'
[0.433s] DEBUG:colcon.colcon_core.verb:Building package 'perception_msgs' with the following arguments: {'ament_cmake_args': None, 'build_base': '/home/vm/training/ros2_ws/build/perception_msgs', 'catkin_cmake_args': None, 'catkin_skip_building_tests': False, 'cmake_args': None, 'cmake_clean_cache': False, 'cmake_clean_first': False, 'cmake_force_configure': False, 'cmake_target': None, 'cmake_target_skip_unavailable': False, 'install_base': '/home/vm/training/ros2_ws/install/perception_msgs', 'merge_install': False, 'path': '/home/vm/training/ros2_ws/src/perception_msgs', 'symlink_install': False, 'test_result_base': None}
[0.434s] Level 5:colcon.colcon_core.verb:set package 'pingpong_pkg' build argument 'cmake_args' from command line to 'None'
[0.434s] Level 5:colcon.colcon_core.verb:set package 'pingpong_pkg' build argument 'cmake_target' from command line to 'None'
[0.434s] Level 5:colcon.colcon_core.verb:set package 'pingpong_pkg' build argument 'cmake_target_skip_unavailable' from command line to 'False'
[0.434s] Level 5:colcon.colcon_core.verb:set package 'pingpong_pkg' build argument 'cmake_clean_cache' from command line to 'False'
[0.434s] Level 5:colcon.colcon_core.verb:set package 'pingpong_pkg' build argument 'cmake_clean_first' from command line to 'False'
[0.434s] Level 5:colcon.colcon_core.verb:set package 'pingpong_pkg' build argument 'cmake_force_configure' from command line to 'False'
[0.434s] Level 5:colcon.colcon_core.verb:set package 'pingpong_pkg' build argument 'ament_cmake_args' from command line to 'None'
[0.434s] Level 5:colcon.colcon_core.verb:set package 'pingpong_pkg' build argument 'catkin_cmake_args' from command line to 'None'
[0.434s] Level 5:colcon.colcon_core.verb:set package 'pingpong_pkg' build argument 'catkin_skip_building_tests' from command line to 'False'
[0.434s] DEBUG:colcon.colcon_core.verb:Building package 'pingpong_pkg' with the following arguments: {'ament_cmake_args': None, 'build_base': '/home/vm/training/ros2_ws/build/pingpong_pkg', 'catkin_cmake_args': None, 'catkin_skip_building_tests': False, 'cmake_args': None, 'cmake_clean_cache': False, 'cmake_clean_first': False, 'cmake_force_configure': False, 'cmake_target': None, 'cmake_target_skip_unavailable': False, 'install_base': '/home/vm/training/ros2_ws/install/pingpong_pkg', 'merge_install': False, 'path': '/home/vm/training/ros2_ws/src/pingpong_pkg', 'symlink_install': False, 'test_result_base': None}
[0.434s] Level 5:colcon.colcon_core.verb:set package 'simple_velocity_msg' build argument 'cmake_args' from command line to 'None'
[0.434s] Level 5:colcon.colcon_core.verb:set package 'simple_velocity_msg' build argument 'cmake_target' from command line to 'None'
[0.434s] Level 5:colcon.colcon_core.verb:set package 'simple_velocity_msg' build argument 'cmake_target_skip_unavailable' from command line to 'False'
[0.434s] Level 5:colcon.colcon_core.verb:set package 'simple_velocity_msg' build argument 'cmake_clean_cache' from command line to 'False'
[0.434s] Level 5:colcon.colcon_core.verb:set package 'simple_velocity_msg' build argument 'cmake_clean_first' from command line to 'False'
[0.434s] Level 5:colcon.colcon_core.verb:set package 'simple_velocity_msg' build argument 'cmake_force_configure' from command line to 'False'
[0.434s] Level 5:colcon.colcon_core.verb:set package 'simple_velocity_msg' build argument 'ament_cmake_args' from command line to 'None'
[0.434s] Level 5:colcon.colcon_core.verb:set package 'simple_velocity_msg' build argument 'catkin_cmake_args' from command line to 'None'
[0.434s] Level 5:colcon.colcon_core.verb:set package 'simple_velocity_msg' build argument 'catkin_skip_building_tests' from command line to 'False'
[0.434s] DEBUG:colcon.colcon_core.verb:Building package 'simple_velocity_msg' with the following arguments: {'ament_cmake_args': None, 'build_base': '/home/vm/training/ros2_ws/build/simple_velocity_msg', 'catkin_cmake_args': None, 'catkin_skip_building_tests': False, 'cmake_args': None, 'cmake_clean_cache': False, 'cmake_clean_first': False, 'cmake_force_configure': False, 'cmake_target': None, 'cmake_target_skip_unavailable': False, 'install_base': '/home/vm/training/ros2_ws/install/simple_velocity_msg', 'merge_install': False, 'path': '/home/vm/training/ros2_ws/src/simple_velocity_msg', 'symlink_install': False, 'test_result_base': None}
[0.434s] Level 5:colcon.colcon_core.verb:set package 'teleop_keyboard' build argument 'cmake_args' from command line to 'None'
[0.434s] Level 5:colcon.colcon_core.verb:set package 'teleop_keyboard' build argument 'cmake_target' from command line to 'None'
[0.434s] Level 5:colcon.colcon_core.verb:set package 'teleop_keyboard' build argument 'cmake_target_skip_unavailable' from command line to 'False'
[0.434s] Level 5:colcon.colcon_core.verb:set package 'teleop_keyboard' build argument 'cmake_clean_cache' from command line to 'False'
[0.434s] Level 5:colcon.colcon_core.verb:set package 'teleop_keyboard' build argument 'cmake_clean_first' from command line to 'False'
[0.434s] Level 5:colcon.colcon_core.verb:set package 'teleop_keyboard' build argument 'cmake_force_configure' from command line to 'False'
[0.434s] Level 5:colcon.colcon_core.verb:set package 'teleop_keyboard' build argument 'ament_cmake_args' from command line to 'None'
[0.435s] Level 5:colcon.colcon_core.verb:set package 'teleop_keyboard' build argument 'catkin_cmake_args' from command line to 'None'
[0.435s] Level 5:colcon.colcon_core.verb:set package 'teleop_keyboard' build argument 'catkin_skip_building_tests' from command line to 'False'
[0.435s] DEBUG:colcon.colcon_core.verb:Building package 'teleop_keyboard' with the following arguments: {'ament_cmake_args': None, 'build_base': '/home/vm/training/ros2_ws/build/teleop_keyboard', 'catkin_cmake_args': None, 'catkin_skip_building_tests': False, 'cmake_args': None, 'cmake_clean_cache': False, 'cmake_clean_first': False, 'cmake_force_configure': False, 'cmake_target': None, 'cmake_target_skip_unavailable': False, 'install_base': '/home/vm/training/ros2_ws/install/teleop_keyboard', 'merge_install': False, 'path': '/home/vm/training/ros2_ws/src/teleop_keyboard', 'symlink_install': False, 'test_result_base': None}
[0.435s] INFO:colcon.colcon_core.executor:Executing jobs using 'parallel' executor
[0.435s] DEBUG:colcon.colcon_parallel_executor.executor.parallel:run_until_complete
[0.436s] INFO:colcon.colcon_ros.task.ament_python.build:Building ROS package in '/home/vm/training/ros2_ws/src/camera_service' with build type 'ament_python'
[0.436s] Level 1:colcon.colcon_core.shell:create_environment_hook('camera_service', 'ament_prefix_path')
[0.443s] INFO:colcon.colcon_core.plugin_system:Skipping extension 'colcon_core.shell.bat': Not used on non-Windows systems
[0.443s] INFO:colcon.colcon_core.shell:Creating environment hook '/home/vm/training/ros2_ws/install/camera_service/share/camera_service/hook/ament_prefix_path.ps1'
[0.443s] INFO:colcon.colcon_core.shell:Creating environment descriptor '/home/vm/training/ros2_ws/install/camera_service/share/camera_service/hook/ament_prefix_path.dsv'
[0.444s] INFO:colcon.colcon_core.shell:Creating environment hook '/home/vm/training/ros2_ws/install/camera_service/share/camera_service/hook/ament_prefix_path.sh'
[0.445s] INFO:colcon.colcon_core.shell:Skip shell extension 'powershell' for command environment: Not usable outside of PowerShell
[0.446s] DEBUG:colcon.colcon_core.shell:Skip shell extension 'dsv' for command environment
[0.449s] INFO:colcon.colcon_ros.task.ament_python.build:Building ROS package in '/home/vm/training/ros2_ws/src/custom_msg_publisher' with build type 'ament_python'
[0.449s] Level 1:colcon.colcon_core.shell:create_environment_hook('custom_msg_publisher', 'ament_prefix_path')
[0.449s] INFO:colcon.colcon_core.shell:Creating environment hook '/home/vm/training/ros2_ws/install/custom_msg_publisher/share/custom_msg_publisher/hook/ament_prefix_path.ps1'
[0.449s] INFO:colcon.colcon_core.shell:Creating environment descriptor '/home/vm/training/ros2_ws/install/custom_msg_publisher/share/custom_msg_publisher/hook/ament_prefix_path.dsv'
[0.450s] INFO:colcon.colcon_core.shell:Creating environment hook '/home/vm/training/ros2_ws/install/custom_msg_publisher/share/custom_msg_publisher/hook/ament_prefix_path.sh'
[0.452s] INFO:colcon.colcon_core.shell:Skip shell extension 'powershell' for command environment: Not usable outside of PowerShell
[0.452s] DEBUG:colcon.colcon_core.shell:Skip shell extension 'dsv' for command environment
[0.454s] INFO:colcon.colcon_ros.task.ament_python.build:Building ROS package in '/home/vm/training/ros2_ws/src/custom_msg_subscriber' with build type 'ament_python'
[0.455s] Level 1:colcon.colcon_core.shell:create_environment_hook('custom_msg_subscriber', 'ament_prefix_path')
[0.455s] INFO:colcon.colcon_core.shell:Creating environment hook '/home/vm/training/ros2_ws/install/custom_msg_subscriber/share/custom_msg_subscriber/hook/ament_prefix_path.ps1'
[0.455s] INFO:colcon.colcon_core.shell:Creating environment descriptor '/home/vm/training/ros2_ws/install/custom_msg_subscriber/share/custom_msg_subscriber/hook/ament_prefix_path.dsv'
[0.455s] INFO:colcon.colcon_core.shell:Creating environment hook '/home/vm/training/ros2_ws/install/custom_msg_subscriber/share/custom_msg_subscriber/hook/ament_prefix_path.sh'
[0.456s] INFO:colcon.colcon_core.shell:Skip shell extension 'powershell' for command environment: Not usable outside of PowerShell
[0.456s] DEBUG:colcon.colcon_core.shell:Skip shell extension 'dsv' for command environment
[0.459s] INFO:colcon.colcon_ros.task.ament_python.build:Building ROS package in '/home/vm/training/ros2_ws/src/image_viewer' with build type 'ament_python'
[0.459s] Level 1:colcon.colcon_core.shell:create_environment_hook('image_viewer', 'ament_prefix_path')
[0.460s] INFO:colcon.colcon_core.shell:Creating environment hook '/home/vm/training/ros2_ws/install/image_viewer/share/image_viewer/hook/ament_prefix_path.ps1'
[0.460s] INFO:colcon.colcon_core.shell:Creating environment descriptor '/home/vm/training/ros2_ws/install/image_viewer/share/image_viewer/hook/ament_prefix_path.dsv'
[0.460s] INFO:colcon.colcon_core.shell:Creating environment hook '/home/vm/training/ros2_ws/install/image_viewer/share/image_viewer/hook/ament_prefix_path.sh'
[0.464s] INFO:colcon.colcon_core.shell:Skip shell extension 'powershell' for command environment: Not usable outside of PowerShell
[0.464s] DEBUG:colcon.colcon_core.shell:Skip shell extension 'dsv' for command environment
[0.672s] INFO:colcon.colcon_core.task.python.build:Building Python package in '/home/vm/training/ros2_ws/src/camera_service'
[0.672s] INFO:colcon.colcon_core.shell:Skip shell extension 'powershell' for command environment: Not usable outside of PowerShell
[0.672s] DEBUG:colcon.colcon_core.shell:Skip shell extension 'dsv' for command environment
[0.865s] INFO:colcon.colcon_core.task.python.build:Building Python package in '/home/vm/training/ros2_ws/src/custom_msg_publisher'
[0.866s] INFO:colcon.colcon_core.shell:Skip shell extension 'powershell' for command environment: Not usable outside of PowerShell
[0.866s] DEBUG:colcon.colcon_core.shell:Skip shell extension 'dsv' for command environment
[1.067s] INFO:colcon.colcon_core.task.python.build:Building Python package in '/home/vm/training/ros2_ws/src/custom_msg_subscriber'
[1.068s] INFO:colcon.colcon_core.shell:Skip shell extension 'powershell' for command environment: Not usable outside of PowerShell
[1.068s] DEBUG:colcon.colcon_core.shell:Skip shell extension 'dsv' for command environment
[1.248s] INFO:colcon.colcon_core.task.python.build:Building Python package in '/home/vm/training/ros2_ws/src/image_viewer'
[1.248s] INFO:colcon.colcon_core.shell:Skip shell extension 'powershell' for command environment: Not usable outside of PowerShell
[1.248s] DEBUG:colcon.colcon_core.shell:Skip shell extension 'dsv' for command environment
[1.574s] DEBUG:colcon.colcon_core.event_handler.log_command:Invoking command in '/home/vm/training/ros2_ws/src/custom_msg_publisher': PYTHONPATH=/home/vm/training/ros2_ws/build/custom_msg_publisher/prefix_override:/usr/lib/python3/dist-packages/colcon_core/task/python/colcon_distutils_commands:/home/vm/training/ros2_ws/install/custom_msg_publisher/lib/python3.10/site-packages:${PYTHONPATH} /usr/bin/python3 -W ignore:setup.py install is deprecated -W ignore:easy_install command is deprecated setup.py egg_info --egg-base ../../build/custom_msg_publisher build --build-base /home/vm/training/ros2_ws/build/custom_msg_publisher/build install --record /home/vm/training/ros2_ws/build/custom_msg_publisher/install.log --single-version-externally-managed install_data
[1.588s] DEBUG:colcon.colcon_core.event_handler.log_command:Invoking command in '/home/vm/training/ros2_ws/src/camera_service': PYTHONPATH=/home/vm/training/ros2_ws/build/camera_service/prefix_override:/usr/lib/python3/dist-packages/colcon_core/task/python/colcon_distutils_commands:/home/vm/training/ros2_ws/install/camera_service/lib/python3.10/site-packages:${PYTHONPATH} /usr/bin/python3 -W ignore:setup.py install is deprecated -W ignore:easy_install command is deprecated setup.py egg_info --egg-base ../../build/camera_service build --build-base /home/vm/training/ros2_ws/build/camera_service/build install --record /home/vm/training/ros2_ws/build/camera_service/install.log --single-version-externally-managed install_data
[1.595s] DEBUG:colcon.colcon_core.event_handler.log_command:Invoking command in '/home/vm/training/ros2_ws/src/custom_msg_subscriber': PYTHONPATH=/home/vm/training/ros2_ws/build/custom_msg_subscriber/prefix_override:/usr/lib/python3/dist-packages/colcon_core/task/python/colcon_distutils_commands:/home/vm/training/ros2_ws/install/custom_msg_subscriber/lib/python3.10/site-packages:${PYTHONPATH} /usr/bin/python3 -W ignore:setup.py install is deprecated -W ignore:easy_install command is deprecated setup.py egg_info --egg-base ../../build/custom_msg_subscriber build --build-base /home/vm/training/ros2_ws/build/custom_msg_subscriber/build install --record /home/vm/training/ros2_ws/build/custom_msg_subscriber/install.log --single-version-externally-managed install_data
[1.604s] DEBUG:colcon.colcon_core.event_handler.log_command:Invoking command in '/home/vm/training/ros2_ws/src/image_viewer': PYTHONPATH=/home/vm/training/ros2_ws/build/image_viewer/prefix_override:/usr/lib/python3/dist-packages/colcon_core/task/python/colcon_distutils_commands:/home/vm/training/ros2_ws/install/image_viewer/lib/python3.10/site-packages:${PYTHONPATH} /usr/bin/python3 -W ignore:setup.py install is deprecated -W ignore:easy_install command is deprecated setup.py egg_info --egg-base ../../build/image_viewer build --build-base /home/vm/training/ros2_ws/build/image_viewer/build install --record /home/vm/training/ros2_ws/build/image_viewer/install.log --single-version-externally-managed install_data
[1.852s] DEBUG:colcon.colcon_core.event_handler.log_command:Invoked command in '/home/vm/training/ros2_ws/src/custom_msg_subscriber' returned '0': PYTHONPATH=/home/vm/training/ros2_ws/build/custom_msg_subscriber/prefix_override:/usr/lib/python3/dist-packages/colcon_core/task/python/colcon_distutils_commands:/home/vm/training/ros2_ws/install/custom_msg_subscriber/lib/python3.10/site-packages:${PYTHONPATH} /usr/bin/python3 -W ignore:setup.py install is deprecated -W ignore:easy_install command is deprecated setup.py egg_info --egg-base ../../build/custom_msg_subscriber build --build-base /home/vm/training/ros2_ws/build/custom_msg_subscriber/build install --record /home/vm/training/ros2_ws/build/custom_msg_subscriber/install.log --single-version-externally-managed install_data
[1.860s] Level 1:colcon.colcon_core.environment:checking '/home/vm/training/ros2_ws/install/custom_msg_subscriber' for CMake module files
[1.860s] Level 1:colcon.colcon_core.environment:checking '/home/vm/training/ros2_ws/install/custom_msg_subscriber' for CMake config files
[1.860s] Level 1:colcon.colcon_core.environment:checking '/home/vm/training/ros2_ws/install/custom_msg_subscriber/lib'
[1.861s] Level 1:colcon.colcon_core.environment:checking '/home/vm/training/ros2_ws/install/custom_msg_subscriber/bin'
[1.861s] Level 1:colcon.colcon_core.environment:checking '/home/vm/training/ros2_ws/install/custom_msg_subscriber/lib/pkgconfig/custom_msg_subscriber.pc'
[1.861s] Level 1:colcon.colcon_core.environment:checking '/home/vm/training/ros2_ws/install/custom_msg_subscriber/lib/python3.10/site-packages'
[1.861s] Level 1:colcon.colcon_core.shell:create_environment_hook('custom_msg_subscriber', 'pythonpath')
[1.861s] INFO:colcon.colcon_core.shell:Creating environment hook '/home/vm/training/ros2_ws/install/custom_msg_subscriber/share/custom_msg_subscriber/hook/pythonpath.ps1'
[1.862s] INFO:colcon.colcon_core.shell:Creating environment descriptor '/home/vm/training/ros2_ws/install/custom_msg_subscriber/share/custom_msg_subscriber/hook/pythonpath.dsv'
[1.862s] INFO:colcon.colcon_core.shell:Creating environment hook '/home/vm/training/ros2_ws/install/custom_msg_subscriber/share/custom_msg_subscriber/hook/pythonpath.sh'
[1.862s] Level 1:colcon.colcon_core.environment:checking '/home/vm/training/ros2_ws/install/custom_msg_subscriber/bin'
[1.863s] Level 1:colcon.colcon_core.environment:create_environment_scripts_only(custom_msg_subscriber)
[1.863s] INFO:colcon.colcon_core.shell:Creating package script '/home/vm/training/ros2_ws/install/custom_msg_subscriber/share/custom_msg_subscriber/package.ps1'
[1.864s] INFO:colcon.colcon_core.shell:Creating package descriptor '/home/vm/training/ros2_ws/install/custom_msg_subscriber/share/custom_msg_subscriber/package.dsv'
[1.865s] INFO:colcon.colcon_core.shell:Creating package script '/home/vm/training/ros2_ws/install/custom_msg_subscriber/share/custom_msg_subscriber/package.sh'
[1.866s] INFO:colcon.colcon_core.shell:Creating package script '/home/vm/training/ros2_ws/install/custom_msg_subscriber/share/custom_msg_subscriber/package.bash'
[1.866s] INFO:colcon.colcon_core.shell:Creating package script '/home/vm/training/ros2_ws/install/custom_msg_subscriber/share/custom_msg_subscriber/package.zsh'
[1.867s] Level 1:colcon.colcon_core.environment:create_file_with_runtime_dependencies(/home/vm/training/ros2_ws/install/custom_msg_subscriber/share/colcon-core/packages/custom_msg_subscriber)
[1.868s] INFO:colcon.colcon_ros.task.ament_python.build:Building ROS package in '/home/vm/training/ros2_ws/src/object_spawner' with build type 'ament_python'
[1.868s] Level 1:colcon.colcon_core.shell:create_environment_hook('object_spawner', 'ament_prefix_path')
[1.869s] INFO:colcon.colcon_core.shell:Creating environment hook '/home/vm/training/ros2_ws/install/object_spawner/share/object_spawner/hook/ament_prefix_path.ps1'
[1.870s] INFO:colcon.colcon_core.shell:Creating environment descriptor '/home/vm/training/ros2_ws/install/object_spawner/share/object_spawner/hook/ament_prefix_path.dsv'
[1.871s] INFO:colcon.colcon_core.shell:Creating environment hook '/home/vm/training/ros2_ws/install/object_spawner/share/object_spawner/hook/ament_prefix_path.sh'
[1.872s] INFO:colcon.colcon_core.shell:Skip shell extension 'powershell' for command environment: Not usable outside of PowerShell
[1.872s] DEBUG:colcon.colcon_core.shell:Skip shell extension 'dsv' for command environment
[1.876s] Level 1:colcon.colcon_core.environment:checking '/home/vm/training/ros2_ws/install/custom_msg_publisher' for CMake module files
[1.885s] Level 1:colcon.colcon_core.environment:checking '/home/vm/training/ros2_ws/install/custom_msg_publisher' for CMake config files
[1.885s] DEBUG:colcon.colcon_core.event_handler.log_command:Invoked command in '/home/vm/training/ros2_ws/src/custom_msg_publisher' returned '0': PYTHONPATH=/home/vm/training/ros2_ws/build/custom_msg_publisher/prefix_override:/usr/lib/python3/dist-packages/colcon_core/task/python/colcon_distutils_commands:/home/vm/training/ros2_ws/install/custom_msg_publisher/lib/python3.10/site-packages:${PYTHONPATH} /usr/bin/python3 -W ignore:setup.py install is deprecated -W ignore:easy_install command is deprecated setup.py egg_info --egg-base ../../build/custom_msg_publisher build --build-base /home/vm/training/ros2_ws/build/custom_msg_publisher/build install --record /home/vm/training/ros2_ws/build/custom_msg_publisher/install.log --single-version-externally-managed install_data
[1.886s] Level 1:colcon.colcon_core.environment:checking '/home/vm/training/ros2_ws/install/custom_msg_publisher/lib'
[1.886s] Level 1:colcon.colcon_core.environment:checking '/home/vm/training/ros2_ws/install/custom_msg_publisher/bin'
[1.886s] Level 1:colcon.colcon_core.environment:checking '/home/vm/training/ros2_ws/install/custom_msg_publisher/lib/pkgconfig/custom_msg_publisher.pc'
[1.886s] Level 1:colcon.colcon_core.environment:checking '/home/vm/training/ros2_ws/install/custom_msg_publisher/lib/python3.10/site-packages'
[1.886s] Level 1:colcon.colcon_core.shell:create_environment_hook('custom_msg_publisher', 'pythonpath')
[1.887s] INFO:colcon.colcon_core.shell:Creating environment hook '/home/vm/training/ros2_ws/install/custom_msg_publisher/share/custom_msg_publisher/hook/pythonpath.ps1'
[1.887s] INFO:colcon.colcon_core.shell:Creating environment descriptor '/home/vm/training/ros2_ws/install/custom_msg_publisher/share/custom_msg_publisher/hook/pythonpath.dsv'
[1.888s] INFO:colcon.colcon_core.shell:Creating environment hook '/home/vm/training/ros2_ws/install/custom_msg_publisher/share/custom_msg_publisher/hook/pythonpath.sh'
[1.888s] Level 1:colcon.colcon_core.environment:checking '/home/vm/training/ros2_ws/install/custom_msg_publisher/bin'
[1.889s] Level 1:colcon.colcon_core.environment:create_environment_scripts_only(custom_msg_publisher)
[1.889s] INFO:colcon.colcon_core.shell:Creating package script '/home/vm/training/ros2_ws/install/custom_msg_publisher/share/custom_msg_publisher/package.ps1'
[1.889s] INFO:colcon.colcon_core.shell:Creating package descriptor '/home/vm/training/ros2_ws/install/custom_msg_publisher/share/custom_msg_publisher/package.dsv'
[1.890s] INFO:colcon.colcon_core.shell:Creating package script '/home/vm/training/ros2_ws/install/custom_msg_publisher/share/custom_msg_publisher/package.sh'
[1.890s] INFO:colcon.colcon_core.shell:Creating package script '/home/vm/training/ros2_ws/install/custom_msg_publisher/share/custom_msg_publisher/package.bash'
[1.891s] INFO:colcon.colcon_core.shell:Creating package script '/home/vm/training/ros2_ws/install/custom_msg_publisher/share/custom_msg_publisher/package.zsh'
[1.891s] Level 1:colcon.colcon_core.environment:create_file_with_runtime_dependencies(/home/vm/training/ros2_ws/install/custom_msg_publisher/share/colcon-core/packages/custom_msg_publisher)
[1.892s] INFO:colcon.colcon_ros.task.ament_cmake.build:Building ROS package in '/home/vm/training/ros2_ws/src/perception_msgs' with build type 'ament_cmake'
[1.892s] INFO:colcon.colcon_cmake.task.cmake.build:Building CMake package in '/home/vm/training/ros2_ws/src/perception_msgs'
[1.892s] INFO:colcon.colcon_core.shell:Skip shell extension 'powershell' for command environment: Not usable outside of PowerShell
[1.892s] DEBUG:colcon.colcon_core.shell:Skip shell extension 'dsv' for command environment
[1.902s] Level 1:colcon.colcon_core.environment:checking '/home/vm/training/ros2_ws/install/camera_service' for CMake module files
[1.902s] DEBUG:colcon.colcon_core.event_handler.log_command:Invoked command in '/home/vm/training/ros2_ws/src/camera_service' returned '0': PYTHONPATH=/home/vm/training/ros2_ws/build/camera_service/prefix_override:/usr/lib/python3/dist-packages/colcon_core/task/python/colcon_distutils_commands:/home/vm/training/ros2_ws/install/camera_service/lib/python3.10/site-packages:${PYTHONPATH} /usr/bin/python3 -W ignore:setup.py install is deprecated -W ignore:easy_install command is deprecated setup.py egg_info --egg-base ../../build/camera_service build --build-base /home/vm/training/ros2_ws/build/camera_service/build install --record /home/vm/training/ros2_ws/build/camera_service/install.log --single-version-externally-managed install_data
[1.903s] Level 1:colcon.colcon_core.environment:checking '/home/vm/training/ros2_ws/install/camera_service' for CMake config files
[1.904s] Level 1:colcon.colcon_core.environment:checking '/home/vm/training/ros2_ws/install/camera_service/lib'
[1.904s] Level 1:colcon.colcon_core.environment:checking '/home/vm/training/ros2_ws/install/camera_service/bin'
[1.904s] Level 1:colcon.colcon_core.environment:checking '/home/vm/training/ros2_ws/install/camera_service/lib/pkgconfig/camera_service.pc'
[1.904s] Level 1:colcon.colcon_core.environment:checking '/home/vm/training/ros2_ws/install/camera_service/lib/python3.10/site-packages'
[1.904s] Level 1:colcon.colcon_core.shell:create_environment_hook('camera_service', 'pythonpath')
[1.904s] INFO:colcon.colcon_core.shell:Creating environment hook '/home/vm/training/ros2_ws/install/camera_service/share/camera_service/hook/pythonpath.ps1'
[1.905s] INFO:colcon.colcon_core.shell:Creating environment descriptor '/home/vm/training/ros2_ws/install/camera_service/share/camera_service/hook/pythonpath.dsv'
[1.905s] INFO:colcon.colcon_core.shell:Creating environment hook '/home/vm/training/ros2_ws/install/camera_service/share/camera_service/hook/pythonpath.sh'
[1.906s] Level 1:colcon.colcon_core.environment:checking '/home/vm/training/ros2_ws/install/camera_service/bin'
[1.906s] Level 1:colcon.colcon_core.environment:create_environment_scripts_only(camera_service)
[1.907s] INFO:colcon.colcon_core.shell:Creating package script '/home/vm/training/ros2_ws/install/camera_service/share/camera_service/package.ps1'
[1.907s] INFO:colcon.colcon_core.shell:Creating package descriptor '/home/vm/training/ros2_ws/install/camera_service/share/camera_service/package.dsv'
[1.908s] INFO:colcon.colcon_core.shell:Creating package script '/home/vm/training/ros2_ws/install/camera_service/share/camera_service/package.sh'
[1.909s] INFO:colcon.colcon_core.shell:Creating package script '/home/vm/training/ros2_ws/install/camera_service/share/camera_service/package.bash'
[1.910s] INFO:colcon.colcon_core.shell:Creating package script '/home/vm/training/ros2_ws/install/camera_service/share/camera_service/package.zsh'
[1.910s] Level 1:colcon.colcon_core.environment:create_file_with_runtime_dependencies(/home/vm/training/ros2_ws/install/camera_service/share/colcon-core/packages/camera_service)
[1.911s] INFO:colcon.colcon_ros.task.ament_python.build:Building ROS package in '/home/vm/training/ros2_ws/src/pingpong_pkg' with build type 'ament_python'
[1.911s] Level 1:colcon.colcon_core.shell:create_environment_hook('pingpong_pkg', 'ament_prefix_path')
[1.911s] INFO:colcon.colcon_core.shell:Creating environment hook '/home/vm/training/ros2_ws/install/pingpong_pkg/share/pingpong_pkg/hook/ament_prefix_path.ps1'
[1.912s] INFO:colcon.colcon_core.shell:Creating environment descriptor '/home/vm/training/ros2_ws/install/pingpong_pkg/share/pingpong_pkg/hook/ament_prefix_path.dsv'
[1.913s] INFO:colcon.colcon_core.shell:Creating environment hook '/home/vm/training/ros2_ws/install/pingpong_pkg/share/pingpong_pkg/hook/ament_prefix_path.sh'
[1.913s] INFO:colcon.colcon_core.shell:Skip shell extension 'powershell' for command environment: Not usable outside of PowerShell
[1.913s] DEBUG:colcon.colcon_core.shell:Skip shell extension 'dsv' for command environment
[2.135s] INFO:colcon.colcon_core.task.python.build:Building Python package in '/home/vm/training/ros2_ws/src/object_spawner'
[2.135s] INFO:colcon.colcon_core.shell:Skip shell extension 'powershell' for command environment: Not usable outside of PowerShell
[2.135s] DEBUG:colcon.colcon_core.shell:Skip shell extension 'dsv' for command environment
[2.139s] Level 1:colcon.colcon_core.environment:checking '/home/vm/training/ros2_ws/install/image_viewer' for CMake module files
[2.140s] Level 1:colcon.colcon_core.environment:checking '/home/vm/training/ros2_ws/install/image_viewer' for CMake config files
[2.140s] DEBUG:colcon.colcon_core.event_handler.log_command:Invoked command in '/home/vm/training/ros2_ws/src/image_viewer' returned '0': PYTHONPATH=/home/vm/training/ros2_ws/build/image_viewer/prefix_override:/usr/lib/python3/dist-packages/colcon_core/task/python/colcon_distutils_commands:/home/vm/training/ros2_ws/install/image_viewer/lib/python3.10/site-packages:${PYTHONPATH} /usr/bin/python3 -W ignore:setup.py install is deprecated -W ignore:easy_install command is deprecated setup.py egg_info --egg-base ../../build/image_viewer build --build-base /home/vm/training/ros2_ws/build/image_viewer/build install --record /home/vm/training/ros2_ws/build/image_viewer/install.log --single-version-externally-managed install_data
[2.140s] Level 1:colcon.colcon_core.environment:checking '/home/vm/training/ros2_ws/install/image_viewer/lib'
[2.140s] Level 1:colcon.colcon_core.environment:checking '/home/vm/training/ros2_ws/install/image_viewer/bin'
[2.140s] Level 1:colcon.colcon_core.environment:checking '/home/vm/training/ros2_ws/install/image_viewer/lib/pkgconfig/image_viewer.pc'
[2.141s] Level 1:colcon.colcon_core.environment:checking '/home/vm/training/ros2_ws/install/image_viewer/lib/python3.10/site-packages'
[2.141s] Level 1:colcon.colcon_core.shell:create_environment_hook('image_viewer', 'pythonpath')
[2.141s] INFO:colcon.colcon_core.shell:Creating environment hook '/home/vm/training/ros2_ws/install/image_viewer/share/image_viewer/hook/pythonpath.ps1'
[2.141s] INFO:colcon.colcon_core.shell:Creating environment descriptor '/home/vm/training/ros2_ws/install/image_viewer/share/image_viewer/hook/pythonpath.dsv'
[2.142s] INFO:colcon.colcon_core.shell:Creating environment hook '/home/vm/training/ros2_ws/install/image_viewer/share/image_viewer/hook/pythonpath.sh'
[2.142s] Level 1:colcon.colcon_core.environment:checking '/home/vm/training/ros2_ws/install/image_viewer/bin'
[2.142s] Level 1:colcon.colcon_core.environment:create_environment_scripts_only(image_viewer)
[2.142s] INFO:colcon.colcon_core.shell:Creating package script '/home/vm/training/ros2_ws/install/image_viewer/share/image_viewer/package.ps1'
[2.143s] INFO:colcon.colcon_core.shell:Creating package descriptor '/home/vm/training/ros2_ws/install/image_viewer/share/image_viewer/package.dsv'
[2.143s] INFO:colcon.colcon_core.shell:Creating package script '/home/vm/training/ros2_ws/install/image_viewer/share/image_viewer/package.sh'
[2.143s] INFO:colcon.colcon_core.shell:Creating package script '/home/vm/training/ros2_ws/install/image_viewer/share/image_viewer/package.bash'
[2.144s] INFO:colcon.colcon_core.shell:Creating package script '/home/vm/training/ros2_ws/install/image_viewer/share/image_viewer/package.zsh'
[2.144s] Level 1:colcon.colcon_core.environment:create_file_with_runtime_dependencies(/home/vm/training/ros2_ws/install/image_viewer/share/colcon-core/packages/image_viewer)
[2.147s] INFO:colcon.colcon_ros.task.ament_cmake.build:Building ROS package in '/home/vm/training/ros2_ws/src/simple_velocity_msg' with build type 'ament_cmake'
[2.147s] INFO:colcon.colcon_cmake.task.cmake.build:Building CMake package in '/home/vm/training/ros2_ws/src/simple_velocity_msg'
[2.147s] INFO:colcon.colcon_core.shell:Skip shell extension 'powershell' for command environment: Not usable outside of PowerShell
[2.147s] DEBUG:colcon.colcon_core.shell:Skip shell extension 'dsv' for command environment
[2.149s] DEBUG:colcon.colcon_core.event_handler.log_command:Invoking command in '/home/vm/training/ros2_ws/build/perception_msgs': CMAKE_PREFIX_PATH=${CMAKE_PREFIX_PATH}:/home/vm/training/ros2_ws/install/teleop_keyboard:/home/vm/training/ros2_ws/install/pingpong_pkg:/home/vm/training/ros2_ws/install/object_spawner:/home/vm/training/ros2_ws/install/image_viewer:/home/vm/training/ros2_ws/install/custom_msg_subscriber:/home/vm/training/ros2_ws/install/custom_msg_publisher:/home/vm/training/ros2_ws/install/camera_service:/home/vm/training/new_workspace/install/package2:/home/vm/training/new_workspace/install/package1:/home/vm/training/new_workspace/install/my_python_package:/opt/ros/humble /usr/bin/cmake --build /home/vm/training/ros2_ws/build/perception_msgs -- -j4 -l4
[2.406s] INFO:colcon.colcon_core.task.python.build:Building Python package in '/home/vm/training/ros2_ws/src/pingpong_pkg'
[2.407s] INFO:colcon.colcon_core.shell:Skip shell extension 'powershell' for command environment: Not usable outside of PowerShell
[2.407s] DEBUG:colcon.colcon_core.shell:Skip shell extension 'dsv' for command environment
[2.433s] DEBUG:colcon.colcon_core.event_handler.log_command:Invoking command in '/home/vm/training/ros2_ws/build/simple_velocity_msg': CMAKE_PREFIX_PATH=${CMAKE_PREFIX_PATH}:/home/vm/training/ros2_ws/install/teleop_keyboard:/home/vm/training/ros2_ws/install/pingpong_pkg:/home/vm/training/ros2_ws/install/object_spawner:/home/vm/training/ros2_ws/install/image_viewer:/home/vm/training/ros2_ws/install/custom_msg_subscriber:/home/vm/training/ros2_ws/install/custom_msg_publisher:/home/vm/training/ros2_ws/install/camera_service:/home/vm/training/new_workspace/install/package2:/home/vm/training/new_workspace/install/package1:/home/vm/training/new_workspace/install/my_python_package:/opt/ros/humble /usr/bin/cmake --build /home/vm/training/ros2_ws/build/simple_velocity_msg -- -j4 -l4
[2.841s] DEBUG:colcon.colcon_core.event_handler.log_command:Invoked command in '/home/vm/training/ros2_ws/build/perception_msgs' returned '0': CMAKE_PREFIX_PATH=${CMAKE_PREFIX_PATH}:/home/vm/training/ros2_ws/install/teleop_keyboard:/home/vm/training/ros2_ws/install/pingpong_pkg:/home/vm/training/ros2_ws/install/object_spawner:/home/vm/training/ros2_ws/install/image_viewer:/home/vm/training/ros2_ws/install/custom_msg_subscriber:/home/vm/training/ros2_ws/install/custom_msg_publisher:/home/vm/training/ros2_ws/install/camera_service:/home/vm/training/new_workspace/install/package2:/home/vm/training/new_workspace/install/package1:/home/vm/training/new_workspace/install/my_python_package:/opt/ros/humble /usr/bin/cmake --build /home/vm/training/ros2_ws/build/perception_msgs -- -j4 -l4
[2.855s] DEBUG:colcon.colcon_core.event_handler.log_command:Invoking command in '/home/vm/training/ros2_ws/build/perception_msgs': CMAKE_PREFIX_PATH=${CMAKE_PREFIX_PATH}:/home/vm/training/ros2_ws/install/teleop_keyboard:/home/vm/training/ros2_ws/install/pingpong_pkg:/home/vm/training/ros2_ws/install/object_spawner:/home/vm/training/ros2_ws/install/image_viewer:/home/vm/training/ros2_ws/install/custom_msg_subscriber:/home/vm/training/ros2_ws/install/custom_msg_publisher:/home/vm/training/ros2_ws/install/camera_service:/home/vm/training/new_workspace/install/package2:/home/vm/training/new_workspace/install/package1:/home/vm/training/new_workspace/install/my_python_package:/opt/ros/humble /usr/bin/cmake --install /home/vm/training/ros2_ws/build/perception_msgs
[2.949s] Level 1:colcon.colcon_core.environment:create_environment_scripts_only(perception_msgs)
[2.949s] DEBUG:colcon.colcon_core.event_handler.log_command:Invoked command in '/home/vm/training/ros2_ws/build/perception_msgs' returned '0': CMAKE_PREFIX_PATH=${CMAKE_PREFIX_PATH}:/home/vm/training/ros2_ws/install/teleop_keyboard:/home/vm/training/ros2_ws/install/pingpong_pkg:/home/vm/training/ros2_ws/install/object_spawner:/home/vm/training/ros2_ws/install/image_viewer:/home/vm/training/ros2_ws/install/custom_msg_subscriber:/home/vm/training/ros2_ws/install/custom_msg_publisher:/home/vm/training/ros2_ws/install/camera_service:/home/vm/training/new_workspace/install/package2:/home/vm/training/new_workspace/install/package1:/home/vm/training/new_workspace/install/my_python_package:/opt/ros/humble /usr/bin/cmake --install /home/vm/training/ros2_ws/build/perception_msgs
[2.949s] Level 1:colcon.colcon_core.environment:checking '/home/vm/training/ros2_ws/install/perception_msgs' for CMake module files
[2.951s] Level 1:colcon.colcon_core.environment:checking '/home/vm/training/ros2_ws/install/perception_msgs' for CMake config files
[2.952s] Level 1:colcon.colcon_core.shell:create_environment_hook('perception_msgs', 'cmake_prefix_path')
[2.952s] INFO:colcon.colcon_core.shell:Creating environment hook '/home/vm/training/ros2_ws/install/perception_msgs/share/perception_msgs/hook/cmake_prefix_path.ps1'
[2.957s] INFO:colcon.colcon_core.shell:Creating environment descriptor '/home/vm/training/ros2_ws/install/perception_msgs/share/perception_msgs/hook/cmake_prefix_path.dsv'
[2.958s] INFO:colcon.colcon_core.shell:Creating environment hook '/home/vm/training/ros2_ws/install/perception_msgs/share/perception_msgs/hook/cmake_prefix_path.sh'
[2.958s] Level 1:colcon.colcon_core.environment:checking '/home/vm/training/ros2_ws/install/perception_msgs/lib'
[2.959s] Level 1:colcon.colcon_core.shell:create_environment_hook('perception_msgs', 'ld_library_path_lib')
[2.959s] INFO:colcon.colcon_core.shell:Creating environment hook '/home/vm/training/ros2_ws/install/perception_msgs/share/perception_msgs/hook/ld_library_path_lib.ps1'
[2.959s] INFO:colcon.colcon_core.shell:Creating environment descriptor '/home/vm/training/ros2_ws/install/perception_msgs/share/perception_msgs/hook/ld_library_path_lib.dsv'
[2.960s] INFO:colcon.colcon_core.shell:Creating environment hook '/home/vm/training/ros2_ws/install/perception_msgs/share/perception_msgs/hook/ld_library_path_lib.sh'
[2.960s] Level 1:colcon.colcon_core.environment:checking '/home/vm/training/ros2_ws/install/perception_msgs/bin'
[2.960s] Level 1:colcon.colcon_core.environment:checking '/home/vm/training/ros2_ws/install/perception_msgs/lib/pkgconfig/perception_msgs.pc'
[2.960s] Level 1:colcon.colcon_core.environment:checking '/home/vm/training/ros2_ws/install/perception_msgs/lib/python3.10/site-packages'
[2.961s] Level 1:colcon.colcon_core.environment:checking '/home/vm/training/ros2_ws/install/perception_msgs/bin'
[2.961s] INFO:colcon.colcon_core.shell:Creating package script '/home/vm/training/ros2_ws/install/perception_msgs/share/perception_msgs/package.ps1'
[2.961s] INFO:colcon.colcon_core.shell:Creating package descriptor '/home/vm/training/ros2_ws/install/perception_msgs/share/perception_msgs/package.dsv'
[2.967s] INFO:colcon.colcon_core.shell:Creating package script '/home/vm/training/ros2_ws/install/perception_msgs/share/perception_msgs/package.sh'
[2.969s] INFO:colcon.colcon_core.shell:Creating package script '/home/vm/training/ros2_ws/install/perception_msgs/share/perception_msgs/package.bash'
[2.969s] INFO:colcon.colcon_core.shell:Creating package script '/home/vm/training/ros2_ws/install/perception_msgs/share/perception_msgs/package.zsh'
[2.970s] Level 1:colcon.colcon_core.environment:create_file_with_runtime_dependencies(/home/vm/training/ros2_ws/install/perception_msgs/share/colcon-core/packages/perception_msgs)
[2.970s] Level 1:colcon.colcon_core.environment:create_environment_scripts_only(perception_msgs)
[2.976s] Level 1:colcon.colcon_core.environment:checking '/home/vm/training/ros2_ws/install/perception_msgs' for CMake module files
[2.976s] Level 1:colcon.colcon_core.environment:checking '/home/vm/training/ros2_ws/install/perception_msgs' for CMake config files
[2.977s] Level 1:colcon.colcon_core.shell:create_environment_hook('perception_msgs', 'cmake_prefix_path')
[2.977s] INFO:colcon.colcon_core.shell:Creating environment hook '/home/vm/training/ros2_ws/install/perception_msgs/share/perception_msgs/hook/cmake_prefix_path.ps1'
[2.978s] INFO:colcon.colcon_core.shell:Creating environment descriptor '/home/vm/training/ros2_ws/install/perception_msgs/share/perception_msgs/hook/cmake_prefix_path.dsv'
[2.978s] INFO:colcon.colcon_core.shell:Creating environment hook '/home/vm/training/ros2_ws/install/perception_msgs/share/perception_msgs/hook/cmake_prefix_path.sh'
[2.979s] Level 1:colcon.colcon_core.environment:checking '/home/vm/training/ros2_ws/install/perception_msgs/lib'
[2.979s] Level 1:colcon.colcon_core.shell:create_environment_hook('perception_msgs', 'ld_library_path_lib')
[2.979s] INFO:colcon.colcon_core.shell:Creating environment hook '/home/vm/training/ros2_ws/install/perception_msgs/share/perception_msgs/hook/ld_library_path_lib.ps1'
[2.980s] INFO:colcon.colcon_core.shell:Creating environment descriptor '/home/vm/training/ros2_ws/install/perception_msgs/share/perception_msgs/hook/ld_library_path_lib.dsv'
[2.981s] INFO:colcon.colcon_core.shell:Creating environment hook '/home/vm/training/ros2_ws/install/perception_msgs/share/perception_msgs/hook/ld_library_path_lib.sh'
[2.981s] Level 1:colcon.colcon_core.environment:checking '/home/vm/training/ros2_ws/install/perception_msgs/bin'
[2.981s] Level 1:colcon.colcon_core.environment:checking '/home/vm/training/ros2_ws/install/perception_msgs/lib/pkgconfig/perception_msgs.pc'
[2.981s] Level 1:colcon.colcon_core.environment:checking '/home/vm/training/ros2_ws/install/perception_msgs/lib/python3.10/site-packages'
[2.982s] Level 1:colcon.colcon_core.environment:checking '/home/vm/training/ros2_ws/install/perception_msgs/bin'
[2.982s] INFO:colcon.colcon_core.shell:Creating package script '/home/vm/training/ros2_ws/install/perception_msgs/share/perception_msgs/package.ps1'
[2.983s] INFO:colcon.colcon_core.shell:Creating package descriptor '/home/vm/training/ros2_ws/install/perception_msgs/share/perception_msgs/package.dsv'
[2.983s] INFO:colcon.colcon_core.shell:Creating package script '/home/vm/training/ros2_ws/install/perception_msgs/share/perception_msgs/package.sh'
[2.984s] INFO:colcon.colcon_core.shell:Creating package script '/home/vm/training/ros2_ws/install/perception_msgs/share/perception_msgs/package.bash'
[2.985s] INFO:colcon.colcon_core.shell:Creating package script '/home/vm/training/ros2_ws/install/perception_msgs/share/perception_msgs/package.zsh'
[2.985s] Level 1:colcon.colcon_core.environment:create_file_with_runtime_dependencies(/home/vm/training/ros2_ws/install/perception_msgs/share/colcon-core/packages/perception_msgs)
[2.986s] INFO:colcon.colcon_ros.task.ament_python.build:Building ROS package in '/home/vm/training/ros2_ws/src/teleop_keyboard' with build type 'ament_python'
[2.986s] Level 1:colcon.colcon_core.shell:create_environment_hook('teleop_keyboard', 'ament_prefix_path')
[2.987s] INFO:colcon.colcon_core.shell:Creating environment hook '/home/vm/training/ros2_ws/install/teleop_keyboard/share/teleop_keyboard/hook/ament_prefix_path.ps1'
[2.987s] INFO:colcon.colcon_core.shell:Creating environment descriptor '/home/vm/training/ros2_ws/install/teleop_keyboard/share/teleop_keyboard/hook/ament_prefix_path.dsv'
[2.988s] INFO:colcon.colcon_core.shell:Creating environment hook '/home/vm/training/ros2_ws/install/teleop_keyboard/share/teleop_keyboard/hook/ament_prefix_path.sh'
[2.988s] INFO:colcon.colcon_core.shell:Skip shell extension 'powershell' for command environment: Not usable outside of PowerShell
[2.988s] DEBUG:colcon.colcon_core.shell:Skip shell extension 'dsv' for command environment
[3.278s] INFO:colcon.colcon_core.task.python.build:Building Python package in '/home/vm/training/ros2_ws/src/teleop_keyboard'
[3.278s] INFO:colcon.colcon_core.shell:Skip shell extension 'powershell' for command environment: Not usable outside of PowerShell
[3.278s] DEBUG:colcon.colcon_core.shell:Skip shell extension 'dsv' for command environment
[3.283s] DEBUG:colcon.colcon_core.event_handler.log_command:Invoked command in '/home/vm/training/ros2_ws/build/simple_velocity_msg' returned '0': CMAKE_PREFIX_PATH=${CMAKE_PREFIX_PATH}:/home/vm/training/ros2_ws/install/teleop_keyboard:/home/vm/training/ros2_ws/install/pingpong_pkg:/home/vm/training/ros2_ws/install/object_spawner:/home/vm/training/ros2_ws/install/image_viewer:/home/vm/training/ros2_ws/install/custom_msg_subscriber:/home/vm/training/ros2_ws/install/custom_msg_publisher:/home/vm/training/ros2_ws/install/camera_service:/home/vm/training/new_workspace/install/package2:/home/vm/training/new_workspace/install/package1:/home/vm/training/new_workspace/install/my_python_package:/opt/ros/humble /usr/bin/cmake --build /home/vm/training/ros2_ws/build/simple_velocity_msg -- -j4 -l4
[3.293s] DEBUG:colcon.colcon_core.event_handler.log_command:Invoking command in '/home/vm/training/ros2_ws/build/simple_velocity_msg': CMAKE_PREFIX_PATH=${CMAKE_PREFIX_PATH}:/home/vm/training/ros2_ws/install/teleop_keyboard:/home/vm/training/ros2_ws/install/pingpong_pkg:/home/vm/training/ros2_ws/install/object_spawner:/home/vm/training/ros2_ws/install/image_viewer:/home/vm/training/ros2_ws/install/custom_msg_subscriber:/home/vm/training/ros2_ws/install/custom_msg_publisher:/home/vm/training/ros2_ws/install/camera_service:/home/vm/training/new_workspace/install/package2:/home/vm/training/new_workspace/install/package1:/home/vm/training/new_workspace/install/my_python_package:/opt/ros/humble /usr/bin/cmake --install /home/vm/training/ros2_ws/build/simple_velocity_msg
[3.294s] DEBUG:colcon.colcon_core.event_handler.log_command:Invoking command in '/home/vm/training/ros2_ws/src/pingpong_pkg': PYTHONPATH=/home/vm/training/ros2_ws/build/pingpong_pkg/prefix_override:/usr/lib/python3/dist-packages/colcon_core/task/python/colcon_distutils_commands:/home/vm/training/ros2_ws/install/pingpong_pkg/lib/python3.10/site-packages:${PYTHONPATH} /usr/bin/python3 -W ignore:setup.py install is deprecated -W ignore:easy_install command is deprecated setup.py egg_info --egg-base ../../build/pingpong_pkg build --build-base /home/vm/training/ros2_ws/build/pingpong_pkg/build install --record /home/vm/training/ros2_ws/build/pingpong_pkg/install.log --single-version-externally-managed install_data
[3.294s] DEBUG:colcon.colcon_core.event_handler.log_command:Invoking command in '/home/vm/training/ros2_ws/src/object_spawner': PYTHONPATH=/home/vm/training/ros2_ws/build/object_spawner/prefix_override:/usr/lib/python3/dist-packages/colcon_core/task/python/colcon_distutils_commands:/home/vm/training/ros2_ws/install/object_spawner/lib/python3.10/site-packages:${PYTHONPATH} /usr/bin/python3 -W ignore:setup.py install is deprecated -W ignore:easy_install command is deprecated setup.py egg_info --egg-base ../../build/object_spawner build --build-base /home/vm/training/ros2_ws/build/object_spawner/build install --record /home/vm/training/ros2_ws/build/object_spawner/install.log --single-version-externally-managed install_data
[3.382s] Level 1:colcon.colcon_core.environment:create_environment_scripts_only(simple_velocity_msg)
[3.383s] Level 1:colcon.colcon_core.environment:checking '/home/vm/training/ros2_ws/install/simple_velocity_msg' for CMake module files
[3.383s] Level 1:colcon.colcon_core.environment:checking '/home/vm/training/ros2_ws/install/simple_velocity_msg' for CMake config files
[3.386s] Level 1:colcon.colcon_core.shell:create_environment_hook('simple_velocity_msg', 'cmake_prefix_path')
[3.386s] INFO:colcon.colcon_core.shell:Creating environment hook '/home/vm/training/ros2_ws/install/simple_velocity_msg/share/simple_velocity_msg/hook/cmake_prefix_path.ps1'
[3.387s] INFO:colcon.colcon_core.shell:Creating environment descriptor '/home/vm/training/ros2_ws/install/simple_velocity_msg/share/simple_velocity_msg/hook/cmake_prefix_path.dsv'
[3.384s] DEBUG:colcon.colcon_core.event_handler.log_command:Invoked command in '/home/vm/training/ros2_ws/build/simple_velocity_msg' returned '0': CMAKE_PREFIX_PATH=${CMAKE_PREFIX_PATH}:/home/vm/training/ros2_ws/install/teleop_keyboard:/home/vm/training/ros2_ws/install/pingpong_pkg:/home/vm/training/ros2_ws/install/object_spawner:/home/vm/training/ros2_ws/install/image_viewer:/home/vm/training/ros2_ws/install/custom_msg_subscriber:/home/vm/training/ros2_ws/install/custom_msg_publisher:/home/vm/training/ros2_ws/install/camera_service:/home/vm/training/new_workspace/install/package2:/home/vm/training/new_workspace/install/package1:/home/vm/training/new_workspace/install/my_python_package:/opt/ros/humble /usr/bin/cmake --install /home/vm/training/ros2_ws/build/simple_velocity_msg
[3.387s] INFO:colcon.colcon_core.shell:Creating environment hook '/home/vm/training/ros2_ws/install/simple_velocity_msg/share/simple_velocity_msg/hook/cmake_prefix_path.sh'
[3.389s] Level 1:colcon.colcon_core.environment:checking '/home/vm/training/ros2_ws/install/simple_velocity_msg/lib'
[3.389s] Level 1:colcon.colcon_core.shell:create_environment_hook('simple_velocity_msg', 'ld_library_path_lib')
[3.389s] INFO:colcon.colcon_core.shell:Creating environment hook '/home/vm/training/ros2_ws/install/simple_velocity_msg/share/simple_velocity_msg/hook/ld_library_path_lib.ps1'
[3.390s] INFO:colcon.colcon_core.shell:Creating environment descriptor '/home/vm/training/ros2_ws/install/simple_velocity_msg/share/simple_velocity_msg/hook/ld_library_path_lib.dsv'
[3.393s] INFO:colcon.colcon_core.shell:Creating environment hook '/home/vm/training/ros2_ws/install/simple_velocity_msg/share/simple_velocity_msg/hook/ld_library_path_lib.sh'
[3.394s] Level 1:colcon.colcon_core.environment:checking '/home/vm/training/ros2_ws/install/simple_velocity_msg/bin'
[3.394s] Level 1:colcon.colcon_core.environment:checking '/home/vm/training/ros2_ws/install/simple_velocity_msg/lib/pkgconfig/simple_velocity_msg.pc'
[3.394s] Level 1:colcon.colcon_core.environment:checking '/home/vm/training/ros2_ws/install/simple_velocity_msg/lib/python3.10/site-packages'
[3.395s] Level 1:colcon.colcon_core.environment:checking '/home/vm/training/ros2_ws/install/simple_velocity_msg/bin'
[3.395s] INFO:colcon.colcon_core.shell:Creating package script '/home/vm/training/ros2_ws/install/simple_velocity_msg/share/simple_velocity_msg/package.ps1'
[3.396s] INFO:colcon.colcon_core.shell:Creating package descriptor '/home/vm/training/ros2_ws/install/simple_velocity_msg/share/simple_velocity_msg/package.dsv'
[3.396s] INFO:colcon.colcon_core.shell:Creating package script '/home/vm/training/ros2_ws/install/simple_velocity_msg/share/simple_velocity_msg/package.sh'
[3.396s] INFO:colcon.colcon_core.shell:Creating package script '/home/vm/training/ros2_ws/install/simple_velocity_msg/share/simple_velocity_msg/package.bash'
[3.399s] INFO:colcon.colcon_core.shell:Creating package script '/home/vm/training/ros2_ws/install/simple_velocity_msg/share/simple_velocity_msg/package.zsh'
[3.399s] Level 1:colcon.colcon_core.environment:create_file_with_runtime_dependencies(/home/vm/training/ros2_ws/install/simple_velocity_msg/share/colcon-core/packages/simple_velocity_msg)
[3.400s] Level 1:colcon.colcon_core.environment:create_environment_scripts_only(simple_velocity_msg)
[3.400s] Level 1:colcon.colcon_core.environment:checking '/home/vm/training/ros2_ws/install/simple_velocity_msg' for CMake module files
[3.401s] Level 1:colcon.colcon_core.environment:checking '/home/vm/training/ros2_ws/install/simple_velocity_msg' for CMake config files
[3.407s] Level 1:colcon.colcon_core.shell:create_environment_hook('simple_velocity_msg', 'cmake_prefix_path')
[3.407s] INFO:colcon.colcon_core.shell:Creating environment hook '/home/vm/training/ros2_ws/install/simple_velocity_msg/share/simple_velocity_msg/hook/cmake_prefix_path.ps1'
[3.407s] INFO:colcon.colcon_core.shell:Creating environment descriptor '/home/vm/training/ros2_ws/install/simple_velocity_msg/share/simple_velocity_msg/hook/cmake_prefix_path.dsv'
[3.408s] INFO:colcon.colcon_core.shell:Creating environment hook '/home/vm/training/ros2_ws/install/simple_velocity_msg/share/simple_velocity_msg/hook/cmake_prefix_path.sh'
[3.408s] Level 1:colcon.colcon_core.environment:checking '/home/vm/training/ros2_ws/install/simple_velocity_msg/lib'
[3.408s] Level 1:colcon.colcon_core.shell:create_environment_hook('simple_velocity_msg', 'ld_library_path_lib')
[3.409s] INFO:colcon.colcon_core.shell:Creating environment hook '/home/vm/training/ros2_ws/install/simple_velocity_msg/share/simple_velocity_msg/hook/ld_library_path_lib.ps1'
[3.409s] INFO:colcon.colcon_core.shell:Creating environment descriptor '/home/vm/training/ros2_ws/install/simple_velocity_msg/share/simple_velocity_msg/hook/ld_library_path_lib.dsv'
[3.409s] INFO:colcon.colcon_core.shell:Creating environment hook '/home/vm/training/ros2_ws/install/simple_velocity_msg/share/simple_velocity_msg/hook/ld_library_path_lib.sh'
[3.410s] Level 1:colcon.colcon_core.environment:checking '/home/vm/training/ros2_ws/install/simple_velocity_msg/bin'
[3.410s] Level 1:colcon.colcon_core.environment:checking '/home/vm/training/ros2_ws/install/simple_velocity_msg/lib/pkgconfig/simple_velocity_msg.pc'
[3.410s] Level 1:colcon.colcon_core.environment:checking '/home/vm/training/ros2_ws/install/simple_velocity_msg/lib/python3.10/site-packages'
[3.411s] Level 1:colcon.colcon_core.environment:checking '/home/vm/training/ros2_ws/install/simple_velocity_msg/bin'
[3.411s] INFO:colcon.colcon_core.shell:Creating package script '/home/vm/training/ros2_ws/install/simple_velocity_msg/share/simple_velocity_msg/package.ps1'
[3.413s] INFO:colcon.colcon_core.shell:Creating package descriptor '/home/vm/training/ros2_ws/install/simple_velocity_msg/share/simple_velocity_msg/package.dsv'
[3.415s] INFO:colcon.colcon_core.shell:Creating package script '/home/vm/training/ros2_ws/install/simple_velocity_msg/share/simple_velocity_msg/package.sh'
[3.415s] INFO:colcon.colcon_core.shell:Creating package script '/home/vm/training/ros2_ws/install/simple_velocity_msg/share/simple_velocity_msg/package.bash'
[3.416s] INFO:colcon.colcon_core.shell:Creating package script '/home/vm/training/ros2_ws/install/simple_velocity_msg/share/simple_velocity_msg/package.zsh'
[3.418s] Level 1:colcon.colcon_core.environment:create_file_with_runtime_dependencies(/home/vm/training/ros2_ws/install/simple_velocity_msg/share/colcon-core/packages/simple_velocity_msg)
[3.708s] Level 1:colcon.colcon_core.environment:checking '/home/vm/training/ros2_ws/install/object_spawner' for CMake module files
[3.710s] DEBUG:colcon.colcon_core.event_handler.log_command:Invoked command in '/home/vm/training/ros2_ws/src/object_spawner' returned '0': PYTHONPATH=/home/vm/training/ros2_ws/build/object_spawner/prefix_override:/usr/lib/python3/dist-packages/colcon_core/task/python/colcon_distutils_commands:/home/vm/training/ros2_ws/install/object_spawner/lib/python3.10/site-packages:${PYTHONPATH} /usr/bin/python3 -W ignore:setup.py install is deprecated -W ignore:easy_install command is deprecated setup.py egg_info --egg-base ../../build/object_spawner build --build-base /home/vm/training/ros2_ws/build/object_spawner/build install --record /home/vm/training/ros2_ws/build/object_spawner/install.log --single-version-externally-managed install_data
[3.711s] Level 1:colcon.colcon_core.environment:checking '/home/vm/training/ros2_ws/install/object_spawner' for CMake config files
[3.711s] Level 1:colcon.colcon_core.environment:checking '/home/vm/training/ros2_ws/install/object_spawner/lib'
[3.711s] Level 1:colcon.colcon_core.environment:checking '/home/vm/training/ros2_ws/install/object_spawner/bin'
[3.711s] Level 1:colcon.colcon_core.environment:checking '/home/vm/training/ros2_ws/install/object_spawner/lib/pkgconfig/object_spawner.pc'
[3.712s] Level 1:colcon.colcon_core.environment:checking '/home/vm/training/ros2_ws/install/object_spawner/lib/python3.10/site-packages'
[3.712s] Level 1:colcon.colcon_core.shell:create_environment_hook('object_spawner', 'pythonpath')
[3.712s] INFO:colcon.colcon_core.shell:Creating environment hook '/home/vm/training/ros2_ws/install/object_spawner/share/object_spawner/hook/pythonpath.ps1'
[3.712s] INFO:colcon.colcon_core.shell:Creating environment descriptor '/home/vm/training/ros2_ws/install/object_spawner/share/object_spawner/hook/pythonpath.dsv'
[3.713s] INFO:colcon.colcon_core.shell:Creating environment hook '/home/vm/training/ros2_ws/install/object_spawner/share/object_spawner/hook/pythonpath.sh'
[3.713s] Level 1:colcon.colcon_core.environment:checking '/home/vm/training/ros2_ws/install/object_spawner/bin'
[3.714s] Level 1:colcon.colcon_core.environment:create_environment_scripts_only(object_spawner)
[3.714s] INFO:colcon.colcon_core.shell:Creating package script '/home/vm/training/ros2_ws/install/object_spawner/share/object_spawner/package.ps1'
[3.715s] INFO:colcon.colcon_core.shell:Creating package descriptor '/home/vm/training/ros2_ws/install/object_spawner/share/object_spawner/package.dsv'
[3.715s] INFO:colcon.colcon_core.shell:Creating package script '/home/vm/training/ros2_ws/install/object_spawner/share/object_spawner/package.sh'
[3.715s] INFO:colcon.colcon_core.shell:Creating package script '/home/vm/training/ros2_ws/install/object_spawner/share/object_spawner/package.bash'
[3.716s] INFO:colcon.colcon_core.shell:Creating package script '/home/vm/training/ros2_ws/install/object_spawner/share/object_spawner/package.zsh'
[3.716s] Level 1:colcon.colcon_core.environment:create_file_with_runtime_dependencies(/home/vm/training/ros2_ws/install/object_spawner/share/colcon-core/packages/object_spawner)
[3.722s] DEBUG:colcon.colcon_core.event_handler.log_command:Invoking command in '/home/vm/training/ros2_ws/src/teleop_keyboard': PYTHONPATH=/home/vm/training/ros2_ws/build/teleop_keyboard/prefix_override:/usr/lib/python3/dist-packages/colcon_core/task/python/colcon_distutils_commands:/home/vm/training/ros2_ws/install/teleop_keyboard/lib/python3.10/site-packages:${PYTHONPATH} /usr/bin/python3 -W ignore:setup.py install is deprecated -W ignore:easy_install command is deprecated setup.py egg_info --egg-base ../../build/teleop_keyboard build --build-base /home/vm/training/ros2_ws/build/teleop_keyboard/build install --record /home/vm/training/ros2_ws/build/teleop_keyboard/install.log --single-version-externally-managed install_data
[3.726s] Level 1:colcon.colcon_core.environment:checking '/home/vm/training/ros2_ws/install/pingpong_pkg' for CMake module files
[3.726s] Level 1:colcon.colcon_core.environment:checking '/home/vm/training/ros2_ws/install/pingpong_pkg' for CMake config files
[3.727s] Level 1:colcon.colcon_core.environment:checking '/home/vm/training/ros2_ws/install/pingpong_pkg/lib'
[3.727s] Level 1:colcon.colcon_core.environment:checking '/home/vm/training/ros2_ws/install/pingpong_pkg/bin'
[3.727s] Level 1:colcon.colcon_core.environment:checking '/home/vm/training/ros2_ws/install/pingpong_pkg/lib/pkgconfig/pingpong_pkg.pc'
[3.727s] Level 1:colcon.colcon_core.environment:checking '/home/vm/training/ros2_ws/install/pingpong_pkg/lib/python3.10/site-packages'
[3.727s] Level 1:colcon.colcon_core.shell:create_environment_hook('pingpong_pkg', 'pythonpath')
[3.727s] INFO:colcon.colcon_core.shell:Creating environment hook '/home/vm/training/ros2_ws/install/pingpong_pkg/share/pingpong_pkg/hook/pythonpath.ps1'
[3.728s] DEBUG:colcon.colcon_core.event_handler.log_command:Invoked command in '/home/vm/training/ros2_ws/src/pingpong_pkg' returned '0': PYTHONPATH=/home/vm/training/ros2_ws/build/pingpong_pkg/prefix_override:/usr/lib/python3/dist-packages/colcon_core/task/python/colcon_distutils_commands:/home/vm/training/ros2_ws/install/pingpong_pkg/lib/python3.10/site-packages:${PYTHONPATH} /usr/bin/python3 -W ignore:setup.py install is deprecated -W ignore:easy_install command is deprecated setup.py egg_info --egg-base ../../build/pingpong_pkg build --build-base /home/vm/training/ros2_ws/build/pingpong_pkg/build install --record /home/vm/training/ros2_ws/build/pingpong_pkg/install.log --single-version-externally-managed install_data
[3.729s] INFO:colcon.colcon_core.shell:Creating environment descriptor '/home/vm/training/ros2_ws/install/pingpong_pkg/share/pingpong_pkg/hook/pythonpath.dsv'
[3.729s] INFO:colcon.colcon_core.shell:Creating environment hook '/home/vm/training/ros2_ws/install/pingpong_pkg/share/pingpong_pkg/hook/pythonpath.sh'
[3.730s] Level 1:colcon.colcon_core.environment:checking '/home/vm/training/ros2_ws/install/pingpong_pkg/bin'
[3.730s] Level 1:colcon.colcon_core.environment:create_environment_scripts_only(pingpong_pkg)
[3.730s] INFO:colcon.colcon_core.shell:Creating package script '/home/vm/training/ros2_ws/install/pingpong_pkg/share/pingpong_pkg/package.ps1'
[3.731s] INFO:colcon.colcon_core.shell:Creating package descriptor '/home/vm/training/ros2_ws/install/pingpong_pkg/share/pingpong_pkg/package.dsv'
[3.731s] INFO:colcon.colcon_core.shell:Creating package script '/home/vm/training/ros2_ws/install/pingpong_pkg/share/pingpong_pkg/package.sh'
[3.731s] INFO:colcon.colcon_core.shell:Creating package script '/home/vm/training/ros2_ws/install/pingpong_pkg/share/pingpong_pkg/package.bash'
[3.732s] INFO:colcon.colcon_core.shell:Creating package script '/home/vm/training/ros2_ws/install/pingpong_pkg/share/pingpong_pkg/package.zsh'
[3.732s] Level 1:colcon.colcon_core.environment:create_file_with_runtime_dependencies(/home/vm/training/ros2_ws/install/pingpong_pkg/share/colcon-core/packages/pingpong_pkg)
[3.955s] Level 1:colcon.colcon_core.environment:checking '/home/vm/training/ros2_ws/install/teleop_keyboard' for CMake module files
[3.955s] DEBUG:colcon.colcon_core.event_handler.log_command:Invoked command in '/home/vm/training/ros2_ws/src/teleop_keyboard' returned '0': PYTHONPATH=/home/vm/training/ros2_ws/build/teleop_keyboard/prefix_override:/usr/lib/python3/dist-packages/colcon_core/task/python/colcon_distutils_commands:/home/vm/training/ros2_ws/install/teleop_keyboard/lib/python3.10/site-packages:${PYTHONPATH} /usr/bin/python3 -W ignore:setup.py install is deprecated -W ignore:easy_install command is deprecated setup.py egg_info --egg-base ../../build/teleop_keyboard build --build-base /home/vm/training/ros2_ws/build/teleop_keyboard/build install --record /home/vm/training/ros2_ws/build/teleop_keyboard/install.log --single-version-externally-managed install_data
[3.958s] Level 1:colcon.colcon_core.environment:checking '/home/vm/training/ros2_ws/install/teleop_keyboard' for CMake config files
[3.958s] Level 1:colcon.colcon_core.environment:checking '/home/vm/training/ros2_ws/install/teleop_keyboard/lib'
[3.958s] Level 1:colcon.colcon_core.environment:checking '/home/vm/training/ros2_ws/install/teleop_keyboard/bin'
[3.958s] Level 1:colcon.colcon_core.environment:checking '/home/vm/training/ros2_ws/install/teleop_keyboard/lib/pkgconfig/teleop_keyboard.pc'
[3.958s] Level 1:colcon.colcon_core.environment:checking '/home/vm/training/ros2_ws/install/teleop_keyboard/lib/python3.10/site-packages'
[3.958s] Level 1:colcon.colcon_core.shell:create_environment_hook('teleop_keyboard', 'pythonpath')
[3.959s] INFO:colcon.colcon_core.shell:Creating environment hook '/home/vm/training/ros2_ws/install/teleop_keyboard/share/teleop_keyboard/hook/pythonpath.ps1'
[3.959s] INFO:colcon.colcon_core.shell:Creating environment descriptor '/home/vm/training/ros2_ws/install/teleop_keyboard/share/teleop_keyboard/hook/pythonpath.dsv'
[3.959s] INFO:colcon.colcon_core.shell:Creating environment hook '/home/vm/training/ros2_ws/install/teleop_keyboard/share/teleop_keyboard/hook/pythonpath.sh'
[3.960s] Level 1:colcon.colcon_core.environment:checking '/home/vm/training/ros2_ws/install/teleop_keyboard/bin'
[3.960s] Level 1:colcon.colcon_core.environment:create_environment_scripts_only(teleop_keyboard)
[3.960s] INFO:colcon.colcon_core.shell:Creating package script '/home/vm/training/ros2_ws/install/teleop_keyboard/share/teleop_keyboard/package.ps1'
[3.961s] INFO:colcon.colcon_core.shell:Creating package descriptor '/home/vm/training/ros2_ws/install/teleop_keyboard/share/teleop_keyboard/package.dsv'
[3.961s] INFO:colcon.colcon_core.shell:Creating package script '/home/vm/training/ros2_ws/install/teleop_keyboard/share/teleop_keyboard/package.sh'
[3.962s] INFO:colcon.colcon_core.shell:Creating package script '/home/vm/training/ros2_ws/install/teleop_keyboard/share/teleop_keyboard/package.bash'
[3.962s] INFO:colcon.colcon_core.shell:Creating package script '/home/vm/training/ros2_ws/install/teleop_keyboard/share/teleop_keyboard/package.zsh'
[3.962s] Level 1:colcon.colcon_core.environment:create_file_with_runtime_dependencies(/home/vm/training/ros2_ws/install/teleop_keyboard/share/colcon-core/packages/teleop_keyboard)
[3.965s] DEBUG:colcon.colcon_parallel_executor.executor.parallel:closing loop
[3.966s] DEBUG:colcon.colcon_parallel_executor.executor.parallel:loop closed
[3.966s] DEBUG:colcon.colcon_parallel_executor.executor.parallel:run_until_complete finished with '0'
[3.966s] DEBUG:colcon.colcon_core.event_reactor:joining thread
[3.975s] INFO:colcon.colcon_core.plugin_system:Skipping extension 'colcon_notification.desktop_notification.terminal_notifier': Not used on non-Darwin systems
[3.975s] INFO:colcon.colcon_core.plugin_system:Skipping extension 'colcon_notification.desktop_notification.win32': Not used on non-Windows systems
[3.975s] INFO:colcon.colcon_notification.desktop_notification:Sending desktop notification using 'notify2'
[3.999s] DEBUG:colcon.colcon_core.event_reactor:joined thread
[3.999s] INFO:colcon.colcon_core.shell:Creating prefix script '/home/vm/training/ros2_ws/install/local_setup.ps1'
[4.002s] INFO:colcon.colcon_core.shell:Creating prefix util module '/home/vm/training/ros2_ws/install/_local_setup_util_ps1.py'
[4.003s] INFO:colcon.colcon_core.shell:Creating prefix chain script '/home/vm/training/ros2_ws/install/setup.ps1'
[4.005s] INFO:colcon.colcon_core.shell:Creating prefix script '/home/vm/training/ros2_ws/install/local_setup.sh'
[4.005s] INFO:colcon.colcon_core.shell:Creating prefix util module '/home/vm/training/ros2_ws/install/_local_setup_util_sh.py'
[4.006s] INFO:colcon.colcon_core.shell:Creating prefix chain script '/home/vm/training/ros2_ws/install/setup.sh'
[4.007s] INFO:colcon.colcon_core.shell:Creating prefix script '/home/vm/training/ros2_ws/install/local_setup.bash'
[4.008s] INFO:colcon.colcon_core.shell:Creating prefix chain script '/home/vm/training/ros2_ws/install/setup.bash'
[4.010s] INFO:colcon.colcon_core.shell:Creating prefix script '/home/vm/training/ros2_ws/install/local_setup.zsh'
[4.011s] INFO:colcon.colcon_core.shell:Creating prefix chain script '/home/vm/training/ros2_ws/install/setup.zsh'
