running egg_info
creating ../../build/final_assessment/final_assessment.egg-info
writing ../../build/final_assessment/final_assessment.egg-info/PKG-INFO
writing dependency_links to ../../build/final_assessment/final_assessment.egg-info/dependency_links.txt
writing entry points to ../../build/final_assessment/final_assessment.egg-info/entry_points.txt
writing requirements to ../../build/final_assessment/final_assessment.egg-info/requires.txt
writing top-level names to ../../build/final_assessment/final_assessment.egg-info/top_level.txt
writing manifest file '../../build/final_assessment/final_assessment.egg-info/SOURCES.txt'
reading manifest file '../../build/final_assessment/final_assessment.egg-info/SOURCES.txt'
writing manifest file '../../build/final_assessment/final_assessment.egg-info/SOURCES.txt'
running build
running build_py
creating /home/vm/training/ros2_ws/build/final_assessment/build
creating /home/vm/training/ros2_ws/build/final_assessment/build/lib
creating /home/vm/training/ros2_ws/build/final_assessment/build/lib/final_assessment
copying final_assessment/__init__.py -> /home/vm/training/ros2_ws/build/final_assessment/build/lib/final_assessment
running install
running install_lib
creating /home/vm/training/ros2_ws/install/final_assessment/lib/python3.10/site-packages/final_assessment
copying /home/vm/training/ros2_ws/build/final_assessment/build/lib/final_assessment/__init__.py -> /home/vm/training/ros2_ws/install/final_assessment/lib/python3.10/site-packages/final_assessment
byte-compiling /home/vm/training/ros2_ws/install/final_assessment/lib/python3.10/site-packages/final_assessment/__init__.py to __init__.cpython-310.pyc
running install_data
creating /home/vm/training/ros2_ws/install/final_assessment/share/ament_index
creating /home/vm/training/ros2_ws/install/final_assessment/share/ament_index/resource_index
creating /home/vm/training/ros2_ws/install/final_assessment/share/ament_index/resource_index/packages
copying resource/final_assessment -> /home/vm/training/ros2_ws/install/final_assessment/share/ament_index/resource_index/packages
copying package.xml -> /home/vm/training/ros2_ws/install/final_assessment/share/final_assessment
creating /home/vm/training/ros2_ws/install/final_assessment/share/final_assessment/launch
copying launch/cam.launch.py -> /home/vm/training/ros2_ws/install/final_assessment/share/final_assessment/launch
running install_egg_info
Copying ../../build/final_assessment/final_assessment.egg-info to /home/vm/training/ros2_ws/install/final_assessment/lib/python3.10/site-packages/final_assessment-0.0.0-py3.10.egg-info
running install_scripts
writing list of installed files to '/home/vm/training/ros2_ws/build/final_assessment/install.log'
