[1.005s] Invoking command in '/home/vm/training/ros2_ws/src/custom_msg_publisher': PYTHONPATH=/home/vm/training/ros2_ws/build/custom_msg_publisher/prefix_override:/usr/lib/python3/dist-packages/colcon_core/task/python/colcon_distutils_commands:/home/vm/training/ros2_ws/install/custom_msg_publisher/lib/python3.10/site-packages:${PYTHONPATH} /usr/bin/python3 -W ignore:setup.py install is deprecated -W ignore:easy_install command is deprecated setup.py egg_info --egg-base ../../build/custom_msg_publisher build --build-base /home/vm/training/ros2_ws/build/custom_msg_publisher/build install --record /home/vm/training/ros2_ws/build/custom_msg_publisher/install.log --single-version-externally-managed install_data
[1.186s] running egg_info
[1.186s] writing ../../build/custom_msg_publisher/custom_msg_publisher.egg-info/PKG-INFO
[1.187s] writing dependency_links to ../../build/custom_msg_publisher/custom_msg_publisher.egg-info/dependency_links.txt
[1.187s] writing entry points to ../../build/custom_msg_publisher/custom_msg_publisher.egg-info/entry_points.txt
[1.187s] writing requirements to ../../build/custom_msg_publisher/custom_msg_publisher.egg-info/requires.txt
[1.187s] writing top-level names to ../../build/custom_msg_publisher/custom_msg_publisher.egg-info/top_level.txt
[1.189s] reading manifest file '../../build/custom_msg_publisher/custom_msg_publisher.egg-info/SOURCES.txt'
[1.189s] writing manifest file '../../build/custom_msg_publisher/custom_msg_publisher.egg-info/SOURCES.txt'
[1.190s] running build
[1.190s] running build_py
[1.190s] running install
[1.190s] running install_lib
[1.193s] running install_data
[1.193s] running install_egg_info
[1.193s] removing '/home/vm/training/ros2_ws/install/custom_msg_publisher/lib/python3.10/site-packages/custom_msg_publisher-0.0.0-py3.10.egg-info' (and everything under it)
[1.196s] Copying ../../build/custom_msg_publisher/custom_msg_publisher.egg-info to /home/vm/training/ros2_ws/install/custom_msg_publisher/lib/python3.10/site-packages/custom_msg_publisher-0.0.0-py3.10.egg-info
[1.199s] running install_scripts
[1.219s] Installing simple_velocity_pub_node script to /home/vm/training/ros2_ws/install/custom_msg_publisher/lib/custom_msg_publisher
[1.220s] writing list of installed files to '/home/vm/training/ros2_ws/build/custom_msg_publisher/install.log'
[1.437s] Invoked command in '/home/vm/training/ros2_ws/src/custom_msg_publisher' returned '0': PYTHONPATH=/home/vm/training/ros2_ws/build/custom_msg_publisher/prefix_override:/usr/lib/python3/dist-packages/colcon_core/task/python/colcon_distutils_commands:/home/vm/training/ros2_ws/install/custom_msg_publisher/lib/python3.10/site-packages:${PYTHONPATH} /usr/bin/python3 -W ignore:setup.py install is deprecated -W ignore:easy_install command is deprecated setup.py egg_info --egg-base ../../build/custom_msg_publisher build --build-base /home/vm/training/ros2_ws/build/custom_msg_publisher/build install --record /home/vm/training/ros2_ws/build/custom_msg_publisher/install.log --single-version-externally-managed install_data
