[0.150s] DEBUG:colcon:Command line arguments: ['/usr/bin/colcon', 'build']
[0.150s] DEBUG:colcon:Parsed command line arguments: Namespace(log_base=None, log_level=None, verb_name='build', build_base='build', install_base='install', merge_install=False, symlink_install=False, test_result_base=None, continue_on_error=False, executor='parallel', parallel_workers=4, event_handlers=None, ignore_user_meta=False, metas=['./colcon.meta'], base_paths=['.'], packages_ignore=None, packages_ignore_regex=None, paths=None, packages_up_to=None, packages_up_to_regex=None, packages_above=None, packages_above_and_dependencies=None, packages_above_depth=None, packages_select_by_dep=None, packages_skip_by_dep=None, packages_skip_up_to=None, packages_select_build_failed=False, packages_skip_build_finished=False, packages_select_test_failures=False, packages_skip_test_passed=False, packages_select=None, packages_skip=None, packages_select_regex=None, packages_skip_regex=None, packages_start=None, packages_end=None, allow_overriding=[], cmake_args=None, cmake_target=None, cmake_target_skip_unavailable=False, cmake_clean_cache=False, cmake_clean_first=False, cmake_force_configure=False, ament_cmake_args=None, catkin_cmake_args=None, catkin_skip_building_tests=False, verb_parser=<colcon_defaults.argument_parser.defaults.DefaultArgumentsDecorator object at 0x7733acc600a0>, verb_extension=<colcon_core.verb.build.BuildVerb object at 0x7733acc23b20>, main=<bound method BuildVerb.main of <colcon_core.verb.build.BuildVerb object at 0x7733acc23b20>>)
[0.322s] Level 1:colcon.colcon_core.package_discovery:discover_packages(colcon_meta) check parameters
[0.322s] Level 1:colcon.colcon_core.package_discovery:discover_packages(recursive) check parameters
[0.322s] Level 1:colcon.colcon_core.package_discovery:discover_packages(ignore) check parameters
[0.322s] Level 1:colcon.colcon_core.package_discovery:discover_packages(path) check parameters
[0.322s] Level 1:colcon.colcon_core.package_discovery:discover_packages(colcon_meta) discover
[0.322s] Level 1:colcon.colcon_core.package_discovery:discover_packages(recursive) discover
[0.322s] INFO:colcon.colcon_core.package_discovery:Crawling recursively for packages in '/home/vm/training/new_workspace'
[0.322s] Level 1:colcon.colcon_core.package_identification:_identify(.) by extensions ['ignore', 'ignore_ament_install']
[0.323s] Level 1:colcon.colcon_core.package_identification:_identify(.) by extension 'ignore'
[0.323s] Level 1:colcon.colcon_core.package_identification:_identify(.) by extension 'ignore_ament_install'
[0.323s] Level 1:colcon.colcon_core.package_identification:_identify(.) by extensions ['colcon_pkg']
[0.323s] Level 1:colcon.colcon_core.package_identification:_identify(.) by extension 'colcon_pkg'
[0.323s] Level 1:colcon.colcon_core.package_identification:_identify(.) by extensions ['colcon_meta']
[0.323s] Level 1:colcon.colcon_core.package_identification:_identify(.) by extension 'colcon_meta'
[0.323s] Level 1:colcon.colcon_core.package_identification:_identify(.) by extensions ['ros']
[0.323s] Level 1:colcon.colcon_core.package_identification:_identify(.) by extension 'ros'
[0.332s] Level 1:colcon.colcon_core.package_identification:_identify(.) by extensions ['cmake', 'python']
[0.332s] Level 1:colcon.colcon_core.package_identification:_identify(.) by extension 'cmake'
[0.332s] Level 1:colcon.colcon_core.package_identification:_identify(.) by extension 'python'
[0.332s] Level 1:colcon.colcon_core.package_identification:_identify(.) by extensions ['python_setup_py']
[0.332s] Level 1:colcon.colcon_core.package_identification:_identify(.) by extension 'python_setup_py'
[0.333s] Level 1:colcon.colcon_core.package_identification:_identify(build) by extensions ['ignore', 'ignore_ament_install']
[0.333s] Level 1:colcon.colcon_core.package_identification:_identify(build) by extension 'ignore'
[0.333s] Level 1:colcon.colcon_core.package_identification:_identify(build) ignored
[0.333s] Level 1:colcon.colcon_core.package_identification:_identify(install) by extensions ['ignore', 'ignore_ament_install']
[0.333s] Level 1:colcon.colcon_core.package_identification:_identify(install) by extension 'ignore'
[0.333s] Level 1:colcon.colcon_core.package_identification:_identify(install) ignored
[0.333s] Level 1:colcon.colcon_core.package_identification:_identify(log) by extensions ['ignore', 'ignore_ament_install']
[0.333s] Level 1:colcon.colcon_core.package_identification:_identify(log) by extension 'ignore'
[0.333s] Level 1:colcon.colcon_core.package_identification:_identify(log) ignored
[0.333s] Level 1:colcon.colcon_core.package_identification:_identify(src) by extensions ['ignore', 'ignore_ament_install']
[0.333s] Level 1:colcon.colcon_core.package_identification:_identify(src) by extension 'ignore'
[0.333s] Level 1:colcon.colcon_core.package_identification:_identify(src) by extension 'ignore_ament_install'
[0.333s] Level 1:colcon.colcon_core.package_identification:_identify(src) by extensions ['colcon_pkg']
[0.333s] Level 1:colcon.colcon_core.package_identification:_identify(src) by extension 'colcon_pkg'
[0.333s] Level 1:colcon.colcon_core.package_identification:_identify(src) by extensions ['colcon_meta']
[0.333s] Level 1:colcon.colcon_core.package_identification:_identify(src) by extension 'colcon_meta'
[0.333s] Level 1:colcon.colcon_core.package_identification:_identify(src) by extensions ['ros']
[0.334s] Level 1:colcon.colcon_core.package_identification:_identify(src) by extension 'ros'
[0.334s] Level 1:colcon.colcon_core.package_identification:_identify(src) by extensions ['cmake', 'python']
[0.334s] Level 1:colcon.colcon_core.package_identification:_identify(src) by extension 'cmake'
[0.334s] Level 1:colcon.colcon_core.package_identification:_identify(src) by extension 'python'
[0.334s] Level 1:colcon.colcon_core.package_identification:_identify(src) by extensions ['python_setup_py']
[0.334s] Level 1:colcon.colcon_core.package_identification:_identify(src) by extension 'python_setup_py'
[0.334s] Level 1:colcon.colcon_core.package_identification:_identify(src/my_cmake_package) by extensions ['ignore', 'ignore_ament_install']
[0.334s] Level 1:colcon.colcon_core.package_identification:_identify(src/my_cmake_package) by extension 'ignore'
[0.334s] Level 1:colcon.colcon_core.package_identification:_identify(src/my_cmake_package) by extension 'ignore_ament_install'
[0.334s] Level 1:colcon.colcon_core.package_identification:_identify(src/my_cmake_package) by extensions ['colcon_pkg']
[0.334s] Level 1:colcon.colcon_core.package_identification:_identify(src/my_cmake_package) by extension 'colcon_pkg'
[0.334s] Level 1:colcon.colcon_core.package_identification:_identify(src/my_cmake_package) by extensions ['colcon_meta']
[0.334s] Level 1:colcon.colcon_core.package_identification:_identify(src/my_cmake_package) by extension 'colcon_meta'
[0.334s] Level 1:colcon.colcon_core.package_identification:_identify(src/my_cmake_package) by extensions ['ros']
[0.334s] Level 1:colcon.colcon_core.package_identification:_identify(src/my_cmake_package) by extension 'ros'
[0.338s] DEBUG:colcon.colcon_core.package_identification:Package 'src/my_cmake_package' with type 'ros.ament_cmake' and name 'my_cmake_package'
[0.338s] Level 1:colcon.colcon_core.package_identification:_identify(src/my_python_package) by extensions ['ignore', 'ignore_ament_install']
[0.338s] Level 1:colcon.colcon_core.package_identification:_identify(src/my_python_package) by extension 'ignore'
[0.338s] Level 1:colcon.colcon_core.package_identification:_identify(src/my_python_package) by extension 'ignore_ament_install'
[0.338s] Level 1:colcon.colcon_core.package_identification:_identify(src/my_python_package) by extensions ['colcon_pkg']
[0.338s] Level 1:colcon.colcon_core.package_identification:_identify(src/my_python_package) by extension 'colcon_pkg'
[0.338s] Level 1:colcon.colcon_core.package_identification:_identify(src/my_python_package) by extensions ['colcon_meta']
[0.338s] Level 1:colcon.colcon_core.package_identification:_identify(src/my_python_package) by extension 'colcon_meta'
[0.338s] Level 1:colcon.colcon_core.package_identification:_identify(src/my_python_package) by extensions ['ros']
[0.339s] Level 1:colcon.colcon_core.package_identification:_identify(src/my_python_package) by extension 'ros'
[0.340s] DEBUG:colcon.colcon_core.package_identification:Package 'src/my_python_package' with type 'ros.ament_python' and name 'my_python_package'
[0.340s] Level 1:colcon.colcon_core.package_identification:_identify(src/package1) by extensions ['ignore', 'ignore_ament_install']
[0.340s] Level 1:colcon.colcon_core.package_identification:_identify(src/package1) by extension 'ignore'
[0.340s] Level 1:colcon.colcon_core.package_identification:_identify(src/package1) by extension 'ignore_ament_install'
[0.340s] Level 1:colcon.colcon_core.package_identification:_identify(src/package1) by extensions ['colcon_pkg']
[0.340s] Level 1:colcon.colcon_core.package_identification:_identify(src/package1) by extension 'colcon_pkg'
[0.340s] Level 1:colcon.colcon_core.package_identification:_identify(src/package1) by extensions ['colcon_meta']
[0.340s] Level 1:colcon.colcon_core.package_identification:_identify(src/package1) by extension 'colcon_meta'
[0.340s] Level 1:colcon.colcon_core.package_identification:_identify(src/package1) by extensions ['ros']
[0.340s] Level 1:colcon.colcon_core.package_identification:_identify(src/package1) by extension 'ros'
[0.341s] DEBUG:colcon.colcon_core.package_identification:Package 'src/package1' with type 'ros.ament_python' and name 'package1'
[0.341s] Level 1:colcon.colcon_core.package_identification:_identify(src/package2) by extensions ['ignore', 'ignore_ament_install']
[0.341s] Level 1:colcon.colcon_core.package_identification:_identify(src/package2) by extension 'ignore'
[0.341s] Level 1:colcon.colcon_core.package_identification:_identify(src/package2) by extension 'ignore_ament_install'
[0.341s] Level 1:colcon.colcon_core.package_identification:_identify(src/package2) by extensions ['colcon_pkg']
[0.341s] Level 1:colcon.colcon_core.package_identification:_identify(src/package2) by extension 'colcon_pkg'
[0.341s] Level 1:colcon.colcon_core.package_identification:_identify(src/package2) by extensions ['colcon_meta']
[0.341s] Level 1:colcon.colcon_core.package_identification:_identify(src/package2) by extension 'colcon_meta'
[0.341s] Level 1:colcon.colcon_core.package_identification:_identify(src/package2) by extensions ['ros']
[0.341s] Level 1:colcon.colcon_core.package_identification:_identify(src/package2) by extension 'ros'
[0.342s] DEBUG:colcon.colcon_core.package_identification:Package 'src/package2' with type 'ros.ament_python' and name 'package2'
[0.342s] Level 1:colcon.colcon_core.package_discovery:discover_packages(recursive) using defaults
[0.342s] Level 1:colcon.colcon_core.package_discovery:discover_packages(ignore) discover
[0.342s] Level 1:colcon.colcon_core.package_discovery:discover_packages(ignore) using defaults
[0.342s] Level 1:colcon.colcon_core.package_discovery:discover_packages(path) discover
[0.342s] Level 1:colcon.colcon_core.package_discovery:discover_packages(path) using defaults
[0.358s] Level 1:colcon.colcon_core.package_discovery:discover_packages(prefix_path) check parameters
[0.358s] Level 1:colcon.colcon_core.package_discovery:discover_packages(prefix_path) discover
[0.360s] DEBUG:colcon.colcon_installed_package_information.package_discovery:Found 2 installed packages in /home/vm/training/new_workspace/install
[0.360s] DEBUG:colcon.colcon_installed_package_information.package_discovery:Found 3 installed packages in /home/vm/training/ros2_ws/install
[0.362s] DEBUG:colcon.colcon_installed_package_information.package_discovery:Found 273 installed packages in /opt/ros/humble
[0.363s] Level 1:colcon.colcon_core.package_discovery:discover_packages(prefix_path) using defaults
[0.400s] Level 5:colcon.colcon_core.verb:set package 'my_cmake_package' build argument 'cmake_args' from command line to 'None'
[0.400s] Level 5:colcon.colcon_core.verb:set package 'my_cmake_package' build argument 'cmake_target' from command line to 'None'
[0.400s] Level 5:colcon.colcon_core.verb:set package 'my_cmake_package' build argument 'cmake_target_skip_unavailable' from command line to 'False'
[0.400s] Level 5:colcon.colcon_core.verb:set package 'my_cmake_package' build argument 'cmake_clean_cache' from command line to 'False'
[0.400s] Level 5:colcon.colcon_core.verb:set package 'my_cmake_package' build argument 'cmake_clean_first' from command line to 'False'
[0.400s] Level 5:colcon.colcon_core.verb:set package 'my_cmake_package' build argument 'cmake_force_configure' from command line to 'False'
[0.400s] Level 5:colcon.colcon_core.verb:set package 'my_cmake_package' build argument 'ament_cmake_args' from command line to 'None'
[0.400s] Level 5:colcon.colcon_core.verb:set package 'my_cmake_package' build argument 'catkin_cmake_args' from command line to 'None'
[0.400s] Level 5:colcon.colcon_core.verb:set package 'my_cmake_package' build argument 'catkin_skip_building_tests' from command line to 'False'
[0.400s] DEBUG:colcon.colcon_core.verb:Building package 'my_cmake_package' with the following arguments: {'ament_cmake_args': None, 'build_base': '/home/vm/training/new_workspace/build/my_cmake_package', 'catkin_cmake_args': None, 'catkin_skip_building_tests': False, 'cmake_args': None, 'cmake_clean_cache': False, 'cmake_clean_first': False, 'cmake_force_configure': False, 'cmake_target': None, 'cmake_target_skip_unavailable': False, 'install_base': '/home/vm/training/new_workspace/install/my_cmake_package', 'merge_install': False, 'path': '/home/vm/training/new_workspace/src/my_cmake_package', 'symlink_install': False, 'test_result_base': None}
[0.401s] Level 5:colcon.colcon_core.verb:set package 'my_python_package' build argument 'cmake_args' from command line to 'None'
[0.401s] Level 5:colcon.colcon_core.verb:set package 'my_python_package' build argument 'cmake_target' from command line to 'None'
[0.401s] Level 5:colcon.colcon_core.verb:set package 'my_python_package' build argument 'cmake_target_skip_unavailable' from command line to 'False'
[0.401s] Level 5:colcon.colcon_core.verb:set package 'my_python_package' build argument 'cmake_clean_cache' from command line to 'False'
[0.401s] Level 5:colcon.colcon_core.verb:set package 'my_python_package' build argument 'cmake_clean_first' from command line to 'False'
[0.401s] Level 5:colcon.colcon_core.verb:set package 'my_python_package' build argument 'cmake_force_configure' from command line to 'False'
[0.401s] Level 5:colcon.colcon_core.verb:set package 'my_python_package' build argument 'ament_cmake_args' from command line to 'None'
[0.401s] Level 5:colcon.colcon_core.verb:set package 'my_python_package' build argument 'catkin_cmake_args' from command line to 'None'
[0.401s] Level 5:colcon.colcon_core.verb:set package 'my_python_package' build argument 'catkin_skip_building_tests' from command line to 'False'
[0.401s] DEBUG:colcon.colcon_core.verb:Building package 'my_python_package' with the following arguments: {'ament_cmake_args': None, 'build_base': '/home/vm/training/new_workspace/build/my_python_package', 'catkin_cmake_args': None, 'catkin_skip_building_tests': False, 'cmake_args': None, 'cmake_clean_cache': False, 'cmake_clean_first': False, 'cmake_force_configure': False, 'cmake_target': None, 'cmake_target_skip_unavailable': False, 'install_base': '/home/vm/training/new_workspace/install/my_python_package', 'merge_install': False, 'path': '/home/vm/training/new_workspace/src/my_python_package', 'symlink_install': False, 'test_result_base': None}
[0.401s] Level 5:colcon.colcon_core.verb:set package 'package1' build argument 'cmake_args' from command line to 'None'
[0.401s] Level 5:colcon.colcon_core.verb:set package 'package1' build argument 'cmake_target' from command line to 'None'
[0.401s] Level 5:colcon.colcon_core.verb:set package 'package1' build argument 'cmake_target_skip_unavailable' from command line to 'False'
[0.401s] Level 5:colcon.colcon_core.verb:set package 'package1' build argument 'cmake_clean_cache' from command line to 'False'
[0.401s] Level 5:colcon.colcon_core.verb:set package 'package1' build argument 'cmake_clean_first' from command line to 'False'
[0.401s] Level 5:colcon.colcon_core.verb:set package 'package1' build argument 'cmake_force_configure' from command line to 'False'
[0.401s] Level 5:colcon.colcon_core.verb:set package 'package1' build argument 'ament_cmake_args' from command line to 'None'
[0.401s] Level 5:colcon.colcon_core.verb:set package 'package1' build argument 'catkin_cmake_args' from command line to 'None'
[0.401s] Level 5:colcon.colcon_core.verb:set package 'package1' build argument 'catkin_skip_building_tests' from command line to 'False'
[0.401s] DEBUG:colcon.colcon_core.verb:Building package 'package1' with the following arguments: {'ament_cmake_args': None, 'build_base': '/home/vm/training/new_workspace/build/package1', 'catkin_cmake_args': None, 'catkin_skip_building_tests': False, 'cmake_args': None, 'cmake_clean_cache': False, 'cmake_clean_first': False, 'cmake_force_configure': False, 'cmake_target': None, 'cmake_target_skip_unavailable': False, 'install_base': '/home/vm/training/new_workspace/install/package1', 'merge_install': False, 'path': '/home/vm/training/new_workspace/src/package1', 'symlink_install': False, 'test_result_base': None}
[0.402s] Level 5:colcon.colcon_core.verb:set package 'package2' build argument 'cmake_args' from command line to 'None'
[0.402s] Level 5:colcon.colcon_core.verb:set package 'package2' build argument 'cmake_target' from command line to 'None'
[0.402s] Level 5:colcon.colcon_core.verb:set package 'package2' build argument 'cmake_target_skip_unavailable' from command line to 'False'
[0.402s] Level 5:colcon.colcon_core.verb:set package 'package2' build argument 'cmake_clean_cache' from command line to 'False'
[0.402s] Level 5:colcon.colcon_core.verb:set package 'package2' build argument 'cmake_clean_first' from command line to 'False'
[0.402s] Level 5:colcon.colcon_core.verb:set package 'package2' build argument 'cmake_force_configure' from command line to 'False'
[0.402s] Level 5:colcon.colcon_core.verb:set package 'package2' build argument 'ament_cmake_args' from command line to 'None'
[0.402s] Level 5:colcon.colcon_core.verb:set package 'package2' build argument 'catkin_cmake_args' from command line to 'None'
[0.402s] Level 5:colcon.colcon_core.verb:set package 'package2' build argument 'catkin_skip_building_tests' from command line to 'False'
[0.402s] DEBUG:colcon.colcon_core.verb:Building package 'package2' with the following arguments: {'ament_cmake_args': None, 'build_base': '/home/vm/training/new_workspace/build/package2', 'catkin_cmake_args': None, 'catkin_skip_building_tests': False, 'cmake_args': None, 'cmake_clean_cache': False, 'cmake_clean_first': False, 'cmake_force_configure': False, 'cmake_target': None, 'cmake_target_skip_unavailable': False, 'install_base': '/home/vm/training/new_workspace/install/package2', 'merge_install': False, 'path': '/home/vm/training/new_workspace/src/package2', 'symlink_install': False, 'test_result_base': None}
[0.402s] INFO:colcon.colcon_core.executor:Executing jobs using 'parallel' executor
[0.403s] DEBUG:colcon.colcon_parallel_executor.executor.parallel:run_until_complete
[0.403s] INFO:colcon.colcon_ros.task.ament_cmake.build:Building ROS package in '/home/vm/training/new_workspace/src/my_cmake_package' with build type 'ament_cmake'
[0.403s] INFO:colcon.colcon_cmake.task.cmake.build:Building CMake package in '/home/vm/training/new_workspace/src/my_cmake_package'
[0.405s] INFO:colcon.colcon_core.plugin_system:Skipping extension 'colcon_core.shell.bat': Not used on non-Windows systems
[0.405s] INFO:colcon.colcon_core.shell:Skip shell extension 'powershell' for command environment: Not usable outside of PowerShell
[0.405s] DEBUG:colcon.colcon_core.shell:Skip shell extension 'dsv' for command environment
[0.411s] INFO:colcon.colcon_ros.task.ament_python.build:Building ROS package in '/home/vm/training/new_workspace/src/my_python_package' with build type 'ament_python'
[0.411s] Level 1:colcon.colcon_core.shell:create_environment_hook('my_python_package', 'ament_prefix_path')
[0.411s] INFO:colcon.colcon_core.shell:Creating environment hook '/home/vm/training/new_workspace/install/my_python_package/share/my_python_package/hook/ament_prefix_path.ps1'
[0.413s] INFO:colcon.colcon_core.shell:Creating environment descriptor '/home/vm/training/new_workspace/install/my_python_package/share/my_python_package/hook/ament_prefix_path.dsv'
[0.414s] INFO:colcon.colcon_core.shell:Creating environment hook '/home/vm/training/new_workspace/install/my_python_package/share/my_python_package/hook/ament_prefix_path.sh'
[0.416s] INFO:colcon.colcon_core.shell:Skip shell extension 'powershell' for command environment: Not usable outside of PowerShell
[0.416s] DEBUG:colcon.colcon_core.shell:Skip shell extension 'dsv' for command environment
[0.424s] INFO:colcon.colcon_ros.task.ament_python.build:Building ROS package in '/home/vm/training/new_workspace/src/package1' with build type 'ament_python'
[0.424s] Level 1:colcon.colcon_core.shell:create_environment_hook('package1', 'ament_prefix_path')
[0.424s] INFO:colcon.colcon_core.shell:Creating environment hook '/home/vm/training/new_workspace/install/package1/share/package1/hook/ament_prefix_path.ps1'
[0.425s] INFO:colcon.colcon_core.shell:Creating environment descriptor '/home/vm/training/new_workspace/install/package1/share/package1/hook/ament_prefix_path.dsv'
[0.426s] INFO:colcon.colcon_core.shell:Creating environment hook '/home/vm/training/new_workspace/install/package1/share/package1/hook/ament_prefix_path.sh'
[0.426s] INFO:colcon.colcon_core.shell:Skip shell extension 'powershell' for command environment: Not usable outside of PowerShell
[0.426s] DEBUG:colcon.colcon_core.shell:Skip shell extension 'dsv' for command environment
[0.431s] INFO:colcon.colcon_ros.task.ament_python.build:Building ROS package in '/home/vm/training/new_workspace/src/package2' with build type 'ament_python'
[0.432s] Level 1:colcon.colcon_core.shell:create_environment_hook('package2', 'ament_prefix_path')
[0.432s] INFO:colcon.colcon_core.shell:Creating environment hook '/home/vm/training/new_workspace/install/package2/share/package2/hook/ament_prefix_path.ps1'
[0.433s] INFO:colcon.colcon_core.shell:Creating environment descriptor '/home/vm/training/new_workspace/install/package2/share/package2/hook/ament_prefix_path.dsv'
[0.433s] INFO:colcon.colcon_core.shell:Creating environment hook '/home/vm/training/new_workspace/install/package2/share/package2/hook/ament_prefix_path.sh'
[0.434s] INFO:colcon.colcon_core.shell:Skip shell extension 'powershell' for command environment: Not usable outside of PowerShell
[0.434s] DEBUG:colcon.colcon_core.shell:Skip shell extension 'dsv' for command environment
[0.448s] DEBUG:colcon.colcon_core.event_handler.log_command:Invoking command in '/home/vm/training/new_workspace/build/my_cmake_package': CMAKE_PREFIX_PATH=${CMAKE_PREFIX_PATH}:/home/vm/training/ros2_ws/install/pingpong_pkg:/home/vm/training/ros2_ws/install/custom_msg_publisher:/home/vm/training/new_workspace/install/my_python_package:/opt/ros/humble /usr/bin/cmake --build /home/vm/training/new_workspace/build/my_cmake_package -- -j4 -l4
[0.774s] INFO:colcon.colcon_core.task.python.build:Building Python package in '/home/vm/training/new_workspace/src/my_python_package'
[0.774s] INFO:colcon.colcon_core.shell:Skip shell extension 'powershell' for command environment: Not usable outside of PowerShell
[0.775s] DEBUG:colcon.colcon_core.shell:Skip shell extension 'dsv' for command environment
[1.072s] INFO:colcon.colcon_core.task.python.build:Building Python package in '/home/vm/training/new_workspace/src/package1'
[1.072s] INFO:colcon.colcon_core.shell:Skip shell extension 'powershell' for command environment: Not usable outside of PowerShell
[1.072s] DEBUG:colcon.colcon_core.shell:Skip shell extension 'dsv' for command environment
[1.406s] INFO:colcon.colcon_core.task.python.build:Building Python package in '/home/vm/training/new_workspace/src/package2'
[1.406s] INFO:colcon.colcon_core.shell:Skip shell extension 'powershell' for command environment: Not usable outside of PowerShell
[1.406s] DEBUG:colcon.colcon_core.shell:Skip shell extension 'dsv' for command environment
[1.428s] DEBUG:colcon.colcon_core.event_handler.log_command:Invoked command in '/home/vm/training/new_workspace/build/my_cmake_package' returned '0': CMAKE_PREFIX_PATH=${CMAKE_PREFIX_PATH}:/home/vm/training/ros2_ws/install/pingpong_pkg:/home/vm/training/ros2_ws/install/custom_msg_publisher:/home/vm/training/new_workspace/install/my_python_package:/opt/ros/humble /usr/bin/cmake --build /home/vm/training/new_workspace/build/my_cmake_package -- -j4 -l4
[1.441s] DEBUG:colcon.colcon_core.event_handler.log_command:Invoking command in '/home/vm/training/new_workspace/build/my_cmake_package': CMAKE_PREFIX_PATH=${CMAKE_PREFIX_PATH}:/home/vm/training/ros2_ws/install/pingpong_pkg:/home/vm/training/ros2_ws/install/custom_msg_publisher:/home/vm/training/new_workspace/install/my_python_package:/opt/ros/humble /usr/bin/cmake --install /home/vm/training/new_workspace/build/my_cmake_package
[1.469s] Level 1:colcon.colcon_core.environment:create_environment_scripts_only(my_cmake_package)
[1.471s] DEBUG:colcon.colcon_core.event_handler.log_command:Invoked command in '/home/vm/training/new_workspace/build/my_cmake_package' returned '0': CMAKE_PREFIX_PATH=${CMAKE_PREFIX_PATH}:/home/vm/training/ros2_ws/install/pingpong_pkg:/home/vm/training/ros2_ws/install/custom_msg_publisher:/home/vm/training/new_workspace/install/my_python_package:/opt/ros/humble /usr/bin/cmake --install /home/vm/training/new_workspace/build/my_cmake_package
[1.481s] Level 1:colcon.colcon_core.environment:checking '/home/vm/training/new_workspace/install/my_cmake_package' for CMake module files
[1.481s] Level 1:colcon.colcon_core.environment:checking '/home/vm/training/new_workspace/install/my_cmake_package' for CMake config files
[1.482s] Level 1:colcon.colcon_core.shell:create_environment_hook('my_cmake_package', 'cmake_prefix_path')
[1.482s] INFO:colcon.colcon_core.shell:Creating environment hook '/home/vm/training/new_workspace/install/my_cmake_package/share/my_cmake_package/hook/cmake_prefix_path.ps1'
[1.483s] INFO:colcon.colcon_core.shell:Creating environment descriptor '/home/vm/training/new_workspace/install/my_cmake_package/share/my_cmake_package/hook/cmake_prefix_path.dsv'
[1.483s] INFO:colcon.colcon_core.shell:Creating environment hook '/home/vm/training/new_workspace/install/my_cmake_package/share/my_cmake_package/hook/cmake_prefix_path.sh'
[1.484s] Level 1:colcon.colcon_core.environment:checking '/home/vm/training/new_workspace/install/my_cmake_package/bin'
[1.485s] Level 1:colcon.colcon_core.environment:checking '/home/vm/training/new_workspace/install/my_cmake_package/lib/pkgconfig/my_cmake_package.pc'
[1.485s] Level 1:colcon.colcon_core.environment:checking '/home/vm/training/new_workspace/install/my_cmake_package/lib/python3.10/site-packages'
[1.485s] Level 1:colcon.colcon_core.environment:checking '/home/vm/training/new_workspace/install/my_cmake_package/bin'
[1.486s] INFO:colcon.colcon_core.shell:Creating package script '/home/vm/training/new_workspace/install/my_cmake_package/share/my_cmake_package/package.ps1'
[1.488s] INFO:colcon.colcon_core.shell:Creating package descriptor '/home/vm/training/new_workspace/install/my_cmake_package/share/my_cmake_package/package.dsv'
[1.489s] INFO:colcon.colcon_core.shell:Creating package script '/home/vm/training/new_workspace/install/my_cmake_package/share/my_cmake_package/package.sh'
[1.490s] INFO:colcon.colcon_core.shell:Creating package script '/home/vm/training/new_workspace/install/my_cmake_package/share/my_cmake_package/package.bash'
[1.492s] INFO:colcon.colcon_core.shell:Creating package script '/home/vm/training/new_workspace/install/my_cmake_package/share/my_cmake_package/package.zsh'
[1.493s] Level 1:colcon.colcon_core.environment:create_file_with_runtime_dependencies(/home/vm/training/new_workspace/install/my_cmake_package/share/colcon-core/packages/my_cmake_package)
[1.494s] Level 1:colcon.colcon_core.environment:create_environment_scripts_only(my_cmake_package)
[1.494s] Level 1:colcon.colcon_core.environment:checking '/home/vm/training/new_workspace/install/my_cmake_package' for CMake module files
[1.495s] Level 1:colcon.colcon_core.environment:checking '/home/vm/training/new_workspace/install/my_cmake_package' for CMake config files
[1.495s] Level 1:colcon.colcon_core.shell:create_environment_hook('my_cmake_package', 'cmake_prefix_path')
[1.496s] INFO:colcon.colcon_core.shell:Creating environment hook '/home/vm/training/new_workspace/install/my_cmake_package/share/my_cmake_package/hook/cmake_prefix_path.ps1'
[1.496s] INFO:colcon.colcon_core.shell:Creating environment descriptor '/home/vm/training/new_workspace/install/my_cmake_package/share/my_cmake_package/hook/cmake_prefix_path.dsv'
[1.497s] INFO:colcon.colcon_core.shell:Creating environment hook '/home/vm/training/new_workspace/install/my_cmake_package/share/my_cmake_package/hook/cmake_prefix_path.sh'
[1.498s] Level 1:colcon.colcon_core.environment:checking '/home/vm/training/new_workspace/install/my_cmake_package/bin'
[1.498s] Level 1:colcon.colcon_core.environment:checking '/home/vm/training/new_workspace/install/my_cmake_package/lib/pkgconfig/my_cmake_package.pc'
[1.499s] Level 1:colcon.colcon_core.environment:checking '/home/vm/training/new_workspace/install/my_cmake_package/lib/python3.10/site-packages'
[1.499s] Level 1:colcon.colcon_core.environment:checking '/home/vm/training/new_workspace/install/my_cmake_package/bin'
[1.500s] INFO:colcon.colcon_core.shell:Creating package script '/home/vm/training/new_workspace/install/my_cmake_package/share/my_cmake_package/package.ps1'
[1.500s] INFO:colcon.colcon_core.shell:Creating package descriptor '/home/vm/training/new_workspace/install/my_cmake_package/share/my_cmake_package/package.dsv'
[1.501s] INFO:colcon.colcon_core.shell:Creating package script '/home/vm/training/new_workspace/install/my_cmake_package/share/my_cmake_package/package.sh'
[1.502s] INFO:colcon.colcon_core.shell:Creating package script '/home/vm/training/new_workspace/install/my_cmake_package/share/my_cmake_package/package.bash'
[1.502s] INFO:colcon.colcon_core.shell:Creating package script '/home/vm/training/new_workspace/install/my_cmake_package/share/my_cmake_package/package.zsh'
[1.503s] Level 1:colcon.colcon_core.environment:create_file_with_runtime_dependencies(/home/vm/training/new_workspace/install/my_cmake_package/share/colcon-core/packages/my_cmake_package)
[1.976s] DEBUG:colcon.colcon_core.event_handler.log_command:Invoking command in '/home/vm/training/new_workspace/src/my_python_package': PYTHONPATH=/home/vm/training/new_workspace/build/my_python_package/prefix_override:/usr/lib/python3/dist-packages/colcon_core/task/python/colcon_distutils_commands:/home/vm/training/new_workspace/install/my_python_package/lib/python3.10/site-packages:${PYTHONPATH} /usr/bin/python3 -W ignore:setup.py install is deprecated -W ignore:easy_install command is deprecated setup.py egg_info --egg-base ../../build/my_python_package build --build-base /home/vm/training/new_workspace/build/my_python_package/build install --record /home/vm/training/new_workspace/build/my_python_package/install.log --single-version-externally-managed install_data
[1.987s] DEBUG:colcon.colcon_core.event_handler.log_command:Invoking command in '/home/vm/training/new_workspace/src/package1': PYTHONPATH=/home/vm/training/new_workspace/build/package1/prefix_override:/usr/lib/python3/dist-packages/colcon_core/task/python/colcon_distutils_commands:/home/vm/training/new_workspace/install/package1/lib/python3.10/site-packages:${PYTHONPATH} /usr/bin/python3 -W ignore:setup.py install is deprecated -W ignore:easy_install command is deprecated setup.py egg_info --egg-base ../../build/package1 build --build-base /home/vm/training/new_workspace/build/package1/build install --record /home/vm/training/new_workspace/build/package1/install.log --single-version-externally-managed install_data
[1.997s] DEBUG:colcon.colcon_core.event_handler.log_command:Invoking command in '/home/vm/training/new_workspace/src/package2': PYTHONPATH=/home/vm/training/new_workspace/build/package2/prefix_override:/usr/lib/python3/dist-packages/colcon_core/task/python/colcon_distutils_commands:/home/vm/training/new_workspace/install/package2/lib/python3.10/site-packages:${PYTHONPATH} /usr/bin/python3 -W ignore:setup.py install is deprecated -W ignore:easy_install command is deprecated setup.py egg_info --egg-base ../../build/package2 build --build-base /home/vm/training/new_workspace/build/package2/build install --record /home/vm/training/new_workspace/build/package2/install.log --single-version-externally-managed install_data
[2.375s] Level 1:colcon.colcon_core.environment:checking '/home/vm/training/new_workspace/install/my_python_package' for CMake module files
[2.377s] Level 1:colcon.colcon_core.environment:checking '/home/vm/training/new_workspace/install/my_python_package' for CMake config files
[2.377s] DEBUG:colcon.colcon_core.event_handler.log_command:Invoked command in '/home/vm/training/new_workspace/src/my_python_package' returned '0': PYTHONPATH=/home/vm/training/new_workspace/build/my_python_package/prefix_override:/usr/lib/python3/dist-packages/colcon_core/task/python/colcon_distutils_commands:/home/vm/training/new_workspace/install/my_python_package/lib/python3.10/site-packages:${PYTHONPATH} /usr/bin/python3 -W ignore:setup.py install is deprecated -W ignore:easy_install command is deprecated setup.py egg_info --egg-base ../../build/my_python_package build --build-base /home/vm/training/new_workspace/build/my_python_package/build install --record /home/vm/training/new_workspace/build/my_python_package/install.log --single-version-externally-managed install_data
[2.378s] Level 1:colcon.colcon_core.environment:checking '/home/vm/training/new_workspace/install/my_python_package/lib'
[2.378s] Level 1:colcon.colcon_core.environment:checking '/home/vm/training/new_workspace/install/my_python_package/bin'
[2.378s] Level 1:colcon.colcon_core.environment:checking '/home/vm/training/new_workspace/install/my_python_package/lib/pkgconfig/my_python_package.pc'
[2.379s] Level 1:colcon.colcon_core.environment:checking '/home/vm/training/new_workspace/install/my_python_package/lib/python3.10/site-packages'
[2.379s] Level 1:colcon.colcon_core.shell:create_environment_hook('my_python_package', 'pythonpath')
[2.379s] INFO:colcon.colcon_core.shell:Creating environment hook '/home/vm/training/new_workspace/install/my_python_package/share/my_python_package/hook/pythonpath.ps1'
[2.380s] INFO:colcon.colcon_core.shell:Creating environment descriptor '/home/vm/training/new_workspace/install/my_python_package/share/my_python_package/hook/pythonpath.dsv'
[2.381s] INFO:colcon.colcon_core.shell:Creating environment hook '/home/vm/training/new_workspace/install/my_python_package/share/my_python_package/hook/pythonpath.sh'
[2.382s] Level 1:colcon.colcon_core.environment:checking '/home/vm/training/new_workspace/install/my_python_package/bin'
[2.382s] Level 1:colcon.colcon_core.environment:create_environment_scripts_only(my_python_package)
[2.383s] INFO:colcon.colcon_core.shell:Creating package script '/home/vm/training/new_workspace/install/my_python_package/share/my_python_package/package.ps1'
[2.384s] INFO:colcon.colcon_core.shell:Creating package descriptor '/home/vm/training/new_workspace/install/my_python_package/share/my_python_package/package.dsv'
[2.384s] INFO:colcon.colcon_core.shell:Creating package script '/home/vm/training/new_workspace/install/my_python_package/share/my_python_package/package.sh'
[2.385s] INFO:colcon.colcon_core.shell:Creating package script '/home/vm/training/new_workspace/install/my_python_package/share/my_python_package/package.bash'
[2.385s] INFO:colcon.colcon_core.shell:Creating package script '/home/vm/training/new_workspace/install/my_python_package/share/my_python_package/package.zsh'
[2.386s] Level 1:colcon.colcon_core.environment:create_file_with_runtime_dependencies(/home/vm/training/new_workspace/install/my_python_package/share/colcon-core/packages/my_python_package)
[2.446s] Level 1:colcon.colcon_core.environment:checking '/home/vm/training/new_workspace/install/package2' for CMake module files
[2.449s] Level 1:colcon.colcon_core.environment:checking '/home/vm/training/new_workspace/install/package2' for CMake config files
[2.451s] Level 1:colcon.colcon_core.environment:checking '/home/vm/training/new_workspace/install/package2/lib'
[2.450s] DEBUG:colcon.colcon_core.event_handler.log_command:Invoked command in '/home/vm/training/new_workspace/src/package2' returned '0': PYTHONPATH=/home/vm/training/new_workspace/build/package2/prefix_override:/usr/lib/python3/dist-packages/colcon_core/task/python/colcon_distutils_commands:/home/vm/training/new_workspace/install/package2/lib/python3.10/site-packages:${PYTHONPATH} /usr/bin/python3 -W ignore:setup.py install is deprecated -W ignore:easy_install command is deprecated setup.py egg_info --egg-base ../../build/package2 build --build-base /home/vm/training/new_workspace/build/package2/build install --record /home/vm/training/new_workspace/build/package2/install.log --single-version-externally-managed install_data
[2.452s] Level 1:colcon.colcon_core.environment:checking '/home/vm/training/new_workspace/install/package2/bin'
[2.452s] Level 1:colcon.colcon_core.environment:checking '/home/vm/training/new_workspace/install/package2/lib/pkgconfig/package2.pc'
[2.452s] Level 1:colcon.colcon_core.environment:checking '/home/vm/training/new_workspace/install/package2/lib/python3.10/site-packages'
[2.453s] Level 1:colcon.colcon_core.shell:create_environment_hook('package2', 'pythonpath')
[2.453s] INFO:colcon.colcon_core.shell:Creating environment hook '/home/vm/training/new_workspace/install/package2/share/package2/hook/pythonpath.ps1'
[2.454s] INFO:colcon.colcon_core.shell:Creating environment descriptor '/home/vm/training/new_workspace/install/package2/share/package2/hook/pythonpath.dsv'
[2.454s] INFO:colcon.colcon_core.shell:Creating environment hook '/home/vm/training/new_workspace/install/package2/share/package2/hook/pythonpath.sh'
[2.458s] Level 1:colcon.colcon_core.environment:checking '/home/vm/training/new_workspace/install/package2/bin'
[2.458s] Level 1:colcon.colcon_core.environment:create_environment_scripts_only(package2)
[2.458s] INFO:colcon.colcon_core.shell:Creating package script '/home/vm/training/new_workspace/install/package2/share/package2/package.ps1'
[2.459s] INFO:colcon.colcon_core.shell:Creating package descriptor '/home/vm/training/new_workspace/install/package2/share/package2/package.dsv'
[2.462s] INFO:colcon.colcon_core.shell:Creating package script '/home/vm/training/new_workspace/install/package2/share/package2/package.sh'
[2.463s] INFO:colcon.colcon_core.shell:Creating package script '/home/vm/training/new_workspace/install/package2/share/package2/package.bash'
[2.464s] INFO:colcon.colcon_core.shell:Creating package script '/home/vm/training/new_workspace/install/package2/share/package2/package.zsh'
[2.465s] Level 1:colcon.colcon_core.environment:create_file_with_runtime_dependencies(/home/vm/training/new_workspace/install/package2/share/colcon-core/packages/package2)
[2.505s] Level 1:colcon.colcon_core.environment:checking '/home/vm/training/new_workspace/install/package1' for CMake module files
[2.505s] Level 1:colcon.colcon_core.environment:checking '/home/vm/training/new_workspace/install/package1' for CMake config files
[2.506s] DEBUG:colcon.colcon_core.event_handler.log_command:Invoked command in '/home/vm/training/new_workspace/src/package1' returned '0': PYTHONPATH=/home/vm/training/new_workspace/build/package1/prefix_override:/usr/lib/python3/dist-packages/colcon_core/task/python/colcon_distutils_commands:/home/vm/training/new_workspace/install/package1/lib/python3.10/site-packages:${PYTHONPATH} /usr/bin/python3 -W ignore:setup.py install is deprecated -W ignore:easy_install command is deprecated setup.py egg_info --egg-base ../../build/package1 build --build-base /home/vm/training/new_workspace/build/package1/build install --record /home/vm/training/new_workspace/build/package1/install.log --single-version-externally-managed install_data
[2.506s] Level 1:colcon.colcon_core.environment:checking '/home/vm/training/new_workspace/install/package1/lib'
[2.507s] Level 1:colcon.colcon_core.environment:checking '/home/vm/training/new_workspace/install/package1/bin'
[2.507s] Level 1:colcon.colcon_core.environment:checking '/home/vm/training/new_workspace/install/package1/lib/pkgconfig/package1.pc'
[2.507s] Level 1:colcon.colcon_core.environment:checking '/home/vm/training/new_workspace/install/package1/lib/python3.10/site-packages'
[2.507s] Level 1:colcon.colcon_core.shell:create_environment_hook('package1', 'pythonpath')
[2.507s] INFO:colcon.colcon_core.shell:Creating environment hook '/home/vm/training/new_workspace/install/package1/share/package1/hook/pythonpath.ps1'
[2.508s] INFO:colcon.colcon_core.shell:Creating environment descriptor '/home/vm/training/new_workspace/install/package1/share/package1/hook/pythonpath.dsv'
[2.508s] INFO:colcon.colcon_core.shell:Creating environment hook '/home/vm/training/new_workspace/install/package1/share/package1/hook/pythonpath.sh'
[2.509s] Level 1:colcon.colcon_core.environment:checking '/home/vm/training/new_workspace/install/package1/bin'
[2.509s] Level 1:colcon.colcon_core.environment:create_environment_scripts_only(package1)
[2.510s] INFO:colcon.colcon_core.shell:Creating package script '/home/vm/training/new_workspace/install/package1/share/package1/package.ps1'
[2.511s] INFO:colcon.colcon_core.shell:Creating package descriptor '/home/vm/training/new_workspace/install/package1/share/package1/package.dsv'
[2.511s] INFO:colcon.colcon_core.shell:Creating package script '/home/vm/training/new_workspace/install/package1/share/package1/package.sh'
[2.512s] INFO:colcon.colcon_core.shell:Creating package script '/home/vm/training/new_workspace/install/package1/share/package1/package.bash'
[2.512s] INFO:colcon.colcon_core.shell:Creating package script '/home/vm/training/new_workspace/install/package1/share/package1/package.zsh'
[2.512s] Level 1:colcon.colcon_core.environment:create_file_with_runtime_dependencies(/home/vm/training/new_workspace/install/package1/share/colcon-core/packages/package1)
[2.513s] DEBUG:colcon.colcon_parallel_executor.executor.parallel:closing loop
[2.513s] DEBUG:colcon.colcon_parallel_executor.executor.parallel:loop closed
[2.513s] DEBUG:colcon.colcon_parallel_executor.executor.parallel:run_until_complete finished with '0'
[2.513s] DEBUG:colcon.colcon_core.event_reactor:joining thread
[2.520s] INFO:colcon.colcon_core.plugin_system:Skipping extension 'colcon_notification.desktop_notification.terminal_notifier': Not used on non-Darwin systems
[2.520s] INFO:colcon.colcon_core.plugin_system:Skipping extension 'colcon_notification.desktop_notification.win32': Not used on non-Windows systems
[2.520s] INFO:colcon.colcon_notification.desktop_notification:Sending desktop notification using 'notify2'
[2.542s] DEBUG:colcon.colcon_core.event_reactor:joined thread
[2.542s] INFO:colcon.colcon_core.shell:Creating prefix script '/home/vm/training/new_workspace/install/local_setup.ps1'
[2.543s] INFO:colcon.colcon_core.shell:Creating prefix util module '/home/vm/training/new_workspace/install/_local_setup_util_ps1.py'
[2.545s] INFO:colcon.colcon_core.shell:Creating prefix chain script '/home/vm/training/new_workspace/install/setup.ps1'
[2.546s] INFO:colcon.colcon_core.shell:Creating prefix script '/home/vm/training/new_workspace/install/local_setup.sh'
[2.547s] INFO:colcon.colcon_core.shell:Creating prefix util module '/home/vm/training/new_workspace/install/_local_setup_util_sh.py'
[2.548s] INFO:colcon.colcon_core.shell:Creating prefix chain script '/home/vm/training/new_workspace/install/setup.sh'
[2.549s] INFO:colcon.colcon_core.shell:Creating prefix script '/home/vm/training/new_workspace/install/local_setup.bash'
[2.549s] INFO:colcon.colcon_core.shell:Creating prefix chain script '/home/vm/training/new_workspace/install/setup.bash'
[2.551s] INFO:colcon.colcon_core.shell:Creating prefix script '/home/vm/training/new_workspace/install/local_setup.zsh'
[2.551s] INFO:colcon.colcon_core.shell:Creating prefix chain script '/home/vm/training/new_workspace/install/setup.zsh'
