[0.390s] Invoking command in '/home/vm/training/ros2_ws/src/camera_service': PYTHONPATH=/home/vm/training/ros2_ws/src/build/camera_service/prefix_override:/usr/lib/python3/dist-packages/colcon_core/task/python/colcon_distutils_commands:/home/vm/training/ros2_ws/src/install/camera_service/lib/python3.10/site-packages:${PYTHONPATH} /usr/bin/python3 -W ignore:setup.py install is deprecated -W ignore:easy_install command is deprecated setup.py egg_info --egg-base ../build/camera_service build --build-base /home/vm/training/ros2_ws/src/build/camera_service/build install --record /home/vm/training/ros2_ws/src/build/camera_service/install.log --single-version-externally-managed install_data
[0.550s] running egg_info
[0.550s] creating ../build/camera_service/camera_service.egg-info
[0.550s] writing ../build/camera_service/camera_service.egg-info/PKG-INFO
[0.550s] writing dependency_links to ../build/camera_service/camera_service.egg-info/dependency_links.txt
[0.550s] writing entry points to ../build/camera_service/camera_service.egg-info/entry_points.txt
[0.550s] writing requirements to ../build/camera_service/camera_service.egg-info/requires.txt
[0.550s] writing top-level names to ../build/camera_service/camera_service.egg-info/top_level.txt
[0.550s] writing manifest file '../build/camera_service/camera_service.egg-info/SOURCES.txt'
[0.550s] reading manifest file '../build/camera_service/camera_service.egg-info/SOURCES.txt'
[0.550s] writing manifest file '../build/camera_service/camera_service.egg-info/SOURCES.txt'
[0.550s] running build
[0.551s] running build_py
[0.551s] creating /home/vm/training/ros2_ws/src/build/camera_service/build
[0.551s] creating /home/vm/training/ros2_ws/src/build/camera_service/build/lib
[0.551s] creating /home/vm/training/ros2_ws/src/build/camera_service/build/lib/camera_service
[0.551s] copying camera_service/__init__.py -> /home/vm/training/ros2_ws/src/build/camera_service/build/lib/camera_service
[0.551s] copying camera_service/camera_service.py -> /home/vm/training/ros2_ws/src/build/camera_service/build/lib/camera_service
[0.551s] copying camera_service/transformations.py -> /home/vm/training/ros2_ws/src/build/camera_service/build/lib/camera_service
[0.551s] running install
[0.551s] running install_lib
[0.551s] creating /home/vm/training/ros2_ws/src/install/camera_service/lib/python3.10/site-packages/camera_service
[0.551s] copying /home/vm/training/ros2_ws/src/build/camera_service/build/lib/camera_service/__init__.py -> /home/vm/training/ros2_ws/src/install/camera_service/lib/python3.10/site-packages/camera_service
[0.551s] copying /home/vm/training/ros2_ws/src/build/camera_service/build/lib/camera_service/camera_service.py -> /home/vm/training/ros2_ws/src/install/camera_service/lib/python3.10/site-packages/camera_service
[0.552s] copying /home/vm/training/ros2_ws/src/build/camera_service/build/lib/camera_service/transformations.py -> /home/vm/training/ros2_ws/src/install/camera_service/lib/python3.10/site-packages/camera_service
[0.552s] byte-compiling /home/vm/training/ros2_ws/src/install/camera_service/lib/python3.10/site-packages/camera_service/__init__.py to __init__.cpython-310.pyc
[0.552s] byte-compiling /home/vm/training/ros2_ws/src/install/camera_service/lib/python3.10/site-packages/camera_service/camera_service.py to camera_service.cpython-310.pyc
[0.553s] byte-compiling /home/vm/training/ros2_ws/src/install/camera_service/lib/python3.10/site-packages/camera_service/transformations.py to transformations.cpython-310.pyc
[0.560s] running install_data
[0.560s] creating /home/vm/training/ros2_ws/src/install/camera_service/share/ament_index
[0.560s] creating /home/vm/training/ros2_ws/src/install/camera_service/share/ament_index/resource_index
[0.560s] creating /home/vm/training/ros2_ws/src/install/camera_service/share/ament_index/resource_index/packages
[0.560s] copying resource/camera_service -> /home/vm/training/ros2_ws/src/install/camera_service/share/ament_index/resource_index/packages
[0.560s] copying package.xml -> /home/vm/training/ros2_ws/src/install/camera_service/share/camera_service
[0.560s] running install_egg_info
[0.562s] Copying ../build/camera_service/camera_service.egg-info to /home/vm/training/ros2_ws/src/install/camera_service/lib/python3.10/site-packages/camera_service-0.0.0-py3.10.egg-info
[0.562s] running install_scripts
[0.576s] Installing aruco_detection_node script to /home/vm/training/ros2_ws/src/install/camera_service/lib/camera_service
[0.576s] writing list of installed files to '/home/vm/training/ros2_ws/src/build/camera_service/install.log'
[0.590s] Invoked command in '/home/vm/training/ros2_ws/src/camera_service' returned '0': PYTHONPATH=/home/vm/training/ros2_ws/src/build/camera_service/prefix_override:/usr/lib/python3/dist-packages/colcon_core/task/python/colcon_distutils_commands:/home/vm/training/ros2_ws/src/install/camera_service/lib/python3.10/site-packages:${PYTHONPATH} /usr/bin/python3 -W ignore:setup.py install is deprecated -W ignore:easy_install command is deprecated setup.py egg_info --egg-base ../build/camera_service build --build-base /home/vm/training/ros2_ws/src/build/camera_service/build install --record /home/vm/training/ros2_ws/src/build/camera_service/install.log --single-version-externally-managed install_data
