-- The C compiler identification is GNU 11.4.0
-- The CXX compiler identification is GNU 11.4.0
-- Detecting C compiler ABI info
-- Detecting C compiler ABI info - done
-- Check for working C compiler: /usr/bin/cc - skipped
-- Detecting C compile features
-- Detecting C compile features - done
-- Detecting CXX compiler ABI info
-- Detecting CXX compiler ABI info - done
-- Check for working CXX compiler: /usr/bin/c++ - skipped
-- Detecting CXX compile features
-- Detecting CXX compile features - done
-- Found ament_cmake: 1.3.14 (/opt/ros/humble/share/ament_cmake/cmake)
-- Found Python3: /usr/bin/python3 (found version "3.10.12") found components: Interpreter 
-- Found geometry_msgs: 4.9.1 (/opt/ros/humble/share/geometry_msgs/cmake)
-- Found rosidl_generator_c: 3.1.8 (/opt/ros/humble/share/rosidl_generator_c/cmake)
-- Found rosidl_adapter: 3.1.8 (/opt/ros/humble/share/rosidl_adapter/cmake)
-- Found rosidl_generator_cpp: 3.1.8 (/opt/ros/humble/share/rosidl_generator_cpp/cmake)
-- Using all available rosidl_typesupport_c: rosidl_typesupport_fastrtps_c;rosidl_typesupport_introspection_c
-- Using all available rosidl_typesupport_cpp: rosidl_typesupport_fastrtps_cpp;rosidl_typesupport_introspection_cpp
-- Found rosidl_default_generators: 1.2.1 (/opt/ros/humble/share/rosidl_default_generators/cmake)
-- Found ament_cmake_ros: 0.10.0 (/opt/ros/humble/share/ament_cmake_ros/cmake)
-- Using all available rosidl_typesupport_c: rosidl_typesupport_fastrtps_c;rosidl_typesupport_introspection_c
-- Using all available rosidl_typesupport_cpp: rosidl_typesupport_fastrtps_cpp;rosidl_typesupport_introspection_cpp
-- Found PythonInterp: /usr/bin/python3 (found suitable version "3.10.12", minimum required is "3.6") 
-- Found python_cmake_module: 0.10.0 (/opt/ros/humble/share/python_cmake_module/cmake)
-- Found PythonLibs: /usr/lib/x86_64-linux-gnu/libpython3.10.so (found suitable version "3.10.12", minimum required is "3.5") 
-- Using PYTHON_EXECUTABLE: /usr/bin/python3
-- Using PYTHON_INCLUDE_DIRS: /usr/include/python3.10
-- Using PYTHON_LIBRARIES: /usr/lib/x86_64-linux-gnu/libpython3.10.so
-- Found PythonExtra: .so  
-- Found ament_lint_auto: 0.12.15 (/opt/ros/humble/share/ament_lint_auto/cmake)
-- Added test 'lint_cmake' to check CMake code style
-- Added test 'xmllint' to check XML markup files
-- Configuring done
-- Generating done
-- Build files have been written to: /home/vm/training/ros2_ws/build/perception_msgs
[  3%] [34m[1mGenerating C code for ROS interfaces[0m
[  6%] [34m[1mGenerating Rust code for ROS interfaces[0m
[  6%] Built target ament_cmake_python_copy_perception_msgs
[  9%] [34m[1mGenerating C++ code for ROS interfaces[0m
[ 12%] [32mBuilding C object CMakeFiles/perception_msgs__rosidl_generator_c.dir/rosidl_generator_c/perception_msgs/srv/detail/get_object_location__functions.c.o[0m
[ 12%] Built target perception_msgs__rs
running egg_info
creating perception_msgs.egg-info
writing perception_msgs.egg-info/PKG-INFO
writing dependency_links to perception_msgs.egg-info/dependency_links.txt
writing top-level names to perception_msgs.egg-info/top_level.txt
writing manifest file 'perception_msgs.egg-info/SOURCES.txt'
reading manifest file 'perception_msgs.egg-info/SOURCES.txt'
writing manifest file 'perception_msgs.egg-info/SOURCES.txt'
[ 12%] Built target ament_cmake_python_build_perception_msgs_egg
[ 15%] [32m[1mLinking C shared library libperception_msgs__rosidl_generator_c.so[0m
[ 15%] Built target perception_msgs__cpp
[ 18%] [34m[1mGenerating C++ introspection for ROS interfaces[0m
[ 21%] [34m[1mGenerating C++ type support for eProsima Fast-RTPS[0m
[ 25%] [34m[1mGenerating C++ type support dispatch for ROS interfaces[0m
[ 25%] Built target perception_msgs__rosidl_generator_c
[ 28%] [34m[1mGenerating C type support for eProsima Fast-RTPS[0m
[ 31%] [32mBuilding CXX object CMakeFiles/perception_msgs__rosidl_typesupport_cpp.dir/rosidl_typesupport_cpp/perception_msgs/srv/get_object_location__type_support.cpp.o[0m
[ 34%] [32mBuilding CXX object CMakeFiles/perception_msgs__rosidl_typesupport_introspection_cpp.dir/rosidl_typesupport_introspection_cpp/perception_msgs/srv/detail/get_object_location__type_support.cpp.o[0m
[ 37%] [32mBuilding CXX object CMakeFiles/perception_msgs__rosidl_typesupport_fastrtps_cpp.dir/rosidl_typesupport_fastrtps_cpp/perception_msgs/srv/detail/dds_fastrtps/get_object_location__type_support.cpp.o[0m
[ 40%] [32mBuilding CXX object CMakeFiles/perception_msgs__rosidl_typesupport_fastrtps_c.dir/rosidl_typesupport_fastrtps_c/perception_msgs/srv/detail/get_object_location__type_support_c.cpp.o[0m
[ 43%] [32m[1mLinking CXX shared library libperception_msgs__rosidl_typesupport_introspection_cpp.so[0m
[ 46%] [32m[1mLinking CXX shared library libperception_msgs__rosidl_typesupport_fastrtps_c.so[0m
[ 50%] [32m[1mLinking CXX shared library libperception_msgs__rosidl_typesupport_cpp.so[0m
[ 50%] Built target perception_msgs__rosidl_typesupport_introspection_cpp
[ 53%] [34m[1mGenerating C introspection for ROS interfaces[0m
[ 53%] Built target perception_msgs__rosidl_typesupport_cpp
[ 56%] [34m[1mGenerating C type support dispatch for ROS interfaces[0m
[ 56%] Built target perception_msgs__rosidl_typesupport_fastrtps_c
[ 59%] [32m[1mLinking CXX shared library libperception_msgs__rosidl_typesupport_fastrtps_cpp.so[0m
[ 59%] Built target perception_msgs__rosidl_typesupport_fastrtps_cpp
[ 62%] [32mBuilding C object CMakeFiles/perception_msgs__rosidl_typesupport_introspection_c.dir/rosidl_typesupport_introspection_c/perception_msgs/srv/detail/get_object_location__type_support.c.o[0m
[ 65%] [32mBuilding CXX object CMakeFiles/perception_msgs__rosidl_typesupport_c.dir/rosidl_typesupport_c/perception_msgs/srv/get_object_location__type_support.cpp.o[0m
[ 68%] [32m[1mLinking C shared library libperception_msgs__rosidl_typesupport_introspection_c.so[0m
[ 71%] [32m[1mLinking CXX shared library libperception_msgs__rosidl_typesupport_c.so[0m
[ 71%] Built target perception_msgs__rosidl_typesupport_introspection_c
[ 71%] Built target perception_msgs__rosidl_typesupport_c
[ 71%] Built target perception_msgs
[ 75%] [34m[1mGenerating Python code for ROS interfaces[0m
[ 75%] Built target perception_msgs__py
[ 78%] [32mBuilding C object CMakeFiles/perception_msgs__rosidl_generator_py.dir/rosidl_generator_py/perception_msgs/srv/_get_object_location_s.c.o[0m
[ 81%] [32m[1mLinking C shared library rosidl_generator_py/perception_msgs/libperception_msgs__rosidl_generator_py.so[0m
[ 81%] Built target perception_msgs__rosidl_generator_py
[ 87%] [32mBuilding C object CMakeFiles/perception_msgs__rosidl_typesupport_c__pyext.dir/rosidl_generator_py/perception_msgs/_perception_msgs_s.ep.rosidl_typesupport_c.c.o[0m
[ 87%] [32mBuilding C object CMakeFiles/perception_msgs__rosidl_typesupport_introspection_c__pyext.dir/rosidl_generator_py/perception_msgs/_perception_msgs_s.ep.rosidl_typesupport_introspection_c.c.o[0m
[ 90%] [32mBuilding C object CMakeFiles/perception_msgs__rosidl_typesupport_fastrtps_c__pyext.dir/rosidl_generator_py/perception_msgs/_perception_msgs_s.ep.rosidl_typesupport_fastrtps_c.c.o[0m
[ 93%] [32m[1mLinking C shared library rosidl_generator_py/perception_msgs/perception_msgs_s__rosidl_typesupport_introspection_c.cpython-310-x86_64-linux-gnu.so[0m
[ 96%] [32m[1mLinking C shared library rosidl_generator_py/perception_msgs/perception_msgs_s__rosidl_typesupport_c.cpython-310-x86_64-linux-gnu.so[0m
[100%] [32m[1mLinking C shared library rosidl_generator_py/perception_msgs/perception_msgs_s__rosidl_typesupport_fastrtps_c.cpython-310-x86_64-linux-gnu.so[0m
[100%] Built target perception_msgs__rosidl_typesupport_fastrtps_c__pyext
[100%] Built target perception_msgs__rosidl_typesupport_c__pyext
[100%] Built target perception_msgs__rosidl_typesupport_introspection_c__pyext
-- Install configuration: ""
-- Installing: /home/vm/training/ros2_ws/install/perception_msgs/share/ament_index/resource_index/rosidl_interfaces/perception_msgs
-- Installing: /home/vm/training/ros2_ws/install/perception_msgs/include/perception_msgs/perception_msgs
-- Installing: /home/vm/training/ros2_ws/install/perception_msgs/include/perception_msgs/perception_msgs/msg
-- Installing: /home/vm/training/ros2_ws/install/perception_msgs/include/perception_msgs/perception_msgs/msg/rosidl_generator_c__visibility_control.h
-- Installing: /home/vm/training/ros2_ws/install/perception_msgs/include/perception_msgs/perception_msgs/srv
-- Installing: /home/vm/training/ros2_ws/install/perception_msgs/include/perception_msgs/perception_msgs/srv/detail
-- Installing: /home/vm/training/ros2_ws/install/perception_msgs/include/perception_msgs/perception_msgs/srv/detail/get_object_location__type_support.h
-- Installing: /home/vm/training/ros2_ws/install/perception_msgs/include/perception_msgs/perception_msgs/srv/detail/get_object_location__struct.h
-- Installing: /home/vm/training/ros2_ws/install/perception_msgs/include/perception_msgs/perception_msgs/srv/detail/get_object_location__functions.h
-- Installing: /home/vm/training/ros2_ws/install/perception_msgs/include/perception_msgs/perception_msgs/srv/detail/get_object_location__functions.c
-- Installing: /home/vm/training/ros2_ws/install/perception_msgs/include/perception_msgs/perception_msgs/srv/get_object_location.h
-- Installing: /home/vm/training/ros2_ws/install/perception_msgs/share/perception_msgs/environment/library_path.sh
-- Installing: /home/vm/training/ros2_ws/install/perception_msgs/share/perception_msgs/environment/library_path.dsv
-- Installing: /home/vm/training/ros2_ws/install/perception_msgs/lib/libperception_msgs__rosidl_generator_c.so
-- Set runtime path of "/home/vm/training/ros2_ws/install/perception_msgs/lib/libperception_msgs__rosidl_generator_c.so" to ""
-- Up-to-date: /home/vm/training/ros2_ws/install/perception_msgs/include/perception_msgs/perception_msgs
-- Up-to-date: /home/vm/training/ros2_ws/install/perception_msgs/include/perception_msgs/perception_msgs/msg
-- Installing: /home/vm/training/ros2_ws/install/perception_msgs/include/perception_msgs/perception_msgs/msg/rosidl_typesupport_fastrtps_c__visibility_control.h
-- Up-to-date: /home/vm/training/ros2_ws/install/perception_msgs/include/perception_msgs/perception_msgs/srv
-- Up-to-date: /home/vm/training/ros2_ws/install/perception_msgs/include/perception_msgs/perception_msgs/srv/detail
-- Installing: /home/vm/training/ros2_ws/install/perception_msgs/include/perception_msgs/perception_msgs/srv/detail/get_object_location__rosidl_typesupport_fastrtps_c.h
-- Installing: /home/vm/training/ros2_ws/install/perception_msgs/lib/libperception_msgs__rosidl_typesupport_fastrtps_c.so
-- Set runtime path of "/home/vm/training/ros2_ws/install/perception_msgs/lib/libperception_msgs__rosidl_typesupport_fastrtps_c.so" to ""
-- Up-to-date: /home/vm/training/ros2_ws/install/perception_msgs/include/perception_msgs/perception_msgs
-- Up-to-date: /home/vm/training/ros2_ws/install/perception_msgs/include/perception_msgs/perception_msgs/msg
-- Installing: /home/vm/training/ros2_ws/install/perception_msgs/include/perception_msgs/perception_msgs/msg/rosidl_generator_cpp__visibility_control.hpp
-- Up-to-date: /home/vm/training/ros2_ws/install/perception_msgs/include/perception_msgs/perception_msgs/srv
-- Up-to-date: /home/vm/training/ros2_ws/install/perception_msgs/include/perception_msgs/perception_msgs/srv/detail
-- Installing: /home/vm/training/ros2_ws/install/perception_msgs/include/perception_msgs/perception_msgs/srv/detail/get_object_location__type_support.hpp
-- Installing: /home/vm/training/ros2_ws/install/perception_msgs/include/perception_msgs/perception_msgs/srv/detail/get_object_location__builder.hpp
-- Installing: /home/vm/training/ros2_ws/install/perception_msgs/include/perception_msgs/perception_msgs/srv/detail/get_object_location__struct.hpp
-- Installing: /home/vm/training/ros2_ws/install/perception_msgs/include/perception_msgs/perception_msgs/srv/detail/get_object_location__traits.hpp
-- Installing: /home/vm/training/ros2_ws/install/perception_msgs/include/perception_msgs/perception_msgs/srv/get_object_location.hpp
-- Up-to-date: /home/vm/training/ros2_ws/install/perception_msgs/include/perception_msgs/perception_msgs
-- Up-to-date: /home/vm/training/ros2_ws/install/perception_msgs/include/perception_msgs/perception_msgs/msg
-- Installing: /home/vm/training/ros2_ws/install/perception_msgs/include/perception_msgs/perception_msgs/msg/rosidl_typesupport_fastrtps_cpp__visibility_control.h
-- Up-to-date: /home/vm/training/ros2_ws/install/perception_msgs/include/perception_msgs/perception_msgs/srv
-- Up-to-date: /home/vm/training/ros2_ws/install/perception_msgs/include/perception_msgs/perception_msgs/srv/detail
-- Installing: /home/vm/training/ros2_ws/install/perception_msgs/include/perception_msgs/perception_msgs/srv/detail/get_object_location__rosidl_typesupport_fastrtps_cpp.hpp
-- Installing: /home/vm/training/ros2_ws/install/perception_msgs/include/perception_msgs/perception_msgs/srv/detail/dds_fastrtps
-- Installing: /home/vm/training/ros2_ws/install/perception_msgs/lib/libperception_msgs__rosidl_typesupport_fastrtps_cpp.so
-- Set runtime path of "/home/vm/training/ros2_ws/install/perception_msgs/lib/libperception_msgs__rosidl_typesupport_fastrtps_cpp.so" to ""
-- Up-to-date: /home/vm/training/ros2_ws/install/perception_msgs/include/perception_msgs/perception_msgs
-- Up-to-date: /home/vm/training/ros2_ws/install/perception_msgs/include/perception_msgs/perception_msgs/msg
-- Installing: /home/vm/training/ros2_ws/install/perception_msgs/include/perception_msgs/perception_msgs/msg/rosidl_typesupport_introspection_c__visibility_control.h
-- Up-to-date: /home/vm/training/ros2_ws/install/perception_msgs/include/perception_msgs/perception_msgs/srv
-- Up-to-date: /home/vm/training/ros2_ws/install/perception_msgs/include/perception_msgs/perception_msgs/srv/detail
-- Installing: /home/vm/training/ros2_ws/install/perception_msgs/include/perception_msgs/perception_msgs/srv/detail/get_object_location__rosidl_typesupport_introspection_c.h
-- Installing: /home/vm/training/ros2_ws/install/perception_msgs/include/perception_msgs/perception_msgs/srv/detail/get_object_location__type_support.c
-- Installing: /home/vm/training/ros2_ws/install/perception_msgs/lib/libperception_msgs__rosidl_typesupport_introspection_c.so
-- Set runtime path of "/home/vm/training/ros2_ws/install/perception_msgs/lib/libperception_msgs__rosidl_typesupport_introspection_c.so" to ""
-- Installing: /home/vm/training/ros2_ws/install/perception_msgs/lib/libperception_msgs__rosidl_typesupport_c.so
-- Set runtime path of "/home/vm/training/ros2_ws/install/perception_msgs/lib/libperception_msgs__rosidl_typesupport_c.so" to ""
-- Up-to-date: /home/vm/training/ros2_ws/install/perception_msgs/include/perception_msgs/perception_msgs
-- Up-to-date: /home/vm/training/ros2_ws/install/perception_msgs/include/perception_msgs/perception_msgs/srv
-- Up-to-date: /home/vm/training/ros2_ws/install/perception_msgs/include/perception_msgs/perception_msgs/srv/detail
-- Installing: /home/vm/training/ros2_ws/install/perception_msgs/include/perception_msgs/perception_msgs/srv/detail/get_object_location__type_support.cpp
-- Installing: /home/vm/training/ros2_ws/install/perception_msgs/include/perception_msgs/perception_msgs/srv/detail/get_object_location__rosidl_typesupport_introspection_cpp.hpp
-- Installing: /home/vm/training/ros2_ws/install/perception_msgs/lib/libperception_msgs__rosidl_typesupport_introspection_cpp.so
-- Set runtime path of "/home/vm/training/ros2_ws/install/perception_msgs/lib/libperception_msgs__rosidl_typesupport_introspection_cpp.so" to ""
-- Installing: /home/vm/training/ros2_ws/install/perception_msgs/lib/libperception_msgs__rosidl_typesupport_cpp.so
-- Set runtime path of "/home/vm/training/ros2_ws/install/perception_msgs/lib/libperception_msgs__rosidl_typesupport_cpp.so" to ""
-- Installing: /home/vm/training/ros2_ws/install/perception_msgs/share/perception_msgs/environment/pythonpath.sh
-- Installing: /home/vm/training/ros2_ws/install/perception_msgs/share/perception_msgs/environment/pythonpath.dsv
-- Installing: /home/vm/training/ros2_ws/install/perception_msgs/local/lib/python3.10/dist-packages/perception_msgs-0.0.0-py3.10.egg-info
-- Installing: /home/vm/training/ros2_ws/install/perception_msgs/local/lib/python3.10/dist-packages/perception_msgs-0.0.0-py3.10.egg-info/dependency_links.txt
-- Installing: /home/vm/training/ros2_ws/install/perception_msgs/local/lib/python3.10/dist-packages/perception_msgs-0.0.0-py3.10.egg-info/top_level.txt
-- Installing: /home/vm/training/ros2_ws/install/perception_msgs/local/lib/python3.10/dist-packages/perception_msgs-0.0.0-py3.10.egg-info/SOURCES.txt
-- Installing: /home/vm/training/ros2_ws/install/perception_msgs/local/lib/python3.10/dist-packages/perception_msgs-0.0.0-py3.10.egg-info/PKG-INFO
-- Installing: /home/vm/training/ros2_ws/install/perception_msgs/local/lib/python3.10/dist-packages/perception_msgs
-- Installing: /home/vm/training/ros2_ws/install/perception_msgs/local/lib/python3.10/dist-packages/perception_msgs/_perception_msgs_s.ep.rosidl_typesupport_introspection_c.c
-- Installing: /home/vm/training/ros2_ws/install/perception_msgs/local/lib/python3.10/dist-packages/perception_msgs/__init__.py
-- Installing: /home/vm/training/ros2_ws/install/perception_msgs/local/lib/python3.10/dist-packages/perception_msgs/_perception_msgs_s.ep.rosidl_typesupport_c.c
-- Installing: /home/vm/training/ros2_ws/install/perception_msgs/local/lib/python3.10/dist-packages/perception_msgs/perception_msgs_s__rosidl_typesupport_introspection_c.cpython-310-x86_64-linux-gnu.so
-- Installing: /home/vm/training/ros2_ws/install/perception_msgs/local/lib/python3.10/dist-packages/perception_msgs/srv
-- Installing: /home/vm/training/ros2_ws/install/perception_msgs/local/lib/python3.10/dist-packages/perception_msgs/srv/__init__.py
-- Installing: /home/vm/training/ros2_ws/install/perception_msgs/local/lib/python3.10/dist-packages/perception_msgs/srv/_get_object_location_s.c
-- Installing: /home/vm/training/ros2_ws/install/perception_msgs/local/lib/python3.10/dist-packages/perception_msgs/srv/_get_object_location.py
-- Installing: /home/vm/training/ros2_ws/install/perception_msgs/local/lib/python3.10/dist-packages/perception_msgs/perception_msgs_s__rosidl_typesupport_c.cpython-310-x86_64-linux-gnu.so
-- Installing: /home/vm/training/ros2_ws/install/perception_msgs/local/lib/python3.10/dist-packages/perception_msgs/libperception_msgs__rosidl_generator_py.so
-- Installing: /home/vm/training/ros2_ws/install/perception_msgs/local/lib/python3.10/dist-packages/perception_msgs/perception_msgs_s__rosidl_typesupport_fastrtps_c.cpython-310-x86_64-linux-gnu.so
-- Installing: /home/vm/training/ros2_ws/install/perception_msgs/local/lib/python3.10/dist-packages/perception_msgs/_perception_msgs_s.ep.rosidl_typesupport_fastrtps_c.c
Listing '/home/vm/training/ros2_ws/install/perception_msgs/local/lib/python3.10/dist-packages/perception_msgs'...
Compiling '/home/vm/training/ros2_ws/install/perception_msgs/local/lib/python3.10/dist-packages/perception_msgs/__init__.py'...
Listing '/home/vm/training/ros2_ws/install/perception_msgs/local/lib/python3.10/dist-packages/perception_msgs/srv'...
Compiling '/home/vm/training/ros2_ws/install/perception_msgs/local/lib/python3.10/dist-packages/perception_msgs/srv/__init__.py'...
Compiling '/home/vm/training/ros2_ws/install/perception_msgs/local/lib/python3.10/dist-packages/perception_msgs/srv/_get_object_location.py'...
-- Installing: /home/vm/training/ros2_ws/install/perception_msgs/local/lib/python3.10/dist-packages/perception_msgs/perception_msgs_s__rosidl_typesupport_fastrtps_c.cpython-310-x86_64-linux-gnu.so
-- Set runtime path of "/home/vm/training/ros2_ws/install/perception_msgs/local/lib/python3.10/dist-packages/perception_msgs/perception_msgs_s__rosidl_typesupport_fastrtps_c.cpython-310-x86_64-linux-gnu.so" to ""
-- Installing: /home/vm/training/ros2_ws/install/perception_msgs/local/lib/python3.10/dist-packages/perception_msgs/perception_msgs_s__rosidl_typesupport_introspection_c.cpython-310-x86_64-linux-gnu.so
-- Set runtime path of "/home/vm/training/ros2_ws/install/perception_msgs/local/lib/python3.10/dist-packages/perception_msgs/perception_msgs_s__rosidl_typesupport_introspection_c.cpython-310-x86_64-linux-gnu.so" to ""
-- Installing: /home/vm/training/ros2_ws/install/perception_msgs/local/lib/python3.10/dist-packages/perception_msgs/perception_msgs_s__rosidl_typesupport_c.cpython-310-x86_64-linux-gnu.so
-- Set runtime path of "/home/vm/training/ros2_ws/install/perception_msgs/local/lib/python3.10/dist-packages/perception_msgs/perception_msgs_s__rosidl_typesupport_c.cpython-310-x86_64-linux-gnu.so" to ""
-- Installing: /home/vm/training/ros2_ws/install/perception_msgs/lib/libperception_msgs__rosidl_generator_py.so
-- Set runtime path of "/home/vm/training/ros2_ws/install/perception_msgs/lib/libperception_msgs__rosidl_generator_py.so" to ""
-- Installing: /home/vm/training/ros2_ws/install/perception_msgs/share/ament_index/resource_index/rust_packages/perception_msgs
-- Installing: /home/vm/training/ros2_ws/install/perception_msgs/share/perception_msgs/rust
-- Installing: /home/vm/training/ros2_ws/install/perception_msgs/share/perception_msgs/rust/Cargo.toml
-- Installing: /home/vm/training/ros2_ws/install/perception_msgs/share/perception_msgs/rust/src
-- Installing: /home/vm/training/ros2_ws/install/perception_msgs/share/perception_msgs/rust/src/lib.rs
-- Installing: /home/vm/training/ros2_ws/install/perception_msgs/share/perception_msgs/rust/src/srv
-- Installing: /home/vm/training/ros2_ws/install/perception_msgs/share/perception_msgs/rust/src/srv/rmw.rs
-- Installing: /home/vm/training/ros2_ws/install/perception_msgs/share/perception_msgs/rust/src/srv.rs
-- Installing: /home/vm/training/ros2_ws/install/perception_msgs/share/perception_msgs/rust/build.rs
-- Installing: /home/vm/training/ros2_ws/install/perception_msgs/share/perception_msgs/srv/GetObjectLocation.idl
-- Installing: /home/vm/training/ros2_ws/install/perception_msgs/share/perception_msgs/srv/GetObjectLocation.srv
-- Installing: /home/vm/training/ros2_ws/install/perception_msgs/share/perception_msgs/srv/GetObjectLocation_Request.msg
-- Installing: /home/vm/training/ros2_ws/install/perception_msgs/share/perception_msgs/srv/GetObjectLocation_Response.msg
-- Installing: /home/vm/training/ros2_ws/install/perception_msgs/share/ament_index/resource_index/package_run_dependencies/perception_msgs
-- Installing: /home/vm/training/ros2_ws/install/perception_msgs/share/ament_index/resource_index/parent_prefix_path/perception_msgs
-- Installing: /home/vm/training/ros2_ws/install/perception_msgs/share/perception_msgs/environment/ament_prefix_path.sh
-- Installing: /home/vm/training/ros2_ws/install/perception_msgs/share/perception_msgs/environment/ament_prefix_path.dsv
-- Installing: /home/vm/training/ros2_ws/install/perception_msgs/share/perception_msgs/environment/path.sh
-- Installing: /home/vm/training/ros2_ws/install/perception_msgs/share/perception_msgs/environment/path.dsv
-- Installing: /home/vm/training/ros2_ws/install/perception_msgs/share/perception_msgs/local_setup.bash
-- Installing: /home/vm/training/ros2_ws/install/perception_msgs/share/perception_msgs/local_setup.sh
-- Installing: /home/vm/training/ros2_ws/install/perception_msgs/share/perception_msgs/local_setup.zsh
-- Installing: /home/vm/training/ros2_ws/install/perception_msgs/share/perception_msgs/local_setup.dsv
-- Installing: /home/vm/training/ros2_ws/install/perception_msgs/share/perception_msgs/package.dsv
-- Installing: /home/vm/training/ros2_ws/install/perception_msgs/share/ament_index/resource_index/packages/perception_msgs
-- Installing: /home/vm/training/ros2_ws/install/perception_msgs/share/perception_msgs/cmake/export_perception_msgs__rosidl_generator_cExport.cmake
-- Installing: /home/vm/training/ros2_ws/install/perception_msgs/share/perception_msgs/cmake/export_perception_msgs__rosidl_generator_cExport-noconfig.cmake
-- Installing: /home/vm/training/ros2_ws/install/perception_msgs/share/perception_msgs/cmake/export_perception_msgs__rosidl_typesupport_fastrtps_cExport.cmake
-- Installing: /home/vm/training/ros2_ws/install/perception_msgs/share/perception_msgs/cmake/export_perception_msgs__rosidl_typesupport_fastrtps_cExport-noconfig.cmake
-- Installing: /home/vm/training/ros2_ws/install/perception_msgs/share/perception_msgs/cmake/export_perception_msgs__rosidl_generator_cppExport.cmake
-- Installing: /home/vm/training/ros2_ws/install/perception_msgs/share/perception_msgs/cmake/export_perception_msgs__rosidl_typesupport_fastrtps_cppExport.cmake
-- Installing: /home/vm/training/ros2_ws/install/perception_msgs/share/perception_msgs/cmake/export_perception_msgs__rosidl_typesupport_fastrtps_cppExport-noconfig.cmake
-- Installing: /home/vm/training/ros2_ws/install/perception_msgs/share/perception_msgs/cmake/perception_msgs__rosidl_typesupport_introspection_cExport.cmake
-- Installing: /home/vm/training/ros2_ws/install/perception_msgs/share/perception_msgs/cmake/perception_msgs__rosidl_typesupport_introspection_cExport-noconfig.cmake
-- Installing: /home/vm/training/ros2_ws/install/perception_msgs/share/perception_msgs/cmake/perception_msgs__rosidl_typesupport_cExport.cmake
-- Installing: /home/vm/training/ros2_ws/install/perception_msgs/share/perception_msgs/cmake/perception_msgs__rosidl_typesupport_cExport-noconfig.cmake
-- Installing: /home/vm/training/ros2_ws/install/perception_msgs/share/perception_msgs/cmake/perception_msgs__rosidl_typesupport_introspection_cppExport.cmake
-- Installing: /home/vm/training/ros2_ws/install/perception_msgs/share/perception_msgs/cmake/perception_msgs__rosidl_typesupport_introspection_cppExport-noconfig.cmake
-- Installing: /home/vm/training/ros2_ws/install/perception_msgs/share/perception_msgs/cmake/perception_msgs__rosidl_typesupport_cppExport.cmake
-- Installing: /home/vm/training/ros2_ws/install/perception_msgs/share/perception_msgs/cmake/perception_msgs__rosidl_typesupport_cppExport-noconfig.cmake
-- Installing: /home/vm/training/ros2_ws/install/perception_msgs/share/perception_msgs/cmake/export_perception_msgs__rosidl_generator_pyExport.cmake
-- Installing: /home/vm/training/ros2_ws/install/perception_msgs/share/perception_msgs/cmake/export_perception_msgs__rosidl_generator_pyExport-noconfig.cmake
-- Installing: /home/vm/training/ros2_ws/install/perception_msgs/share/perception_msgs/cmake/rosidl_cmake-extras.cmake
-- Installing: /home/vm/training/ros2_ws/install/perception_msgs/share/perception_msgs/cmake/ament_cmake_export_dependencies-extras.cmake
-- Installing: /home/vm/training/ros2_ws/install/perception_msgs/share/perception_msgs/cmake/ament_cmake_export_include_directories-extras.cmake
-- Installing: /home/vm/training/ros2_ws/install/perception_msgs/share/perception_msgs/cmake/ament_cmake_export_libraries-extras.cmake
-- Installing: /home/vm/training/ros2_ws/install/perception_msgs/share/perception_msgs/cmake/ament_cmake_export_targets-extras.cmake
-- Installing: /home/vm/training/ros2_ws/install/perception_msgs/share/perception_msgs/cmake/rosidl_cmake_export_typesupport_targets-extras.cmake
-- Installing: /home/vm/training/ros2_ws/install/perception_msgs/share/perception_msgs/cmake/rosidl_cmake_export_typesupport_libraries-extras.cmake
-- Installing: /home/vm/training/ros2_ws/install/perception_msgs/share/perception_msgs/cmake/perception_msgsConfig.cmake
-- Installing: /home/vm/training/ros2_ws/install/perception_msgs/share/perception_msgs/cmake/perception_msgsConfig-version.cmake
-- Installing: /home/vm/training/ros2_ws/install/perception_msgs/share/perception_msgs/package.xml
