[0.390s] Invoking command in '/home/vm/training/ros2_ws/src/pingpong_pkg': PYTHONPATH=/home/vm/training/ros2_ws/build/pingpong_pkg/prefix_override:/usr/lib/python3/dist-packages/colcon_core/task/python/colcon_distutils_commands:/home/vm/training/ros2_ws/install/pingpong_pkg/lib/python3.10/site-packages:${PYTHONPATH} /usr/bin/python3 -W ignore:setup.py install is deprecated -W ignore:easy_install command is deprecated setup.py egg_info --egg-base ../../build/pingpong_pkg build --build-base /home/vm/training/ros2_ws/build/pingpong_pkg/build install --record /home/vm/training/ros2_ws/build/pingpong_pkg/install.log --single-version-externally-managed install_data
[0.539s] running egg_info
[0.540s] writing ../../build/pingpong_pkg/pingpong_pkg.egg-info/PKG-INFO
[0.540s] writing dependency_links to ../../build/pingpong_pkg/pingpong_pkg.egg-info/dependency_links.txt
[0.540s] writing entry points to ../../build/pingpong_pkg/pingpong_pkg.egg-info/entry_points.txt
[0.540s] writing requirements to ../../build/pingpong_pkg/pingpong_pkg.egg-info/requires.txt
[0.540s] writing top-level names to ../../build/pingpong_pkg/pingpong_pkg.egg-info/top_level.txt
[0.541s] reading manifest file '../../build/pingpong_pkg/pingpong_pkg.egg-info/SOURCES.txt'
[0.542s] writing manifest file '../../build/pingpong_pkg/pingpong_pkg.egg-info/SOURCES.txt'
[0.542s] running build
[0.542s] running build_py
[0.542s] copying pingpong_pkg/player2.py -> /home/vm/training/ros2_ws/build/pingpong_pkg/build/lib/pingpong_pkg
[0.542s] copying pingpong_pkg/player1.py -> /home/vm/training/ros2_ws/build/pingpong_pkg/build/lib/pingpong_pkg
[0.543s] running install
[0.543s] running install_lib
[0.543s] copying /home/vm/training/ros2_ws/build/pingpong_pkg/build/lib/pingpong_pkg/player2.py -> /home/vm/training/ros2_ws/install/pingpong_pkg/lib/python3.10/site-packages/pingpong_pkg
[0.543s] copying /home/vm/training/ros2_ws/build/pingpong_pkg/build/lib/pingpong_pkg/player1.py -> /home/vm/training/ros2_ws/install/pingpong_pkg/lib/python3.10/site-packages/pingpong_pkg
[0.544s] byte-compiling /home/vm/training/ros2_ws/install/pingpong_pkg/lib/python3.10/site-packages/pingpong_pkg/player2.py to player2.cpython-310.pyc
[0.544s] byte-compiling /home/vm/training/ros2_ws/install/pingpong_pkg/lib/python3.10/site-packages/pingpong_pkg/player1.py to player1.cpython-310.pyc
[0.545s] running install_data
[0.545s] running install_egg_info
[0.546s] removing '/home/vm/training/ros2_ws/install/pingpong_pkg/lib/python3.10/site-packages/pingpong_pkg-0.0.0-py3.10.egg-info' (and everything under it)
[0.548s] Copying ../../build/pingpong_pkg/pingpong_pkg.egg-info to /home/vm/training/ros2_ws/install/pingpong_pkg/lib/python3.10/site-packages/pingpong_pkg-0.0.0-py3.10.egg-info
[0.549s] running install_scripts
[0.565s] Installing player1 script to /home/vm/training/ros2_ws/install/pingpong_pkg/lib/pingpong_pkg
[0.565s] Installing player2 script to /home/vm/training/ros2_ws/install/pingpong_pkg/lib/pingpong_pkg
[0.565s] writing list of installed files to '/home/vm/training/ros2_ws/build/pingpong_pkg/install.log'
[0.578s] Invoked command in '/home/vm/training/ros2_ws/src/pingpong_pkg' returned '0': PYTHONPATH=/home/vm/training/ros2_ws/build/pingpong_pkg/prefix_override:/usr/lib/python3/dist-packages/colcon_core/task/python/colcon_distutils_commands:/home/vm/training/ros2_ws/install/pingpong_pkg/lib/python3.10/site-packages:${PYTHONPATH} /usr/bin/python3 -W ignore:setup.py install is deprecated -W ignore:easy_install command is deprecated setup.py egg_info --egg-base ../../build/pingpong_pkg build --build-base /home/vm/training/ros2_ws/build/pingpong_pkg/build install --record /home/vm/training/ros2_ws/build/pingpong_pkg/install.log --single-version-externally-managed install_data
