[1.108s] Invoking command in '/home/vm/training/ros2_ws/src/camera_service': PYTHONPATH=/home/vm/training/ros2_ws/build/camera_service/prefix_override:/usr/lib/python3/dist-packages/colcon_core/task/python/colcon_distutils_commands:/home/vm/training/ros2_ws/install/camera_service/lib/python3.10/site-packages:${PYTHONPATH} /usr/bin/python3 -W ignore:setup.py install is deprecated -W ignore:easy_install command is deprecated setup.py egg_info --egg-base ../../build/camera_service build --build-base /home/vm/training/ros2_ws/build/camera_service/build install --record /home/vm/training/ros2_ws/build/camera_service/install.log --single-version-externally-managed install_data
[1.313s] running egg_info
[1.314s] writing ../../build/camera_service/camera_service.egg-info/PKG-INFO
[1.314s] writing dependency_links to ../../build/camera_service/camera_service.egg-info/dependency_links.txt
[1.315s] writing entry points to ../../build/camera_service/camera_service.egg-info/entry_points.txt
[1.315s] writing requirements to ../../build/camera_service/camera_service.egg-info/requires.txt
[1.315s] writing top-level names to ../../build/camera_service/camera_service.egg-info/top_level.txt
[1.319s] reading manifest file '../../build/camera_service/camera_service.egg-info/SOURCES.txt'
[1.319s] writing manifest file '../../build/camera_service/camera_service.egg-info/SOURCES.txt'
[1.319s] running build
[1.319s] running build_py
[1.320s] running install
[1.320s] running install_lib
[1.321s] running install_data
[1.321s] running install_egg_info
[1.323s] removing '/home/vm/training/ros2_ws/install/camera_service/lib/python3.10/site-packages/camera_service-0.0.0-py3.10.egg-info' (and everything under it)
[1.323s] Copying ../../build/camera_service/camera_service.egg-info to /home/vm/training/ros2_ws/install/camera_service/lib/python3.10/site-packages/camera_service-0.0.0-py3.10.egg-info
[1.324s] running install_scripts
[1.353s] Installing aruco_detection_node script to /home/vm/training/ros2_ws/install/camera_service/lib/camera_service
[1.353s] writing list of installed files to '/home/vm/training/ros2_ws/build/camera_service/install.log'
[1.584s] Invoked command in '/home/vm/training/ros2_ws/src/camera_service' returned '0': PYTHONPATH=/home/vm/training/ros2_ws/build/camera_service/prefix_override:/usr/lib/python3/dist-packages/colcon_core/task/python/colcon_distutils_commands:/home/vm/training/ros2_ws/install/camera_service/lib/python3.10/site-packages:${PYTHONPATH} /usr/bin/python3 -W ignore:setup.py install is deprecated -W ignore:easy_install command is deprecated setup.py egg_info --egg-base ../../build/camera_service build --build-base /home/vm/training/ros2_ws/build/camera_service/build install --record /home/vm/training/ros2_ws/build/camera_service/install.log --single-version-externally-managed install_data
