[0.205s] Invoking command in '/home/vm/training/ros2_ws/src/build/perception_msgs': CMAKE_PREFIX_PATH=${CMAKE_PREFIX_PATH}:/home/vm/training/ros2_ws/install/teleop_keyboard:/home/vm/training/ros2_ws/install/pingpong_pkg:/home/vm/training/ros2_ws/install/object_spawner:/home/vm/training/ros2_ws/install/image_viewer:/home/vm/training/ros2_ws/install/custom_msg_subscriber:/home/vm/training/ros2_ws/install/custom_msg_publisher:/home/vm/training/ros2_ws/install/camera_service:/home/vm/training/new_workspace/install/package2:/home/vm/training/new_workspace/install/package1:/home/vm/training/new_workspace/install/my_python_package:/opt/ros/humble /usr/bin/cmake --build /home/vm/training/ros2_ws/src/build/perception_msgs -- -j4 -l4
[0.224s] -- Found ament_cmake: 1.3.14 (/opt/ros/humble/share/ament_cmake/cmake)
[0.340s] -- Found geometry_msgs: 4.9.1 (/opt/ros/humble/share/geometry_msgs/cmake)
[0.359s] -- Found rosidl_generator_c: 3.1.8 (/opt/ros/humble/share/rosidl_generator_c/cmake)
[0.361s] -- Found rosidl_adapter: 3.1.8 (/opt/ros/humble/share/rosidl_adapter/cmake)
[0.368s] -- Found rosidl_generator_cpp: 3.1.8 (/opt/ros/humble/share/rosidl_generator_cpp/cmake)
[0.373s] -- Using all available rosidl_typesupport_c: rosidl_typesupport_fastrtps_c;rosidl_typesupport_introspection_c
[0.384s] -- Using all available rosidl_typesupport_cpp: rosidl_typesupport_fastrtps_cpp;rosidl_typesupport_introspection_cpp
[0.409s] -- Found rosidl_default_generators: 1.2.1 (/opt/ros/humble/share/rosidl_default_generators/cmake)
[0.754s] -- Found ament_cmake_ros: 0.10.0 (/opt/ros/humble/share/ament_cmake_ros/cmake)
[1.496s] -- Using all available rosidl_typesupport_c: rosidl_typesupport_fastrtps_c;rosidl_typesupport_introspection_c
[1.756s] -- Using all available rosidl_typesupport_cpp: rosidl_typesupport_fastrtps_cpp;rosidl_typesupport_introspection_cpp
[1.815s] -- Found python_cmake_module: 0.10.0 (/opt/ros/humble/share/python_cmake_module/cmake)
[1.870s] -- Using PYTHON_EXECUTABLE: /usr/bin/python3
[1.870s] -- Using PYTHON_INCLUDE_DIRS: /usr/include/python3.10
[1.870s] -- Using PYTHON_LIBRARIES: /usr/lib/x86_64-linux-gnu/libpython3.10.so
[2.121s] -- Found ament_lint_auto: 0.12.15 (/opt/ros/humble/share/ament_lint_auto/cmake)
[2.130s] -- Added test 'lint_cmake' to check CMake code style
[2.130s] -- Added test 'xmllint' to check XML markup files
[2.132s] -- Configuring done
[2.204s] -- Generating done
[2.225s] -- Build files have been written to: /home/vm/training/ros2_ws/src/build/perception_msgs
[2.265s] [35m[1mConsolidate compiler generated dependencies of target perception_msgs__rosidl_generator_c[0m
[2.280s] [  9%] Built target perception_msgs__rosidl_generator_c
[2.289s] [35m[1mConsolidate compiler generated dependencies of target perception_msgs__rosidl_typesupport_fastrtps_c[0m
[2.323s] [ 15%] Built target perception_msgs__rs
[2.323s] [ 21%] Built target perception_msgs__rosidl_typesupport_fastrtps_c
[2.325s] [ 25%] Built target perception_msgs__cpp
[2.331s] [ 25%] Built target ament_cmake_python_copy_perception_msgs
[2.342s] [35m[1mConsolidate compiler generated dependencies of target perception_msgs__rosidl_typesupport_introspection_cpp[0m
[2.342s] [35m[1mConsolidate compiler generated dependencies of target perception_msgs__rosidl_typesupport_c[0m
[2.348s] [35m[1mConsolidate compiler generated dependencies of target perception_msgs__rosidl_typesupport_introspection_c[0m
[2.357s] [35m[1mConsolidate compiler generated dependencies of target perception_msgs__rosidl_typesupport_fastrtps_cpp[0m
[2.363s] [ 34%] Built target perception_msgs__rosidl_typesupport_c
[2.365s] [ 43%] Built target perception_msgs__rosidl_typesupport_introspection_cpp
[2.370s] [ 53%] Built target perception_msgs__rosidl_typesupport_introspection_c
[2.384s] [35m[1mConsolidate compiler generated dependencies of target perception_msgs__rosidl_typesupport_cpp[0m
[2.388s] [ 62%] Built target perception_msgs__rosidl_typesupport_fastrtps_cpp
[2.404s] [ 71%] Built target perception_msgs__rosidl_typesupport_cpp
[2.438s] [ 71%] Built target perception_msgs
[2.458s] [ 75%] Built target perception_msgs__py
[2.477s] [35m[1mConsolidate compiler generated dependencies of target perception_msgs__rosidl_generator_py[0m
[2.526s] [ 81%] Built target perception_msgs__rosidl_generator_py
[2.543s] [35m[1mConsolidate compiler generated dependencies of target perception_msgs__rosidl_typesupport_c__pyext[0m
[2.543s] [35m[1mConsolidate compiler generated dependencies of target perception_msgs__rosidl_typesupport_fastrtps_c__pyext[0m
[2.548s] [35m[1mConsolidate compiler generated dependencies of target perception_msgs__rosidl_typesupport_introspection_c__pyext[0m
[2.572s] [ 87%] Built target perception_msgs__rosidl_typesupport_fastrtps_c__pyext
[2.575s] [ 93%] Built target perception_msgs__rosidl_typesupport_c__pyext
[2.575s] [100%] Built target perception_msgs__rosidl_typesupport_introspection_c__pyext
[2.653s] running egg_info
[2.653s] writing perception_msgs.egg-info/PKG-INFO
[2.654s] writing dependency_links to perception_msgs.egg-info/dependency_links.txt
[2.655s] writing top-level names to perception_msgs.egg-info/top_level.txt
[2.655s] reading manifest file 'perception_msgs.egg-info/SOURCES.txt'
[2.658s] writing manifest file 'perception_msgs.egg-info/SOURCES.txt'
[2.683s] [100%] Built target ament_cmake_python_build_perception_msgs_egg
[2.705s] Invoked command in '/home/vm/training/ros2_ws/src/build/perception_msgs' returned '0': CMAKE_PREFIX_PATH=${CMAKE_PREFIX_PATH}:/home/vm/training/ros2_ws/install/teleop_keyboard:/home/vm/training/ros2_ws/install/pingpong_pkg:/home/vm/training/ros2_ws/install/object_spawner:/home/vm/training/ros2_ws/install/image_viewer:/home/vm/training/ros2_ws/install/custom_msg_subscriber:/home/vm/training/ros2_ws/install/custom_msg_publisher:/home/vm/training/ros2_ws/install/camera_service:/home/vm/training/new_workspace/install/package2:/home/vm/training/new_workspace/install/package1:/home/vm/training/new_workspace/install/my_python_package:/opt/ros/humble /usr/bin/cmake --build /home/vm/training/ros2_ws/src/build/perception_msgs -- -j4 -l4
[2.716s] Invoking command in '/home/vm/training/ros2_ws/src/build/perception_msgs': CMAKE_PREFIX_PATH=${CMAKE_PREFIX_PATH}:/home/vm/training/ros2_ws/install/teleop_keyboard:/home/vm/training/ros2_ws/install/pingpong_pkg:/home/vm/training/ros2_ws/install/object_spawner:/home/vm/training/ros2_ws/install/image_viewer:/home/vm/training/ros2_ws/install/custom_msg_subscriber:/home/vm/training/ros2_ws/install/custom_msg_publisher:/home/vm/training/ros2_ws/install/camera_service:/home/vm/training/new_workspace/install/package2:/home/vm/training/new_workspace/install/package1:/home/vm/training/new_workspace/install/my_python_package:/opt/ros/humble /usr/bin/cmake --install /home/vm/training/ros2_ws/src/build/perception_msgs
[2.726s] -- Install configuration: ""
[2.727s] -- Up-to-date: /home/vm/training/ros2_ws/src/install/perception_msgs/share/ament_index/resource_index/rosidl_interfaces/perception_msgs
[2.727s] -- Up-to-date: /home/vm/training/ros2_ws/src/install/perception_msgs/include/perception_msgs/perception_msgs
[2.727s] -- Up-to-date: /home/vm/training/ros2_ws/src/install/perception_msgs/include/perception_msgs/perception_msgs/msg
[2.728s] -- Up-to-date: /home/vm/training/ros2_ws/src/install/perception_msgs/include/perception_msgs/perception_msgs/msg/rosidl_generator_c__visibility_control.h
[2.728s] -- Up-to-date: /home/vm/training/ros2_ws/src/install/perception_msgs/include/perception_msgs/perception_msgs/srv
[2.728s] -- Up-to-date: /home/vm/training/ros2_ws/src/install/perception_msgs/include/perception_msgs/perception_msgs/srv/detail
[2.728s] -- Up-to-date: /home/vm/training/ros2_ws/src/install/perception_msgs/include/perception_msgs/perception_msgs/srv/detail/get_object_location__type_support.h
[2.728s] -- Up-to-date: /home/vm/training/ros2_ws/src/install/perception_msgs/include/perception_msgs/perception_msgs/srv/detail/get_object_location__struct.h
[2.728s] -- Up-to-date: /home/vm/training/ros2_ws/src/install/perception_msgs/include/perception_msgs/perception_msgs/srv/detail/get_object_location__functions.h
[2.729s] -- Up-to-date: /home/vm/training/ros2_ws/src/install/perception_msgs/include/perception_msgs/perception_msgs/srv/detail/get_object_location__functions.c
[2.729s] -- Up-to-date: /home/vm/training/ros2_ws/src/install/perception_msgs/include/perception_msgs/perception_msgs/srv/get_object_location.h
[2.729s] -- Up-to-date: /home/vm/training/ros2_ws/src/install/perception_msgs/share/perception_msgs/environment/library_path.sh
[2.729s] -- Installing: /home/vm/training/ros2_ws/src/install/perception_msgs/share/perception_msgs/environment/library_path.dsv
[2.729s] -- Up-to-date: /home/vm/training/ros2_ws/src/install/perception_msgs/lib/libperception_msgs__rosidl_generator_c.so
[2.729s] -- Up-to-date: /home/vm/training/ros2_ws/src/install/perception_msgs/include/perception_msgs/perception_msgs
[2.729s] -- Up-to-date: /home/vm/training/ros2_ws/src/install/perception_msgs/include/perception_msgs/perception_msgs/msg
[2.729s] -- Up-to-date: /home/vm/training/ros2_ws/src/install/perception_msgs/include/perception_msgs/perception_msgs/msg/rosidl_typesupport_fastrtps_c__visibility_control.h
[2.729s] -- Up-to-date: /home/vm/training/ros2_ws/src/install/perception_msgs/include/perception_msgs/perception_msgs/srv
[2.729s] -- Up-to-date: /home/vm/training/ros2_ws/src/install/perception_msgs/include/perception_msgs/perception_msgs/srv/detail
[2.729s] -- Up-to-date: /home/vm/training/ros2_ws/src/install/perception_msgs/include/perception_msgs/perception_msgs/srv/detail/get_object_location__rosidl_typesupport_fastrtps_c.h
[2.729s] -- Up-to-date: /home/vm/training/ros2_ws/src/install/perception_msgs/lib/libperception_msgs__rosidl_typesupport_fastrtps_c.so
[2.730s] -- Up-to-date: /home/vm/training/ros2_ws/src/install/perception_msgs/include/perception_msgs/perception_msgs
[2.730s] -- Up-to-date: /home/vm/training/ros2_ws/src/install/perception_msgs/include/perception_msgs/perception_msgs/msg
[2.730s] -- Up-to-date: /home/vm/training/ros2_ws/src/install/perception_msgs/include/perception_msgs/perception_msgs/msg/rosidl_generator_cpp__visibility_control.hpp
[2.730s] -- Up-to-date: /home/vm/training/ros2_ws/src/install/perception_msgs/include/perception_msgs/perception_msgs/srv
[2.730s] -- Up-to-date: /home/vm/training/ros2_ws/src/install/perception_msgs/include/perception_msgs/perception_msgs/srv/detail
[2.730s] -- Up-to-date: /home/vm/training/ros2_ws/src/install/perception_msgs/include/perception_msgs/perception_msgs/srv/detail/get_object_location__type_support.hpp
[2.730s] -- Up-to-date: /home/vm/training/ros2_ws/src/install/perception_msgs/include/perception_msgs/perception_msgs/srv/detail/get_object_location__builder.hpp
[2.731s] -- Up-to-date: /home/vm/training/ros2_ws/src/install/perception_msgs/include/perception_msgs/perception_msgs/srv/detail/get_object_location__struct.hpp
[2.731s] -- Up-to-date: /home/vm/training/ros2_ws/src/install/perception_msgs/include/perception_msgs/perception_msgs/srv/detail/get_object_location__traits.hpp
[2.731s] -- Up-to-date: /home/vm/training/ros2_ws/src/install/perception_msgs/include/perception_msgs/perception_msgs/srv/get_object_location.hpp
[2.731s] -- Up-to-date: /home/vm/training/ros2_ws/src/install/perception_msgs/include/perception_msgs/perception_msgs
[2.731s] -- Up-to-date: /home/vm/training/ros2_ws/src/install/perception_msgs/include/perception_msgs/perception_msgs/msg
[2.731s] -- Up-to-date: /home/vm/training/ros2_ws/src/install/perception_msgs/include/perception_msgs/perception_msgs/msg/rosidl_typesupport_fastrtps_cpp__visibility_control.h
[2.731s] -- Up-to-date: /home/vm/training/ros2_ws/src/install/perception_msgs/include/perception_msgs/perception_msgs/srv
[2.731s] -- Up-to-date: /home/vm/training/ros2_ws/src/install/perception_msgs/include/perception_msgs/perception_msgs/srv/detail
[2.731s] -- Up-to-date: /home/vm/training/ros2_ws/src/install/perception_msgs/include/perception_msgs/perception_msgs/srv/detail/get_object_location__rosidl_typesupport_fastrtps_cpp.hpp
[2.731s] -- Up-to-date: /home/vm/training/ros2_ws/src/install/perception_msgs/include/perception_msgs/perception_msgs/srv/detail/dds_fastrtps
[2.731s] -- Up-to-date: /home/vm/training/ros2_ws/src/install/perception_msgs/lib/libperception_msgs__rosidl_typesupport_fastrtps_cpp.so
[2.732s] -- Up-to-date: /home/vm/training/ros2_ws/src/install/perception_msgs/include/perception_msgs/perception_msgs
[2.732s] -- Up-to-date: /home/vm/training/ros2_ws/src/install/perception_msgs/include/perception_msgs/perception_msgs/msg
[2.732s] -- Up-to-date: /home/vm/training/ros2_ws/src/install/perception_msgs/include/perception_msgs/perception_msgs/msg/rosidl_typesupport_introspection_c__visibility_control.h
[2.732s] -- Up-to-date: /home/vm/training/ros2_ws/src/install/perception_msgs/include/perception_msgs/perception_msgs/srv
[2.732s] -- Up-to-date: /home/vm/training/ros2_ws/src/install/perception_msgs/include/perception_msgs/perception_msgs/srv/detail
[2.732s] -- Up-to-date: /home/vm/training/ros2_ws/src/install/perception_msgs/include/perception_msgs/perception_msgs/srv/detail/get_object_location__rosidl_typesupport_introspection_c.h
[2.732s] -- Up-to-date: /home/vm/training/ros2_ws/src/install/perception_msgs/include/perception_msgs/perception_msgs/srv/detail/get_object_location__type_support.c
[2.732s] -- Up-to-date: /home/vm/training/ros2_ws/src/install/perception_msgs/lib/libperception_msgs__rosidl_typesupport_introspection_c.so
[2.733s] -- Up-to-date: /home/vm/training/ros2_ws/src/install/perception_msgs/lib/libperception_msgs__rosidl_typesupport_c.so
[2.733s] -- Up-to-date: /home/vm/training/ros2_ws/src/install/perception_msgs/include/perception_msgs/perception_msgs
[2.733s] -- Up-to-date: /home/vm/training/ros2_ws/src/install/perception_msgs/include/perception_msgs/perception_msgs/srv
[2.733s] -- Up-to-date: /home/vm/training/ros2_ws/src/install/perception_msgs/include/perception_msgs/perception_msgs/srv/detail
[2.733s] -- Up-to-date: /home/vm/training/ros2_ws/src/install/perception_msgs/include/perception_msgs/perception_msgs/srv/detail/get_object_location__type_support.cpp
[2.733s] -- Up-to-date: /home/vm/training/ros2_ws/src/install/perception_msgs/include/perception_msgs/perception_msgs/srv/detail/get_object_location__rosidl_typesupport_introspection_cpp.hpp
[2.734s] -- Up-to-date: /home/vm/training/ros2_ws/src/install/perception_msgs/lib/libperception_msgs__rosidl_typesupport_introspection_cpp.so
[2.734s] -- Up-to-date: /home/vm/training/ros2_ws/src/install/perception_msgs/lib/libperception_msgs__rosidl_typesupport_cpp.so
[2.734s] -- Up-to-date: /home/vm/training/ros2_ws/src/install/perception_msgs/share/perception_msgs/environment/pythonpath.sh
[2.734s] -- Installing: /home/vm/training/ros2_ws/src/install/perception_msgs/share/perception_msgs/environment/pythonpath.dsv
[2.734s] -- Up-to-date: /home/vm/training/ros2_ws/src/install/perception_msgs/local/lib/python3.10/dist-packages/perception_msgs-0.0.0-py3.10.egg-info
[2.734s] -- Installing: /home/vm/training/ros2_ws/src/install/perception_msgs/local/lib/python3.10/dist-packages/perception_msgs-0.0.0-py3.10.egg-info/dependency_links.txt
[2.734s] -- Installing: /home/vm/training/ros2_ws/src/install/perception_msgs/local/lib/python3.10/dist-packages/perception_msgs-0.0.0-py3.10.egg-info/top_level.txt
[2.734s] -- Installing: /home/vm/training/ros2_ws/src/install/perception_msgs/local/lib/python3.10/dist-packages/perception_msgs-0.0.0-py3.10.egg-info/SOURCES.txt
[2.734s] -- Installing: /home/vm/training/ros2_ws/src/install/perception_msgs/local/lib/python3.10/dist-packages/perception_msgs-0.0.0-py3.10.egg-info/PKG-INFO
[2.734s] -- Up-to-date: /home/vm/training/ros2_ws/src/install/perception_msgs/local/lib/python3.10/dist-packages/perception_msgs
[2.734s] -- Up-to-date: /home/vm/training/ros2_ws/src/install/perception_msgs/local/lib/python3.10/dist-packages/perception_msgs/_perception_msgs_s.ep.rosidl_typesupport_introspection_c.c
[2.734s] -- Installing: /home/vm/training/ros2_ws/src/install/perception_msgs/local/lib/python3.10/dist-packages/perception_msgs/__init__.py
[2.738s] -- Up-to-date: /home/vm/training/ros2_ws/src/install/perception_msgs/local/lib/python3.10/dist-packages/perception_msgs/_perception_msgs_s.ep.rosidl_typesupport_c.c
[2.738s] -- Up-to-date: /home/vm/training/ros2_ws/src/install/perception_msgs/local/lib/python3.10/dist-packages/perception_msgs/perception_msgs_s__rosidl_typesupport_introspection_c.cpython-310-x86_64-linux-gnu.so
[2.738s] -- Up-to-date: /home/vm/training/ros2_ws/src/install/perception_msgs/local/lib/python3.10/dist-packages/perception_msgs/srv
[2.738s] -- Up-to-date: /home/vm/training/ros2_ws/src/install/perception_msgs/local/lib/python3.10/dist-packages/perception_msgs/srv/__init__.py
[2.738s] -- Up-to-date: /home/vm/training/ros2_ws/src/install/perception_msgs/local/lib/python3.10/dist-packages/perception_msgs/srv/_get_object_location_s.c
[2.739s] -- Up-to-date: /home/vm/training/ros2_ws/src/install/perception_msgs/local/lib/python3.10/dist-packages/perception_msgs/srv/_get_object_location.py
[2.739s] -- Up-to-date: /home/vm/training/ros2_ws/src/install/perception_msgs/local/lib/python3.10/dist-packages/perception_msgs/perception_msgs_s__rosidl_typesupport_c.cpython-310-x86_64-linux-gnu.so
[2.739s] -- Up-to-date: /home/vm/training/ros2_ws/src/install/perception_msgs/local/lib/python3.10/dist-packages/perception_msgs/libperception_msgs__rosidl_generator_py.so
[2.739s] -- Up-to-date: /home/vm/training/ros2_ws/src/install/perception_msgs/local/lib/python3.10/dist-packages/perception_msgs/perception_msgs_s__rosidl_typesupport_fastrtps_c.cpython-310-x86_64-linux-gnu.so
[2.739s] -- Up-to-date: /home/vm/training/ros2_ws/src/install/perception_msgs/local/lib/python3.10/dist-packages/perception_msgs/_perception_msgs_s.ep.rosidl_typesupport_fastrtps_c.c
[2.784s] Listing '/home/vm/training/ros2_ws/src/install/perception_msgs/local/lib/python3.10/dist-packages/perception_msgs'...
[2.784s] Compiling '/home/vm/training/ros2_ws/src/install/perception_msgs/local/lib/python3.10/dist-packages/perception_msgs/__init__.py'...
[2.784s] Listing '/home/vm/training/ros2_ws/src/install/perception_msgs/local/lib/python3.10/dist-packages/perception_msgs/srv'...
[2.787s] -- Up-to-date: /home/vm/training/ros2_ws/src/install/perception_msgs/local/lib/python3.10/dist-packages/perception_msgs/perception_msgs_s__rosidl_typesupport_fastrtps_c.cpython-310-x86_64-linux-gnu.so
[2.788s] -- Up-to-date: /home/vm/training/ros2_ws/src/install/perception_msgs/local/lib/python3.10/dist-packages/perception_msgs/perception_msgs_s__rosidl_typesupport_introspection_c.cpython-310-x86_64-linux-gnu.so
[2.788s] -- Up-to-date: /home/vm/training/ros2_ws/src/install/perception_msgs/local/lib/python3.10/dist-packages/perception_msgs/perception_msgs_s__rosidl_typesupport_c.cpython-310-x86_64-linux-gnu.so
[2.788s] -- Up-to-date: /home/vm/training/ros2_ws/src/install/perception_msgs/lib/libperception_msgs__rosidl_generator_py.so
[2.791s] -- Up-to-date: /home/vm/training/ros2_ws/src/install/perception_msgs/share/ament_index/resource_index/rust_packages/perception_msgs
[2.792s] -- Up-to-date: /home/vm/training/ros2_ws/src/install/perception_msgs/share/perception_msgs/rust
[2.792s] -- Up-to-date: /home/vm/training/ros2_ws/src/install/perception_msgs/share/perception_msgs/rust/Cargo.toml
[2.792s] -- Up-to-date: /home/vm/training/ros2_ws/src/install/perception_msgs/share/perception_msgs/rust/src
[2.792s] -- Up-to-date: /home/vm/training/ros2_ws/src/install/perception_msgs/share/perception_msgs/rust/src/lib.rs
[2.792s] -- Up-to-date: /home/vm/training/ros2_ws/src/install/perception_msgs/share/perception_msgs/rust/src/srv
[2.792s] -- Up-to-date: /home/vm/training/ros2_ws/src/install/perception_msgs/share/perception_msgs/rust/src/srv/rmw.rs
[2.792s] -- Up-to-date: /home/vm/training/ros2_ws/src/install/perception_msgs/share/perception_msgs/rust/src/srv.rs
[2.792s] -- Up-to-date: /home/vm/training/ros2_ws/src/install/perception_msgs/share/perception_msgs/rust/build.rs
[2.792s] -- Up-to-date: /home/vm/training/ros2_ws/src/install/perception_msgs/share/perception_msgs/srv/GetObjectLocation.idl
[2.792s] -- Up-to-date: /home/vm/training/ros2_ws/src/install/perception_msgs/share/perception_msgs/srv/GetObjectLocation.srv
[2.792s] -- Up-to-date: /home/vm/training/ros2_ws/src/install/perception_msgs/share/perception_msgs/srv/GetObjectLocation_Request.msg
[2.792s] -- Up-to-date: /home/vm/training/ros2_ws/src/install/perception_msgs/share/perception_msgs/srv/GetObjectLocation_Response.msg
[2.792s] -- Up-to-date: /home/vm/training/ros2_ws/src/install/perception_msgs/share/ament_index/resource_index/package_run_dependencies/perception_msgs
[2.792s] -- Installing: /home/vm/training/ros2_ws/src/install/perception_msgs/share/ament_index/resource_index/parent_prefix_path/perception_msgs
[2.792s] -- Up-to-date: /home/vm/training/ros2_ws/src/install/perception_msgs/share/perception_msgs/environment/ament_prefix_path.sh
[2.792s] -- Installing: /home/vm/training/ros2_ws/src/install/perception_msgs/share/perception_msgs/environment/ament_prefix_path.dsv
[2.792s] -- Up-to-date: /home/vm/training/ros2_ws/src/install/perception_msgs/share/perception_msgs/environment/path.sh
[2.792s] -- Installing: /home/vm/training/ros2_ws/src/install/perception_msgs/share/perception_msgs/environment/path.dsv
[2.793s] -- Up-to-date: /home/vm/training/ros2_ws/src/install/perception_msgs/share/perception_msgs/local_setup.bash
[2.793s] -- Up-to-date: /home/vm/training/ros2_ws/src/install/perception_msgs/share/perception_msgs/local_setup.sh
[2.794s] -- Up-to-date: /home/vm/training/ros2_ws/src/install/perception_msgs/share/perception_msgs/local_setup.zsh
[2.794s] -- Installing: /home/vm/training/ros2_ws/src/install/perception_msgs/share/perception_msgs/local_setup.dsv
[2.794s] -- Installing: /home/vm/training/ros2_ws/src/install/perception_msgs/share/perception_msgs/package.dsv
[2.794s] -- Up-to-date: /home/vm/training/ros2_ws/src/install/perception_msgs/share/ament_index/resource_index/packages/perception_msgs
[2.794s] -- Up-to-date: /home/vm/training/ros2_ws/src/install/perception_msgs/share/perception_msgs/cmake/export_perception_msgs__rosidl_generator_cExport.cmake
[2.794s] -- Up-to-date: /home/vm/training/ros2_ws/src/install/perception_msgs/share/perception_msgs/cmake/export_perception_msgs__rosidl_generator_cExport-noconfig.cmake
[2.794s] -- Up-to-date: /home/vm/training/ros2_ws/src/install/perception_msgs/share/perception_msgs/cmake/export_perception_msgs__rosidl_typesupport_fastrtps_cExport.cmake
[2.794s] -- Up-to-date: /home/vm/training/ros2_ws/src/install/perception_msgs/share/perception_msgs/cmake/export_perception_msgs__rosidl_typesupport_fastrtps_cExport-noconfig.cmake
[2.794s] -- Up-to-date: /home/vm/training/ros2_ws/src/install/perception_msgs/share/perception_msgs/cmake/export_perception_msgs__rosidl_generator_cppExport.cmake
[2.794s] -- Up-to-date: /home/vm/training/ros2_ws/src/install/perception_msgs/share/perception_msgs/cmake/export_perception_msgs__rosidl_typesupport_fastrtps_cppExport.cmake
[2.794s] -- Up-to-date: /home/vm/training/ros2_ws/src/install/perception_msgs/share/perception_msgs/cmake/export_perception_msgs__rosidl_typesupport_fastrtps_cppExport-noconfig.cmake
[2.794s] -- Up-to-date: /home/vm/training/ros2_ws/src/install/perception_msgs/share/perception_msgs/cmake/perception_msgs__rosidl_typesupport_introspection_cExport.cmake
[2.794s] -- Up-to-date: /home/vm/training/ros2_ws/src/install/perception_msgs/share/perception_msgs/cmake/perception_msgs__rosidl_typesupport_introspection_cExport-noconfig.cmake
[2.794s] -- Up-to-date: /home/vm/training/ros2_ws/src/install/perception_msgs/share/perception_msgs/cmake/perception_msgs__rosidl_typesupport_cExport.cmake
[2.794s] -- Up-to-date: /home/vm/training/ros2_ws/src/install/perception_msgs/share/perception_msgs/cmake/perception_msgs__rosidl_typesupport_cExport-noconfig.cmake
[2.795s] -- Up-to-date: /home/vm/training/ros2_ws/src/install/perception_msgs/share/perception_msgs/cmake/perception_msgs__rosidl_typesupport_introspection_cppExport.cmake
[2.795s] -- Up-to-date: /home/vm/training/ros2_ws/src/install/perception_msgs/share/perception_msgs/cmake/perception_msgs__rosidl_typesupport_introspection_cppExport-noconfig.cmake
[2.795s] -- Up-to-date: /home/vm/training/ros2_ws/src/install/perception_msgs/share/perception_msgs/cmake/perception_msgs__rosidl_typesupport_cppExport.cmake
[2.795s] -- Up-to-date: /home/vm/training/ros2_ws/src/install/perception_msgs/share/perception_msgs/cmake/perception_msgs__rosidl_typesupport_cppExport-noconfig.cmake
[2.795s] -- Up-to-date: /home/vm/training/ros2_ws/src/install/perception_msgs/share/perception_msgs/cmake/export_perception_msgs__rosidl_generator_pyExport.cmake
[2.795s] -- Up-to-date: /home/vm/training/ros2_ws/src/install/perception_msgs/share/perception_msgs/cmake/export_perception_msgs__rosidl_generator_pyExport-noconfig.cmake
[2.795s] -- Up-to-date: /home/vm/training/ros2_ws/src/install/perception_msgs/share/perception_msgs/cmake/rosidl_cmake-extras.cmake
[2.795s] -- Up-to-date: /home/vm/training/ros2_ws/src/install/perception_msgs/share/perception_msgs/cmake/ament_cmake_export_dependencies-extras.cmake
[2.795s] -- Up-to-date: /home/vm/training/ros2_ws/src/install/perception_msgs/share/perception_msgs/cmake/ament_cmake_export_include_directories-extras.cmake
[2.795s] -- Up-to-date: /home/vm/training/ros2_ws/src/install/perception_msgs/share/perception_msgs/cmake/ament_cmake_export_libraries-extras.cmake
[2.795s] -- Up-to-date: /home/vm/training/ros2_ws/src/install/perception_msgs/share/perception_msgs/cmake/ament_cmake_export_targets-extras.cmake
[2.795s] -- Up-to-date: /home/vm/training/ros2_ws/src/install/perception_msgs/share/perception_msgs/cmake/rosidl_cmake_export_typesupport_targets-extras.cmake
[2.795s] -- Up-to-date: /home/vm/training/ros2_ws/src/install/perception_msgs/share/perception_msgs/cmake/rosidl_cmake_export_typesupport_libraries-extras.cmake
[2.795s] -- Up-to-date: /home/vm/training/ros2_ws/src/install/perception_msgs/share/perception_msgs/cmake/perception_msgsConfig.cmake
[2.795s] -- Up-to-date: /home/vm/training/ros2_ws/src/install/perception_msgs/share/perception_msgs/cmake/perception_msgsConfig-version.cmake
[2.795s] -- Up-to-date: /home/vm/training/ros2_ws/src/install/perception_msgs/share/perception_msgs/package.xml
[2.804s] Invoked command in '/home/vm/training/ros2_ws/src/build/perception_msgs' returned '0': CMAKE_PREFIX_PATH=${CMAKE_PREFIX_PATH}:/home/vm/training/ros2_ws/install/teleop_keyboard:/home/vm/training/ros2_ws/install/pingpong_pkg:/home/vm/training/ros2_ws/install/object_spawner:/home/vm/training/ros2_ws/install/image_viewer:/home/vm/training/ros2_ws/install/custom_msg_subscriber:/home/vm/training/ros2_ws/install/custom_msg_publisher:/home/vm/training/ros2_ws/install/camera_service:/home/vm/training/new_workspace/install/package2:/home/vm/training/new_workspace/install/package1:/home/vm/training/new_workspace/install/my_python_package:/opt/ros/humble /usr/bin/cmake --install /home/vm/training/ros2_ws/src/build/perception_msgs
