[0.674s] Invoking command in '/home/vm/training/ros2_ws/src/image_viewer': PYTHONPATH=/home/vm/training/ros2_ws/build/image_viewer/prefix_override:/usr/lib/python3/dist-packages/colcon_core/task/python/colcon_distutils_commands:/home/vm/training/ros2_ws/install/image_viewer/lib/python3.10/site-packages:${PYTHONPATH} /usr/bin/python3 -W ignore:setup.py install is deprecated -W ignore:easy_install command is deprecated setup.py egg_info --egg-base ../../build/image_viewer build --build-base /home/vm/training/ros2_ws/build/image_viewer/build install --record /home/vm/training/ros2_ws/build/image_viewer/install.log --single-version-externally-managed install_data
[0.912s] running egg_info
[0.913s] writing ../../build/image_viewer/image_viewer.egg-info/PKG-INFO
[0.914s] writing dependency_links to ../../build/image_viewer/image_viewer.egg-info/dependency_links.txt
[0.914s] writing entry points to ../../build/image_viewer/image_viewer.egg-info/entry_points.txt
[0.914s] writing requirements to ../../build/image_viewer/image_viewer.egg-info/requires.txt
[0.915s] writing top-level names to ../../build/image_viewer/image_viewer.egg-info/top_level.txt
[0.918s] reading manifest file '../../build/image_viewer/image_viewer.egg-info/SOURCES.txt'
[0.918s] writing manifest file '../../build/image_viewer/image_viewer.egg-info/SOURCES.txt'
[0.919s] running build
[0.919s] running build_py
[0.919s] running install
[0.920s] running install_lib
[0.921s] running install_data
[0.926s] running install_egg_info
[0.926s] removing '/home/vm/training/ros2_ws/install/image_viewer/lib/python3.10/site-packages/image_viewer-0.0.0-py3.10.egg-info' (and everything under it)
[0.926s] Copying ../../build/image_viewer/image_viewer.egg-info to /home/vm/training/ros2_ws/install/image_viewer/lib/python3.10/site-packages/image_viewer-0.0.0-py3.10.egg-info
[0.934s] running install_scripts
[0.981s] Installing view_image script to /home/vm/training/ros2_ws/install/image_viewer/lib/image_viewer
[0.981s] writing list of installed files to '/home/vm/training/ros2_ws/build/image_viewer/install.log'
[1.040s] Invoked command in '/home/vm/training/ros2_ws/src/image_viewer' returned '0': PYTHONPATH=/home/vm/training/ros2_ws/build/image_viewer/prefix_override:/usr/lib/python3/dist-packages/colcon_core/task/python/colcon_distutils_commands:/home/vm/training/ros2_ws/install/image_viewer/lib/python3.10/site-packages:${PYTHONPATH} /usr/bin/python3 -W ignore:setup.py install is deprecated -W ignore:easy_install command is deprecated setup.py egg_info --egg-base ../../build/image_viewer build --build-base /home/vm/training/ros2_ws/build/image_viewer/build install --record /home/vm/training/ros2_ws/build/image_viewer/install.log --single-version-externally-managed install_data
