running egg_info
writing ../../build/my_python_package/my_python_package.egg-info/PKG-INFO
writing dependency_links to ../../build/my_python_package/my_python_package.egg-info/dependency_links.txt
writing entry points to ../../build/my_python_package/my_python_package.egg-info/entry_points.txt
writing requirements to ../../build/my_python_package/my_python_package.egg-info/requires.txt
writing top-level names to ../../build/my_python_package/my_python_package.egg-info/top_level.txt
reading manifest file '../../build/my_python_package/my_python_package.egg-info/SOURCES.txt'
writing manifest file '../../build/my_python_package/my_python_package.egg-info/SOURCES.txt'
running build
running build_py
copying my_python_package/my_node.py -> /home/vm/training/new_workspace/build/my_python_package/build/lib/my_python_package
running install
running install_lib
copying /home/vm/training/new_workspace/build/my_python_package/build/lib/my_python_package/my_node.py -> /home/vm/training/new_workspace/install/my_python_package/lib/python3.10/site-packages/my_python_package
byte-compiling /home/vm/training/new_workspace/install/my_python_package/lib/python3.10/site-packages/my_python_package/my_node.py to my_node.cpython-310.pyc
running install_data
creating /home/vm/training/new_workspace/install/my_python_package/share/my_python_package/launch
copying launch/two_nodes.launch.py -> /home/vm/training/new_workspace/install/my_python_package/share/my_python_package/launch
running install_egg_info
removing '/home/vm/training/new_workspace/install/my_python_package/lib/python3.10/site-packages/my_python_package-0.0.0-py3.10.egg-info' (and everything under it)
Copying ../../build/my_python_package/my_python_package.egg-info to /home/vm/training/new_workspace/install/my_python_package/lib/python3.10/site-packages/my_python_package-0.0.0-py3.10.egg-info
running install_scripts
Installing my_example_node_executable script to /home/vm/training/new_workspace/install/my_python_package/lib/my_python_package
Installing my_node_executable script to /home/vm/training/new_workspace/install/my_python_package/lib/my_python_package
writing list of installed files to '/home/vm/training/new_workspace/build/my_python_package/install.log'
