[1.564s] Invoking command in '/home/vm/training/new_workspace/src/my_python_package': PYTHONPATH=/home/vm/training/new_workspace/build/my_python_package/prefix_override:/usr/lib/python3/dist-packages/colcon_core/task/python/colcon_distutils_commands:/home/vm/training/new_workspace/install/my_python_package/lib/python3.10/site-packages:${PYTHONPATH} /usr/bin/python3 -W ignore:setup.py install is deprecated -W ignore:easy_install command is deprecated setup.py egg_info --egg-base ../../build/my_python_package build --build-base /home/vm/training/new_workspace/build/my_python_package/build install --record /home/vm/training/new_workspace/build/my_python_package/install.log --single-version-externally-managed install_data
[1.887s] running egg_info
[1.887s] writing ../../build/my_python_package/my_python_package.egg-info/PKG-INFO
[1.888s] writing dependency_links to ../../build/my_python_package/my_python_package.egg-info/dependency_links.txt
[1.888s] writing entry points to ../../build/my_python_package/my_python_package.egg-info/entry_points.txt
[1.888s] writing requirements to ../../build/my_python_package/my_python_package.egg-info/requires.txt
[1.888s] writing top-level names to ../../build/my_python_package/my_python_package.egg-info/top_level.txt
[1.890s] reading manifest file '../../build/my_python_package/my_python_package.egg-info/SOURCES.txt'
[1.893s] writing manifest file '../../build/my_python_package/my_python_package.egg-info/SOURCES.txt'
[1.893s] running build
[1.893s] running build_py
[1.893s] copying my_python_package/my_node.py -> /home/vm/training/new_workspace/build/my_python_package/build/lib/my_python_package
[1.894s] running install
[1.894s] running install_lib
[1.895s] copying /home/vm/training/new_workspace/build/my_python_package/build/lib/my_python_package/my_node.py -> /home/vm/training/new_workspace/install/my_python_package/lib/python3.10/site-packages/my_python_package
[1.896s] byte-compiling /home/vm/training/new_workspace/install/my_python_package/lib/python3.10/site-packages/my_python_package/my_node.py to my_node.cpython-310.pyc
[1.896s] running install_data
[1.897s] creating /home/vm/training/new_workspace/install/my_python_package/share/my_python_package/launch
[1.897s] copying launch/two_nodes.launch.py -> /home/vm/training/new_workspace/install/my_python_package/share/my_python_package/launch
[1.897s] running install_egg_info
[1.899s] removing '/home/vm/training/new_workspace/install/my_python_package/lib/python3.10/site-packages/my_python_package-0.0.0-py3.10.egg-info' (and everything under it)
[1.902s] Copying ../../build/my_python_package/my_python_package.egg-info to /home/vm/training/new_workspace/install/my_python_package/lib/python3.10/site-packages/my_python_package-0.0.0-py3.10.egg-info
[1.906s] running install_scripts
[1.930s] Installing my_example_node_executable script to /home/vm/training/new_workspace/install/my_python_package/lib/my_python_package
[1.931s] Installing my_node_executable script to /home/vm/training/new_workspace/install/my_python_package/lib/my_python_package
[1.934s] writing list of installed files to '/home/vm/training/new_workspace/build/my_python_package/install.log'
[1.965s] Invoked command in '/home/vm/training/new_workspace/src/my_python_package' returned '0': PYTHONPATH=/home/vm/training/new_workspace/build/my_python_package/prefix_override:/usr/lib/python3/dist-packages/colcon_core/task/python/colcon_distutils_commands:/home/vm/training/new_workspace/install/my_python_package/lib/python3.10/site-packages:${PYTHONPATH} /usr/bin/python3 -W ignore:setup.py install is deprecated -W ignore:easy_install command is deprecated setup.py egg_info --egg-base ../../build/my_python_package build --build-base /home/vm/training/new_workspace/build/my_python_package/build install --record /home/vm/training/new_workspace/build/my_python_package/install.log --single-version-externally-managed install_data
