[0.760s] Invoking command in '/home/vm/training/ros2_ws/src/teleop_keyboard': PYTHONPATH=/home/vm/training/ros2_ws/build/teleop_keyboard/prefix_override:/usr/lib/python3/dist-packages/colcon_core/task/python/colcon_distutils_commands:/home/vm/training/ros2_ws/install/teleop_keyboard/lib/python3.10/site-packages:${PYTHONPATH} /usr/bin/python3 -W ignore:setup.py install is deprecated -W ignore:easy_install command is deprecated setup.py egg_info --egg-base ../../build/teleop_keyboard build --build-base /home/vm/training/ros2_ws/build/teleop_keyboard/build install --record /home/vm/training/ros2_ws/build/teleop_keyboard/install.log --single-version-externally-managed install_data
[0.922s] running egg_info
[0.922s] writing ../../build/teleop_keyboard/teleop_keyboard.egg-info/PKG-INFO
[0.923s] writing dependency_links to ../../build/teleop_keyboard/teleop_keyboard.egg-info/dependency_links.txt
[0.923s] writing entry points to ../../build/teleop_keyboard/teleop_keyboard.egg-info/entry_points.txt
[0.923s] writing requirements to ../../build/teleop_keyboard/teleop_keyboard.egg-info/requires.txt
[0.923s] writing top-level names to ../../build/teleop_keyboard/teleop_keyboard.egg-info/top_level.txt
[0.924s] reading manifest file '../../build/teleop_keyboard/teleop_keyboard.egg-info/SOURCES.txt'
[0.927s] writing manifest file '../../build/teleop_keyboard/teleop_keyboard.egg-info/SOURCES.txt'
[0.927s] running build
[0.927s] running build_py
[0.927s] running install
[0.927s] running install_lib
[0.927s] running install_data
[0.927s] running install_egg_info
[0.927s] removing '/home/vm/training/ros2_ws/install/teleop_keyboard/lib/python3.10/site-packages/teleop_keyboard-0.0.0-py3.10.egg-info' (and everything under it)
[0.930s] Copying ../../build/teleop_keyboard/teleop_keyboard.egg-info to /home/vm/training/ros2_ws/install/teleop_keyboard/lib/python3.10/site-packages/teleop_keyboard-0.0.0-py3.10.egg-info
[0.934s] running install_scripts
[0.955s] Installing teleop_node script to /home/vm/training/ros2_ws/install/teleop_keyboard/lib/teleop_keyboard
[0.956s] writing list of installed files to '/home/vm/training/ros2_ws/build/teleop_keyboard/install.log'
[0.977s] Invoked command in '/home/vm/training/ros2_ws/src/teleop_keyboard' returned '0': PYTHONPATH=/home/vm/training/ros2_ws/build/teleop_keyboard/prefix_override:/usr/lib/python3/dist-packages/colcon_core/task/python/colcon_distutils_commands:/home/vm/training/ros2_ws/install/teleop_keyboard/lib/python3.10/site-packages:${PYTHONPATH} /usr/bin/python3 -W ignore:setup.py install is deprecated -W ignore:easy_install command is deprecated setup.py egg_info --egg-base ../../build/teleop_keyboard build --build-base /home/vm/training/ros2_ws/build/teleop_keyboard/build install --record /home/vm/training/ros2_ws/build/teleop_keyboard/install.log --single-version-externally-managed install_data
