[0.071s] DEBUG:colcon:Command line arguments: ['/usr/bin/colcon', 'build', '--packages-select', 'custom_msg_subscriber']
[0.071s] DEBUG:colcon:Parsed command line arguments: Namespace(log_base=None, log_level=None, verb_name='build', build_base='build', install_base='install', merge_install=False, symlink_install=False, test_result_base=None, continue_on_error=False, executor='parallel', parallel_workers=4, event_handlers=None, ignore_user_meta=False, metas=['./colcon.meta'], base_paths=['.'], packages_ignore=None, packages_ignore_regex=None, paths=None, packages_up_to=None, packages_up_to_regex=None, packages_above=None, packages_above_and_dependencies=None, packages_above_depth=None, packages_select_by_dep=None, packages_skip_by_dep=None, packages_skip_up_to=None, packages_select_build_failed=False, packages_skip_build_finished=False, packages_select_test_failures=False, packages_skip_test_passed=False, packages_select=['custom_msg_subscriber'], packages_skip=None, packages_select_regex=None, packages_skip_regex=None, packages_start=None, packages_end=None, allow_overriding=[], cmake_args=None, cmake_target=None, cmake_target_skip_unavailable=False, cmake_clean_cache=False, cmake_clean_first=False, cmake_force_configure=False, ament_cmake_args=None, catkin_cmake_args=None, catkin_skip_building_tests=False, verb_parser=<colcon_defaults.argument_parser.defaults.DefaultArgumentsDecorator object at 0x7c3f1a560640>, verb_extension=<colcon_core.verb.build.BuildVerb object at 0x7c3f1a5600a0>, main=<bound method BuildVerb.main of <colcon_core.verb.build.BuildVerb object at 0x7c3f1a5600a0>>)
[0.169s] Level 1:colcon.colcon_core.package_discovery:discover_packages(colcon_meta) check parameters
[0.169s] Level 1:colcon.colcon_core.package_discovery:discover_packages(recursive) check parameters
[0.169s] Level 1:colcon.colcon_core.package_discovery:discover_packages(ignore) check parameters
[0.169s] Level 1:colcon.colcon_core.package_discovery:discover_packages(path) check parameters
[0.169s] Level 1:colcon.colcon_core.package_discovery:discover_packages(colcon_meta) discover
[0.169s] Level 1:colcon.colcon_core.package_discovery:discover_packages(recursive) discover
[0.169s] INFO:colcon.colcon_core.package_discovery:Crawling recursively for packages in '/home/vm/training/ros2_ws/src'
[0.169s] Level 1:colcon.colcon_core.package_identification:_identify(.) by extensions ['ignore', 'ignore_ament_install']
[0.170s] Level 1:colcon.colcon_core.package_identification:_identify(.) by extension 'ignore'
[0.170s] Level 1:colcon.colcon_core.package_identification:_identify(.) by extension 'ignore_ament_install'
[0.170s] Level 1:colcon.colcon_core.package_identification:_identify(.) by extensions ['colcon_pkg']
[0.170s] Level 1:colcon.colcon_core.package_identification:_identify(.) by extension 'colcon_pkg'
[0.170s] Level 1:colcon.colcon_core.package_identification:_identify(.) by extensions ['colcon_meta']
[0.170s] Level 1:colcon.colcon_core.package_identification:_identify(.) by extension 'colcon_meta'
[0.170s] Level 1:colcon.colcon_core.package_identification:_identify(.) by extensions ['ros']
[0.170s] Level 1:colcon.colcon_core.package_identification:_identify(.) by extension 'ros'
[0.177s] Level 1:colcon.colcon_core.package_identification:_identify(.) by extensions ['cmake', 'python']
[0.177s] Level 1:colcon.colcon_core.package_identification:_identify(.) by extension 'cmake'
[0.177s] Level 1:colcon.colcon_core.package_identification:_identify(.) by extension 'python'
[0.177s] Level 1:colcon.colcon_core.package_identification:_identify(.) by extensions ['python_setup_py']
[0.177s] Level 1:colcon.colcon_core.package_identification:_identify(.) by extension 'python_setup_py'
[0.177s] Level 1:colcon.colcon_core.package_identification:_identify(build) by extensions ['ignore', 'ignore_ament_install']
[0.177s] Level 1:colcon.colcon_core.package_identification:_identify(build) by extension 'ignore'
[0.177s] Level 1:colcon.colcon_core.package_identification:_identify(build) ignored
[0.177s] Level 1:colcon.colcon_core.package_identification:_identify(custom_msg_publisher) by extensions ['ignore', 'ignore_ament_install']
[0.177s] Level 1:colcon.colcon_core.package_identification:_identify(custom_msg_publisher) by extension 'ignore'
[0.177s] Level 1:colcon.colcon_core.package_identification:_identify(custom_msg_publisher) by extension 'ignore_ament_install'
[0.177s] Level 1:colcon.colcon_core.package_identification:_identify(custom_msg_publisher) by extensions ['colcon_pkg']
[0.177s] Level 1:colcon.colcon_core.package_identification:_identify(custom_msg_publisher) by extension 'colcon_pkg'
[0.177s] Level 1:colcon.colcon_core.package_identification:_identify(custom_msg_publisher) by extensions ['colcon_meta']
[0.177s] Level 1:colcon.colcon_core.package_identification:_identify(custom_msg_publisher) by extension 'colcon_meta'
[0.178s] Level 1:colcon.colcon_core.package_identification:_identify(custom_msg_publisher) by extensions ['ros']
[0.178s] Level 1:colcon.colcon_core.package_identification:_identify(custom_msg_publisher) by extension 'ros'
[0.179s] DEBUG:colcon.colcon_core.package_identification:Package 'custom_msg_publisher' with type 'ros.ament_python' and name 'custom_msg_publisher'
[0.179s] Level 1:colcon.colcon_core.package_identification:_identify(custom_msg_subscriber) by extensions ['ignore', 'ignore_ament_install']
[0.179s] Level 1:colcon.colcon_core.package_identification:_identify(custom_msg_subscriber) by extension 'ignore'
[0.179s] Level 1:colcon.colcon_core.package_identification:_identify(custom_msg_subscriber) by extension 'ignore_ament_install'
[0.179s] Level 1:colcon.colcon_core.package_identification:_identify(custom_msg_subscriber) by extensions ['colcon_pkg']
[0.179s] Level 1:colcon.colcon_core.package_identification:_identify(custom_msg_subscriber) by extension 'colcon_pkg'
[0.179s] Level 1:colcon.colcon_core.package_identification:_identify(custom_msg_subscriber) by extensions ['colcon_meta']
[0.179s] Level 1:colcon.colcon_core.package_identification:_identify(custom_msg_subscriber) by extension 'colcon_meta'
[0.179s] Level 1:colcon.colcon_core.package_identification:_identify(custom_msg_subscriber) by extensions ['ros']
[0.179s] Level 1:colcon.colcon_core.package_identification:_identify(custom_msg_subscriber) by extension 'ros'
[0.180s] DEBUG:colcon.colcon_core.package_identification:Package 'custom_msg_subscriber' with type 'ros.ament_python' and name 'custom_msg_subscriber'
[0.180s] Level 1:colcon.colcon_core.package_identification:_identify(image_viewer) by extensions ['ignore', 'ignore_ament_install']
[0.180s] Level 1:colcon.colcon_core.package_identification:_identify(image_viewer) by extension 'ignore'
[0.180s] Level 1:colcon.colcon_core.package_identification:_identify(image_viewer) by extension 'ignore_ament_install'
[0.180s] Level 1:colcon.colcon_core.package_identification:_identify(image_viewer) by extensions ['colcon_pkg']
[0.180s] Level 1:colcon.colcon_core.package_identification:_identify(image_viewer) by extension 'colcon_pkg'
[0.180s] Level 1:colcon.colcon_core.package_identification:_identify(image_viewer) by extensions ['colcon_meta']
[0.180s] Level 1:colcon.colcon_core.package_identification:_identify(image_viewer) by extension 'colcon_meta'
[0.180s] Level 1:colcon.colcon_core.package_identification:_identify(image_viewer) by extensions ['ros']
[0.180s] Level 1:colcon.colcon_core.package_identification:_identify(image_viewer) by extension 'ros'
[0.180s] DEBUG:colcon.colcon_core.package_identification:Package 'image_viewer' with type 'ros.ament_python' and name 'image_viewer'
[0.180s] Level 1:colcon.colcon_core.package_identification:_identify(install) by extensions ['ignore', 'ignore_ament_install']
[0.180s] Level 1:colcon.colcon_core.package_identification:_identify(install) by extension 'ignore'
[0.180s] Level 1:colcon.colcon_core.package_identification:_identify(install) ignored
[0.180s] Level 1:colcon.colcon_core.package_identification:_identify(log) by extensions ['ignore', 'ignore_ament_install']
[0.180s] Level 1:colcon.colcon_core.package_identification:_identify(log) by extension 'ignore'
[0.180s] Level 1:colcon.colcon_core.package_identification:_identify(log) ignored
[0.181s] Level 1:colcon.colcon_core.package_identification:_identify(pingpong_pkg) by extensions ['ignore', 'ignore_ament_install']
[0.181s] Level 1:colcon.colcon_core.package_identification:_identify(pingpong_pkg) by extension 'ignore'
[0.181s] Level 1:colcon.colcon_core.package_identification:_identify(pingpong_pkg) by extension 'ignore_ament_install'
[0.181s] Level 1:colcon.colcon_core.package_identification:_identify(pingpong_pkg) by extensions ['colcon_pkg']
[0.181s] Level 1:colcon.colcon_core.package_identification:_identify(pingpong_pkg) by extension 'colcon_pkg'
[0.181s] Level 1:colcon.colcon_core.package_identification:_identify(pingpong_pkg) by extensions ['colcon_meta']
[0.181s] Level 1:colcon.colcon_core.package_identification:_identify(pingpong_pkg) by extension 'colcon_meta'
[0.181s] Level 1:colcon.colcon_core.package_identification:_identify(pingpong_pkg) by extensions ['ros']
[0.181s] Level 1:colcon.colcon_core.package_identification:_identify(pingpong_pkg) by extension 'ros'
[0.181s] DEBUG:colcon.colcon_core.package_identification:Package 'pingpong_pkg' with type 'ros.ament_python' and name 'pingpong_pkg'
[0.181s] Level 1:colcon.colcon_core.package_identification:_identify(simple_velocity_msg) by extensions ['ignore', 'ignore_ament_install']
[0.181s] Level 1:colcon.colcon_core.package_identification:_identify(simple_velocity_msg) by extension 'ignore'
[0.181s] Level 1:colcon.colcon_core.package_identification:_identify(simple_velocity_msg) by extension 'ignore_ament_install'
[0.181s] Level 1:colcon.colcon_core.package_identification:_identify(simple_velocity_msg) by extensions ['colcon_pkg']
[0.181s] Level 1:colcon.colcon_core.package_identification:_identify(simple_velocity_msg) by extension 'colcon_pkg'
[0.181s] Level 1:colcon.colcon_core.package_identification:_identify(simple_velocity_msg) by extensions ['colcon_meta']
[0.181s] Level 1:colcon.colcon_core.package_identification:_identify(simple_velocity_msg) by extension 'colcon_meta'
[0.181s] Level 1:colcon.colcon_core.package_identification:_identify(simple_velocity_msg) by extensions ['ros']
[0.181s] Level 1:colcon.colcon_core.package_identification:_identify(simple_velocity_msg) by extension 'ros'
[0.182s] DEBUG:colcon.colcon_core.package_identification:Package 'simple_velocity_msg' with type 'ros.ament_cmake' and name 'simple_velocity_msg'
[0.182s] Level 1:colcon.colcon_core.package_identification:_identify(teleop_keyboard) by extensions ['ignore', 'ignore_ament_install']
[0.182s] Level 1:colcon.colcon_core.package_identification:_identify(teleop_keyboard) by extension 'ignore'
[0.182s] Level 1:colcon.colcon_core.package_identification:_identify(teleop_keyboard) by extension 'ignore_ament_install'
[0.182s] Level 1:colcon.colcon_core.package_identification:_identify(teleop_keyboard) by extensions ['colcon_pkg']
[0.182s] Level 1:colcon.colcon_core.package_identification:_identify(teleop_keyboard) by extension 'colcon_pkg'
[0.182s] Level 1:colcon.colcon_core.package_identification:_identify(teleop_keyboard) by extensions ['colcon_meta']
[0.182s] Level 1:colcon.colcon_core.package_identification:_identify(teleop_keyboard) by extension 'colcon_meta'
[0.182s] Level 1:colcon.colcon_core.package_identification:_identify(teleop_keyboard) by extensions ['ros']
[0.182s] Level 1:colcon.colcon_core.package_identification:_identify(teleop_keyboard) by extension 'ros'
[0.182s] DEBUG:colcon.colcon_core.package_identification:Package 'teleop_keyboard' with type 'ros.ament_python' and name 'teleop_keyboard'
[0.182s] Level 1:colcon.colcon_core.package_discovery:discover_packages(recursive) using defaults
[0.182s] Level 1:colcon.colcon_core.package_discovery:discover_packages(ignore) discover
[0.182s] Level 1:colcon.colcon_core.package_discovery:discover_packages(ignore) using defaults
[0.182s] Level 1:colcon.colcon_core.package_discovery:discover_packages(path) discover
[0.182s] Level 1:colcon.colcon_core.package_discovery:discover_packages(path) using defaults
[0.195s] INFO:colcon.colcon_core.package_selection:Skipping not selected package 'custom_msg_publisher' in 'custom_msg_publisher'
[0.195s] INFO:colcon.colcon_core.package_selection:Skipping not selected package 'image_viewer' in 'image_viewer'
[0.195s] INFO:colcon.colcon_core.package_selection:Skipping not selected package 'pingpong_pkg' in 'pingpong_pkg'
[0.195s] INFO:colcon.colcon_core.package_selection:Skipping not selected package 'simple_velocity_msg' in 'simple_velocity_msg'
[0.195s] INFO:colcon.colcon_core.package_selection:Skipping not selected package 'teleop_keyboard' in 'teleop_keyboard'
[0.195s] Level 1:colcon.colcon_core.package_discovery:discover_packages(prefix_path) check parameters
[0.195s] Level 1:colcon.colcon_core.package_discovery:discover_packages(prefix_path) discover
[0.196s] DEBUG:colcon.colcon_installed_package_information.package_discovery:Found 3 installed packages in /home/vm/training/ros2_ws/install
[0.197s] DEBUG:colcon.colcon_installed_package_information.package_discovery:Found 2 installed packages in /home/vm/training/new_workspace/install
[0.198s] DEBUG:colcon.colcon_installed_package_information.package_discovery:Found 273 installed packages in /opt/ros/humble
[0.199s] Level 1:colcon.colcon_core.package_discovery:discover_packages(prefix_path) using defaults
[0.225s] Level 5:colcon.colcon_core.verb:set package 'custom_msg_subscriber' build argument 'cmake_args' from command line to 'None'
[0.225s] Level 5:colcon.colcon_core.verb:set package 'custom_msg_subscriber' build argument 'cmake_target' from command line to 'None'
[0.225s] Level 5:colcon.colcon_core.verb:set package 'custom_msg_subscriber' build argument 'cmake_target_skip_unavailable' from command line to 'False'
[0.225s] Level 5:colcon.colcon_core.verb:set package 'custom_msg_subscriber' build argument 'cmake_clean_cache' from command line to 'False'
[0.225s] Level 5:colcon.colcon_core.verb:set package 'custom_msg_subscriber' build argument 'cmake_clean_first' from command line to 'False'
[0.225s] Level 5:colcon.colcon_core.verb:set package 'custom_msg_subscriber' build argument 'cmake_force_configure' from command line to 'False'
[0.225s] Level 5:colcon.colcon_core.verb:set package 'custom_msg_subscriber' build argument 'ament_cmake_args' from command line to 'None'
[0.225s] Level 5:colcon.colcon_core.verb:set package 'custom_msg_subscriber' build argument 'catkin_cmake_args' from command line to 'None'
[0.225s] Level 5:colcon.colcon_core.verb:set package 'custom_msg_subscriber' build argument 'catkin_skip_building_tests' from command line to 'False'
[0.225s] DEBUG:colcon.colcon_core.verb:Building package 'custom_msg_subscriber' with the following arguments: {'ament_cmake_args': None, 'build_base': '/home/vm/training/ros2_ws/src/build/custom_msg_subscriber', 'catkin_cmake_args': None, 'catkin_skip_building_tests': False, 'cmake_args': None, 'cmake_clean_cache': False, 'cmake_clean_first': False, 'cmake_force_configure': False, 'cmake_target': None, 'cmake_target_skip_unavailable': False, 'install_base': '/home/vm/training/ros2_ws/src/install/custom_msg_subscriber', 'merge_install': False, 'path': '/home/vm/training/ros2_ws/src/custom_msg_subscriber', 'symlink_install': False, 'test_result_base': None}
[0.226s] INFO:colcon.colcon_core.executor:Executing jobs using 'parallel' executor
[0.226s] DEBUG:colcon.colcon_parallel_executor.executor.parallel:run_until_complete
[0.227s] INFO:colcon.colcon_ros.task.ament_python.build:Building ROS package in '/home/vm/training/ros2_ws/src/custom_msg_subscriber' with build type 'ament_python'
[0.227s] Level 1:colcon.colcon_core.shell:create_environment_hook('custom_msg_subscriber', 'ament_prefix_path')
[0.228s] INFO:colcon.colcon_core.plugin_system:Skipping extension 'colcon_core.shell.bat': Not used on non-Windows systems
[0.228s] INFO:colcon.colcon_core.shell:Creating environment hook '/home/vm/training/ros2_ws/src/install/custom_msg_subscriber/share/custom_msg_subscriber/hook/ament_prefix_path.ps1'
[0.229s] INFO:colcon.colcon_core.shell:Creating environment descriptor '/home/vm/training/ros2_ws/src/install/custom_msg_subscriber/share/custom_msg_subscriber/hook/ament_prefix_path.dsv'
[0.229s] INFO:colcon.colcon_core.shell:Creating environment hook '/home/vm/training/ros2_ws/src/install/custom_msg_subscriber/share/custom_msg_subscriber/hook/ament_prefix_path.sh'
[0.230s] INFO:colcon.colcon_core.shell:Skip shell extension 'powershell' for command environment: Not usable outside of PowerShell
[0.230s] DEBUG:colcon.colcon_core.shell:Skip shell extension 'dsv' for command environment
[0.406s] INFO:colcon.colcon_core.task.python.build:Building Python package in '/home/vm/training/ros2_ws/src/custom_msg_subscriber'
[0.406s] INFO:colcon.colcon_core.shell:Skip shell extension 'powershell' for command environment: Not usable outside of PowerShell
[0.407s] DEBUG:colcon.colcon_core.shell:Skip shell extension 'dsv' for command environment
[0.628s] DEBUG:colcon.colcon_core.event_handler.log_command:Invoking command in '/home/vm/training/ros2_ws/src/custom_msg_subscriber': PYTHONPATH=/home/vm/training/ros2_ws/src/build/custom_msg_subscriber/prefix_override:/usr/lib/python3/dist-packages/colcon_core/task/python/colcon_distutils_commands:/home/vm/training/ros2_ws/src/install/custom_msg_subscriber/lib/python3.10/site-packages:${PYTHONPATH} /usr/bin/python3 -W ignore:setup.py install is deprecated -W ignore:easy_install command is deprecated setup.py egg_info --egg-base ../build/custom_msg_subscriber build --build-base /home/vm/training/ros2_ws/src/build/custom_msg_subscriber/build install --record /home/vm/training/ros2_ws/src/build/custom_msg_subscriber/install.log --single-version-externally-managed install_data
[0.814s] DEBUG:colcon.colcon_core.event_handler.log_command:Invoked command in '/home/vm/training/ros2_ws/src/custom_msg_subscriber' returned '0': PYTHONPATH=/home/vm/training/ros2_ws/src/build/custom_msg_subscriber/prefix_override:/usr/lib/python3/dist-packages/colcon_core/task/python/colcon_distutils_commands:/home/vm/training/ros2_ws/src/install/custom_msg_subscriber/lib/python3.10/site-packages:${PYTHONPATH} /usr/bin/python3 -W ignore:setup.py install is deprecated -W ignore:easy_install command is deprecated setup.py egg_info --egg-base ../build/custom_msg_subscriber build --build-base /home/vm/training/ros2_ws/src/build/custom_msg_subscriber/build install --record /home/vm/training/ros2_ws/src/build/custom_msg_subscriber/install.log --single-version-externally-managed install_data
[0.816s] Level 1:colcon.colcon_core.environment:checking '/home/vm/training/ros2_ws/src/install/custom_msg_subscriber' for CMake module files
[0.817s] Level 1:colcon.colcon_core.environment:checking '/home/vm/training/ros2_ws/src/install/custom_msg_subscriber' for CMake config files
[0.817s] Level 1:colcon.colcon_core.environment:checking '/home/vm/training/ros2_ws/src/install/custom_msg_subscriber/lib'
[0.817s] Level 1:colcon.colcon_core.environment:checking '/home/vm/training/ros2_ws/src/install/custom_msg_subscriber/bin'
[0.817s] Level 1:colcon.colcon_core.environment:checking '/home/vm/training/ros2_ws/src/install/custom_msg_subscriber/lib/pkgconfig/custom_msg_subscriber.pc'
[0.817s] Level 1:colcon.colcon_core.environment:checking '/home/vm/training/ros2_ws/src/install/custom_msg_subscriber/lib/python3.10/site-packages'
[0.818s] Level 1:colcon.colcon_core.shell:create_environment_hook('custom_msg_subscriber', 'pythonpath')
[0.818s] INFO:colcon.colcon_core.shell:Creating environment hook '/home/vm/training/ros2_ws/src/install/custom_msg_subscriber/share/custom_msg_subscriber/hook/pythonpath.ps1'
[0.818s] INFO:colcon.colcon_core.shell:Creating environment descriptor '/home/vm/training/ros2_ws/src/install/custom_msg_subscriber/share/custom_msg_subscriber/hook/pythonpath.dsv'
[0.818s] INFO:colcon.colcon_core.shell:Creating environment hook '/home/vm/training/ros2_ws/src/install/custom_msg_subscriber/share/custom_msg_subscriber/hook/pythonpath.sh'
[0.819s] Level 1:colcon.colcon_core.environment:checking '/home/vm/training/ros2_ws/src/install/custom_msg_subscriber/bin'
[0.819s] Level 1:colcon.colcon_core.environment:create_environment_scripts_only(custom_msg_subscriber)
[0.819s] INFO:colcon.colcon_core.shell:Creating package script '/home/vm/training/ros2_ws/src/install/custom_msg_subscriber/share/custom_msg_subscriber/package.ps1'
[0.819s] INFO:colcon.colcon_core.shell:Creating package descriptor '/home/vm/training/ros2_ws/src/install/custom_msg_subscriber/share/custom_msg_subscriber/package.dsv'
[0.820s] INFO:colcon.colcon_core.shell:Creating package script '/home/vm/training/ros2_ws/src/install/custom_msg_subscriber/share/custom_msg_subscriber/package.sh'
[0.820s] INFO:colcon.colcon_core.shell:Creating package script '/home/vm/training/ros2_ws/src/install/custom_msg_subscriber/share/custom_msg_subscriber/package.bash'
[0.820s] INFO:colcon.colcon_core.shell:Creating package script '/home/vm/training/ros2_ws/src/install/custom_msg_subscriber/share/custom_msg_subscriber/package.zsh'
[0.821s] Level 1:colcon.colcon_core.environment:create_file_with_runtime_dependencies(/home/vm/training/ros2_ws/src/install/custom_msg_subscriber/share/colcon-core/packages/custom_msg_subscriber)
[0.821s] DEBUG:colcon.colcon_parallel_executor.executor.parallel:closing loop
[0.821s] DEBUG:colcon.colcon_parallel_executor.executor.parallel:loop closed
[0.821s] DEBUG:colcon.colcon_parallel_executor.executor.parallel:run_until_complete finished with '0'
[0.821s] DEBUG:colcon.colcon_core.event_reactor:joining thread
[0.825s] INFO:colcon.colcon_core.plugin_system:Skipping extension 'colcon_notification.desktop_notification.terminal_notifier': Not used on non-Darwin systems
[0.825s] INFO:colcon.colcon_core.plugin_system:Skipping extension 'colcon_notification.desktop_notification.win32': Not used on non-Windows systems
[0.825s] INFO:colcon.colcon_notification.desktop_notification:Sending desktop notification using 'notify2'
[0.837s] DEBUG:colcon.colcon_core.event_reactor:joined thread
[0.837s] INFO:colcon.colcon_core.shell:Creating prefix script '/home/vm/training/ros2_ws/src/install/local_setup.ps1'
[0.838s] INFO:colcon.colcon_core.shell:Creating prefix util module '/home/vm/training/ros2_ws/src/install/_local_setup_util_ps1.py'
[0.839s] INFO:colcon.colcon_core.shell:Creating prefix chain script '/home/vm/training/ros2_ws/src/install/setup.ps1'
[0.839s] INFO:colcon.colcon_core.shell:Creating prefix script '/home/vm/training/ros2_ws/src/install/local_setup.sh'
[0.840s] INFO:colcon.colcon_core.shell:Creating prefix util module '/home/vm/training/ros2_ws/src/install/_local_setup_util_sh.py'
[0.840s] INFO:colcon.colcon_core.shell:Creating prefix chain script '/home/vm/training/ros2_ws/src/install/setup.sh'
[0.841s] INFO:colcon.colcon_core.shell:Creating prefix script '/home/vm/training/ros2_ws/src/install/local_setup.bash'
[0.841s] INFO:colcon.colcon_core.shell:Creating prefix chain script '/home/vm/training/ros2_ws/src/install/setup.bash'
[0.842s] INFO:colcon.colcon_core.shell:Creating prefix script '/home/vm/training/ros2_ws/src/install/local_setup.zsh'
[0.842s] INFO:colcon.colcon_core.shell:Creating prefix chain script '/home/vm/training/ros2_ws/src/install/setup.zsh'
