[0.194s] Invoking command in '/home/vm/training/ros2_ws/build/perception_msgs': CMAKE_PREFIX_PATH=${CMAKE_PREFIX_PATH}:/home/vm/training/ros2_ws/install/teleop_keyboard:/home/vm/training/ros2_ws/install/pingpong_pkg:/home/vm/training/ros2_ws/install/object_spawner:/home/vm/training/ros2_ws/install/image_viewer:/home/vm/training/ros2_ws/install/final_assessment:/home/vm/training/ros2_ws/install/custom_msg_subscriber:/home/vm/training/ros2_ws/install/custom_msg_publisher:/home/vm/training/ros2_ws/install/camera_service:/opt/ros/humble /usr/bin/cmake --build /home/vm/training/ros2_ws/build/perception_msgs -- -j4 -l4
[0.448s] [  3%] Built target perception_msgs__cpp
[0.448s] [  6%] Built target perception_msgs__rs
[0.448s] [ 15%] Built target perception_msgs__rosidl_generator_c
[0.448s] [ 15%] Built target ament_cmake_python_copy_perception_msgs
[0.448s] [ 25%] Built target perception_msgs__rosidl_typesupport_fastrtps_cpp
[0.448s] [ 34%] Built target perception_msgs__rosidl_typesupport_cpp
[0.448s] [ 43%] Built target perception_msgs__rosidl_typesupport_introspection_cpp
[0.448s] [ 53%] Built target perception_msgs__rosidl_typesupport_fastrtps_c
[0.449s] [ 62%] Built target perception_msgs__rosidl_typesupport_introspection_c
[0.449s] [ 71%] Built target perception_msgs__rosidl_typesupport_c
[0.449s] [ 71%] Built target perception_msgs
[0.449s] [ 75%] Built target perception_msgs__py
[0.449s] [ 81%] Built target perception_msgs__rosidl_generator_py
[0.450s] [ 87%] Built target perception_msgs__rosidl_typesupport_introspection_c__pyext
[0.450s] [ 93%] Built target perception_msgs__rosidl_typesupport_fastrtps_c__pyext
[0.450s] [100%] Built target perception_msgs__rosidl_typesupport_c__pyext
[0.527s] running egg_info
[0.528s] writing perception_msgs.egg-info/PKG-INFO
[0.528s] writing dependency_links to perception_msgs.egg-info/dependency_links.txt
[0.529s] writing top-level names to perception_msgs.egg-info/top_level.txt
[0.529s] reading manifest file 'perception_msgs.egg-info/SOURCES.txt'
[0.529s] writing manifest file 'perception_msgs.egg-info/SOURCES.txt'
[0.544s] [100%] Built target ament_cmake_python_build_perception_msgs_egg
[0.560s] Invoked command in '/home/vm/training/ros2_ws/build/perception_msgs' returned '0': CMAKE_PREFIX_PATH=${CMAKE_PREFIX_PATH}:/home/vm/training/ros2_ws/install/teleop_keyboard:/home/vm/training/ros2_ws/install/pingpong_pkg:/home/vm/training/ros2_ws/install/object_spawner:/home/vm/training/ros2_ws/install/image_viewer:/home/vm/training/ros2_ws/install/final_assessment:/home/vm/training/ros2_ws/install/custom_msg_subscriber:/home/vm/training/ros2_ws/install/custom_msg_publisher:/home/vm/training/ros2_ws/install/camera_service:/opt/ros/humble /usr/bin/cmake --build /home/vm/training/ros2_ws/build/perception_msgs -- -j4 -l4
[0.565s] Invoking command in '/home/vm/training/ros2_ws/build/perception_msgs': CMAKE_PREFIX_PATH=${CMAKE_PREFIX_PATH}:/home/vm/training/ros2_ws/install/teleop_keyboard:/home/vm/training/ros2_ws/install/pingpong_pkg:/home/vm/training/ros2_ws/install/object_spawner:/home/vm/training/ros2_ws/install/image_viewer:/home/vm/training/ros2_ws/install/final_assessment:/home/vm/training/ros2_ws/install/custom_msg_subscriber:/home/vm/training/ros2_ws/install/custom_msg_publisher:/home/vm/training/ros2_ws/install/camera_service:/opt/ros/humble /usr/bin/cmake --install /home/vm/training/ros2_ws/build/perception_msgs
[0.574s] -- Install configuration: ""
[0.574s] -- Up-to-date: /home/vm/training/ros2_ws/install/perception_msgs/share/ament_index/resource_index/rosidl_interfaces/perception_msgs
[0.574s] -- Up-to-date: /home/vm/training/ros2_ws/install/perception_msgs/include/perception_msgs/perception_msgs
[0.575s] -- Up-to-date: /home/vm/training/ros2_ws/install/perception_msgs/include/perception_msgs/perception_msgs/msg
[0.575s] -- Up-to-date: /home/vm/training/ros2_ws/install/perception_msgs/include/perception_msgs/perception_msgs/msg/rosidl_generator_c__visibility_control.h
[0.575s] -- Up-to-date: /home/vm/training/ros2_ws/install/perception_msgs/include/perception_msgs/perception_msgs/srv
[0.577s] -- Up-to-date: /home/vm/training/ros2_ws/install/perception_msgs/include/perception_msgs/perception_msgs/srv/detail
[0.577s] -- Up-to-date: /home/vm/training/ros2_ws/install/perception_msgs/include/perception_msgs/perception_msgs/srv/detail/get_object_location__type_support.h
[0.577s] -- Up-to-date: /home/vm/training/ros2_ws/install/perception_msgs/include/perception_msgs/perception_msgs/srv/detail/get_object_location__struct.h
[0.577s] -- Up-to-date: /home/vm/training/ros2_ws/install/perception_msgs/include/perception_msgs/perception_msgs/srv/detail/get_object_location__functions.h
[0.577s] -- Up-to-date: /home/vm/training/ros2_ws/install/perception_msgs/include/perception_msgs/perception_msgs/srv/detail/get_object_location__functions.c
[0.577s] -- Up-to-date: /home/vm/training/ros2_ws/install/perception_msgs/include/perception_msgs/perception_msgs/srv/get_object_location.h
[0.577s] -- Up-to-date: /home/vm/training/ros2_ws/install/perception_msgs/share/perception_msgs/environment/library_path.sh
[0.577s] -- Up-to-date: /home/vm/training/ros2_ws/install/perception_msgs/share/perception_msgs/environment/library_path.dsv
[0.578s] -- Up-to-date: /home/vm/training/ros2_ws/install/perception_msgs/lib/libperception_msgs__rosidl_generator_c.so
[0.578s] -- Up-to-date: /home/vm/training/ros2_ws/install/perception_msgs/include/perception_msgs/perception_msgs
[0.578s] -- Up-to-date: /home/vm/training/ros2_ws/install/perception_msgs/include/perception_msgs/perception_msgs/msg
[0.578s] -- Up-to-date: /home/vm/training/ros2_ws/install/perception_msgs/include/perception_msgs/perception_msgs/msg/rosidl_typesupport_fastrtps_c__visibility_control.h
[0.578s] -- Up-to-date: /home/vm/training/ros2_ws/install/perception_msgs/include/perception_msgs/perception_msgs/srv
[0.578s] -- Up-to-date: /home/vm/training/ros2_ws/install/perception_msgs/include/perception_msgs/perception_msgs/srv/detail
[0.578s] -- Up-to-date: /home/vm/training/ros2_ws/install/perception_msgs/include/perception_msgs/perception_msgs/srv/detail/get_object_location__rosidl_typesupport_fastrtps_c.h
[0.578s] -- Up-to-date: /home/vm/training/ros2_ws/install/perception_msgs/lib/libperception_msgs__rosidl_typesupport_fastrtps_c.so
[0.579s] -- Up-to-date: /home/vm/training/ros2_ws/install/perception_msgs/include/perception_msgs/perception_msgs
[0.579s] -- Up-to-date: /home/vm/training/ros2_ws/install/perception_msgs/include/perception_msgs/perception_msgs/msg
[0.579s] -- Up-to-date: /home/vm/training/ros2_ws/install/perception_msgs/include/perception_msgs/perception_msgs/msg/rosidl_generator_cpp__visibility_control.hpp
[0.579s] -- Up-to-date: /home/vm/training/ros2_ws/install/perception_msgs/include/perception_msgs/perception_msgs/srv
[0.580s] -- Up-to-date: /home/vm/training/ros2_ws/install/perception_msgs/include/perception_msgs/perception_msgs/srv/detail
[0.580s] -- Up-to-date: /home/vm/training/ros2_ws/install/perception_msgs/include/perception_msgs/perception_msgs/srv/detail/get_object_location__type_support.hpp
[0.580s] -- Up-to-date: /home/vm/training/ros2_ws/install/perception_msgs/include/perception_msgs/perception_msgs/srv/detail/get_object_location__builder.hpp
[0.580s] -- Up-to-date: /home/vm/training/ros2_ws/install/perception_msgs/include/perception_msgs/perception_msgs/srv/detail/get_object_location__struct.hpp
[0.580s] -- Up-to-date: /home/vm/training/ros2_ws/install/perception_msgs/include/perception_msgs/perception_msgs/srv/detail/get_object_location__traits.hpp
[0.583s] -- Up-to-date: /home/vm/training/ros2_ws/install/perception_msgs/include/perception_msgs/perception_msgs/srv/get_object_location.hpp
[0.583s] -- Up-to-date: /home/vm/training/ros2_ws/install/perception_msgs/include/perception_msgs/perception_msgs
[0.583s] -- Up-to-date: /home/vm/training/ros2_ws/install/perception_msgs/include/perception_msgs/perception_msgs/msg
[0.583s] -- Up-to-date: /home/vm/training/ros2_ws/install/perception_msgs/include/perception_msgs/perception_msgs/msg/rosidl_typesupport_fastrtps_cpp__visibility_control.h
[0.583s] -- Up-to-date: /home/vm/training/ros2_ws/install/perception_msgs/include/perception_msgs/perception_msgs/srv
[0.584s] -- Up-to-date: /home/vm/training/ros2_ws/install/perception_msgs/include/perception_msgs/perception_msgs/srv/detail
[0.584s] -- Up-to-date: /home/vm/training/ros2_ws/install/perception_msgs/include/perception_msgs/perception_msgs/srv/detail/get_object_location__rosidl_typesupport_fastrtps_cpp.hpp
[0.584s] -- Up-to-date: /home/vm/training/ros2_ws/install/perception_msgs/include/perception_msgs/perception_msgs/srv/detail/dds_fastrtps
[0.584s] -- Up-to-date: /home/vm/training/ros2_ws/install/perception_msgs/lib/libperception_msgs__rosidl_typesupport_fastrtps_cpp.so
[0.584s] -- Up-to-date: /home/vm/training/ros2_ws/install/perception_msgs/include/perception_msgs/perception_msgs
[0.584s] -- Up-to-date: /home/vm/training/ros2_ws/install/perception_msgs/include/perception_msgs/perception_msgs/msg
[0.584s] -- Up-to-date: /home/vm/training/ros2_ws/install/perception_msgs/include/perception_msgs/perception_msgs/msg/rosidl_typesupport_introspection_c__visibility_control.h
[0.584s] -- Up-to-date: /home/vm/training/ros2_ws/install/perception_msgs/include/perception_msgs/perception_msgs/srv
[0.584s] -- Up-to-date: /home/vm/training/ros2_ws/install/perception_msgs/include/perception_msgs/perception_msgs/srv/detail
[0.585s] -- Up-to-date: /home/vm/training/ros2_ws/install/perception_msgs/include/perception_msgs/perception_msgs/srv/detail/get_object_location__rosidl_typesupport_introspection_c.h
[0.585s] -- Up-to-date: /home/vm/training/ros2_ws/install/perception_msgs/include/perception_msgs/perception_msgs/srv/detail/get_object_location__type_support.c
[0.585s] -- Up-to-date: /home/vm/training/ros2_ws/install/perception_msgs/lib/libperception_msgs__rosidl_typesupport_introspection_c.so
[0.585s] -- Up-to-date: /home/vm/training/ros2_ws/install/perception_msgs/lib/libperception_msgs__rosidl_typesupport_c.so
[0.585s] -- Up-to-date: /home/vm/training/ros2_ws/install/perception_msgs/include/perception_msgs/perception_msgs
[0.585s] -- Up-to-date: /home/vm/training/ros2_ws/install/perception_msgs/include/perception_msgs/perception_msgs/srv
[0.585s] -- Up-to-date: /home/vm/training/ros2_ws/install/perception_msgs/include/perception_msgs/perception_msgs/srv/detail
[0.585s] -- Up-to-date: /home/vm/training/ros2_ws/install/perception_msgs/include/perception_msgs/perception_msgs/srv/detail/get_object_location__type_support.cpp
[0.585s] -- Up-to-date: /home/vm/training/ros2_ws/install/perception_msgs/include/perception_msgs/perception_msgs/srv/detail/get_object_location__rosidl_typesupport_introspection_cpp.hpp
[0.585s] -- Up-to-date: /home/vm/training/ros2_ws/install/perception_msgs/lib/libperception_msgs__rosidl_typesupport_introspection_cpp.so
[0.586s] -- Up-to-date: /home/vm/training/ros2_ws/install/perception_msgs/lib/libperception_msgs__rosidl_typesupport_cpp.so
[0.586s] -- Up-to-date: /home/vm/training/ros2_ws/install/perception_msgs/share/perception_msgs/environment/pythonpath.sh
[0.586s] -- Up-to-date: /home/vm/training/ros2_ws/install/perception_msgs/share/perception_msgs/environment/pythonpath.dsv
[0.586s] -- Up-to-date: /home/vm/training/ros2_ws/install/perception_msgs/local/lib/python3.10/dist-packages/perception_msgs-0.0.0-py3.10.egg-info
[0.586s] -- Installing: /home/vm/training/ros2_ws/install/perception_msgs/local/lib/python3.10/dist-packages/perception_msgs-0.0.0-py3.10.egg-info/dependency_links.txt
[0.586s] -- Installing: /home/vm/training/ros2_ws/install/perception_msgs/local/lib/python3.10/dist-packages/perception_msgs-0.0.0-py3.10.egg-info/top_level.txt
[0.586s] -- Installing: /home/vm/training/ros2_ws/install/perception_msgs/local/lib/python3.10/dist-packages/perception_msgs-0.0.0-py3.10.egg-info/SOURCES.txt
[0.586s] -- Installing: /home/vm/training/ros2_ws/install/perception_msgs/local/lib/python3.10/dist-packages/perception_msgs-0.0.0-py3.10.egg-info/PKG-INFO
[0.586s] -- Up-to-date: /home/vm/training/ros2_ws/install/perception_msgs/local/lib/python3.10/dist-packages/perception_msgs
[0.587s] -- Up-to-date: /home/vm/training/ros2_ws/install/perception_msgs/local/lib/python3.10/dist-packages/perception_msgs/_perception_msgs_s.ep.rosidl_typesupport_introspection_c.c
[0.587s] -- Up-to-date: /home/vm/training/ros2_ws/install/perception_msgs/local/lib/python3.10/dist-packages/perception_msgs/__init__.py
[0.587s] -- Up-to-date: /home/vm/training/ros2_ws/install/perception_msgs/local/lib/python3.10/dist-packages/perception_msgs/_perception_msgs_s.ep.rosidl_typesupport_c.c
[0.587s] -- Up-to-date: /home/vm/training/ros2_ws/install/perception_msgs/local/lib/python3.10/dist-packages/perception_msgs/perception_msgs_s__rosidl_typesupport_introspection_c.cpython-310-x86_64-linux-gnu.so
[0.587s] -- Up-to-date: /home/vm/training/ros2_ws/install/perception_msgs/local/lib/python3.10/dist-packages/perception_msgs/srv
[0.587s] -- Up-to-date: /home/vm/training/ros2_ws/install/perception_msgs/local/lib/python3.10/dist-packages/perception_msgs/srv/__init__.py
[0.587s] -- Up-to-date: /home/vm/training/ros2_ws/install/perception_msgs/local/lib/python3.10/dist-packages/perception_msgs/srv/_get_object_location_s.c
[0.587s] -- Up-to-date: /home/vm/training/ros2_ws/install/perception_msgs/local/lib/python3.10/dist-packages/perception_msgs/srv/_get_object_location.py
[0.587s] -- Up-to-date: /home/vm/training/ros2_ws/install/perception_msgs/local/lib/python3.10/dist-packages/perception_msgs/perception_msgs_s__rosidl_typesupport_c.cpython-310-x86_64-linux-gnu.so
[0.587s] -- Up-to-date: /home/vm/training/ros2_ws/install/perception_msgs/local/lib/python3.10/dist-packages/perception_msgs/libperception_msgs__rosidl_generator_py.so
[0.587s] -- Up-to-date: /home/vm/training/ros2_ws/install/perception_msgs/local/lib/python3.10/dist-packages/perception_msgs/perception_msgs_s__rosidl_typesupport_fastrtps_c.cpython-310-x86_64-linux-gnu.so
[0.588s] -- Up-to-date: /home/vm/training/ros2_ws/install/perception_msgs/local/lib/python3.10/dist-packages/perception_msgs/_perception_msgs_s.ep.rosidl_typesupport_fastrtps_c.c
[0.603s] Listing '/home/vm/training/ros2_ws/install/perception_msgs/local/lib/python3.10/dist-packages/perception_msgs'...
[0.604s] Listing '/home/vm/training/ros2_ws/install/perception_msgs/local/lib/python3.10/dist-packages/perception_msgs/srv'...
[0.606s] -- Up-to-date: /home/vm/training/ros2_ws/install/perception_msgs/local/lib/python3.10/dist-packages/perception_msgs/perception_msgs_s__rosidl_typesupport_fastrtps_c.cpython-310-x86_64-linux-gnu.so
[0.607s] -- Up-to-date: /home/vm/training/ros2_ws/install/perception_msgs/local/lib/python3.10/dist-packages/perception_msgs/perception_msgs_s__rosidl_typesupport_introspection_c.cpython-310-x86_64-linux-gnu.so
[0.607s] -- Up-to-date: /home/vm/training/ros2_ws/install/perception_msgs/local/lib/python3.10/dist-packages/perception_msgs/perception_msgs_s__rosidl_typesupport_c.cpython-310-x86_64-linux-gnu.so
[0.607s] -- Up-to-date: /home/vm/training/ros2_ws/install/perception_msgs/lib/libperception_msgs__rosidl_generator_py.so
[0.608s] -- Up-to-date: /home/vm/training/ros2_ws/install/perception_msgs/share/ament_index/resource_index/rust_packages/perception_msgs
[0.610s] -- Up-to-date: /home/vm/training/ros2_ws/install/perception_msgs/share/perception_msgs/rust
[0.610s] -- Up-to-date: /home/vm/training/ros2_ws/install/perception_msgs/share/perception_msgs/rust/Cargo.toml
[0.611s] -- Up-to-date: /home/vm/training/ros2_ws/install/perception_msgs/share/perception_msgs/rust/src
[0.611s] -- Up-to-date: /home/vm/training/ros2_ws/install/perception_msgs/share/perception_msgs/rust/src/lib.rs
[0.611s] -- Up-to-date: /home/vm/training/ros2_ws/install/perception_msgs/share/perception_msgs/rust/src/srv
[0.611s] -- Up-to-date: /home/vm/training/ros2_ws/install/perception_msgs/share/perception_msgs/rust/src/srv/rmw.rs
[0.612s] -- Up-to-date: /home/vm/training/ros2_ws/install/perception_msgs/share/perception_msgs/rust/src/srv.rs
[0.613s] -- Up-to-date: /home/vm/training/ros2_ws/install/perception_msgs/share/perception_msgs/rust/build.rs
[0.614s] -- Up-to-date: /home/vm/training/ros2_ws/install/perception_msgs/share/perception_msgs/srv/GetObjectLocation.idl
[0.614s] -- Up-to-date: /home/vm/training/ros2_ws/install/perception_msgs/share/perception_msgs/srv/GetObjectLocation.srv
[0.614s] -- Up-to-date: /home/vm/training/ros2_ws/install/perception_msgs/share/perception_msgs/srv/GetObjectLocation_Request.msg
[0.615s] -- Up-to-date: /home/vm/training/ros2_ws/install/perception_msgs/share/perception_msgs/srv/GetObjectLocation_Response.msg
[0.615s] -- Up-to-date: /home/vm/training/ros2_ws/install/perception_msgs/share/ament_index/resource_index/package_run_dependencies/perception_msgs
[0.615s] -- Up-to-date: /home/vm/training/ros2_ws/install/perception_msgs/share/ament_index/resource_index/parent_prefix_path/perception_msgs
[0.615s] -- Up-to-date: /home/vm/training/ros2_ws/install/perception_msgs/share/perception_msgs/environment/ament_prefix_path.sh
[0.615s] -- Up-to-date: /home/vm/training/ros2_ws/install/perception_msgs/share/perception_msgs/environment/ament_prefix_path.dsv
[0.615s] -- Up-to-date: /home/vm/training/ros2_ws/install/perception_msgs/share/perception_msgs/environment/path.sh
[0.615s] -- Up-to-date: /home/vm/training/ros2_ws/install/perception_msgs/share/perception_msgs/environment/path.dsv
[0.615s] -- Up-to-date: /home/vm/training/ros2_ws/install/perception_msgs/share/perception_msgs/local_setup.bash
[0.615s] -- Up-to-date: /home/vm/training/ros2_ws/install/perception_msgs/share/perception_msgs/local_setup.sh
[0.615s] -- Up-to-date: /home/vm/training/ros2_ws/install/perception_msgs/share/perception_msgs/local_setup.zsh
[0.615s] -- Up-to-date: /home/vm/training/ros2_ws/install/perception_msgs/share/perception_msgs/local_setup.dsv
[0.615s] -- Installing: /home/vm/training/ros2_ws/install/perception_msgs/share/perception_msgs/package.dsv
[0.615s] -- Up-to-date: /home/vm/training/ros2_ws/install/perception_msgs/share/ament_index/resource_index/packages/perception_msgs
[0.615s] -- Up-to-date: /home/vm/training/ros2_ws/install/perception_msgs/share/perception_msgs/cmake/export_perception_msgs__rosidl_generator_cExport.cmake
[0.615s] -- Up-to-date: /home/vm/training/ros2_ws/install/perception_msgs/share/perception_msgs/cmake/export_perception_msgs__rosidl_generator_cExport-noconfig.cmake
[0.615s] -- Up-to-date: /home/vm/training/ros2_ws/install/perception_msgs/share/perception_msgs/cmake/export_perception_msgs__rosidl_typesupport_fastrtps_cExport.cmake
[0.615s] -- Up-to-date: /home/vm/training/ros2_ws/install/perception_msgs/share/perception_msgs/cmake/export_perception_msgs__rosidl_typesupport_fastrtps_cExport-noconfig.cmake
[0.616s] -- Up-to-date: /home/vm/training/ros2_ws/install/perception_msgs/share/perception_msgs/cmake/export_perception_msgs__rosidl_generator_cppExport.cmake
[0.616s] -- Up-to-date: /home/vm/training/ros2_ws/install/perception_msgs/share/perception_msgs/cmake/export_perception_msgs__rosidl_typesupport_fastrtps_cppExport.cmake
[0.616s] -- Up-to-date: /home/vm/training/ros2_ws/install/perception_msgs/share/perception_msgs/cmake/export_perception_msgs__rosidl_typesupport_fastrtps_cppExport-noconfig.cmake
[0.616s] -- Up-to-date: /home/vm/training/ros2_ws/install/perception_msgs/share/perception_msgs/cmake/perception_msgs__rosidl_typesupport_introspection_cExport.cmake
[0.616s] -- Up-to-date: /home/vm/training/ros2_ws/install/perception_msgs/share/perception_msgs/cmake/perception_msgs__rosidl_typesupport_introspection_cExport-noconfig.cmake
[0.616s] -- Up-to-date: /home/vm/training/ros2_ws/install/perception_msgs/share/perception_msgs/cmake/perception_msgs__rosidl_typesupport_cExport.cmake
[0.616s] -- Up-to-date: /home/vm/training/ros2_ws/install/perception_msgs/share/perception_msgs/cmake/perception_msgs__rosidl_typesupport_cExport-noconfig.cmake
[0.616s] -- Up-to-date: /home/vm/training/ros2_ws/install/perception_msgs/share/perception_msgs/cmake/perception_msgs__rosidl_typesupport_introspection_cppExport.cmake
[0.616s] -- Up-to-date: /home/vm/training/ros2_ws/install/perception_msgs/share/perception_msgs/cmake/perception_msgs__rosidl_typesupport_introspection_cppExport-noconfig.cmake
[0.616s] -- Up-to-date: /home/vm/training/ros2_ws/install/perception_msgs/share/perception_msgs/cmake/perception_msgs__rosidl_typesupport_cppExport.cmake
[0.616s] -- Up-to-date: /home/vm/training/ros2_ws/install/perception_msgs/share/perception_msgs/cmake/perception_msgs__rosidl_typesupport_cppExport-noconfig.cmake
[0.616s] -- Up-to-date: /home/vm/training/ros2_ws/install/perception_msgs/share/perception_msgs/cmake/export_perception_msgs__rosidl_generator_pyExport.cmake
[0.616s] -- Up-to-date: /home/vm/training/ros2_ws/install/perception_msgs/share/perception_msgs/cmake/export_perception_msgs__rosidl_generator_pyExport-noconfig.cmake
[0.616s] -- Up-to-date: /home/vm/training/ros2_ws/install/perception_msgs/share/perception_msgs/cmake/rosidl_cmake-extras.cmake
[0.616s] -- Up-to-date: /home/vm/training/ros2_ws/install/perception_msgs/share/perception_msgs/cmake/ament_cmake_export_dependencies-extras.cmake
[0.616s] -- Up-to-date: /home/vm/training/ros2_ws/install/perception_msgs/share/perception_msgs/cmake/ament_cmake_export_include_directories-extras.cmake
[0.616s] -- Up-to-date: /home/vm/training/ros2_ws/install/perception_msgs/share/perception_msgs/cmake/ament_cmake_export_libraries-extras.cmake
[0.616s] -- Up-to-date: /home/vm/training/ros2_ws/install/perception_msgs/share/perception_msgs/cmake/ament_cmake_export_targets-extras.cmake
[0.616s] -- Up-to-date: /home/vm/training/ros2_ws/install/perception_msgs/share/perception_msgs/cmake/rosidl_cmake_export_typesupport_targets-extras.cmake
[0.617s] -- Up-to-date: /home/vm/training/ros2_ws/install/perception_msgs/share/perception_msgs/cmake/rosidl_cmake_export_typesupport_libraries-extras.cmake
[0.617s] -- Up-to-date: /home/vm/training/ros2_ws/install/perception_msgs/share/perception_msgs/cmake/perception_msgsConfig.cmake
[0.617s] -- Up-to-date: /home/vm/training/ros2_ws/install/perception_msgs/share/perception_msgs/cmake/perception_msgsConfig-version.cmake
[0.617s] -- Up-to-date: /home/vm/training/ros2_ws/install/perception_msgs/share/perception_msgs/package.xml
[0.617s] Invoked command in '/home/vm/training/ros2_ws/build/perception_msgs' returned '0': CMAKE_PREFIX_PATH=${CMAKE_PREFIX_PATH}:/home/vm/training/ros2_ws/install/teleop_keyboard:/home/vm/training/ros2_ws/install/pingpong_pkg:/home/vm/training/ros2_ws/install/object_spawner:/home/vm/training/ros2_ws/install/image_viewer:/home/vm/training/ros2_ws/install/final_assessment:/home/vm/training/ros2_ws/install/custom_msg_subscriber:/home/vm/training/ros2_ws/install/custom_msg_publisher:/home/vm/training/ros2_ws/install/camera_service:/opt/ros/humble /usr/bin/cmake --install /home/vm/training/ros2_ws/build/perception_msgs
