[0.353s] DEBUG:colcon:Command line arguments: ['/usr/bin/colcon', 'build', '--packages-select', 'object_spawner/']
[0.354s] DEBUG:colcon:Parsed command line arguments: Namespace(log_base=None, log_level=None, verb_name='build', build_base='build', install_base='install', merge_install=False, symlink_install=False, test_result_base=None, continue_on_error=False, executor='parallel', parallel_workers=4, event_handlers=None, ignore_user_meta=False, metas=['./colcon.meta'], base_paths=['.'], packages_ignore=None, packages_ignore_regex=None, paths=None, packages_up_to=None, packages_up_to_regex=None, packages_above=None, packages_above_and_dependencies=None, packages_above_depth=None, packages_select_by_dep=None, packages_skip_by_dep=None, packages_skip_up_to=None, packages_select_build_failed=False, packages_skip_build_finished=False, packages_select_test_failures=False, packages_skip_test_passed=False, packages_select=['object_spawner/'], packages_skip=None, packages_select_regex=None, packages_skip_regex=None, packages_start=None, packages_end=None, allow_overriding=[], cmake_args=None, cmake_target=None, cmake_target_skip_unavailable=False, cmake_clean_cache=False, cmake_clean_first=False, cmake_force_configure=False, ament_cmake_args=None, catkin_cmake_args=None, catkin_skip_building_tests=False, verb_parser=<colcon_defaults.argument_parser.defaults.DefaultArgumentsDecorator object at 0x775eddb6c0d0>, verb_extension=<colcon_core.verb.build.BuildVerb object at 0x775eddb33b50>, main=<bound method BuildVerb.main of <colcon_core.verb.build.BuildVerb object at 0x775eddb33b50>>)
[0.750s] Level 1:colcon.colcon_core.package_discovery:discover_packages(colcon_meta) check parameters
[0.751s] Level 1:colcon.colcon_core.package_discovery:discover_packages(recursive) check parameters
[0.751s] Level 1:colcon.colcon_core.package_discovery:discover_packages(ignore) check parameters
[0.751s] Level 1:colcon.colcon_core.package_discovery:discover_packages(path) check parameters
[0.751s] Level 1:colcon.colcon_core.package_discovery:discover_packages(colcon_meta) discover
[0.751s] Level 1:colcon.colcon_core.package_discovery:discover_packages(recursive) discover
[0.751s] INFO:colcon.colcon_core.package_discovery:Crawling recursively for packages in '/home/vm/training/ros2_ws/src'
[0.751s] Level 1:colcon.colcon_core.package_identification:_identify(.) by extensions ['ignore', 'ignore_ament_install']
[0.751s] Level 1:colcon.colcon_core.package_identification:_identify(.) by extension 'ignore'
[0.752s] Level 1:colcon.colcon_core.package_identification:_identify(.) by extension 'ignore_ament_install'
[0.752s] Level 1:colcon.colcon_core.package_identification:_identify(.) by extensions ['colcon_pkg']
[0.752s] Level 1:colcon.colcon_core.package_identification:_identify(.) by extension 'colcon_pkg'
[0.752s] Level 1:colcon.colcon_core.package_identification:_identify(.) by extensions ['colcon_meta']
[0.752s] Level 1:colcon.colcon_core.package_identification:_identify(.) by extension 'colcon_meta'
[0.752s] Level 1:colcon.colcon_core.package_identification:_identify(.) by extensions ['ros']
[0.752s] Level 1:colcon.colcon_core.package_identification:_identify(.) by extension 'ros'
[0.766s] Level 1:colcon.colcon_core.package_identification:_identify(.) by extensions ['cmake', 'python']
[0.766s] Level 1:colcon.colcon_core.package_identification:_identify(.) by extension 'cmake'
[0.766s] Level 1:colcon.colcon_core.package_identification:_identify(.) by extension 'python'
[0.766s] Level 1:colcon.colcon_core.package_identification:_identify(.) by extensions ['python_setup_py']
[0.766s] Level 1:colcon.colcon_core.package_identification:_identify(.) by extension 'python_setup_py'
[0.766s] Level 1:colcon.colcon_core.package_identification:_identify(build) by extensions ['ignore', 'ignore_ament_install']
[0.766s] Level 1:colcon.colcon_core.package_identification:_identify(build) by extension 'ignore'
[0.766s] Level 1:colcon.colcon_core.package_identification:_identify(build) ignored
[0.766s] Level 1:colcon.colcon_core.package_identification:_identify(camera_service) by extensions ['ignore', 'ignore_ament_install']
[0.766s] Level 1:colcon.colcon_core.package_identification:_identify(camera_service) by extension 'ignore'
[0.767s] Level 1:colcon.colcon_core.package_identification:_identify(camera_service) by extension 'ignore_ament_install'
[0.767s] Level 1:colcon.colcon_core.package_identification:_identify(camera_service) by extensions ['colcon_pkg']
[0.767s] Level 1:colcon.colcon_core.package_identification:_identify(camera_service) by extension 'colcon_pkg'
[0.767s] Level 1:colcon.colcon_core.package_identification:_identify(camera_service) by extensions ['colcon_meta']
[0.767s] Level 1:colcon.colcon_core.package_identification:_identify(camera_service) by extension 'colcon_meta'
[0.767s] Level 1:colcon.colcon_core.package_identification:_identify(camera_service) by extensions ['ros']
[0.767s] Level 1:colcon.colcon_core.package_identification:_identify(camera_service) by extension 'ros'
[0.771s] DEBUG:colcon.colcon_core.package_identification:Package 'camera_service' with type 'ros.ament_python' and name 'camera_service'
[0.771s] Level 1:colcon.colcon_core.package_identification:_identify(custom_msg_publisher) by extensions ['ignore', 'ignore_ament_install']
[0.772s] Level 1:colcon.colcon_core.package_identification:_identify(custom_msg_publisher) by extension 'ignore'
[0.772s] Level 1:colcon.colcon_core.package_identification:_identify(custom_msg_publisher) by extension 'ignore_ament_install'
[0.772s] Level 1:colcon.colcon_core.package_identification:_identify(custom_msg_publisher) by extensions ['colcon_pkg']
[0.772s] Level 1:colcon.colcon_core.package_identification:_identify(custom_msg_publisher) by extension 'colcon_pkg'
[0.772s] Level 1:colcon.colcon_core.package_identification:_identify(custom_msg_publisher) by extensions ['colcon_meta']
[0.772s] Level 1:colcon.colcon_core.package_identification:_identify(custom_msg_publisher) by extension 'colcon_meta'
[0.772s] Level 1:colcon.colcon_core.package_identification:_identify(custom_msg_publisher) by extensions ['ros']
[0.772s] Level 1:colcon.colcon_core.package_identification:_identify(custom_msg_publisher) by extension 'ros'
[0.773s] DEBUG:colcon.colcon_core.package_identification:Package 'custom_msg_publisher' with type 'ros.ament_python' and name 'custom_msg_publisher'
[0.773s] Level 1:colcon.colcon_core.package_identification:_identify(custom_msg_subscriber) by extensions ['ignore', 'ignore_ament_install']
[0.773s] Level 1:colcon.colcon_core.package_identification:_identify(custom_msg_subscriber) by extension 'ignore'
[0.773s] Level 1:colcon.colcon_core.package_identification:_identify(custom_msg_subscriber) by extension 'ignore_ament_install'
[0.773s] Level 1:colcon.colcon_core.package_identification:_identify(custom_msg_subscriber) by extensions ['colcon_pkg']
[0.773s] Level 1:colcon.colcon_core.package_identification:_identify(custom_msg_subscriber) by extension 'colcon_pkg'
[0.774s] Level 1:colcon.colcon_core.package_identification:_identify(custom_msg_subscriber) by extensions ['colcon_meta']
[0.774s] Level 1:colcon.colcon_core.package_identification:_identify(custom_msg_subscriber) by extension 'colcon_meta'
[0.774s] Level 1:colcon.colcon_core.package_identification:_identify(custom_msg_subscriber) by extensions ['ros']
[0.774s] Level 1:colcon.colcon_core.package_identification:_identify(custom_msg_subscriber) by extension 'ros'
[0.774s] DEBUG:colcon.colcon_core.package_identification:Package 'custom_msg_subscriber' with type 'ros.ament_python' and name 'custom_msg_subscriber'
[0.775s] Level 1:colcon.colcon_core.package_identification:_identify(image_viewer) by extensions ['ignore', 'ignore_ament_install']
[0.775s] Level 1:colcon.colcon_core.package_identification:_identify(image_viewer) by extension 'ignore'
[0.775s] Level 1:colcon.colcon_core.package_identification:_identify(image_viewer) by extension 'ignore_ament_install'
[0.775s] Level 1:colcon.colcon_core.package_identification:_identify(image_viewer) by extensions ['colcon_pkg']
[0.775s] Level 1:colcon.colcon_core.package_identification:_identify(image_viewer) by extension 'colcon_pkg'
[0.775s] Level 1:colcon.colcon_core.package_identification:_identify(image_viewer) by extensions ['colcon_meta']
[0.775s] Level 1:colcon.colcon_core.package_identification:_identify(image_viewer) by extension 'colcon_meta'
[0.775s] Level 1:colcon.colcon_core.package_identification:_identify(image_viewer) by extensions ['ros']
[0.775s] Level 1:colcon.colcon_core.package_identification:_identify(image_viewer) by extension 'ros'
[0.776s] DEBUG:colcon.colcon_core.package_identification:Package 'image_viewer' with type 'ros.ament_python' and name 'image_viewer'
[0.777s] Level 1:colcon.colcon_core.package_identification:_identify(install) by extensions ['ignore', 'ignore_ament_install']
[0.777s] Level 1:colcon.colcon_core.package_identification:_identify(install) by extension 'ignore'
[0.777s] Level 1:colcon.colcon_core.package_identification:_identify(install) ignored
[0.777s] Level 1:colcon.colcon_core.package_identification:_identify(log) by extensions ['ignore', 'ignore_ament_install']
[0.777s] Level 1:colcon.colcon_core.package_identification:_identify(log) by extension 'ignore'
[0.777s] Level 1:colcon.colcon_core.package_identification:_identify(log) ignored
[0.778s] Level 1:colcon.colcon_core.package_identification:_identify(object_spawner) by extensions ['ignore', 'ignore_ament_install']
[0.778s] Level 1:colcon.colcon_core.package_identification:_identify(object_spawner) by extension 'ignore'
[0.778s] Level 1:colcon.colcon_core.package_identification:_identify(object_spawner) by extension 'ignore_ament_install'
[0.778s] Level 1:colcon.colcon_core.package_identification:_identify(object_spawner) by extensions ['colcon_pkg']
[0.778s] Level 1:colcon.colcon_core.package_identification:_identify(object_spawner) by extension 'colcon_pkg'
[0.778s] Level 1:colcon.colcon_core.package_identification:_identify(object_spawner) by extensions ['colcon_meta']
[0.778s] Level 1:colcon.colcon_core.package_identification:_identify(object_spawner) by extension 'colcon_meta'
[0.778s] Level 1:colcon.colcon_core.package_identification:_identify(object_spawner) by extensions ['ros']
[0.778s] Level 1:colcon.colcon_core.package_identification:_identify(object_spawner) by extension 'ros'
[0.779s] DEBUG:colcon.colcon_core.package_identification:Package 'object_spawner' with type 'ros.ament_python' and name 'object_spawner'
[0.779s] Level 1:colcon.colcon_core.package_identification:_identify(perception_msgs) by extensions ['ignore', 'ignore_ament_install']
[0.779s] Level 1:colcon.colcon_core.package_identification:_identify(perception_msgs) by extension 'ignore'
[0.779s] Level 1:colcon.colcon_core.package_identification:_identify(perception_msgs) by extension 'ignore_ament_install'
[0.779s] Level 1:colcon.colcon_core.package_identification:_identify(perception_msgs) by extensions ['colcon_pkg']
[0.779s] Level 1:colcon.colcon_core.package_identification:_identify(perception_msgs) by extension 'colcon_pkg'
[0.780s] Level 1:colcon.colcon_core.package_identification:_identify(perception_msgs) by extensions ['colcon_meta']
[0.780s] Level 1:colcon.colcon_core.package_identification:_identify(perception_msgs) by extension 'colcon_meta'
[0.780s] Level 1:colcon.colcon_core.package_identification:_identify(perception_msgs) by extensions ['ros']
[0.780s] Level 1:colcon.colcon_core.package_identification:_identify(perception_msgs) by extension 'ros'
[0.781s] DEBUG:colcon.colcon_core.package_identification:Package 'perception_msgs' with type 'ros.ament_cmake' and name 'perception_msgs'
[0.781s] Level 1:colcon.colcon_core.package_identification:_identify(pingpong_pkg) by extensions ['ignore', 'ignore_ament_install']
[0.781s] Level 1:colcon.colcon_core.package_identification:_identify(pingpong_pkg) by extension 'ignore'
[0.781s] Level 1:colcon.colcon_core.package_identification:_identify(pingpong_pkg) by extension 'ignore_ament_install'
[0.781s] Level 1:colcon.colcon_core.package_identification:_identify(pingpong_pkg) by extensions ['colcon_pkg']
[0.781s] Level 1:colcon.colcon_core.package_identification:_identify(pingpong_pkg) by extension 'colcon_pkg'
[0.781s] Level 1:colcon.colcon_core.package_identification:_identify(pingpong_pkg) by extensions ['colcon_meta']
[0.781s] Level 1:colcon.colcon_core.package_identification:_identify(pingpong_pkg) by extension 'colcon_meta'
[0.781s] Level 1:colcon.colcon_core.package_identification:_identify(pingpong_pkg) by extensions ['ros']
[0.781s] Level 1:colcon.colcon_core.package_identification:_identify(pingpong_pkg) by extension 'ros'
[0.783s] DEBUG:colcon.colcon_core.package_identification:Package 'pingpong_pkg' with type 'ros.ament_python' and name 'pingpong_pkg'
[0.783s] Level 1:colcon.colcon_core.package_identification:_identify(simple_velocity_msg) by extensions ['ignore', 'ignore_ament_install']
[0.783s] Level 1:colcon.colcon_core.package_identification:_identify(simple_velocity_msg) by extension 'ignore'
[0.783s] Level 1:colcon.colcon_core.package_identification:_identify(simple_velocity_msg) by extension 'ignore_ament_install'
[0.783s] Level 1:colcon.colcon_core.package_identification:_identify(simple_velocity_msg) by extensions ['colcon_pkg']
[0.783s] Level 1:colcon.colcon_core.package_identification:_identify(simple_velocity_msg) by extension 'colcon_pkg'
[0.783s] Level 1:colcon.colcon_core.package_identification:_identify(simple_velocity_msg) by extensions ['colcon_meta']
[0.783s] Level 1:colcon.colcon_core.package_identification:_identify(simple_velocity_msg) by extension 'colcon_meta'
[0.784s] Level 1:colcon.colcon_core.package_identification:_identify(simple_velocity_msg) by extensions ['ros']
[0.784s] Level 1:colcon.colcon_core.package_identification:_identify(simple_velocity_msg) by extension 'ros'
[0.785s] DEBUG:colcon.colcon_core.package_identification:Package 'simple_velocity_msg' with type 'ros.ament_cmake' and name 'simple_velocity_msg'
[0.785s] Level 1:colcon.colcon_core.package_identification:_identify(teleop_keyboard) by extensions ['ignore', 'ignore_ament_install']
[0.785s] Level 1:colcon.colcon_core.package_identification:_identify(teleop_keyboard) by extension 'ignore'
[0.785s] Level 1:colcon.colcon_core.package_identification:_identify(teleop_keyboard) by extension 'ignore_ament_install'
[0.785s] Level 1:colcon.colcon_core.package_identification:_identify(teleop_keyboard) by extensions ['colcon_pkg']
[0.785s] Level 1:colcon.colcon_core.package_identification:_identify(teleop_keyboard) by extension 'colcon_pkg'
[0.785s] Level 1:colcon.colcon_core.package_identification:_identify(teleop_keyboard) by extensions ['colcon_meta']
[0.785s] Level 1:colcon.colcon_core.package_identification:_identify(teleop_keyboard) by extension 'colcon_meta'
[0.785s] Level 1:colcon.colcon_core.package_identification:_identify(teleop_keyboard) by extensions ['ros']
[0.786s] Level 1:colcon.colcon_core.package_identification:_identify(teleop_keyboard) by extension 'ros'
[0.787s] DEBUG:colcon.colcon_core.package_identification:Package 'teleop_keyboard' with type 'ros.ament_python' and name 'teleop_keyboard'
[0.787s] Level 1:colcon.colcon_core.package_discovery:discover_packages(recursive) using defaults
[0.787s] Level 1:colcon.colcon_core.package_discovery:discover_packages(ignore) discover
[0.787s] Level 1:colcon.colcon_core.package_discovery:discover_packages(ignore) using defaults
[0.787s] Level 1:colcon.colcon_core.package_discovery:discover_packages(path) discover
[0.787s] Level 1:colcon.colcon_core.package_discovery:discover_packages(path) using defaults
[0.787s] WARNING:colcon.colcon_core.package_selection:ignoring unknown package 'object_spawner/' in --packages-select
[0.829s] INFO:colcon.colcon_core.package_selection:Skipping not selected package 'camera_service' in 'camera_service'
[0.829s] INFO:colcon.colcon_core.package_selection:Skipping not selected package 'custom_msg_publisher' in 'custom_msg_publisher'
[0.829s] INFO:colcon.colcon_core.package_selection:Skipping not selected package 'custom_msg_subscriber' in 'custom_msg_subscriber'
[0.829s] INFO:colcon.colcon_core.package_selection:Skipping not selected package 'image_viewer' in 'image_viewer'
[0.829s] INFO:colcon.colcon_core.package_selection:Skipping not selected package 'object_spawner' in 'object_spawner'
[0.829s] INFO:colcon.colcon_core.package_selection:Skipping not selected package 'perception_msgs' in 'perception_msgs'
[0.829s] INFO:colcon.colcon_core.package_selection:Skipping not selected package 'pingpong_pkg' in 'pingpong_pkg'
[0.829s] INFO:colcon.colcon_core.package_selection:Skipping not selected package 'simple_velocity_msg' in 'simple_velocity_msg'
[0.829s] INFO:colcon.colcon_core.package_selection:Skipping not selected package 'teleop_keyboard' in 'teleop_keyboard'
[0.830s] Level 1:colcon.colcon_core.package_discovery:discover_packages(prefix_path) check parameters
[0.830s] Level 1:colcon.colcon_core.package_discovery:discover_packages(prefix_path) discover
[0.840s] DEBUG:colcon.colcon_installed_package_information.package_discovery:Found 3 installed packages in /home/vm/training/ros2_ws/install
[0.841s] DEBUG:colcon.colcon_installed_package_information.package_discovery:Found 2 installed packages in /home/vm/training/new_workspace/install
[0.843s] DEBUG:colcon.colcon_installed_package_information.package_discovery:Found 273 installed packages in /opt/ros/humble
[0.856s] Level 1:colcon.colcon_core.package_discovery:discover_packages(prefix_path) using defaults
[0.904s] INFO:colcon.colcon_core.executor:Executing jobs using 'parallel' executor
[0.906s] DEBUG:colcon.colcon_parallel_executor.executor.parallel:run_until_complete
[0.906s] DEBUG:colcon.colcon_parallel_executor.executor.parallel:closing loop
[0.906s] DEBUG:colcon.colcon_parallel_executor.executor.parallel:loop closed
[0.906s] DEBUG:colcon.colcon_parallel_executor.executor.parallel:run_until_complete finished with '0'
[0.907s] DEBUG:colcon.colcon_core.event_reactor:joining thread
[0.917s] INFO:colcon.colcon_core.plugin_system:Skipping extension 'colcon_notification.desktop_notification.terminal_notifier': Not used on non-Darwin systems
[0.917s] INFO:colcon.colcon_core.plugin_system:Skipping extension 'colcon_notification.desktop_notification.win32': Not used on non-Windows systems
[0.917s] INFO:colcon.colcon_notification.desktop_notification:Sending desktop notification using 'notify2'
[0.943s] DEBUG:colcon.colcon_core.event_reactor:joined thread
[0.952s] INFO:colcon.colcon_core.plugin_system:Skipping extension 'colcon_core.shell.bat': Not used on non-Windows systems
[0.953s] INFO:colcon.colcon_core.shell:Creating prefix script '/home/vm/training/ros2_ws/src/install/local_setup.ps1'
[0.955s] INFO:colcon.colcon_core.shell:Creating prefix util module '/home/vm/training/ros2_ws/src/install/_local_setup_util_ps1.py'
[0.958s] INFO:colcon.colcon_core.shell:Creating prefix chain script '/home/vm/training/ros2_ws/src/install/setup.ps1'
[0.962s] INFO:colcon.colcon_core.shell:Creating prefix script '/home/vm/training/ros2_ws/src/install/local_setup.sh'
[0.964s] INFO:colcon.colcon_core.shell:Creating prefix util module '/home/vm/training/ros2_ws/src/install/_local_setup_util_sh.py'
[0.967s] INFO:colcon.colcon_core.shell:Creating prefix chain script '/home/vm/training/ros2_ws/src/install/setup.sh'
[0.972s] INFO:colcon.colcon_core.shell:Creating prefix script '/home/vm/training/ros2_ws/src/install/local_setup.bash'
[0.975s] INFO:colcon.colcon_core.shell:Creating prefix chain script '/home/vm/training/ros2_ws/src/install/setup.bash'
[0.978s] INFO:colcon.colcon_core.shell:Creating prefix script '/home/vm/training/ros2_ws/src/install/local_setup.zsh'
[0.980s] INFO:colcon.colcon_core.shell:Creating prefix chain script '/home/vm/training/ros2_ws/src/install/setup.zsh'
