[0.615s] Invoking command in '/home/vm/training/ros2_ws/src/object_spawner': PYTHONPATH=/home/vm/training/ros2_ws/src/build/object_spawner/prefix_override:/usr/lib/python3/dist-packages/colcon_core/task/python/colcon_distutils_commands:/home/vm/training/ros2_ws/src/install/object_spawner/lib/python3.10/site-packages:${PYTHONPATH} /usr/bin/python3 -W ignore:setup.py install is deprecated -W ignore:easy_install command is deprecated setup.py egg_info --egg-base ../build/object_spawner build --build-base /home/vm/training/ros2_ws/src/build/object_spawner/build install --record /home/vm/training/ros2_ws/src/build/object_spawner/install.log --single-version-externally-managed install_data
[0.851s] running egg_info
[0.852s] writing ../build/object_spawner/object_spawner.egg-info/PKG-INFO
[0.853s] writing dependency_links to ../build/object_spawner/object_spawner.egg-info/dependency_links.txt
[0.853s] writing entry points to ../build/object_spawner/object_spawner.egg-info/entry_points.txt
[0.853s] writing requirements to ../build/object_spawner/object_spawner.egg-info/requires.txt
[0.853s] writing top-level names to ../build/object_spawner/object_spawner.egg-info/top_level.txt
[0.857s] reading manifest file '../build/object_spawner/object_spawner.egg-info/SOURCES.txt'
[0.858s] writing manifest file '../build/object_spawner/object_spawner.egg-info/SOURCES.txt'
[0.859s] running build
[0.859s] running build_py
[0.859s] running install
[0.859s] running install_lib
[0.860s] running install_data
[0.860s] running install_egg_info
[0.862s] removing '/home/vm/training/ros2_ws/src/install/object_spawner/lib/python3.10/site-packages/object_spawner-0.0.0-py3.10.egg-info' (and everything under it)
[0.865s] Copying ../build/object_spawner/object_spawner.egg-info to /home/vm/training/ros2_ws/src/install/object_spawner/lib/python3.10/site-packages/object_spawner-0.0.0-py3.10.egg-info
[0.865s] running install_scripts
[0.885s] Installing object_spawner_node script to /home/vm/training/ros2_ws/src/install/object_spawner/lib/object_spawner
[0.885s] writing list of installed files to '/home/vm/training/ros2_ws/src/build/object_spawner/install.log'
[0.902s] Invoked command in '/home/vm/training/ros2_ws/src/object_spawner' returned '0': PYTHONPATH=/home/vm/training/ros2_ws/src/build/object_spawner/prefix_override:/usr/lib/python3/dist-packages/colcon_core/task/python/colcon_distutils_commands:/home/vm/training/ros2_ws/src/install/object_spawner/lib/python3.10/site-packages:${PYTHONPATH} /usr/bin/python3 -W ignore:setup.py install is deprecated -W ignore:easy_install command is deprecated setup.py egg_info --egg-base ../build/object_spawner build --build-base /home/vm/training/ros2_ws/src/build/object_spawner/build install --record /home/vm/training/ros2_ws/src/build/object_spawner/install.log --single-version-externally-managed install_data
