[0.009s] Invoking command in '/home/vm/training/new_workspace/build/my_cmake_package': CMAKE_PREFIX_PATH=/opt/ros/humble /usr/bin/cmake /home/vm/training/new_workspace/src/my_cmake_package -DCMAKE_INSTALL_PREFIX=/home/vm/training/new_workspace/install/my_cmake_package
[0.179s] -- The C compiler identification is GNU 11.4.0
[0.264s] -- The CXX compiler identification is GNU 11.4.0
[0.269s] -- Detecting C compiler ABI info
[0.322s] -- Detecting C compiler ABI info - done
[0.326s] -- Check for working C compiler: /usr/bin/cc - skipped
[0.326s] -- Detecting C compile features
[0.326s] -- Detecting C compile features - done
[0.328s] -- Detecting CXX compiler ABI info
[0.401s] -- Detecting CXX compiler ABI info - done
[0.406s] -- Check for working CXX compiler: /usr/bin/c++ - skipped
[0.406s] -- Detecting CXX compile features
[0.406s] -- Detecting CXX compile features - done
[0.410s] -- Found ament_cmake: 1.3.14 (/opt/ros/humble/share/ament_cmake/cmake)
[0.517s] -- Found Python3: /usr/bin/python3 (found version "3.10.12") found components: Interpreter 
[0.603s] -- Found ament_lint_auto: 0.12.15 (/opt/ros/humble/share/ament_lint_auto/cmake)
[0.672s] -- Added test 'lint_cmake' to check CMake code style
[0.673s] -- Added test 'xmllint' to check XML markup files
[0.675s] -- Configuring done
[0.676s] -- Generating done
[0.677s] -- Build files have been written to: /home/vm/training/new_workspace/build/my_cmake_package
[0.680s] Invoked command in '/home/vm/training/new_workspace/build/my_cmake_package' returned '0': CMAKE_PREFIX_PATH=/opt/ros/humble /usr/bin/cmake /home/vm/training/new_workspace/src/my_cmake_package -DCMAKE_INSTALL_PREFIX=/home/vm/training/new_workspace/install/my_cmake_package
[0.681s] Invoking command in '/home/vm/training/new_workspace/build/my_cmake_package': CMAKE_PREFIX_PATH=/opt/ros/humble /usr/bin/cmake --build /home/vm/training/new_workspace/build/my_cmake_package -- -j4 -l4
[0.704s] Invoked command in '/home/vm/training/new_workspace/build/my_cmake_package' returned '0': CMAKE_PREFIX_PATH=/opt/ros/humble /usr/bin/cmake --build /home/vm/training/new_workspace/build/my_cmake_package -- -j4 -l4
[0.712s] Invoking command in '/home/vm/training/new_workspace/build/my_cmake_package': CMAKE_PREFIX_PATH=/opt/ros/humble /usr/bin/cmake --install /home/vm/training/new_workspace/build/my_cmake_package
[0.714s] -- Install configuration: ""
[0.715s] -- Installing: /home/vm/training/new_workspace/install/my_cmake_package/share/ament_index/resource_index/package_run_dependencies/my_cmake_package
[0.715s] -- Installing: /home/vm/training/new_workspace/install/my_cmake_package/share/ament_index/resource_index/parent_prefix_path/my_cmake_package
[0.715s] -- Installing: /home/vm/training/new_workspace/install/my_cmake_package/share/my_cmake_package/environment/ament_prefix_path.sh
[0.715s] -- Installing: /home/vm/training/new_workspace/install/my_cmake_package/share/my_cmake_package/environment/ament_prefix_path.dsv
[0.715s] -- Installing: /home/vm/training/new_workspace/install/my_cmake_package/share/my_cmake_package/environment/path.sh
[0.715s] -- Installing: /home/vm/training/new_workspace/install/my_cmake_package/share/my_cmake_package/environment/path.dsv
[0.716s] -- Installing: /home/vm/training/new_workspace/install/my_cmake_package/share/my_cmake_package/local_setup.bash
[0.716s] -- Installing: /home/vm/training/new_workspace/install/my_cmake_package/share/my_cmake_package/local_setup.sh
[0.716s] -- Installing: /home/vm/training/new_workspace/install/my_cmake_package/share/my_cmake_package/local_setup.zsh
[0.716s] -- Installing: /home/vm/training/new_workspace/install/my_cmake_package/share/my_cmake_package/local_setup.dsv
[0.716s] -- Installing: /home/vm/training/new_workspace/install/my_cmake_package/share/my_cmake_package/package.dsv
[0.717s] -- Installing: /home/vm/training/new_workspace/install/my_cmake_package/share/ament_index/resource_index/packages/my_cmake_package
[0.717s] -- Installing: /home/vm/training/new_workspace/install/my_cmake_package/share/my_cmake_package/cmake/my_cmake_packageConfig.cmake
[0.717s] -- Installing: /home/vm/training/new_workspace/install/my_cmake_package/share/my_cmake_package/cmake/my_cmake_packageConfig-version.cmake
[0.717s] -- Installing: /home/vm/training/new_workspace/install/my_cmake_package/share/my_cmake_package/package.xml
[0.718s] Invoked command in '/home/vm/training/new_workspace/build/my_cmake_package' returned '0': CMAKE_PREFIX_PATH=/opt/ros/humble /usr/bin/cmake --install /home/vm/training/new_workspace/build/my_cmake_package
