[0.010s] Invoking command in '/home/vm/training/ros2_ws/build/simple_velocity_msg': CMAKE_PREFIX_PATH=${CMAKE_PREFIX_PATH}:/home/vm/training/ros2_ws/install/pingpong_pkg:/home/vm/training/new_workspace/install/my_python_package:/opt/ros/humble /usr/bin/cmake /home/vm/training/ros2_ws/src/simple_velocity_msg -DCMAKE_INSTALL_PREFIX=/home/vm/training/ros2_ws/install/simple_velocity_msg
[0.091s] -- The C compiler identification is GNU 11.4.0
[0.134s] -- The CXX compiler identification is GNU 11.4.0
[0.138s] -- Detecting C compiler ABI info
[0.190s] -- Detecting C compiler ABI info - done
[0.195s] -- Check for working C compiler: /usr/bin/cc - skipped
[0.195s] -- Detecting C compile features
[0.196s] -- Detecting C compile features - done
[0.198s] -- Detecting CXX compiler ABI info
[0.266s] -- Detecting CXX compiler ABI info - done
[0.271s] -- Check for working CXX compiler: /usr/bin/c++ - skipped
[0.271s] -- Detecting CXX compile features
[0.271s] -- Detecting CXX compile features - done
[0.279s] -- Found ament_cmake: 1.3.14 (/opt/ros/humble/share/ament_cmake/cmake)
[0.390s] -- Found Python3: /usr/bin/python3 (found version "3.10.12") found components: Interpreter 
[0.466s] -- Found rosidl_default_generators: 1.2.1 (/opt/ros/humble/share/rosidl_default_generators/cmake)
[0.473s] -- Using all available rosidl_typesupport_c: rosidl_typesupport_fastrtps_c;rosidl_typesupport_introspection_c
[0.485s] -- Found rosidl_adapter: 3.1.8 (/opt/ros/humble/share/rosidl_adapter/cmake)
[0.539s] -- Using all available rosidl_typesupport_cpp: rosidl_typesupport_fastrtps_cpp;rosidl_typesupport_introspection_cpp
[0.770s] -- Found ament_cmake_ros: 0.10.0 (/opt/ros/humble/share/ament_cmake_ros/cmake)
[0.915s] -- Using all available rosidl_typesupport_c: rosidl_typesupport_fastrtps_c;rosidl_typesupport_introspection_c
[1.098s] -- Using all available rosidl_typesupport_cpp: rosidl_typesupport_fastrtps_cpp;rosidl_typesupport_introspection_cpp
[1.114s] -- Found PythonInterp: /usr/bin/python3 (found suitable version "3.10.12", minimum required is "3.6") 
[1.117s] -- Found python_cmake_module: 0.10.0 (/opt/ros/humble/share/python_cmake_module/cmake)
[1.140s] -- Found PythonLibs: /usr/lib/x86_64-linux-gnu/libpython3.10.so (found suitable version "3.10.12", minimum required is "3.5") 
[1.140s] -- Using PYTHON_EXECUTABLE: /usr/bin/python3
[1.140s] -- Using PYTHON_INCLUDE_DIRS: /usr/include/python3.10
[1.140s] -- Using PYTHON_LIBRARIES: /usr/lib/x86_64-linux-gnu/libpython3.10.so
[1.160s] -- Found PythonExtra: .so  
[1.232s] -- Found ament_lint_auto: 0.12.15 (/opt/ros/humble/share/ament_lint_auto/cmake)
[1.256s] -- Added test 'lint_cmake' to check CMake code style
[1.257s] -- Added test 'xmllint' to check XML markup files
[1.259s] -- Configuring done
[1.280s] -- Generating done
[1.287s] -- Build files have been written to: /home/vm/training/ros2_ws/build/simple_velocity_msg
[1.293s] Invoked command in '/home/vm/training/ros2_ws/build/simple_velocity_msg' returned '0': CMAKE_PREFIX_PATH=${CMAKE_PREFIX_PATH}:/home/vm/training/ros2_ws/install/pingpong_pkg:/home/vm/training/new_workspace/install/my_python_package:/opt/ros/humble /usr/bin/cmake /home/vm/training/ros2_ws/src/simple_velocity_msg -DCMAKE_INSTALL_PREFIX=/home/vm/training/ros2_ws/install/simple_velocity_msg
[1.294s] Invoking command in '/home/vm/training/ros2_ws/build/simple_velocity_msg': CMAKE_PREFIX_PATH=${CMAKE_PREFIX_PATH}:/home/vm/training/ros2_ws/install/pingpong_pkg:/home/vm/training/new_workspace/install/my_python_package:/opt/ros/humble /usr/bin/cmake --build /home/vm/training/ros2_ws/build/simple_velocity_msg -- -j4 -l4
[1.323s] [  3%] [34m[1mGenerating C code for ROS interfaces[0m
[1.337s] [  6%] [34m[1mGenerating Rust code for ROS interfaces[0m
[1.337s] [  9%] [34m[1mGenerating C++ code for ROS interfaces[0m
[1.352s] [  9%] Built target ament_cmake_python_copy_simple_velocity_msg
[1.550s] running egg_info
[1.551s] creating simple_velocity_msg.egg-info
[1.552s] writing simple_velocity_msg.egg-info/PKG-INFO
[1.552s] writing dependency_links to simple_velocity_msg.egg-info/dependency_links.txt
[1.552s] writing top-level names to simple_velocity_msg.egg-info/top_level.txt
[1.552s] writing manifest file 'simple_velocity_msg.egg-info/SOURCES.txt'
[1.556s] reading manifest file 'simple_velocity_msg.egg-info/SOURCES.txt'
[1.557s] writing manifest file 'simple_velocity_msg.egg-info/SOURCES.txt'
[1.561s] [  9%] Built target simple_velocity_msg__cpp
[1.568s] [  9%] Built target simple_velocity_msg__rs
[1.579s] [ 15%] [34m[1mGenerating C++ type support for eProsima Fast-RTPS[0m
[1.579s] [ 15%] [34m[1mGenerating C++ introspection for ROS interfaces[0m
[1.580s] [ 15%] Built target ament_cmake_python_build_simple_velocity_msg_egg
[1.588s] [ 18%] [34m[1mGenerating C++ type support dispatch for ROS interfaces[0m
[1.620s] [ 21%] [32mBuilding C object CMakeFiles/simple_velocity_msg__rosidl_generator_c.dir/rosidl_generator_c/simple_velocity_msg/msg/detail/simple_velocity__functions.c.o[0m
[1.713s] [ 25%] [32m[1mLinking C shared library libsimple_velocity_msg__rosidl_generator_c.so[0m
[1.759s] [ 25%] Built target simple_velocity_msg__rosidl_generator_c
[1.769s] [ 28%] [34m[1mGenerating C type support for eProsima Fast-RTPS[0m
[1.792s] [ 31%] [32mBuilding CXX object CMakeFiles/simple_velocity_msg__rosidl_typesupport_introspection_cpp.dir/rosidl_typesupport_introspection_cpp/simple_velocity_msg/msg/detail/simple_velocity__type_support.cpp.o[0m
[1.794s] [ 34%] [32mBuilding CXX object CMakeFiles/simple_velocity_msg__rosidl_typesupport_cpp.dir/rosidl_typesupport_cpp/simple_velocity_msg/msg/simple_velocity__type_support.cpp.o[0m
[1.799s] [ 37%] [32mBuilding CXX object CMakeFiles/simple_velocity_msg__rosidl_typesupport_fastrtps_cpp.dir/rosidl_typesupport_fastrtps_cpp/simple_velocity_msg/msg/detail/dds_fastrtps/simple_velocity__type_support.cpp.o[0m
[2.003s] [ 40%] [32mBuilding CXX object CMakeFiles/simple_velocity_msg__rosidl_typesupport_fastrtps_c.dir/rosidl_typesupport_fastrtps_c/simple_velocity_msg/msg/detail/simple_velocity__type_support_c.cpp.o[0m
[2.032s] [ 43%] [32m[1mLinking CXX shared library libsimple_velocity_msg__rosidl_typesupport_cpp.so[0m
[2.071s] [ 43%] Built target simple_velocity_msg__rosidl_typesupport_cpp
[2.081s] [ 46%] [34m[1mGenerating C introspection for ROS interfaces[0m
[2.136s] [ 50%] [32m[1mLinking CXX shared library libsimple_velocity_msg__rosidl_typesupport_fastrtps_cpp.so[0m
[2.143s] [ 53%] [32m[1mLinking CXX shared library libsimple_velocity_msg__rosidl_typesupport_introspection_cpp.so[0m
[2.200s] [ 53%] Built target simple_velocity_msg__rosidl_typesupport_introspection_cpp
[2.206s] [ 53%] Built target simple_velocity_msg__rosidl_typesupport_fastrtps_cpp
[2.214s] [ 56%] [34m[1mGenerating C type support dispatch for ROS interfaces[0m
[2.267s] [ 59%] [32mBuilding C object CMakeFiles/simple_velocity_msg__rosidl_typesupport_introspection_c.dir/rosidl_typesupport_introspection_c/simple_velocity_msg/msg/detail/simple_velocity__type_support.c.o[0m
[2.279s] [ 62%] [32m[1mLinking CXX shared library libsimple_velocity_msg__rosidl_typesupport_fastrtps_c.so[0m
[2.299s] [ 65%] [32m[1mLinking C shared library libsimple_velocity_msg__rosidl_typesupport_introspection_c.so[0m
[2.322s] [ 65%] Built target simple_velocity_msg__rosidl_typesupport_introspection_c
[2.338s] [ 65%] Built target simple_velocity_msg__rosidl_typesupport_fastrtps_c
[2.389s] [ 68%] [32mBuilding CXX object CMakeFiles/simple_velocity_msg__rosidl_typesupport_c.dir/rosidl_typesupport_c/simple_velocity_msg/msg/simple_velocity__type_support.cpp.o[0m
[2.432s] [ 71%] [32m[1mLinking CXX shared library libsimple_velocity_msg__rosidl_typesupport_c.so[0m
[2.472s] [ 71%] Built target simple_velocity_msg__rosidl_typesupport_c
[2.493s] [ 71%] Built target simple_velocity_msg
[2.509s] [ 75%] [34m[1mGenerating Python code for ROS interfaces[0m
[2.691s] [ 75%] Built target simple_velocity_msg__py
[2.704s] [ 78%] [32mBuilding C object CMakeFiles/simple_velocity_msg__rosidl_generator_py.dir/rosidl_generator_py/simple_velocity_msg/msg/_simple_velocity_s.c.o[0m
[2.828s] [ 81%] [32m[1mLinking C shared library rosidl_generator_py/simple_velocity_msg/libsimple_velocity_msg__rosidl_generator_py.so[0m
[2.858s] [ 81%] Built target simple_velocity_msg__rosidl_generator_py
[2.873s] [ 87%] [32mBuilding C object CMakeFiles/simple_velocity_msg__rosidl_typesupport_fastrtps_c__pyext.dir/rosidl_generator_py/simple_velocity_msg/_simple_velocity_msg_s.ep.rosidl_typesupport_fastrtps_c.c.o[0m
[2.873s] [ 87%] [32mBuilding C object CMakeFiles/simple_velocity_msg__rosidl_typesupport_introspection_c__pyext.dir/rosidl_generator_py/simple_velocity_msg/_simple_velocity_msg_s.ep.rosidl_typesupport_introspection_c.c.o[0m
[2.873s] [ 90%] [32mBuilding C object CMakeFiles/simple_velocity_msg__rosidl_typesupport_c__pyext.dir/rosidl_generator_py/simple_velocity_msg/_simple_velocity_msg_s.ep.rosidl_typesupport_c.c.o[0m
[2.937s] [ 93%] [32m[1mLinking C shared library rosidl_generator_py/simple_velocity_msg/simple_velocity_msg_s__rosidl_typesupport_c.cpython-310-x86_64-linux-gnu.so[0m
[2.940s] [ 96%] [32m[1mLinking C shared library rosidl_generator_py/simple_velocity_msg/simple_velocity_msg_s__rosidl_typesupport_introspection_c.cpython-310-x86_64-linux-gnu.so[0m
[2.940s] [100%] [32m[1mLinking C shared library rosidl_generator_py/simple_velocity_msg/simple_velocity_msg_s__rosidl_typesupport_fastrtps_c.cpython-310-x86_64-linux-gnu.so[0m
[2.967s] [100%] Built target simple_velocity_msg__rosidl_typesupport_introspection_c__pyext
[2.967s] [100%] Built target simple_velocity_msg__rosidl_typesupport_c__pyext
[2.967s] [100%] Built target simple_velocity_msg__rosidl_typesupport_fastrtps_c__pyext
[2.977s] Invoked command in '/home/vm/training/ros2_ws/build/simple_velocity_msg' returned '0': CMAKE_PREFIX_PATH=${CMAKE_PREFIX_PATH}:/home/vm/training/ros2_ws/install/pingpong_pkg:/home/vm/training/new_workspace/install/my_python_package:/opt/ros/humble /usr/bin/cmake --build /home/vm/training/ros2_ws/build/simple_velocity_msg -- -j4 -l4
[2.985s] Invoking command in '/home/vm/training/ros2_ws/build/simple_velocity_msg': CMAKE_PREFIX_PATH=${CMAKE_PREFIX_PATH}:/home/vm/training/ros2_ws/install/pingpong_pkg:/home/vm/training/new_workspace/install/my_python_package:/opt/ros/humble /usr/bin/cmake --install /home/vm/training/ros2_ws/build/simple_velocity_msg
[2.989s] -- Install configuration: ""
[2.990s] -- Installing: /home/vm/training/ros2_ws/install/simple_velocity_msg/share/ament_index/resource_index/rosidl_interfaces/simple_velocity_msg
[2.990s] -- Installing: /home/vm/training/ros2_ws/install/simple_velocity_msg/include/simple_velocity_msg/simple_velocity_msg
[2.990s] -- Installing: /home/vm/training/ros2_ws/install/simple_velocity_msg/include/simple_velocity_msg/simple_velocity_msg/msg
[2.990s] -- Installing: /home/vm/training/ros2_ws/install/simple_velocity_msg/include/simple_velocity_msg/simple_velocity_msg/msg/detail
[2.990s] -- Installing: /home/vm/training/ros2_ws/install/simple_velocity_msg/include/simple_velocity_msg/simple_velocity_msg/msg/detail/simple_velocity__functions.c
[2.990s] -- Installing: /home/vm/training/ros2_ws/install/simple_velocity_msg/include/simple_velocity_msg/simple_velocity_msg/msg/detail/simple_velocity__type_support.h
[2.990s] -- Installing: /home/vm/training/ros2_ws/install/simple_velocity_msg/include/simple_velocity_msg/simple_velocity_msg/msg/detail/simple_velocity__struct.h
[2.990s] -- Installing: /home/vm/training/ros2_ws/install/simple_velocity_msg/include/simple_velocity_msg/simple_velocity_msg/msg/detail/simple_velocity__functions.h
[2.990s] -- Installing: /home/vm/training/ros2_ws/install/simple_velocity_msg/include/simple_velocity_msg/simple_velocity_msg/msg/simple_velocity.h
[2.990s] -- Installing: /home/vm/training/ros2_ws/install/simple_velocity_msg/include/simple_velocity_msg/simple_velocity_msg/msg/rosidl_generator_c__visibility_control.h
[2.990s] -- Installing: /home/vm/training/ros2_ws/install/simple_velocity_msg/share/simple_velocity_msg/environment/library_path.sh
[2.991s] -- Installing: /home/vm/training/ros2_ws/install/simple_velocity_msg/share/simple_velocity_msg/environment/library_path.dsv
[2.991s] -- Installing: /home/vm/training/ros2_ws/install/simple_velocity_msg/lib/libsimple_velocity_msg__rosidl_generator_c.so
[2.991s] -- Set runtime path of "/home/vm/training/ros2_ws/install/simple_velocity_msg/lib/libsimple_velocity_msg__rosidl_generator_c.so" to ""
[2.991s] -- Up-to-date: /home/vm/training/ros2_ws/install/simple_velocity_msg/include/simple_velocity_msg/simple_velocity_msg
[2.991s] -- Up-to-date: /home/vm/training/ros2_ws/install/simple_velocity_msg/include/simple_velocity_msg/simple_velocity_msg/msg
[2.991s] -- Up-to-date: /home/vm/training/ros2_ws/install/simple_velocity_msg/include/simple_velocity_msg/simple_velocity_msg/msg/detail
[2.991s] -- Installing: /home/vm/training/ros2_ws/install/simple_velocity_msg/include/simple_velocity_msg/simple_velocity_msg/msg/detail/simple_velocity__rosidl_typesupport_fastrtps_c.h
[2.991s] -- Installing: /home/vm/training/ros2_ws/install/simple_velocity_msg/include/simple_velocity_msg/simple_velocity_msg/msg/rosidl_typesupport_fastrtps_c__visibility_control.h
[2.991s] -- Installing: /home/vm/training/ros2_ws/install/simple_velocity_msg/lib/libsimple_velocity_msg__rosidl_typesupport_fastrtps_c.so
[2.992s] -- Set runtime path of "/home/vm/training/ros2_ws/install/simple_velocity_msg/lib/libsimple_velocity_msg__rosidl_typesupport_fastrtps_c.so" to ""
[2.992s] -- Up-to-date: /home/vm/training/ros2_ws/install/simple_velocity_msg/include/simple_velocity_msg/simple_velocity_msg
[2.992s] -- Up-to-date: /home/vm/training/ros2_ws/install/simple_velocity_msg/include/simple_velocity_msg/simple_velocity_msg/msg
[2.992s] -- Up-to-date: /home/vm/training/ros2_ws/install/simple_velocity_msg/include/simple_velocity_msg/simple_velocity_msg/msg/detail
[2.992s] -- Installing: /home/vm/training/ros2_ws/install/simple_velocity_msg/include/simple_velocity_msg/simple_velocity_msg/msg/detail/simple_velocity__rosidl_typesupport_introspection_c.h
[2.992s] -- Installing: /home/vm/training/ros2_ws/install/simple_velocity_msg/include/simple_velocity_msg/simple_velocity_msg/msg/detail/simple_velocity__type_support.c
[2.992s] -- Installing: /home/vm/training/ros2_ws/install/simple_velocity_msg/include/simple_velocity_msg/simple_velocity_msg/msg/rosidl_typesupport_introspection_c__visibility_control.h
[2.992s] -- Installing: /home/vm/training/ros2_ws/install/simple_velocity_msg/lib/libsimple_velocity_msg__rosidl_typesupport_introspection_c.so
[2.992s] -- Set runtime path of "/home/vm/training/ros2_ws/install/simple_velocity_msg/lib/libsimple_velocity_msg__rosidl_typesupport_introspection_c.so" to ""
[2.993s] -- Installing: /home/vm/training/ros2_ws/install/simple_velocity_msg/lib/libsimple_velocity_msg__rosidl_typesupport_c.so
[2.993s] -- Set runtime path of "/home/vm/training/ros2_ws/install/simple_velocity_msg/lib/libsimple_velocity_msg__rosidl_typesupport_c.so" to ""
[2.993s] -- Up-to-date: /home/vm/training/ros2_ws/install/simple_velocity_msg/include/simple_velocity_msg/simple_velocity_msg
[2.993s] -- Up-to-date: /home/vm/training/ros2_ws/install/simple_velocity_msg/include/simple_velocity_msg/simple_velocity_msg/msg
[2.993s] -- Installing: /home/vm/training/ros2_ws/install/simple_velocity_msg/include/simple_velocity_msg/simple_velocity_msg/msg/simple_velocity.hpp
[2.993s] -- Up-to-date: /home/vm/training/ros2_ws/install/simple_velocity_msg/include/simple_velocity_msg/simple_velocity_msg/msg/detail
[2.993s] -- Installing: /home/vm/training/ros2_ws/install/simple_velocity_msg/include/simple_velocity_msg/simple_velocity_msg/msg/detail/simple_velocity__traits.hpp
[2.993s] -- Installing: /home/vm/training/ros2_ws/install/simple_velocity_msg/include/simple_velocity_msg/simple_velocity_msg/msg/detail/simple_velocity__type_support.hpp
[2.993s] -- Installing: /home/vm/training/ros2_ws/install/simple_velocity_msg/include/simple_velocity_msg/simple_velocity_msg/msg/detail/simple_velocity__builder.hpp
[2.993s] -- Installing: /home/vm/training/ros2_ws/install/simple_velocity_msg/include/simple_velocity_msg/simple_velocity_msg/msg/detail/simple_velocity__struct.hpp
[2.993s] -- Installing: /home/vm/training/ros2_ws/install/simple_velocity_msg/include/simple_velocity_msg/simple_velocity_msg/msg/rosidl_generator_cpp__visibility_control.hpp
[2.993s] -- Up-to-date: /home/vm/training/ros2_ws/install/simple_velocity_msg/include/simple_velocity_msg/simple_velocity_msg
[2.994s] -- Up-to-date: /home/vm/training/ros2_ws/install/simple_velocity_msg/include/simple_velocity_msg/simple_velocity_msg/msg
[2.994s] -- Up-to-date: /home/vm/training/ros2_ws/install/simple_velocity_msg/include/simple_velocity_msg/simple_velocity_msg/msg/detail
[2.994s] -- Installing: /home/vm/training/ros2_ws/install/simple_velocity_msg/include/simple_velocity_msg/simple_velocity_msg/msg/detail/simple_velocity__rosidl_typesupport_fastrtps_cpp.hpp
[2.994s] -- Installing: /home/vm/training/ros2_ws/install/simple_velocity_msg/include/simple_velocity_msg/simple_velocity_msg/msg/detail/dds_fastrtps
[2.994s] -- Installing: /home/vm/training/ros2_ws/install/simple_velocity_msg/include/simple_velocity_msg/simple_velocity_msg/msg/rosidl_typesupport_fastrtps_cpp__visibility_control.h
[2.994s] -- Installing: /home/vm/training/ros2_ws/install/simple_velocity_msg/lib/libsimple_velocity_msg__rosidl_typesupport_fastrtps_cpp.so
[2.994s] -- Set runtime path of "/home/vm/training/ros2_ws/install/simple_velocity_msg/lib/libsimple_velocity_msg__rosidl_typesupport_fastrtps_cpp.so" to ""
[2.994s] -- Up-to-date: /home/vm/training/ros2_ws/install/simple_velocity_msg/include/simple_velocity_msg/simple_velocity_msg
[2.994s] -- Up-to-date: /home/vm/training/ros2_ws/install/simple_velocity_msg/include/simple_velocity_msg/simple_velocity_msg/msg
[2.994s] -- Up-to-date: /home/vm/training/ros2_ws/install/simple_velocity_msg/include/simple_velocity_msg/simple_velocity_msg/msg/detail
[2.994s] -- Installing: /home/vm/training/ros2_ws/install/simple_velocity_msg/include/simple_velocity_msg/simple_velocity_msg/msg/detail/simple_velocity__type_support.cpp
[2.995s] -- Installing: /home/vm/training/ros2_ws/install/simple_velocity_msg/include/simple_velocity_msg/simple_velocity_msg/msg/detail/simple_velocity__rosidl_typesupport_introspection_cpp.hpp
[2.995s] -- Installing: /home/vm/training/ros2_ws/install/simple_velocity_msg/lib/libsimple_velocity_msg__rosidl_typesupport_introspection_cpp.so
[2.995s] -- Set runtime path of "/home/vm/training/ros2_ws/install/simple_velocity_msg/lib/libsimple_velocity_msg__rosidl_typesupport_introspection_cpp.so" to ""
[2.995s] -- Installing: /home/vm/training/ros2_ws/install/simple_velocity_msg/lib/libsimple_velocity_msg__rosidl_typesupport_cpp.so
[2.995s] -- Set runtime path of "/home/vm/training/ros2_ws/install/simple_velocity_msg/lib/libsimple_velocity_msg__rosidl_typesupport_cpp.so" to ""
[2.995s] -- Installing: /home/vm/training/ros2_ws/install/simple_velocity_msg/share/simple_velocity_msg/environment/pythonpath.sh
[2.995s] -- Installing: /home/vm/training/ros2_ws/install/simple_velocity_msg/share/simple_velocity_msg/environment/pythonpath.dsv
[2.995s] -- Installing: /home/vm/training/ros2_ws/install/simple_velocity_msg/local/lib/python3.10/dist-packages/simple_velocity_msg-0.0.0-py3.10.egg-info
[2.995s] -- Installing: /home/vm/training/ros2_ws/install/simple_velocity_msg/local/lib/python3.10/dist-packages/simple_velocity_msg-0.0.0-py3.10.egg-info/dependency_links.txt
[2.996s] -- Installing: /home/vm/training/ros2_ws/install/simple_velocity_msg/local/lib/python3.10/dist-packages/simple_velocity_msg-0.0.0-py3.10.egg-info/top_level.txt
[2.996s] -- Installing: /home/vm/training/ros2_ws/install/simple_velocity_msg/local/lib/python3.10/dist-packages/simple_velocity_msg-0.0.0-py3.10.egg-info/SOURCES.txt
[2.996s] -- Installing: /home/vm/training/ros2_ws/install/simple_velocity_msg/local/lib/python3.10/dist-packages/simple_velocity_msg-0.0.0-py3.10.egg-info/PKG-INFO
[2.996s] -- Installing: /home/vm/training/ros2_ws/install/simple_velocity_msg/local/lib/python3.10/dist-packages/simple_velocity_msg
[2.996s] -- Installing: /home/vm/training/ros2_ws/install/simple_velocity_msg/local/lib/python3.10/dist-packages/simple_velocity_msg/msg
[2.996s] -- Installing: /home/vm/training/ros2_ws/install/simple_velocity_msg/local/lib/python3.10/dist-packages/simple_velocity_msg/msg/_simple_velocity.py
[2.996s] -- Installing: /home/vm/training/ros2_ws/install/simple_velocity_msg/local/lib/python3.10/dist-packages/simple_velocity_msg/msg/__init__.py
[2.996s] -- Installing: /home/vm/training/ros2_ws/install/simple_velocity_msg/local/lib/python3.10/dist-packages/simple_velocity_msg/msg/_simple_velocity_s.c
[2.996s] -- Installing: /home/vm/training/ros2_ws/install/simple_velocity_msg/local/lib/python3.10/dist-packages/simple_velocity_msg/_simple_velocity_msg_s.ep.rosidl_typesupport_introspection_c.c
[2.996s] -- Installing: /home/vm/training/ros2_ws/install/simple_velocity_msg/local/lib/python3.10/dist-packages/simple_velocity_msg/simple_velocity_msg_s__rosidl_typesupport_introspection_c.cpython-310-x86_64-linux-gnu.so
[2.996s] -- Installing: /home/vm/training/ros2_ws/install/simple_velocity_msg/local/lib/python3.10/dist-packages/simple_velocity_msg/simple_velocity_msg_s__rosidl_typesupport_fastrtps_c.cpython-310-x86_64-linux-gnu.so
[2.997s] -- Installing: /home/vm/training/ros2_ws/install/simple_velocity_msg/local/lib/python3.10/dist-packages/simple_velocity_msg/simple_velocity_msg_s__rosidl_typesupport_c.cpython-310-x86_64-linux-gnu.so
[2.997s] -- Installing: /home/vm/training/ros2_ws/install/simple_velocity_msg/local/lib/python3.10/dist-packages/simple_velocity_msg/_simple_velocity_msg_s.ep.rosidl_typesupport_c.c
[2.997s] -- Installing: /home/vm/training/ros2_ws/install/simple_velocity_msg/local/lib/python3.10/dist-packages/simple_velocity_msg/__init__.py
[2.997s] -- Installing: /home/vm/training/ros2_ws/install/simple_velocity_msg/local/lib/python3.10/dist-packages/simple_velocity_msg/libsimple_velocity_msg__rosidl_generator_py.so
[2.997s] -- Installing: /home/vm/training/ros2_ws/install/simple_velocity_msg/local/lib/python3.10/dist-packages/simple_velocity_msg/_simple_velocity_msg_s.ep.rosidl_typesupport_fastrtps_c.c
[3.029s] Listing '/home/vm/training/ros2_ws/install/simple_velocity_msg/local/lib/python3.10/dist-packages/simple_velocity_msg'...
[3.029s] Compiling '/home/vm/training/ros2_ws/install/simple_velocity_msg/local/lib/python3.10/dist-packages/simple_velocity_msg/__init__.py'...
[3.029s] Listing '/home/vm/training/ros2_ws/install/simple_velocity_msg/local/lib/python3.10/dist-packages/simple_velocity_msg/msg'...
[3.029s] Compiling '/home/vm/training/ros2_ws/install/simple_velocity_msg/local/lib/python3.10/dist-packages/simple_velocity_msg/msg/__init__.py'...
[3.029s] Compiling '/home/vm/training/ros2_ws/install/simple_velocity_msg/local/lib/python3.10/dist-packages/simple_velocity_msg/msg/_simple_velocity.py'...
[3.036s] -- Installing: /home/vm/training/ros2_ws/install/simple_velocity_msg/local/lib/python3.10/dist-packages/simple_velocity_msg/simple_velocity_msg_s__rosidl_typesupport_fastrtps_c.cpython-310-x86_64-linux-gnu.so
[3.036s] -- Set runtime path of "/home/vm/training/ros2_ws/install/simple_velocity_msg/local/lib/python3.10/dist-packages/simple_velocity_msg/simple_velocity_msg_s__rosidl_typesupport_fastrtps_c.cpython-310-x86_64-linux-gnu.so" to ""
[3.038s] -- Installing: /home/vm/training/ros2_ws/install/simple_velocity_msg/local/lib/python3.10/dist-packages/simple_velocity_msg/simple_velocity_msg_s__rosidl_typesupport_introspection_c.cpython-310-x86_64-linux-gnu.so
[3.038s] -- Set runtime path of "/home/vm/training/ros2_ws/install/simple_velocity_msg/local/lib/python3.10/dist-packages/simple_velocity_msg/simple_velocity_msg_s__rosidl_typesupport_introspection_c.cpython-310-x86_64-linux-gnu.so" to ""
[3.038s] -- Installing: /home/vm/training/ros2_ws/install/simple_velocity_msg/local/lib/python3.10/dist-packages/simple_velocity_msg/simple_velocity_msg_s__rosidl_typesupport_c.cpython-310-x86_64-linux-gnu.so
[3.038s] -- Set runtime path of "/home/vm/training/ros2_ws/install/simple_velocity_msg/local/lib/python3.10/dist-packages/simple_velocity_msg/simple_velocity_msg_s__rosidl_typesupport_c.cpython-310-x86_64-linux-gnu.so" to ""
[3.039s] -- Installing: /home/vm/training/ros2_ws/install/simple_velocity_msg/lib/libsimple_velocity_msg__rosidl_generator_py.so
[3.039s] -- Set runtime path of "/home/vm/training/ros2_ws/install/simple_velocity_msg/lib/libsimple_velocity_msg__rosidl_generator_py.so" to ""
[3.039s] -- Installing: /home/vm/training/ros2_ws/install/simple_velocity_msg/share/ament_index/resource_index/rust_packages/simple_velocity_msg
[3.039s] -- Installing: /home/vm/training/ros2_ws/install/simple_velocity_msg/share/simple_velocity_msg/rust
[3.039s] -- Installing: /home/vm/training/ros2_ws/install/simple_velocity_msg/share/simple_velocity_msg/rust/Cargo.toml
[3.039s] -- Installing: /home/vm/training/ros2_ws/install/simple_velocity_msg/share/simple_velocity_msg/rust/src
[3.039s] -- Installing: /home/vm/training/ros2_ws/install/simple_velocity_msg/share/simple_velocity_msg/rust/src/msg
[3.039s] -- Installing: /home/vm/training/ros2_ws/install/simple_velocity_msg/share/simple_velocity_msg/rust/src/msg/rmw.rs
[3.039s] -- Installing: /home/vm/training/ros2_ws/install/simple_velocity_msg/share/simple_velocity_msg/rust/src/msg.rs
[3.039s] -- Installing: /home/vm/training/ros2_ws/install/simple_velocity_msg/share/simple_velocity_msg/rust/src/lib.rs
[3.039s] -- Installing: /home/vm/training/ros2_ws/install/simple_velocity_msg/share/simple_velocity_msg/rust/build.rs
[3.039s] -- Installing: /home/vm/training/ros2_ws/install/simple_velocity_msg/share/simple_velocity_msg/msg/SimpleVelocity.idl
[3.039s] -- Installing: /home/vm/training/ros2_ws/install/simple_velocity_msg/share/simple_velocity_msg/msg/SimpleVelocity.msg
[3.039s] -- Installing: /home/vm/training/ros2_ws/install/simple_velocity_msg/share/ament_index/resource_index/package_run_dependencies/simple_velocity_msg
[3.039s] -- Installing: /home/vm/training/ros2_ws/install/simple_velocity_msg/share/ament_index/resource_index/parent_prefix_path/simple_velocity_msg
[3.039s] -- Installing: /home/vm/training/ros2_ws/install/simple_velocity_msg/share/simple_velocity_msg/environment/ament_prefix_path.sh
[3.039s] -- Installing: /home/vm/training/ros2_ws/install/simple_velocity_msg/share/simple_velocity_msg/environment/ament_prefix_path.dsv
[3.039s] -- Installing: /home/vm/training/ros2_ws/install/simple_velocity_msg/share/simple_velocity_msg/environment/path.sh
[3.039s] -- Installing: /home/vm/training/ros2_ws/install/simple_velocity_msg/share/simple_velocity_msg/environment/path.dsv
[3.039s] -- Installing: /home/vm/training/ros2_ws/install/simple_velocity_msg/share/simple_velocity_msg/local_setup.bash
[3.039s] -- Installing: /home/vm/training/ros2_ws/install/simple_velocity_msg/share/simple_velocity_msg/local_setup.sh
[3.039s] -- Installing: /home/vm/training/ros2_ws/install/simple_velocity_msg/share/simple_velocity_msg/local_setup.zsh
[3.039s] -- Installing: /home/vm/training/ros2_ws/install/simple_velocity_msg/share/simple_velocity_msg/local_setup.dsv
[3.039s] -- Installing: /home/vm/training/ros2_ws/install/simple_velocity_msg/share/simple_velocity_msg/package.dsv
[3.040s] -- Installing: /home/vm/training/ros2_ws/install/simple_velocity_msg/share/ament_index/resource_index/packages/simple_velocity_msg
[3.040s] -- Installing: /home/vm/training/ros2_ws/install/simple_velocity_msg/share/simple_velocity_msg/cmake/export_simple_velocity_msg__rosidl_generator_cExport.cmake
[3.040s] -- Installing: /home/vm/training/ros2_ws/install/simple_velocity_msg/share/simple_velocity_msg/cmake/export_simple_velocity_msg__rosidl_generator_cExport-noconfig.cmake
[3.040s] -- Installing: /home/vm/training/ros2_ws/install/simple_velocity_msg/share/simple_velocity_msg/cmake/export_simple_velocity_msg__rosidl_typesupport_fastrtps_cExport.cmake
[3.040s] -- Installing: /home/vm/training/ros2_ws/install/simple_velocity_msg/share/simple_velocity_msg/cmake/export_simple_velocity_msg__rosidl_typesupport_fastrtps_cExport-noconfig.cmake
[3.040s] -- Installing: /home/vm/training/ros2_ws/install/simple_velocity_msg/share/simple_velocity_msg/cmake/simple_velocity_msg__rosidl_typesupport_introspection_cExport.cmake
[3.040s] -- Installing: /home/vm/training/ros2_ws/install/simple_velocity_msg/share/simple_velocity_msg/cmake/simple_velocity_msg__rosidl_typesupport_introspection_cExport-noconfig.cmake
[3.040s] -- Installing: /home/vm/training/ros2_ws/install/simple_velocity_msg/share/simple_velocity_msg/cmake/simple_velocity_msg__rosidl_typesupport_cExport.cmake
[3.040s] -- Installing: /home/vm/training/ros2_ws/install/simple_velocity_msg/share/simple_velocity_msg/cmake/simple_velocity_msg__rosidl_typesupport_cExport-noconfig.cmake
[3.040s] -- Installing: /home/vm/training/ros2_ws/install/simple_velocity_msg/share/simple_velocity_msg/cmake/export_simple_velocity_msg__rosidl_generator_cppExport.cmake
[3.040s] -- Installing: /home/vm/training/ros2_ws/install/simple_velocity_msg/share/simple_velocity_msg/cmake/export_simple_velocity_msg__rosidl_typesupport_fastrtps_cppExport.cmake
[3.040s] -- Installing: /home/vm/training/ros2_ws/install/simple_velocity_msg/share/simple_velocity_msg/cmake/export_simple_velocity_msg__rosidl_typesupport_fastrtps_cppExport-noconfig.cmake
[3.040s] -- Installing: /home/vm/training/ros2_ws/install/simple_velocity_msg/share/simple_velocity_msg/cmake/simple_velocity_msg__rosidl_typesupport_introspection_cppExport.cmake
[3.040s] -- Installing: /home/vm/training/ros2_ws/install/simple_velocity_msg/share/simple_velocity_msg/cmake/simple_velocity_msg__rosidl_typesupport_introspection_cppExport-noconfig.cmake
[3.040s] -- Installing: /home/vm/training/ros2_ws/install/simple_velocity_msg/share/simple_velocity_msg/cmake/simple_velocity_msg__rosidl_typesupport_cppExport.cmake
[3.040s] -- Installing: /home/vm/training/ros2_ws/install/simple_velocity_msg/share/simple_velocity_msg/cmake/simple_velocity_msg__rosidl_typesupport_cppExport-noconfig.cmake
[3.040s] -- Installing: /home/vm/training/ros2_ws/install/simple_velocity_msg/share/simple_velocity_msg/cmake/export_simple_velocity_msg__rosidl_generator_pyExport.cmake
[3.040s] -- Installing: /home/vm/training/ros2_ws/install/simple_velocity_msg/share/simple_velocity_msg/cmake/export_simple_velocity_msg__rosidl_generator_pyExport-noconfig.cmake
[3.040s] -- Installing: /home/vm/training/ros2_ws/install/simple_velocity_msg/share/simple_velocity_msg/cmake/rosidl_cmake-extras.cmake
[3.040s] -- Installing: /home/vm/training/ros2_ws/install/simple_velocity_msg/share/simple_velocity_msg/cmake/ament_cmake_export_include_directories-extras.cmake
[3.040s] -- Installing: /home/vm/training/ros2_ws/install/simple_velocity_msg/share/simple_velocity_msg/cmake/ament_cmake_export_libraries-extras.cmake
[3.041s] -- Installing: /home/vm/training/ros2_ws/install/simple_velocity_msg/share/simple_velocity_msg/cmake/ament_cmake_export_targets-extras.cmake
[3.041s] -- Installing: /home/vm/training/ros2_ws/install/simple_velocity_msg/share/simple_velocity_msg/cmake/rosidl_cmake_export_typesupport_targets-extras.cmake
[3.041s] -- Installing: /home/vm/training/ros2_ws/install/simple_velocity_msg/share/simple_velocity_msg/cmake/ament_cmake_export_dependencies-extras.cmake
[3.041s] -- Installing: /home/vm/training/ros2_ws/install/simple_velocity_msg/share/simple_velocity_msg/cmake/rosidl_cmake_export_typesupport_libraries-extras.cmake
[3.041s] -- Installing: /home/vm/training/ros2_ws/install/simple_velocity_msg/share/simple_velocity_msg/cmake/simple_velocity_msgConfig.cmake
[3.041s] -- Installing: /home/vm/training/ros2_ws/install/simple_velocity_msg/share/simple_velocity_msg/cmake/simple_velocity_msgConfig-version.cmake
[3.041s] -- Installing: /home/vm/training/ros2_ws/install/simple_velocity_msg/share/simple_velocity_msg/package.xml
[3.061s] Invoked command in '/home/vm/training/ros2_ws/build/simple_velocity_msg' returned '0': CMAKE_PREFIX_PATH=${CMAKE_PREFIX_PATH}:/home/vm/training/ros2_ws/install/pingpong_pkg:/home/vm/training/new_workspace/install/my_python_package:/opt/ros/humble /usr/bin/cmake --install /home/vm/training/ros2_ws/build/simple_velocity_msg
