[0.075s] DEBUG:colcon:Command line arguments: ['/usr/bin/colcon', 'build']
[0.075s] DEBUG:colcon:Parsed command line arguments: Namespace(log_base=None, log_level=None, verb_name='build', build_base='build', install_base='install', merge_install=False, symlink_install=False, test_result_base=None, continue_on_error=False, executor='parallel', parallel_workers=4, event_handlers=None, ignore_user_meta=False, metas=['./colcon.meta'], base_paths=['.'], packages_ignore=None, packages_ignore_regex=None, paths=None, packages_up_to=None, packages_up_to_regex=None, packages_above=None, packages_above_and_dependencies=None, packages_above_depth=None, packages_select_by_dep=None, packages_skip_by_dep=None, packages_skip_up_to=None, packages_select_build_failed=False, packages_skip_build_finished=False, packages_select_test_failures=False, packages_skip_test_passed=False, packages_select=None, packages_skip=None, packages_select_regex=None, packages_skip_regex=None, packages_start=None, packages_end=None, allow_overriding=[], cmake_args=None, cmake_target=None, cmake_target_skip_unavailable=False, cmake_clean_cache=False, cmake_clean_first=False, cmake_force_configure=False, ament_cmake_args=None, catkin_cmake_args=None, catkin_skip_building_tests=False, verb_parser=<colcon_defaults.argument_parser.defaults.DefaultArgumentsDecorator object at 0x7ed2b2d45420>, verb_extension=<colcon_core.verb.build.BuildVerb object at 0x7ed2b2d44ee0>, main=<bound method BuildVerb.main of <colcon_core.verb.build.BuildVerb object at 0x7ed2b2d44ee0>>)
[0.172s] Level 1:colcon.colcon_core.package_discovery:discover_packages(colcon_meta) check parameters
[0.173s] Level 1:colcon.colcon_core.package_discovery:discover_packages(recursive) check parameters
[0.173s] Level 1:colcon.colcon_core.package_discovery:discover_packages(ignore) check parameters
[0.173s] Level 1:colcon.colcon_core.package_discovery:discover_packages(path) check parameters
[0.173s] Level 1:colcon.colcon_core.package_discovery:discover_packages(colcon_meta) discover
[0.173s] Level 1:colcon.colcon_core.package_discovery:discover_packages(recursive) discover
[0.173s] INFO:colcon.colcon_core.package_discovery:Crawling recursively for packages in '/home/vm/training/ros2_ws'
[0.173s] Level 1:colcon.colcon_core.package_identification:_identify(.) by extensions ['ignore', 'ignore_ament_install']
[0.173s] Level 1:colcon.colcon_core.package_identification:_identify(.) by extension 'ignore'
[0.173s] Level 1:colcon.colcon_core.package_identification:_identify(.) by extension 'ignore_ament_install'
[0.173s] Level 1:colcon.colcon_core.package_identification:_identify(.) by extensions ['colcon_pkg']
[0.173s] Level 1:colcon.colcon_core.package_identification:_identify(.) by extension 'colcon_pkg'
[0.173s] Level 1:colcon.colcon_core.package_identification:_identify(.) by extensions ['colcon_meta']
[0.173s] Level 1:colcon.colcon_core.package_identification:_identify(.) by extension 'colcon_meta'
[0.173s] Level 1:colcon.colcon_core.package_identification:_identify(.) by extensions ['ros']
[0.173s] Level 1:colcon.colcon_core.package_identification:_identify(.) by extension 'ros'
[0.180s] Level 1:colcon.colcon_core.package_identification:_identify(.) by extensions ['cmake', 'python']
[0.180s] Level 1:colcon.colcon_core.package_identification:_identify(.) by extension 'cmake'
[0.180s] Level 1:colcon.colcon_core.package_identification:_identify(.) by extension 'python'
[0.180s] Level 1:colcon.colcon_core.package_identification:_identify(.) by extensions ['python_setup_py']
[0.180s] Level 1:colcon.colcon_core.package_identification:_identify(.) by extension 'python_setup_py'
[0.180s] Level 1:colcon.colcon_core.package_identification:_identify(build) by extensions ['ignore', 'ignore_ament_install']
[0.181s] Level 1:colcon.colcon_core.package_identification:_identify(build) by extension 'ignore'
[0.181s] Level 1:colcon.colcon_core.package_identification:_identify(build) ignored
[0.181s] Level 1:colcon.colcon_core.package_identification:_identify(install) by extensions ['ignore', 'ignore_ament_install']
[0.181s] Level 1:colcon.colcon_core.package_identification:_identify(install) by extension 'ignore'
[0.181s] Level 1:colcon.colcon_core.package_identification:_identify(install) ignored
[0.181s] Level 1:colcon.colcon_core.package_identification:_identify(log) by extensions ['ignore', 'ignore_ament_install']
[0.181s] Level 1:colcon.colcon_core.package_identification:_identify(log) by extension 'ignore'
[0.181s] Level 1:colcon.colcon_core.package_identification:_identify(log) ignored
[0.181s] Level 1:colcon.colcon_core.package_identification:_identify(src) by extensions ['ignore', 'ignore_ament_install']
[0.181s] Level 1:colcon.colcon_core.package_identification:_identify(src) by extension 'ignore'
[0.181s] Level 1:colcon.colcon_core.package_identification:_identify(src) by extension 'ignore_ament_install'
[0.181s] Level 1:colcon.colcon_core.package_identification:_identify(src) by extensions ['colcon_pkg']
[0.181s] Level 1:colcon.colcon_core.package_identification:_identify(src) by extension 'colcon_pkg'
[0.181s] Level 1:colcon.colcon_core.package_identification:_identify(src) by extensions ['colcon_meta']
[0.181s] Level 1:colcon.colcon_core.package_identification:_identify(src) by extension 'colcon_meta'
[0.181s] Level 1:colcon.colcon_core.package_identification:_identify(src) by extensions ['ros']
[0.181s] Level 1:colcon.colcon_core.package_identification:_identify(src) by extension 'ros'
[0.181s] Level 1:colcon.colcon_core.package_identification:_identify(src) by extensions ['cmake', 'python']
[0.181s] Level 1:colcon.colcon_core.package_identification:_identify(src) by extension 'cmake'
[0.181s] Level 1:colcon.colcon_core.package_identification:_identify(src) by extension 'python'
[0.181s] Level 1:colcon.colcon_core.package_identification:_identify(src) by extensions ['python_setup_py']
[0.182s] Level 1:colcon.colcon_core.package_identification:_identify(src) by extension 'python_setup_py'
[0.182s] Level 1:colcon.colcon_core.package_identification:_identify(src/build) by extensions ['ignore', 'ignore_ament_install']
[0.182s] Level 1:colcon.colcon_core.package_identification:_identify(src/build) by extension 'ignore'
[0.182s] Level 1:colcon.colcon_core.package_identification:_identify(src/build) ignored
[0.182s] Level 1:colcon.colcon_core.package_identification:_identify(src/camera_service) by extensions ['ignore', 'ignore_ament_install']
[0.182s] Level 1:colcon.colcon_core.package_identification:_identify(src/camera_service) by extension 'ignore'
[0.182s] Level 1:colcon.colcon_core.package_identification:_identify(src/camera_service) by extension 'ignore_ament_install'
[0.182s] Level 1:colcon.colcon_core.package_identification:_identify(src/camera_service) by extensions ['colcon_pkg']
[0.182s] Level 1:colcon.colcon_core.package_identification:_identify(src/camera_service) by extension 'colcon_pkg'
[0.182s] Level 1:colcon.colcon_core.package_identification:_identify(src/camera_service) by extensions ['colcon_meta']
[0.182s] Level 1:colcon.colcon_core.package_identification:_identify(src/camera_service) by extension 'colcon_meta'
[0.182s] Level 1:colcon.colcon_core.package_identification:_identify(src/camera_service) by extensions ['ros']
[0.182s] Level 1:colcon.colcon_core.package_identification:_identify(src/camera_service) by extension 'ros'
[0.184s] DEBUG:colcon.colcon_core.package_identification:Package 'src/camera_service' with type 'ros.ament_python' and name 'camera_service'
[0.184s] Level 1:colcon.colcon_core.package_identification:_identify(src/custom_msg_publisher) by extensions ['ignore', 'ignore_ament_install']
[0.184s] Level 1:colcon.colcon_core.package_identification:_identify(src/custom_msg_publisher) by extension 'ignore'
[0.184s] Level 1:colcon.colcon_core.package_identification:_identify(src/custom_msg_publisher) by extension 'ignore_ament_install'
[0.184s] Level 1:colcon.colcon_core.package_identification:_identify(src/custom_msg_publisher) by extensions ['colcon_pkg']
[0.184s] Level 1:colcon.colcon_core.package_identification:_identify(src/custom_msg_publisher) by extension 'colcon_pkg'
[0.184s] Level 1:colcon.colcon_core.package_identification:_identify(src/custom_msg_publisher) by extensions ['colcon_meta']
[0.184s] Level 1:colcon.colcon_core.package_identification:_identify(src/custom_msg_publisher) by extension 'colcon_meta'
[0.184s] Level 1:colcon.colcon_core.package_identification:_identify(src/custom_msg_publisher) by extensions ['ros']
[0.184s] Level 1:colcon.colcon_core.package_identification:_identify(src/custom_msg_publisher) by extension 'ros'
[0.184s] DEBUG:colcon.colcon_core.package_identification:Package 'src/custom_msg_publisher' with type 'ros.ament_python' and name 'custom_msg_publisher'
[0.184s] Level 1:colcon.colcon_core.package_identification:_identify(src/custom_msg_subscriber) by extensions ['ignore', 'ignore_ament_install']
[0.185s] Level 1:colcon.colcon_core.package_identification:_identify(src/custom_msg_subscriber) by extension 'ignore'
[0.185s] Level 1:colcon.colcon_core.package_identification:_identify(src/custom_msg_subscriber) by extension 'ignore_ament_install'
[0.185s] Level 1:colcon.colcon_core.package_identification:_identify(src/custom_msg_subscriber) by extensions ['colcon_pkg']
[0.185s] Level 1:colcon.colcon_core.package_identification:_identify(src/custom_msg_subscriber) by extension 'colcon_pkg'
[0.185s] Level 1:colcon.colcon_core.package_identification:_identify(src/custom_msg_subscriber) by extensions ['colcon_meta']
[0.185s] Level 1:colcon.colcon_core.package_identification:_identify(src/custom_msg_subscriber) by extension 'colcon_meta'
[0.185s] Level 1:colcon.colcon_core.package_identification:_identify(src/custom_msg_subscriber) by extensions ['ros']
[0.185s] Level 1:colcon.colcon_core.package_identification:_identify(src/custom_msg_subscriber) by extension 'ros'
[0.185s] DEBUG:colcon.colcon_core.package_identification:Package 'src/custom_msg_subscriber' with type 'ros.ament_python' and name 'custom_msg_subscriber'
[0.185s] Level 1:colcon.colcon_core.package_identification:_identify(src/image_viewer) by extensions ['ignore', 'ignore_ament_install']
[0.185s] Level 1:colcon.colcon_core.package_identification:_identify(src/image_viewer) by extension 'ignore'
[0.185s] Level 1:colcon.colcon_core.package_identification:_identify(src/image_viewer) by extension 'ignore_ament_install'
[0.185s] Level 1:colcon.colcon_core.package_identification:_identify(src/image_viewer) by extensions ['colcon_pkg']
[0.185s] Level 1:colcon.colcon_core.package_identification:_identify(src/image_viewer) by extension 'colcon_pkg'
[0.185s] Level 1:colcon.colcon_core.package_identification:_identify(src/image_viewer) by extensions ['colcon_meta']
[0.185s] Level 1:colcon.colcon_core.package_identification:_identify(src/image_viewer) by extension 'colcon_meta'
[0.186s] Level 1:colcon.colcon_core.package_identification:_identify(src/image_viewer) by extensions ['ros']
[0.186s] Level 1:colcon.colcon_core.package_identification:_identify(src/image_viewer) by extension 'ros'
[0.186s] DEBUG:colcon.colcon_core.package_identification:Package 'src/image_viewer' with type 'ros.ament_python' and name 'image_viewer'
[0.186s] Level 1:colcon.colcon_core.package_identification:_identify(src/install) by extensions ['ignore', 'ignore_ament_install']
[0.186s] Level 1:colcon.colcon_core.package_identification:_identify(src/install) by extension 'ignore'
[0.186s] Level 1:colcon.colcon_core.package_identification:_identify(src/install) ignored
[0.186s] Level 1:colcon.colcon_core.package_identification:_identify(src/log) by extensions ['ignore', 'ignore_ament_install']
[0.186s] Level 1:colcon.colcon_core.package_identification:_identify(src/log) by extension 'ignore'
[0.186s] Level 1:colcon.colcon_core.package_identification:_identify(src/log) ignored
[0.186s] Level 1:colcon.colcon_core.package_identification:_identify(src/object_spawner) by extensions ['ignore', 'ignore_ament_install']
[0.186s] Level 1:colcon.colcon_core.package_identification:_identify(src/object_spawner) by extension 'ignore'
[0.186s] Level 1:colcon.colcon_core.package_identification:_identify(src/object_spawner) by extension 'ignore_ament_install'
[0.187s] Level 1:colcon.colcon_core.package_identification:_identify(src/object_spawner) by extensions ['colcon_pkg']
[0.187s] Level 1:colcon.colcon_core.package_identification:_identify(src/object_spawner) by extension 'colcon_pkg'
[0.187s] Level 1:colcon.colcon_core.package_identification:_identify(src/object_spawner) by extensions ['colcon_meta']
[0.187s] Level 1:colcon.colcon_core.package_identification:_identify(src/object_spawner) by extension 'colcon_meta'
[0.187s] Level 1:colcon.colcon_core.package_identification:_identify(src/object_spawner) by extensions ['ros']
[0.187s] Level 1:colcon.colcon_core.package_identification:_identify(src/object_spawner) by extension 'ros'
[0.187s] DEBUG:colcon.colcon_core.package_identification:Package 'src/object_spawner' with type 'ros.ament_python' and name 'object_spawner'
[0.187s] Level 1:colcon.colcon_core.package_identification:_identify(src/perception_msgs) by extensions ['ignore', 'ignore_ament_install']
[0.187s] Level 1:colcon.colcon_core.package_identification:_identify(src/perception_msgs) by extension 'ignore'
[0.187s] Level 1:colcon.colcon_core.package_identification:_identify(src/perception_msgs) by extension 'ignore_ament_install'
[0.187s] Level 1:colcon.colcon_core.package_identification:_identify(src/perception_msgs) by extensions ['colcon_pkg']
[0.187s] Level 1:colcon.colcon_core.package_identification:_identify(src/perception_msgs) by extension 'colcon_pkg'
[0.187s] Level 1:colcon.colcon_core.package_identification:_identify(src/perception_msgs) by extensions ['colcon_meta']
[0.187s] Level 1:colcon.colcon_core.package_identification:_identify(src/perception_msgs) by extension 'colcon_meta'
[0.187s] Level 1:colcon.colcon_core.package_identification:_identify(src/perception_msgs) by extensions ['ros']
[0.187s] Level 1:colcon.colcon_core.package_identification:_identify(src/perception_msgs) by extension 'ros'
[0.188s] DEBUG:colcon.colcon_core.package_identification:Package 'src/perception_msgs' with type 'ros.ament_cmake' and name 'perception_msgs'
[0.188s] Level 1:colcon.colcon_core.package_identification:_identify(src/pingpong_pkg) by extensions ['ignore', 'ignore_ament_install']
[0.188s] Level 1:colcon.colcon_core.package_identification:_identify(src/pingpong_pkg) by extension 'ignore'
[0.188s] Level 1:colcon.colcon_core.package_identification:_identify(src/pingpong_pkg) by extension 'ignore_ament_install'
[0.188s] Level 1:colcon.colcon_core.package_identification:_identify(src/pingpong_pkg) by extensions ['colcon_pkg']
[0.188s] Level 1:colcon.colcon_core.package_identification:_identify(src/pingpong_pkg) by extension 'colcon_pkg'
[0.188s] Level 1:colcon.colcon_core.package_identification:_identify(src/pingpong_pkg) by extensions ['colcon_meta']
[0.188s] Level 1:colcon.colcon_core.package_identification:_identify(src/pingpong_pkg) by extension 'colcon_meta'
[0.188s] Level 1:colcon.colcon_core.package_identification:_identify(src/pingpong_pkg) by extensions ['ros']
[0.188s] Level 1:colcon.colcon_core.package_identification:_identify(src/pingpong_pkg) by extension 'ros'
[0.188s] DEBUG:colcon.colcon_core.package_identification:Package 'src/pingpong_pkg' with type 'ros.ament_python' and name 'pingpong_pkg'
[0.189s] Level 1:colcon.colcon_core.package_identification:_identify(src/simple_velocity_msg) by extensions ['ignore', 'ignore_ament_install']
[0.189s] Level 1:colcon.colcon_core.package_identification:_identify(src/simple_velocity_msg) by extension 'ignore'
[0.189s] Level 1:colcon.colcon_core.package_identification:_identify(src/simple_velocity_msg) by extension 'ignore_ament_install'
[0.189s] Level 1:colcon.colcon_core.package_identification:_identify(src/simple_velocity_msg) by extensions ['colcon_pkg']
[0.189s] Level 1:colcon.colcon_core.package_identification:_identify(src/simple_velocity_msg) by extension 'colcon_pkg'
[0.189s] Level 1:colcon.colcon_core.package_identification:_identify(src/simple_velocity_msg) by extensions ['colcon_meta']
[0.189s] Level 1:colcon.colcon_core.package_identification:_identify(src/simple_velocity_msg) by extension 'colcon_meta'
[0.189s] Level 1:colcon.colcon_core.package_identification:_identify(src/simple_velocity_msg) by extensions ['ros']
[0.189s] Level 1:colcon.colcon_core.package_identification:_identify(src/simple_velocity_msg) by extension 'ros'
[0.189s] DEBUG:colcon.colcon_core.package_identification:Package 'src/simple_velocity_msg' with type 'ros.ament_cmake' and name 'simple_velocity_msg'
[0.189s] Level 1:colcon.colcon_core.package_identification:_identify(src/teleop_keyboard) by extensions ['ignore', 'ignore_ament_install']
[0.189s] Level 1:colcon.colcon_core.package_identification:_identify(src/teleop_keyboard) by extension 'ignore'
[0.189s] Level 1:colcon.colcon_core.package_identification:_identify(src/teleop_keyboard) by extension 'ignore_ament_install'
[0.190s] Level 1:colcon.colcon_core.package_identification:_identify(src/teleop_keyboard) by extensions ['colcon_pkg']
[0.190s] Level 1:colcon.colcon_core.package_identification:_identify(src/teleop_keyboard) by extension 'colcon_pkg'
[0.190s] Level 1:colcon.colcon_core.package_identification:_identify(src/teleop_keyboard) by extensions ['colcon_meta']
[0.190s] Level 1:colcon.colcon_core.package_identification:_identify(src/teleop_keyboard) by extension 'colcon_meta'
[0.190s] Level 1:colcon.colcon_core.package_identification:_identify(src/teleop_keyboard) by extensions ['ros']
[0.190s] Level 1:colcon.colcon_core.package_identification:_identify(src/teleop_keyboard) by extension 'ros'
[0.190s] DEBUG:colcon.colcon_core.package_identification:Package 'src/teleop_keyboard' with type 'ros.ament_python' and name 'teleop_keyboard'
[0.190s] Level 1:colcon.colcon_core.package_discovery:discover_packages(recursive) using defaults
[0.190s] Level 1:colcon.colcon_core.package_discovery:discover_packages(ignore) discover
[0.190s] Level 1:colcon.colcon_core.package_discovery:discover_packages(ignore) using defaults
[0.190s] Level 1:colcon.colcon_core.package_discovery:discover_packages(path) discover
[0.190s] Level 1:colcon.colcon_core.package_discovery:discover_packages(path) using defaults
[0.204s] Level 1:colcon.colcon_core.package_discovery:discover_packages(prefix_path) check parameters
[0.204s] Level 1:colcon.colcon_core.package_discovery:discover_packages(prefix_path) discover
[0.206s] DEBUG:colcon.colcon_installed_package_information.package_discovery:Found 9 installed packages in /home/vm/training/ros2_ws/install
[0.206s] DEBUG:colcon.colcon_installed_package_information.package_discovery:Found 4 installed packages in /home/vm/training/new_workspace/install
[0.207s] DEBUG:colcon.colcon_installed_package_information.package_discovery:Found 273 installed packages in /opt/ros/humble
[0.213s] Level 1:colcon.colcon_core.package_discovery:discover_packages(prefix_path) using defaults
[0.235s] Level 5:colcon.colcon_core.verb:set package 'camera_service' build argument 'cmake_args' from command line to 'None'
[0.235s] Level 5:colcon.colcon_core.verb:set package 'camera_service' build argument 'cmake_target' from command line to 'None'
[0.235s] Level 5:colcon.colcon_core.verb:set package 'camera_service' build argument 'cmake_target_skip_unavailable' from command line to 'False'
[0.235s] Level 5:colcon.colcon_core.verb:set package 'camera_service' build argument 'cmake_clean_cache' from command line to 'False'
[0.235s] Level 5:colcon.colcon_core.verb:set package 'camera_service' build argument 'cmake_clean_first' from command line to 'False'
[0.235s] Level 5:colcon.colcon_core.verb:set package 'camera_service' build argument 'cmake_force_configure' from command line to 'False'
[0.235s] Level 5:colcon.colcon_core.verb:set package 'camera_service' build argument 'ament_cmake_args' from command line to 'None'
[0.235s] Level 5:colcon.colcon_core.verb:set package 'camera_service' build argument 'catkin_cmake_args' from command line to 'None'
[0.235s] Level 5:colcon.colcon_core.verb:set package 'camera_service' build argument 'catkin_skip_building_tests' from command line to 'False'
[0.235s] DEBUG:colcon.colcon_core.verb:Building package 'camera_service' with the following arguments: {'ament_cmake_args': None, 'build_base': '/home/vm/training/ros2_ws/build/camera_service', 'catkin_cmake_args': None, 'catkin_skip_building_tests': False, 'cmake_args': None, 'cmake_clean_cache': False, 'cmake_clean_first': False, 'cmake_force_configure': False, 'cmake_target': None, 'cmake_target_skip_unavailable': False, 'install_base': '/home/vm/training/ros2_ws/install/camera_service', 'merge_install': False, 'path': '/home/vm/training/ros2_ws/src/camera_service', 'symlink_install': False, 'test_result_base': None}
[0.236s] Level 5:colcon.colcon_core.verb:set package 'custom_msg_publisher' build argument 'cmake_args' from command line to 'None'
[0.236s] Level 5:colcon.colcon_core.verb:set package 'custom_msg_publisher' build argument 'cmake_target' from command line to 'None'
[0.236s] Level 5:colcon.colcon_core.verb:set package 'custom_msg_publisher' build argument 'cmake_target_skip_unavailable' from command line to 'False'
[0.236s] Level 5:colcon.colcon_core.verb:set package 'custom_msg_publisher' build argument 'cmake_clean_cache' from command line to 'False'
[0.236s] Level 5:colcon.colcon_core.verb:set package 'custom_msg_publisher' build argument 'cmake_clean_first' from command line to 'False'
[0.236s] Level 5:colcon.colcon_core.verb:set package 'custom_msg_publisher' build argument 'cmake_force_configure' from command line to 'False'
[0.236s] Level 5:colcon.colcon_core.verb:set package 'custom_msg_publisher' build argument 'ament_cmake_args' from command line to 'None'
[0.236s] Level 5:colcon.colcon_core.verb:set package 'custom_msg_publisher' build argument 'catkin_cmake_args' from command line to 'None'
[0.236s] Level 5:colcon.colcon_core.verb:set package 'custom_msg_publisher' build argument 'catkin_skip_building_tests' from command line to 'False'
[0.236s] DEBUG:colcon.colcon_core.verb:Building package 'custom_msg_publisher' with the following arguments: {'ament_cmake_args': None, 'build_base': '/home/vm/training/ros2_ws/build/custom_msg_publisher', 'catkin_cmake_args': None, 'catkin_skip_building_tests': False, 'cmake_args': None, 'cmake_clean_cache': False, 'cmake_clean_first': False, 'cmake_force_configure': False, 'cmake_target': None, 'cmake_target_skip_unavailable': False, 'install_base': '/home/vm/training/ros2_ws/install/custom_msg_publisher', 'merge_install': False, 'path': '/home/vm/training/ros2_ws/src/custom_msg_publisher', 'symlink_install': False, 'test_result_base': None}
[0.236s] Level 5:colcon.colcon_core.verb:set package 'custom_msg_subscriber' build argument 'cmake_args' from command line to 'None'
[0.236s] Level 5:colcon.colcon_core.verb:set package 'custom_msg_subscriber' build argument 'cmake_target' from command line to 'None'
[0.236s] Level 5:colcon.colcon_core.verb:set package 'custom_msg_subscriber' build argument 'cmake_target_skip_unavailable' from command line to 'False'
[0.236s] Level 5:colcon.colcon_core.verb:set package 'custom_msg_subscriber' build argument 'cmake_clean_cache' from command line to 'False'
[0.236s] Level 5:colcon.colcon_core.verb:set package 'custom_msg_subscriber' build argument 'cmake_clean_first' from command line to 'False'
[0.236s] Level 5:colcon.colcon_core.verb:set package 'custom_msg_subscriber' build argument 'cmake_force_configure' from command line to 'False'
[0.236s] Level 5:colcon.colcon_core.verb:set package 'custom_msg_subscriber' build argument 'ament_cmake_args' from command line to 'None'
[0.236s] Level 5:colcon.colcon_core.verb:set package 'custom_msg_subscriber' build argument 'catkin_cmake_args' from command line to 'None'
[0.236s] Level 5:colcon.colcon_core.verb:set package 'custom_msg_subscriber' build argument 'catkin_skip_building_tests' from command line to 'False'
[0.236s] DEBUG:colcon.colcon_core.verb:Building package 'custom_msg_subscriber' with the following arguments: {'ament_cmake_args': None, 'build_base': '/home/vm/training/ros2_ws/build/custom_msg_subscriber', 'catkin_cmake_args': None, 'catkin_skip_building_tests': False, 'cmake_args': None, 'cmake_clean_cache': False, 'cmake_clean_first': False, 'cmake_force_configure': False, 'cmake_target': None, 'cmake_target_skip_unavailable': False, 'install_base': '/home/vm/training/ros2_ws/install/custom_msg_subscriber', 'merge_install': False, 'path': '/home/vm/training/ros2_ws/src/custom_msg_subscriber', 'symlink_install': False, 'test_result_base': None}
[0.236s] Level 5:colcon.colcon_core.verb:set package 'image_viewer' build argument 'cmake_args' from command line to 'None'
[0.236s] Level 5:colcon.colcon_core.verb:set package 'image_viewer' build argument 'cmake_target' from command line to 'None'
[0.236s] Level 5:colcon.colcon_core.verb:set package 'image_viewer' build argument 'cmake_target_skip_unavailable' from command line to 'False'
[0.236s] Level 5:colcon.colcon_core.verb:set package 'image_viewer' build argument 'cmake_clean_cache' from command line to 'False'
[0.236s] Level 5:colcon.colcon_core.verb:set package 'image_viewer' build argument 'cmake_clean_first' from command line to 'False'
[0.237s] Level 5:colcon.colcon_core.verb:set package 'image_viewer' build argument 'cmake_force_configure' from command line to 'False'
[0.237s] Level 5:colcon.colcon_core.verb:set package 'image_viewer' build argument 'ament_cmake_args' from command line to 'None'
[0.237s] Level 5:colcon.colcon_core.verb:set package 'image_viewer' build argument 'catkin_cmake_args' from command line to 'None'
[0.237s] Level 5:colcon.colcon_core.verb:set package 'image_viewer' build argument 'catkin_skip_building_tests' from command line to 'False'
[0.237s] DEBUG:colcon.colcon_core.verb:Building package 'image_viewer' with the following arguments: {'ament_cmake_args': None, 'build_base': '/home/vm/training/ros2_ws/build/image_viewer', 'catkin_cmake_args': None, 'catkin_skip_building_tests': False, 'cmake_args': None, 'cmake_clean_cache': False, 'cmake_clean_first': False, 'cmake_force_configure': False, 'cmake_target': None, 'cmake_target_skip_unavailable': False, 'install_base': '/home/vm/training/ros2_ws/install/image_viewer', 'merge_install': False, 'path': '/home/vm/training/ros2_ws/src/image_viewer', 'symlink_install': False, 'test_result_base': None}
[0.237s] Level 5:colcon.colcon_core.verb:set package 'object_spawner' build argument 'cmake_args' from command line to 'None'
[0.237s] Level 5:colcon.colcon_core.verb:set package 'object_spawner' build argument 'cmake_target' from command line to 'None'
[0.237s] Level 5:colcon.colcon_core.verb:set package 'object_spawner' build argument 'cmake_target_skip_unavailable' from command line to 'False'
[0.237s] Level 5:colcon.colcon_core.verb:set package 'object_spawner' build argument 'cmake_clean_cache' from command line to 'False'
[0.237s] Level 5:colcon.colcon_core.verb:set package 'object_spawner' build argument 'cmake_clean_first' from command line to 'False'
[0.237s] Level 5:colcon.colcon_core.verb:set package 'object_spawner' build argument 'cmake_force_configure' from command line to 'False'
[0.237s] Level 5:colcon.colcon_core.verb:set package 'object_spawner' build argument 'ament_cmake_args' from command line to 'None'
[0.237s] Level 5:colcon.colcon_core.verb:set package 'object_spawner' build argument 'catkin_cmake_args' from command line to 'None'
[0.237s] Level 5:colcon.colcon_core.verb:set package 'object_spawner' build argument 'catkin_skip_building_tests' from command line to 'False'
[0.237s] DEBUG:colcon.colcon_core.verb:Building package 'object_spawner' with the following arguments: {'ament_cmake_args': None, 'build_base': '/home/vm/training/ros2_ws/build/object_spawner', 'catkin_cmake_args': None, 'catkin_skip_building_tests': False, 'cmake_args': None, 'cmake_clean_cache': False, 'cmake_clean_first': False, 'cmake_force_configure': False, 'cmake_target': None, 'cmake_target_skip_unavailable': False, 'install_base': '/home/vm/training/ros2_ws/install/object_spawner', 'merge_install': False, 'path': '/home/vm/training/ros2_ws/src/object_spawner', 'symlink_install': False, 'test_result_base': None}
[0.237s] Level 5:colcon.colcon_core.verb:set package 'perception_msgs' build argument 'cmake_args' from command line to 'None'
[0.237s] Level 5:colcon.colcon_core.verb:set package 'perception_msgs' build argument 'cmake_target' from command line to 'None'
[0.237s] Level 5:colcon.colcon_core.verb:set package 'perception_msgs' build argument 'cmake_target_skip_unavailable' from command line to 'False'
[0.237s] Level 5:colcon.colcon_core.verb:set package 'perception_msgs' build argument 'cmake_clean_cache' from command line to 'False'
[0.237s] Level 5:colcon.colcon_core.verb:set package 'perception_msgs' build argument 'cmake_clean_first' from command line to 'False'
[0.237s] Level 5:colcon.colcon_core.verb:set package 'perception_msgs' build argument 'cmake_force_configure' from command line to 'False'
[0.237s] Level 5:colcon.colcon_core.verb:set package 'perception_msgs' build argument 'ament_cmake_args' from command line to 'None'
[0.237s] Level 5:colcon.colcon_core.verb:set package 'perception_msgs' build argument 'catkin_cmake_args' from command line to 'None'
[0.237s] Level 5:colcon.colcon_core.verb:set package 'perception_msgs' build argument 'catkin_skip_building_tests' from command line to 'False'
[0.237s] DEBUG:colcon.colcon_core.verb:Building package 'perception_msgs' with the following arguments: {'ament_cmake_args': None, 'build_base': '/home/vm/training/ros2_ws/build/perception_msgs', 'catkin_cmake_args': None, 'catkin_skip_building_tests': False, 'cmake_args': None, 'cmake_clean_cache': False, 'cmake_clean_first': False, 'cmake_force_configure': False, 'cmake_target': None, 'cmake_target_skip_unavailable': False, 'install_base': '/home/vm/training/ros2_ws/install/perception_msgs', 'merge_install': False, 'path': '/home/vm/training/ros2_ws/src/perception_msgs', 'symlink_install': False, 'test_result_base': None}
[0.238s] Level 5:colcon.colcon_core.verb:set package 'pingpong_pkg' build argument 'cmake_args' from command line to 'None'
[0.238s] Level 5:colcon.colcon_core.verb:set package 'pingpong_pkg' build argument 'cmake_target' from command line to 'None'
[0.238s] Level 5:colcon.colcon_core.verb:set package 'pingpong_pkg' build argument 'cmake_target_skip_unavailable' from command line to 'False'
[0.238s] Level 5:colcon.colcon_core.verb:set package 'pingpong_pkg' build argument 'cmake_clean_cache' from command line to 'False'
[0.238s] Level 5:colcon.colcon_core.verb:set package 'pingpong_pkg' build argument 'cmake_clean_first' from command line to 'False'
[0.238s] Level 5:colcon.colcon_core.verb:set package 'pingpong_pkg' build argument 'cmake_force_configure' from command line to 'False'
[0.238s] Level 5:colcon.colcon_core.verb:set package 'pingpong_pkg' build argument 'ament_cmake_args' from command line to 'None'
[0.238s] Level 5:colcon.colcon_core.verb:set package 'pingpong_pkg' build argument 'catkin_cmake_args' from command line to 'None'
[0.238s] Level 5:colcon.colcon_core.verb:set package 'pingpong_pkg' build argument 'catkin_skip_building_tests' from command line to 'False'
[0.238s] DEBUG:colcon.colcon_core.verb:Building package 'pingpong_pkg' with the following arguments: {'ament_cmake_args': None, 'build_base': '/home/vm/training/ros2_ws/build/pingpong_pkg', 'catkin_cmake_args': None, 'catkin_skip_building_tests': False, 'cmake_args': None, 'cmake_clean_cache': False, 'cmake_clean_first': False, 'cmake_force_configure': False, 'cmake_target': None, 'cmake_target_skip_unavailable': False, 'install_base': '/home/vm/training/ros2_ws/install/pingpong_pkg', 'merge_install': False, 'path': '/home/vm/training/ros2_ws/src/pingpong_pkg', 'symlink_install': False, 'test_result_base': None}
[0.238s] Level 5:colcon.colcon_core.verb:set package 'simple_velocity_msg' build argument 'cmake_args' from command line to 'None'
[0.238s] Level 5:colcon.colcon_core.verb:set package 'simple_velocity_msg' build argument 'cmake_target' from command line to 'None'
[0.238s] Level 5:colcon.colcon_core.verb:set package 'simple_velocity_msg' build argument 'cmake_target_skip_unavailable' from command line to 'False'
[0.238s] Level 5:colcon.colcon_core.verb:set package 'simple_velocity_msg' build argument 'cmake_clean_cache' from command line to 'False'
[0.238s] Level 5:colcon.colcon_core.verb:set package 'simple_velocity_msg' build argument 'cmake_clean_first' from command line to 'False'
[0.238s] Level 5:colcon.colcon_core.verb:set package 'simple_velocity_msg' build argument 'cmake_force_configure' from command line to 'False'
[0.238s] Level 5:colcon.colcon_core.verb:set package 'simple_velocity_msg' build argument 'ament_cmake_args' from command line to 'None'
[0.238s] Level 5:colcon.colcon_core.verb:set package 'simple_velocity_msg' build argument 'catkin_cmake_args' from command line to 'None'
[0.238s] Level 5:colcon.colcon_core.verb:set package 'simple_velocity_msg' build argument 'catkin_skip_building_tests' from command line to 'False'
[0.238s] DEBUG:colcon.colcon_core.verb:Building package 'simple_velocity_msg' with the following arguments: {'ament_cmake_args': None, 'build_base': '/home/vm/training/ros2_ws/build/simple_velocity_msg', 'catkin_cmake_args': None, 'catkin_skip_building_tests': False, 'cmake_args': None, 'cmake_clean_cache': False, 'cmake_clean_first': False, 'cmake_force_configure': False, 'cmake_target': None, 'cmake_target_skip_unavailable': False, 'install_base': '/home/vm/training/ros2_ws/install/simple_velocity_msg', 'merge_install': False, 'path': '/home/vm/training/ros2_ws/src/simple_velocity_msg', 'symlink_install': False, 'test_result_base': None}
[0.238s] Level 5:colcon.colcon_core.verb:set package 'teleop_keyboard' build argument 'cmake_args' from command line to 'None'
[0.238s] Level 5:colcon.colcon_core.verb:set package 'teleop_keyboard' build argument 'cmake_target' from command line to 'None'
[0.238s] Level 5:colcon.colcon_core.verb:set package 'teleop_keyboard' build argument 'cmake_target_skip_unavailable' from command line to 'False'
[0.238s] Level 5:colcon.colcon_core.verb:set package 'teleop_keyboard' build argument 'cmake_clean_cache' from command line to 'False'
[0.238s] Level 5:colcon.colcon_core.verb:set package 'teleop_keyboard' build argument 'cmake_clean_first' from command line to 'False'
[0.239s] Level 5:colcon.colcon_core.verb:set package 'teleop_keyboard' build argument 'cmake_force_configure' from command line to 'False'
[0.239s] Level 5:colcon.colcon_core.verb:set package 'teleop_keyboard' build argument 'ament_cmake_args' from command line to 'None'
[0.239s] Level 5:colcon.colcon_core.verb:set package 'teleop_keyboard' build argument 'catkin_cmake_args' from command line to 'None'
[0.239s] Level 5:colcon.colcon_core.verb:set package 'teleop_keyboard' build argument 'catkin_skip_building_tests' from command line to 'False'
[0.239s] DEBUG:colcon.colcon_core.verb:Building package 'teleop_keyboard' with the following arguments: {'ament_cmake_args': None, 'build_base': '/home/vm/training/ros2_ws/build/teleop_keyboard', 'catkin_cmake_args': None, 'catkin_skip_building_tests': False, 'cmake_args': None, 'cmake_clean_cache': False, 'cmake_clean_first': False, 'cmake_force_configure': False, 'cmake_target': None, 'cmake_target_skip_unavailable': False, 'install_base': '/home/vm/training/ros2_ws/install/teleop_keyboard', 'merge_install': False, 'path': '/home/vm/training/ros2_ws/src/teleop_keyboard', 'symlink_install': False, 'test_result_base': None}
[0.239s] INFO:colcon.colcon_core.executor:Executing jobs using 'parallel' executor
[0.240s] DEBUG:colcon.colcon_parallel_executor.executor.parallel:run_until_complete
[0.240s] INFO:colcon.colcon_ros.task.ament_python.build:Building ROS package in '/home/vm/training/ros2_ws/src/camera_service' with build type 'ament_python'
[0.240s] Level 1:colcon.colcon_core.shell:create_environment_hook('camera_service', 'ament_prefix_path')
[0.242s] INFO:colcon.colcon_core.plugin_system:Skipping extension 'colcon_core.shell.bat': Not used on non-Windows systems
[0.242s] INFO:colcon.colcon_core.shell:Creating environment hook '/home/vm/training/ros2_ws/install/camera_service/share/camera_service/hook/ament_prefix_path.ps1'
[0.242s] INFO:colcon.colcon_core.shell:Creating environment descriptor '/home/vm/training/ros2_ws/install/camera_service/share/camera_service/hook/ament_prefix_path.dsv'
[0.242s] INFO:colcon.colcon_core.shell:Creating environment hook '/home/vm/training/ros2_ws/install/camera_service/share/camera_service/hook/ament_prefix_path.sh'
[0.243s] INFO:colcon.colcon_core.shell:Skip shell extension 'powershell' for command environment: Not usable outside of PowerShell
[0.243s] DEBUG:colcon.colcon_core.shell:Skip shell extension 'dsv' for command environment
[0.246s] INFO:colcon.colcon_ros.task.ament_python.build:Building ROS package in '/home/vm/training/ros2_ws/src/custom_msg_publisher' with build type 'ament_python'
[0.246s] Level 1:colcon.colcon_core.shell:create_environment_hook('custom_msg_publisher', 'ament_prefix_path')
[0.246s] INFO:colcon.colcon_core.shell:Creating environment hook '/home/vm/training/ros2_ws/install/custom_msg_publisher/share/custom_msg_publisher/hook/ament_prefix_path.ps1'
[0.246s] INFO:colcon.colcon_core.shell:Creating environment descriptor '/home/vm/training/ros2_ws/install/custom_msg_publisher/share/custom_msg_publisher/hook/ament_prefix_path.dsv'
[0.247s] INFO:colcon.colcon_core.shell:Creating environment hook '/home/vm/training/ros2_ws/install/custom_msg_publisher/share/custom_msg_publisher/hook/ament_prefix_path.sh'
[0.247s] INFO:colcon.colcon_core.shell:Skip shell extension 'powershell' for command environment: Not usable outside of PowerShell
[0.247s] DEBUG:colcon.colcon_core.shell:Skip shell extension 'dsv' for command environment
[0.250s] INFO:colcon.colcon_ros.task.ament_python.build:Building ROS package in '/home/vm/training/ros2_ws/src/custom_msg_subscriber' with build type 'ament_python'
[0.250s] Level 1:colcon.colcon_core.shell:create_environment_hook('custom_msg_subscriber', 'ament_prefix_path')
[0.250s] INFO:colcon.colcon_core.shell:Creating environment hook '/home/vm/training/ros2_ws/install/custom_msg_subscriber/share/custom_msg_subscriber/hook/ament_prefix_path.ps1'
[0.251s] INFO:colcon.colcon_core.shell:Creating environment descriptor '/home/vm/training/ros2_ws/install/custom_msg_subscriber/share/custom_msg_subscriber/hook/ament_prefix_path.dsv'
[0.251s] INFO:colcon.colcon_core.shell:Creating environment hook '/home/vm/training/ros2_ws/install/custom_msg_subscriber/share/custom_msg_subscriber/hook/ament_prefix_path.sh'
[0.251s] INFO:colcon.colcon_core.shell:Skip shell extension 'powershell' for command environment: Not usable outside of PowerShell
[0.251s] DEBUG:colcon.colcon_core.shell:Skip shell extension 'dsv' for command environment
[0.257s] INFO:colcon.colcon_ros.task.ament_python.build:Building ROS package in '/home/vm/training/ros2_ws/src/image_viewer' with build type 'ament_python'
[0.257s] Level 1:colcon.colcon_core.shell:create_environment_hook('image_viewer', 'ament_prefix_path')
[0.257s] INFO:colcon.colcon_core.shell:Creating environment hook '/home/vm/training/ros2_ws/install/image_viewer/share/image_viewer/hook/ament_prefix_path.ps1'
[0.258s] INFO:colcon.colcon_core.shell:Creating environment descriptor '/home/vm/training/ros2_ws/install/image_viewer/share/image_viewer/hook/ament_prefix_path.dsv'
[0.258s] INFO:colcon.colcon_core.shell:Creating environment hook '/home/vm/training/ros2_ws/install/image_viewer/share/image_viewer/hook/ament_prefix_path.sh'
[0.258s] INFO:colcon.colcon_core.shell:Skip shell extension 'powershell' for command environment: Not usable outside of PowerShell
[0.258s] DEBUG:colcon.colcon_core.shell:Skip shell extension 'dsv' for command environment
[0.428s] INFO:colcon.colcon_core.task.python.build:Building Python package in '/home/vm/training/ros2_ws/src/camera_service'
[0.428s] INFO:colcon.colcon_core.shell:Skip shell extension 'powershell' for command environment: Not usable outside of PowerShell
[0.428s] DEBUG:colcon.colcon_core.shell:Skip shell extension 'dsv' for command environment
[0.598s] INFO:colcon.colcon_core.task.python.build:Building Python package in '/home/vm/training/ros2_ws/src/custom_msg_publisher'
[0.598s] INFO:colcon.colcon_core.shell:Skip shell extension 'powershell' for command environment: Not usable outside of PowerShell
[0.599s] DEBUG:colcon.colcon_core.shell:Skip shell extension 'dsv' for command environment
[0.754s] INFO:colcon.colcon_core.task.python.build:Building Python package in '/home/vm/training/ros2_ws/src/custom_msg_subscriber'
[0.754s] INFO:colcon.colcon_core.shell:Skip shell extension 'powershell' for command environment: Not usable outside of PowerShell
[0.754s] DEBUG:colcon.colcon_core.shell:Skip shell extension 'dsv' for command environment
[0.920s] INFO:colcon.colcon_core.task.python.build:Building Python package in '/home/vm/training/ros2_ws/src/image_viewer'
[0.920s] INFO:colcon.colcon_core.shell:Skip shell extension 'powershell' for command environment: Not usable outside of PowerShell
[0.920s] DEBUG:colcon.colcon_core.shell:Skip shell extension 'dsv' for command environment
[1.209s] DEBUG:colcon.colcon_core.event_handler.log_command:Invoking command in '/home/vm/training/ros2_ws/src/custom_msg_publisher': PYTHONPATH=/home/vm/training/ros2_ws/build/custom_msg_publisher/prefix_override:/usr/lib/python3/dist-packages/colcon_core/task/python/colcon_distutils_commands:/home/vm/training/ros2_ws/install/custom_msg_publisher/lib/python3.10/site-packages:${PYTHONPATH} /usr/bin/python3 -W ignore:setup.py install is deprecated -W ignore:easy_install command is deprecated setup.py egg_info --egg-base ../../build/custom_msg_publisher build --build-base /home/vm/training/ros2_ws/build/custom_msg_publisher/build install --record /home/vm/training/ros2_ws/build/custom_msg_publisher/install.log --single-version-externally-managed install_data
[1.217s] DEBUG:colcon.colcon_core.event_handler.log_command:Invoking command in '/home/vm/training/ros2_ws/src/custom_msg_subscriber': PYTHONPATH=/home/vm/training/ros2_ws/build/custom_msg_subscriber/prefix_override:/usr/lib/python3/dist-packages/colcon_core/task/python/colcon_distutils_commands:/home/vm/training/ros2_ws/install/custom_msg_subscriber/lib/python3.10/site-packages:${PYTHONPATH} /usr/bin/python3 -W ignore:setup.py install is deprecated -W ignore:easy_install command is deprecated setup.py egg_info --egg-base ../../build/custom_msg_subscriber build --build-base /home/vm/training/ros2_ws/build/custom_msg_subscriber/build install --record /home/vm/training/ros2_ws/build/custom_msg_subscriber/install.log --single-version-externally-managed install_data
[1.217s] DEBUG:colcon.colcon_core.event_handler.log_command:Invoking command in '/home/vm/training/ros2_ws/src/camera_service': PYTHONPATH=/home/vm/training/ros2_ws/build/camera_service/prefix_override:/usr/lib/python3/dist-packages/colcon_core/task/python/colcon_distutils_commands:/home/vm/training/ros2_ws/install/camera_service/lib/python3.10/site-packages:${PYTHONPATH} /usr/bin/python3 -W ignore:setup.py install is deprecated -W ignore:easy_install command is deprecated setup.py egg_info --egg-base ../../build/camera_service build --build-base /home/vm/training/ros2_ws/build/camera_service/build install --record /home/vm/training/ros2_ws/build/camera_service/install.log --single-version-externally-managed install_data
[1.228s] DEBUG:colcon.colcon_core.event_handler.log_command:Invoking command in '/home/vm/training/ros2_ws/src/image_viewer': PYTHONPATH=/home/vm/training/ros2_ws/build/image_viewer/prefix_override:/usr/lib/python3/dist-packages/colcon_core/task/python/colcon_distutils_commands:/home/vm/training/ros2_ws/install/image_viewer/lib/python3.10/site-packages:${PYTHONPATH} /usr/bin/python3 -W ignore:setup.py install is deprecated -W ignore:easy_install command is deprecated setup.py egg_info --egg-base ../../build/image_viewer build --build-base /home/vm/training/ros2_ws/build/image_viewer/build install --record /home/vm/training/ros2_ws/build/image_viewer/install.log --single-version-externally-managed install_data
[1.464s] DEBUG:colcon.colcon_core.event_handler.log_command:Invoked command in '/home/vm/training/ros2_ws/src/custom_msg_subscriber' returned '0': PYTHONPATH=/home/vm/training/ros2_ws/build/custom_msg_subscriber/prefix_override:/usr/lib/python3/dist-packages/colcon_core/task/python/colcon_distutils_commands:/home/vm/training/ros2_ws/install/custom_msg_subscriber/lib/python3.10/site-packages:${PYTHONPATH} /usr/bin/python3 -W ignore:setup.py install is deprecated -W ignore:easy_install command is deprecated setup.py egg_info --egg-base ../../build/custom_msg_subscriber build --build-base /home/vm/training/ros2_ws/build/custom_msg_subscriber/build install --record /home/vm/training/ros2_ws/build/custom_msg_subscriber/install.log --single-version-externally-managed install_data
[1.467s] Level 1:colcon.colcon_core.environment:checking '/home/vm/training/ros2_ws/install/custom_msg_subscriber' for CMake module files
[1.467s] Level 1:colcon.colcon_core.environment:checking '/home/vm/training/ros2_ws/install/custom_msg_subscriber' for CMake config files
[1.467s] Level 1:colcon.colcon_core.environment:checking '/home/vm/training/ros2_ws/install/custom_msg_subscriber/lib'
[1.468s] Level 1:colcon.colcon_core.environment:checking '/home/vm/training/ros2_ws/install/custom_msg_subscriber/bin'
[1.469s] Level 1:colcon.colcon_core.environment:checking '/home/vm/training/ros2_ws/install/custom_msg_subscriber/lib/pkgconfig/custom_msg_subscriber.pc'
[1.470s] Level 1:colcon.colcon_core.environment:checking '/home/vm/training/ros2_ws/install/custom_msg_subscriber/lib/python3.10/site-packages'
[1.470s] Level 1:colcon.colcon_core.shell:create_environment_hook('custom_msg_subscriber', 'pythonpath')
[1.470s] INFO:colcon.colcon_core.shell:Creating environment hook '/home/vm/training/ros2_ws/install/custom_msg_subscriber/share/custom_msg_subscriber/hook/pythonpath.ps1'
[1.471s] INFO:colcon.colcon_core.shell:Creating environment descriptor '/home/vm/training/ros2_ws/install/custom_msg_subscriber/share/custom_msg_subscriber/hook/pythonpath.dsv'
[1.471s] INFO:colcon.colcon_core.shell:Creating environment hook '/home/vm/training/ros2_ws/install/custom_msg_subscriber/share/custom_msg_subscriber/hook/pythonpath.sh'
[1.471s] Level 1:colcon.colcon_core.environment:checking '/home/vm/training/ros2_ws/install/custom_msg_subscriber/bin'
[1.472s] Level 1:colcon.colcon_core.environment:create_environment_scripts_only(custom_msg_subscriber)
[1.472s] INFO:colcon.colcon_core.shell:Creating package script '/home/vm/training/ros2_ws/install/custom_msg_subscriber/share/custom_msg_subscriber/package.ps1'
[1.473s] INFO:colcon.colcon_core.shell:Creating package descriptor '/home/vm/training/ros2_ws/install/custom_msg_subscriber/share/custom_msg_subscriber/package.dsv'
[1.474s] INFO:colcon.colcon_core.shell:Creating package script '/home/vm/training/ros2_ws/install/custom_msg_subscriber/share/custom_msg_subscriber/package.sh'
[1.474s] INFO:colcon.colcon_core.shell:Creating package script '/home/vm/training/ros2_ws/install/custom_msg_subscriber/share/custom_msg_subscriber/package.bash'
[1.475s] INFO:colcon.colcon_core.shell:Creating package script '/home/vm/training/ros2_ws/install/custom_msg_subscriber/share/custom_msg_subscriber/package.zsh'
[1.475s] Level 1:colcon.colcon_core.environment:create_file_with_runtime_dependencies(/home/vm/training/ros2_ws/install/custom_msg_subscriber/share/colcon-core/packages/custom_msg_subscriber)
[1.476s] INFO:colcon.colcon_ros.task.ament_python.build:Building ROS package in '/home/vm/training/ros2_ws/src/object_spawner' with build type 'ament_python'
[1.476s] Level 1:colcon.colcon_core.shell:create_environment_hook('object_spawner', 'ament_prefix_path')
[1.476s] INFO:colcon.colcon_core.shell:Creating environment hook '/home/vm/training/ros2_ws/install/object_spawner/share/object_spawner/hook/ament_prefix_path.ps1'
[1.476s] INFO:colcon.colcon_core.shell:Creating environment descriptor '/home/vm/training/ros2_ws/install/object_spawner/share/object_spawner/hook/ament_prefix_path.dsv'
[1.477s] INFO:colcon.colcon_core.shell:Creating environment hook '/home/vm/training/ros2_ws/install/object_spawner/share/object_spawner/hook/ament_prefix_path.sh'
[1.477s] INFO:colcon.colcon_core.shell:Skip shell extension 'powershell' for command environment: Not usable outside of PowerShell
[1.477s] DEBUG:colcon.colcon_core.shell:Skip shell extension 'dsv' for command environment
[1.482s] Level 1:colcon.colcon_core.environment:checking '/home/vm/training/ros2_ws/install/custom_msg_publisher' for CMake module files
[1.482s] DEBUG:colcon.colcon_core.event_handler.log_command:Invoked command in '/home/vm/training/ros2_ws/src/custom_msg_publisher' returned '0': PYTHONPATH=/home/vm/training/ros2_ws/build/custom_msg_publisher/prefix_override:/usr/lib/python3/dist-packages/colcon_core/task/python/colcon_distutils_commands:/home/vm/training/ros2_ws/install/custom_msg_publisher/lib/python3.10/site-packages:${PYTHONPATH} /usr/bin/python3 -W ignore:setup.py install is deprecated -W ignore:easy_install command is deprecated setup.py egg_info --egg-base ../../build/custom_msg_publisher build --build-base /home/vm/training/ros2_ws/build/custom_msg_publisher/build install --record /home/vm/training/ros2_ws/build/custom_msg_publisher/install.log --single-version-externally-managed install_data
[1.482s] Level 1:colcon.colcon_core.environment:checking '/home/vm/training/ros2_ws/install/custom_msg_publisher' for CMake config files
[1.483s] Level 1:colcon.colcon_core.environment:checking '/home/vm/training/ros2_ws/install/custom_msg_publisher/lib'
[1.483s] Level 1:colcon.colcon_core.environment:checking '/home/vm/training/ros2_ws/install/custom_msg_publisher/bin'
[1.483s] Level 1:colcon.colcon_core.environment:checking '/home/vm/training/ros2_ws/install/custom_msg_publisher/lib/pkgconfig/custom_msg_publisher.pc'
[1.483s] Level 1:colcon.colcon_core.environment:checking '/home/vm/training/ros2_ws/install/custom_msg_publisher/lib/python3.10/site-packages'
[1.483s] Level 1:colcon.colcon_core.shell:create_environment_hook('custom_msg_publisher', 'pythonpath')
[1.483s] INFO:colcon.colcon_core.shell:Creating environment hook '/home/vm/training/ros2_ws/install/custom_msg_publisher/share/custom_msg_publisher/hook/pythonpath.ps1'
[1.484s] INFO:colcon.colcon_core.shell:Creating environment descriptor '/home/vm/training/ros2_ws/install/custom_msg_publisher/share/custom_msg_publisher/hook/pythonpath.dsv'
[1.484s] INFO:colcon.colcon_core.shell:Creating environment hook '/home/vm/training/ros2_ws/install/custom_msg_publisher/share/custom_msg_publisher/hook/pythonpath.sh'
[1.484s] Level 1:colcon.colcon_core.environment:checking '/home/vm/training/ros2_ws/install/custom_msg_publisher/bin'
[1.485s] Level 1:colcon.colcon_core.environment:create_environment_scripts_only(custom_msg_publisher)
[1.485s] INFO:colcon.colcon_core.shell:Creating package script '/home/vm/training/ros2_ws/install/custom_msg_publisher/share/custom_msg_publisher/package.ps1'
[1.485s] INFO:colcon.colcon_core.shell:Creating package descriptor '/home/vm/training/ros2_ws/install/custom_msg_publisher/share/custom_msg_publisher/package.dsv'
[1.486s] INFO:colcon.colcon_core.shell:Creating package script '/home/vm/training/ros2_ws/install/custom_msg_publisher/share/custom_msg_publisher/package.sh'
[1.486s] INFO:colcon.colcon_core.shell:Creating package script '/home/vm/training/ros2_ws/install/custom_msg_publisher/share/custom_msg_publisher/package.bash'
[1.486s] INFO:colcon.colcon_core.shell:Creating package script '/home/vm/training/ros2_ws/install/custom_msg_publisher/share/custom_msg_publisher/package.zsh'
[1.486s] Level 1:colcon.colcon_core.environment:create_file_with_runtime_dependencies(/home/vm/training/ros2_ws/install/custom_msg_publisher/share/colcon-core/packages/custom_msg_publisher)
[1.487s] INFO:colcon.colcon_ros.task.ament_cmake.build:Building ROS package in '/home/vm/training/ros2_ws/src/perception_msgs' with build type 'ament_cmake'
[1.487s] INFO:colcon.colcon_cmake.task.cmake.build:Building CMake package in '/home/vm/training/ros2_ws/src/perception_msgs'
[1.487s] INFO:colcon.colcon_core.shell:Skip shell extension 'powershell' for command environment: Not usable outside of PowerShell
[1.487s] DEBUG:colcon.colcon_core.shell:Skip shell extension 'dsv' for command environment
[1.491s] Level 1:colcon.colcon_core.environment:checking '/home/vm/training/ros2_ws/install/image_viewer' for CMake module files
[1.492s] Level 1:colcon.colcon_core.environment:checking '/home/vm/training/ros2_ws/install/image_viewer' for CMake config files
[1.492s] DEBUG:colcon.colcon_core.event_handler.log_command:Invoked command in '/home/vm/training/ros2_ws/src/image_viewer' returned '0': PYTHONPATH=/home/vm/training/ros2_ws/build/image_viewer/prefix_override:/usr/lib/python3/dist-packages/colcon_core/task/python/colcon_distutils_commands:/home/vm/training/ros2_ws/install/image_viewer/lib/python3.10/site-packages:${PYTHONPATH} /usr/bin/python3 -W ignore:setup.py install is deprecated -W ignore:easy_install command is deprecated setup.py egg_info --egg-base ../../build/image_viewer build --build-base /home/vm/training/ros2_ws/build/image_viewer/build install --record /home/vm/training/ros2_ws/build/image_viewer/install.log --single-version-externally-managed install_data
[1.494s] Level 1:colcon.colcon_core.environment:checking '/home/vm/training/ros2_ws/install/image_viewer/lib'
[1.494s] Level 1:colcon.colcon_core.environment:checking '/home/vm/training/ros2_ws/install/image_viewer/bin'
[1.494s] Level 1:colcon.colcon_core.environment:checking '/home/vm/training/ros2_ws/install/image_viewer/lib/pkgconfig/image_viewer.pc'
[1.495s] Level 1:colcon.colcon_core.environment:checking '/home/vm/training/ros2_ws/install/image_viewer/lib/python3.10/site-packages'
[1.495s] Level 1:colcon.colcon_core.shell:create_environment_hook('image_viewer', 'pythonpath')
[1.495s] INFO:colcon.colcon_core.shell:Creating environment hook '/home/vm/training/ros2_ws/install/image_viewer/share/image_viewer/hook/pythonpath.ps1'
[1.497s] INFO:colcon.colcon_core.shell:Creating environment descriptor '/home/vm/training/ros2_ws/install/image_viewer/share/image_viewer/hook/pythonpath.dsv'
[1.498s] INFO:colcon.colcon_core.shell:Creating environment hook '/home/vm/training/ros2_ws/install/image_viewer/share/image_viewer/hook/pythonpath.sh'
[1.499s] Level 1:colcon.colcon_core.environment:checking '/home/vm/training/ros2_ws/install/image_viewer/bin'
[1.499s] Level 1:colcon.colcon_core.environment:create_environment_scripts_only(image_viewer)
[1.499s] INFO:colcon.colcon_core.shell:Creating package script '/home/vm/training/ros2_ws/install/image_viewer/share/image_viewer/package.ps1'
[1.500s] INFO:colcon.colcon_core.shell:Creating package descriptor '/home/vm/training/ros2_ws/install/image_viewer/share/image_viewer/package.dsv'
[1.500s] INFO:colcon.colcon_core.shell:Creating package script '/home/vm/training/ros2_ws/install/image_viewer/share/image_viewer/package.sh'
[1.501s] INFO:colcon.colcon_core.shell:Creating package script '/home/vm/training/ros2_ws/install/image_viewer/share/image_viewer/package.bash'
[1.501s] INFO:colcon.colcon_core.shell:Creating package script '/home/vm/training/ros2_ws/install/image_viewer/share/image_viewer/package.zsh'
[1.501s] Level 1:colcon.colcon_core.environment:create_file_with_runtime_dependencies(/home/vm/training/ros2_ws/install/image_viewer/share/colcon-core/packages/image_viewer)
[1.502s] INFO:colcon.colcon_ros.task.ament_python.build:Building ROS package in '/home/vm/training/ros2_ws/src/pingpong_pkg' with build type 'ament_python'
[1.502s] Level 1:colcon.colcon_core.shell:create_environment_hook('pingpong_pkg', 'ament_prefix_path')
[1.502s] INFO:colcon.colcon_core.shell:Creating environment hook '/home/vm/training/ros2_ws/install/pingpong_pkg/share/pingpong_pkg/hook/ament_prefix_path.ps1'
[1.503s] INFO:colcon.colcon_core.shell:Creating environment descriptor '/home/vm/training/ros2_ws/install/pingpong_pkg/share/pingpong_pkg/hook/ament_prefix_path.dsv'
[1.504s] INFO:colcon.colcon_core.shell:Creating environment hook '/home/vm/training/ros2_ws/install/pingpong_pkg/share/pingpong_pkg/hook/ament_prefix_path.sh'
[1.505s] INFO:colcon.colcon_core.shell:Skip shell extension 'powershell' for command environment: Not usable outside of PowerShell
[1.505s] DEBUG:colcon.colcon_core.shell:Skip shell extension 'dsv' for command environment
[1.685s] INFO:colcon.colcon_core.task.python.build:Building Python package in '/home/vm/training/ros2_ws/src/object_spawner'
[1.685s] INFO:colcon.colcon_core.shell:Skip shell extension 'powershell' for command environment: Not usable outside of PowerShell
[1.685s] DEBUG:colcon.colcon_core.shell:Skip shell extension 'dsv' for command environment
[1.689s] Level 1:colcon.colcon_core.environment:checking '/home/vm/training/ros2_ws/install/camera_service' for CMake module files
[1.689s] Level 1:colcon.colcon_core.environment:checking '/home/vm/training/ros2_ws/install/camera_service' for CMake config files
[1.690s] DEBUG:colcon.colcon_core.event_handler.log_command:Invoked command in '/home/vm/training/ros2_ws/src/camera_service' returned '0': PYTHONPATH=/home/vm/training/ros2_ws/build/camera_service/prefix_override:/usr/lib/python3/dist-packages/colcon_core/task/python/colcon_distutils_commands:/home/vm/training/ros2_ws/install/camera_service/lib/python3.10/site-packages:${PYTHONPATH} /usr/bin/python3 -W ignore:setup.py install is deprecated -W ignore:easy_install command is deprecated setup.py egg_info --egg-base ../../build/camera_service build --build-base /home/vm/training/ros2_ws/build/camera_service/build install --record /home/vm/training/ros2_ws/build/camera_service/install.log --single-version-externally-managed install_data
[1.690s] Level 1:colcon.colcon_core.environment:checking '/home/vm/training/ros2_ws/install/camera_service/lib'
[1.690s] Level 1:colcon.colcon_core.environment:checking '/home/vm/training/ros2_ws/install/camera_service/bin'
[1.690s] Level 1:colcon.colcon_core.environment:checking '/home/vm/training/ros2_ws/install/camera_service/lib/pkgconfig/camera_service.pc'
[1.690s] Level 1:colcon.colcon_core.environment:checking '/home/vm/training/ros2_ws/install/camera_service/lib/python3.10/site-packages'
[1.691s] Level 1:colcon.colcon_core.shell:create_environment_hook('camera_service', 'pythonpath')
[1.691s] INFO:colcon.colcon_core.shell:Creating environment hook '/home/vm/training/ros2_ws/install/camera_service/share/camera_service/hook/pythonpath.ps1'
[1.691s] INFO:colcon.colcon_core.shell:Creating environment descriptor '/home/vm/training/ros2_ws/install/camera_service/share/camera_service/hook/pythonpath.dsv'
[1.691s] INFO:colcon.colcon_core.shell:Creating environment hook '/home/vm/training/ros2_ws/install/camera_service/share/camera_service/hook/pythonpath.sh'
[1.692s] Level 1:colcon.colcon_core.environment:checking '/home/vm/training/ros2_ws/install/camera_service/bin'
[1.692s] Level 1:colcon.colcon_core.environment:create_environment_scripts_only(camera_service)
[1.692s] INFO:colcon.colcon_core.shell:Creating package script '/home/vm/training/ros2_ws/install/camera_service/share/camera_service/package.ps1'
[1.692s] INFO:colcon.colcon_core.shell:Creating package descriptor '/home/vm/training/ros2_ws/install/camera_service/share/camera_service/package.dsv'
[1.693s] INFO:colcon.colcon_core.shell:Creating package script '/home/vm/training/ros2_ws/install/camera_service/share/camera_service/package.sh'
[1.693s] INFO:colcon.colcon_core.shell:Creating package script '/home/vm/training/ros2_ws/install/camera_service/share/camera_service/package.bash'
[1.693s] INFO:colcon.colcon_core.shell:Creating package script '/home/vm/training/ros2_ws/install/camera_service/share/camera_service/package.zsh'
[1.693s] Level 1:colcon.colcon_core.environment:create_file_with_runtime_dependencies(/home/vm/training/ros2_ws/install/camera_service/share/colcon-core/packages/camera_service)
[1.700s] INFO:colcon.colcon_ros.task.ament_cmake.build:Building ROS package in '/home/vm/training/ros2_ws/src/simple_velocity_msg' with build type 'ament_cmake'
[1.701s] INFO:colcon.colcon_cmake.task.cmake.build:Building CMake package in '/home/vm/training/ros2_ws/src/simple_velocity_msg'
[1.701s] DEBUG:colcon.colcon_core.event_handler.log_command:Invoking command in '/home/vm/training/ros2_ws/build/perception_msgs': CMAKE_PREFIX_PATH=${CMAKE_PREFIX_PATH}:/home/vm/training/ros2_ws/install/teleop_keyboard:/home/vm/training/ros2_ws/install/pingpong_pkg:/home/vm/training/ros2_ws/install/object_spawner:/home/vm/training/ros2_ws/install/image_viewer:/home/vm/training/ros2_ws/install/custom_msg_subscriber:/home/vm/training/ros2_ws/install/custom_msg_publisher:/home/vm/training/ros2_ws/install/camera_service:/home/vm/training/new_workspace/install/package2:/home/vm/training/new_workspace/install/package1:/home/vm/training/new_workspace/install/my_python_package:/opt/ros/humble /usr/bin/cmake --build /home/vm/training/ros2_ws/build/perception_msgs -- -j4 -l4
[1.701s] INFO:colcon.colcon_core.shell:Skip shell extension 'powershell' for command environment: Not usable outside of PowerShell
[1.701s] DEBUG:colcon.colcon_core.shell:Skip shell extension 'dsv' for command environment
[1.924s] INFO:colcon.colcon_core.task.python.build:Building Python package in '/home/vm/training/ros2_ws/src/pingpong_pkg'
[1.924s] INFO:colcon.colcon_core.shell:Skip shell extension 'powershell' for command environment: Not usable outside of PowerShell
[1.924s] DEBUG:colcon.colcon_core.shell:Skip shell extension 'dsv' for command environment
[1.940s] DEBUG:colcon.colcon_core.event_handler.log_command:Invoking command in '/home/vm/training/ros2_ws/build/simple_velocity_msg': CMAKE_PREFIX_PATH=${CMAKE_PREFIX_PATH}:/home/vm/training/ros2_ws/install/teleop_keyboard:/home/vm/training/ros2_ws/install/pingpong_pkg:/home/vm/training/ros2_ws/install/object_spawner:/home/vm/training/ros2_ws/install/image_viewer:/home/vm/training/ros2_ws/install/custom_msg_subscriber:/home/vm/training/ros2_ws/install/custom_msg_publisher:/home/vm/training/ros2_ws/install/camera_service:/home/vm/training/new_workspace/install/package2:/home/vm/training/new_workspace/install/package1:/home/vm/training/new_workspace/install/my_python_package:/opt/ros/humble /usr/bin/cmake --build /home/vm/training/ros2_ws/build/simple_velocity_msg -- -j4 -l4
[2.113s] DEBUG:colcon.colcon_core.event_handler.log_command:Invoked command in '/home/vm/training/ros2_ws/build/perception_msgs' returned '0': CMAKE_PREFIX_PATH=${CMAKE_PREFIX_PATH}:/home/vm/training/ros2_ws/install/teleop_keyboard:/home/vm/training/ros2_ws/install/pingpong_pkg:/home/vm/training/ros2_ws/install/object_spawner:/home/vm/training/ros2_ws/install/image_viewer:/home/vm/training/ros2_ws/install/custom_msg_subscriber:/home/vm/training/ros2_ws/install/custom_msg_publisher:/home/vm/training/ros2_ws/install/camera_service:/home/vm/training/new_workspace/install/package2:/home/vm/training/new_workspace/install/package1:/home/vm/training/new_workspace/install/my_python_package:/opt/ros/humble /usr/bin/cmake --build /home/vm/training/ros2_ws/build/perception_msgs -- -j4 -l4
[2.129s] DEBUG:colcon.colcon_core.event_handler.log_command:Invoking command in '/home/vm/training/ros2_ws/build/perception_msgs': CMAKE_PREFIX_PATH=${CMAKE_PREFIX_PATH}:/home/vm/training/ros2_ws/install/teleop_keyboard:/home/vm/training/ros2_ws/install/pingpong_pkg:/home/vm/training/ros2_ws/install/object_spawner:/home/vm/training/ros2_ws/install/image_viewer:/home/vm/training/ros2_ws/install/custom_msg_subscriber:/home/vm/training/ros2_ws/install/custom_msg_publisher:/home/vm/training/ros2_ws/install/camera_service:/home/vm/training/new_workspace/install/package2:/home/vm/training/new_workspace/install/package1:/home/vm/training/new_workspace/install/my_python_package:/opt/ros/humble /usr/bin/cmake --install /home/vm/training/ros2_ws/build/perception_msgs
[2.218s] Level 1:colcon.colcon_core.environment:create_environment_scripts_only(perception_msgs)
[2.219s] Level 1:colcon.colcon_core.environment:checking '/home/vm/training/ros2_ws/install/perception_msgs' for CMake module files
[2.219s] DEBUG:colcon.colcon_core.event_handler.log_command:Invoked command in '/home/vm/training/ros2_ws/build/perception_msgs' returned '0': CMAKE_PREFIX_PATH=${CMAKE_PREFIX_PATH}:/home/vm/training/ros2_ws/install/teleop_keyboard:/home/vm/training/ros2_ws/install/pingpong_pkg:/home/vm/training/ros2_ws/install/object_spawner:/home/vm/training/ros2_ws/install/image_viewer:/home/vm/training/ros2_ws/install/custom_msg_subscriber:/home/vm/training/ros2_ws/install/custom_msg_publisher:/home/vm/training/ros2_ws/install/camera_service:/home/vm/training/new_workspace/install/package2:/home/vm/training/new_workspace/install/package1:/home/vm/training/new_workspace/install/my_python_package:/opt/ros/humble /usr/bin/cmake --install /home/vm/training/ros2_ws/build/perception_msgs
[2.223s] Level 1:colcon.colcon_core.environment:checking '/home/vm/training/ros2_ws/install/perception_msgs' for CMake config files
[2.226s] Level 1:colcon.colcon_core.shell:create_environment_hook('perception_msgs', 'cmake_prefix_path')
[2.227s] INFO:colcon.colcon_core.shell:Creating environment hook '/home/vm/training/ros2_ws/install/perception_msgs/share/perception_msgs/hook/cmake_prefix_path.ps1'
[2.227s] INFO:colcon.colcon_core.shell:Creating environment descriptor '/home/vm/training/ros2_ws/install/perception_msgs/share/perception_msgs/hook/cmake_prefix_path.dsv'
[2.233s] INFO:colcon.colcon_core.shell:Creating environment hook '/home/vm/training/ros2_ws/install/perception_msgs/share/perception_msgs/hook/cmake_prefix_path.sh'
[2.234s] Level 1:colcon.colcon_core.environment:checking '/home/vm/training/ros2_ws/install/perception_msgs/lib'
[2.234s] Level 1:colcon.colcon_core.shell:create_environment_hook('perception_msgs', 'ld_library_path_lib')
[2.234s] INFO:colcon.colcon_core.shell:Creating environment hook '/home/vm/training/ros2_ws/install/perception_msgs/share/perception_msgs/hook/ld_library_path_lib.ps1'
[2.235s] INFO:colcon.colcon_core.shell:Creating environment descriptor '/home/vm/training/ros2_ws/install/perception_msgs/share/perception_msgs/hook/ld_library_path_lib.dsv'
[2.237s] INFO:colcon.colcon_core.shell:Creating environment hook '/home/vm/training/ros2_ws/install/perception_msgs/share/perception_msgs/hook/ld_library_path_lib.sh'
[2.237s] Level 1:colcon.colcon_core.environment:checking '/home/vm/training/ros2_ws/install/perception_msgs/bin'
[2.237s] Level 1:colcon.colcon_core.environment:checking '/home/vm/training/ros2_ws/install/perception_msgs/lib/pkgconfig/perception_msgs.pc'
[2.239s] Level 1:colcon.colcon_core.environment:checking '/home/vm/training/ros2_ws/install/perception_msgs/lib/python3.10/site-packages'
[2.239s] Level 1:colcon.colcon_core.environment:checking '/home/vm/training/ros2_ws/install/perception_msgs/bin'
[2.240s] INFO:colcon.colcon_core.shell:Creating package script '/home/vm/training/ros2_ws/install/perception_msgs/share/perception_msgs/package.ps1'
[2.240s] INFO:colcon.colcon_core.shell:Creating package descriptor '/home/vm/training/ros2_ws/install/perception_msgs/share/perception_msgs/package.dsv'
[2.241s] INFO:colcon.colcon_core.shell:Creating package script '/home/vm/training/ros2_ws/install/perception_msgs/share/perception_msgs/package.sh'
[2.244s] INFO:colcon.colcon_core.shell:Creating package script '/home/vm/training/ros2_ws/install/perception_msgs/share/perception_msgs/package.bash'
[2.244s] INFO:colcon.colcon_core.shell:Creating package script '/home/vm/training/ros2_ws/install/perception_msgs/share/perception_msgs/package.zsh'
[2.245s] Level 1:colcon.colcon_core.environment:create_file_with_runtime_dependencies(/home/vm/training/ros2_ws/install/perception_msgs/share/colcon-core/packages/perception_msgs)
[2.245s] Level 1:colcon.colcon_core.environment:create_environment_scripts_only(perception_msgs)
[2.246s] Level 1:colcon.colcon_core.environment:checking '/home/vm/training/ros2_ws/install/perception_msgs' for CMake module files
[2.246s] Level 1:colcon.colcon_core.environment:checking '/home/vm/training/ros2_ws/install/perception_msgs' for CMake config files
[2.248s] Level 1:colcon.colcon_core.shell:create_environment_hook('perception_msgs', 'cmake_prefix_path')
[2.248s] INFO:colcon.colcon_core.shell:Creating environment hook '/home/vm/training/ros2_ws/install/perception_msgs/share/perception_msgs/hook/cmake_prefix_path.ps1'
[2.248s] INFO:colcon.colcon_core.shell:Creating environment descriptor '/home/vm/training/ros2_ws/install/perception_msgs/share/perception_msgs/hook/cmake_prefix_path.dsv'
[2.250s] INFO:colcon.colcon_core.shell:Creating environment hook '/home/vm/training/ros2_ws/install/perception_msgs/share/perception_msgs/hook/cmake_prefix_path.sh'
[2.251s] Level 1:colcon.colcon_core.environment:checking '/home/vm/training/ros2_ws/install/perception_msgs/lib'
[2.251s] Level 1:colcon.colcon_core.shell:create_environment_hook('perception_msgs', 'ld_library_path_lib')
[2.251s] INFO:colcon.colcon_core.shell:Creating environment hook '/home/vm/training/ros2_ws/install/perception_msgs/share/perception_msgs/hook/ld_library_path_lib.ps1'
[2.251s] INFO:colcon.colcon_core.shell:Creating environment descriptor '/home/vm/training/ros2_ws/install/perception_msgs/share/perception_msgs/hook/ld_library_path_lib.dsv'
[2.252s] INFO:colcon.colcon_core.shell:Creating environment hook '/home/vm/training/ros2_ws/install/perception_msgs/share/perception_msgs/hook/ld_library_path_lib.sh'
[2.253s] Level 1:colcon.colcon_core.environment:checking '/home/vm/training/ros2_ws/install/perception_msgs/bin'
[2.253s] Level 1:colcon.colcon_core.environment:checking '/home/vm/training/ros2_ws/install/perception_msgs/lib/pkgconfig/perception_msgs.pc'
[2.254s] Level 1:colcon.colcon_core.environment:checking '/home/vm/training/ros2_ws/install/perception_msgs/lib/python3.10/site-packages'
[2.254s] Level 1:colcon.colcon_core.environment:checking '/home/vm/training/ros2_ws/install/perception_msgs/bin'
[2.254s] INFO:colcon.colcon_core.shell:Creating package script '/home/vm/training/ros2_ws/install/perception_msgs/share/perception_msgs/package.ps1'
[2.255s] INFO:colcon.colcon_core.shell:Creating package descriptor '/home/vm/training/ros2_ws/install/perception_msgs/share/perception_msgs/package.dsv'
[2.255s] INFO:colcon.colcon_core.shell:Creating package script '/home/vm/training/ros2_ws/install/perception_msgs/share/perception_msgs/package.sh'
[2.256s] INFO:colcon.colcon_core.shell:Creating package script '/home/vm/training/ros2_ws/install/perception_msgs/share/perception_msgs/package.bash'
[2.259s] INFO:colcon.colcon_core.shell:Creating package script '/home/vm/training/ros2_ws/install/perception_msgs/share/perception_msgs/package.zsh'
[2.259s] Level 1:colcon.colcon_core.environment:create_file_with_runtime_dependencies(/home/vm/training/ros2_ws/install/perception_msgs/share/colcon-core/packages/perception_msgs)
[2.259s] INFO:colcon.colcon_ros.task.ament_python.build:Building ROS package in '/home/vm/training/ros2_ws/src/teleop_keyboard' with build type 'ament_python'
[2.259s] Level 1:colcon.colcon_core.shell:create_environment_hook('teleop_keyboard', 'ament_prefix_path')
[2.260s] INFO:colcon.colcon_core.shell:Creating environment hook '/home/vm/training/ros2_ws/install/teleop_keyboard/share/teleop_keyboard/hook/ament_prefix_path.ps1'
[2.261s] INFO:colcon.colcon_core.shell:Creating environment descriptor '/home/vm/training/ros2_ws/install/teleop_keyboard/share/teleop_keyboard/hook/ament_prefix_path.dsv'
[2.261s] INFO:colcon.colcon_core.shell:Creating environment hook '/home/vm/training/ros2_ws/install/teleop_keyboard/share/teleop_keyboard/hook/ament_prefix_path.sh'
[2.261s] INFO:colcon.colcon_core.shell:Skip shell extension 'powershell' for command environment: Not usable outside of PowerShell
[2.262s] DEBUG:colcon.colcon_core.shell:Skip shell extension 'dsv' for command environment
[2.487s] INFO:colcon.colcon_core.task.python.build:Building Python package in '/home/vm/training/ros2_ws/src/teleop_keyboard'
[2.488s] INFO:colcon.colcon_core.shell:Skip shell extension 'powershell' for command environment: Not usable outside of PowerShell
[2.488s] DEBUG:colcon.colcon_core.shell:Skip shell extension 'dsv' for command environment
[2.494s] DEBUG:colcon.colcon_core.event_handler.log_command:Invoking command in '/home/vm/training/ros2_ws/src/pingpong_pkg': PYTHONPATH=/home/vm/training/ros2_ws/build/pingpong_pkg/prefix_override:/usr/lib/python3/dist-packages/colcon_core/task/python/colcon_distutils_commands:/home/vm/training/ros2_ws/install/pingpong_pkg/lib/python3.10/site-packages:${PYTHONPATH} /usr/bin/python3 -W ignore:setup.py install is deprecated -W ignore:easy_install command is deprecated setup.py egg_info --egg-base ../../build/pingpong_pkg build --build-base /home/vm/training/ros2_ws/build/pingpong_pkg/build install --record /home/vm/training/ros2_ws/build/pingpong_pkg/install.log --single-version-externally-managed install_data
[2.498s] DEBUG:colcon.colcon_core.event_handler.log_command:Invoking command in '/home/vm/training/ros2_ws/src/object_spawner': PYTHONPATH=/home/vm/training/ros2_ws/build/object_spawner/prefix_override:/usr/lib/python3/dist-packages/colcon_core/task/python/colcon_distutils_commands:/home/vm/training/ros2_ws/install/object_spawner/lib/python3.10/site-packages:${PYTHONPATH} /usr/bin/python3 -W ignore:setup.py install is deprecated -W ignore:easy_install command is deprecated setup.py egg_info --egg-base ../../build/object_spawner build --build-base /home/vm/training/ros2_ws/build/object_spawner/build install --record /home/vm/training/ros2_ws/build/object_spawner/install.log --single-version-externally-managed install_data
[2.498s] DEBUG:colcon.colcon_core.event_handler.log_command:Invoked command in '/home/vm/training/ros2_ws/build/simple_velocity_msg' returned '0': CMAKE_PREFIX_PATH=${CMAKE_PREFIX_PATH}:/home/vm/training/ros2_ws/install/teleop_keyboard:/home/vm/training/ros2_ws/install/pingpong_pkg:/home/vm/training/ros2_ws/install/object_spawner:/home/vm/training/ros2_ws/install/image_viewer:/home/vm/training/ros2_ws/install/custom_msg_subscriber:/home/vm/training/ros2_ws/install/custom_msg_publisher:/home/vm/training/ros2_ws/install/camera_service:/home/vm/training/new_workspace/install/package2:/home/vm/training/new_workspace/install/package1:/home/vm/training/new_workspace/install/my_python_package:/opt/ros/humble /usr/bin/cmake --build /home/vm/training/ros2_ws/build/simple_velocity_msg -- -j4 -l4
[2.500s] DEBUG:colcon.colcon_core.event_handler.log_command:Invoking command in '/home/vm/training/ros2_ws/build/simple_velocity_msg': CMAKE_PREFIX_PATH=${CMAKE_PREFIX_PATH}:/home/vm/training/ros2_ws/install/teleop_keyboard:/home/vm/training/ros2_ws/install/pingpong_pkg:/home/vm/training/ros2_ws/install/object_spawner:/home/vm/training/ros2_ws/install/image_viewer:/home/vm/training/ros2_ws/install/custom_msg_subscriber:/home/vm/training/ros2_ws/install/custom_msg_publisher:/home/vm/training/ros2_ws/install/camera_service:/home/vm/training/new_workspace/install/package2:/home/vm/training/new_workspace/install/package1:/home/vm/training/new_workspace/install/my_python_package:/opt/ros/humble /usr/bin/cmake --install /home/vm/training/ros2_ws/build/simple_velocity_msg
[2.573s] Level 1:colcon.colcon_core.environment:create_environment_scripts_only(simple_velocity_msg)
[2.573s] Level 1:colcon.colcon_core.environment:checking '/home/vm/training/ros2_ws/install/simple_velocity_msg' for CMake module files
[2.574s] DEBUG:colcon.colcon_core.event_handler.log_command:Invoked command in '/home/vm/training/ros2_ws/build/simple_velocity_msg' returned '0': CMAKE_PREFIX_PATH=${CMAKE_PREFIX_PATH}:/home/vm/training/ros2_ws/install/teleop_keyboard:/home/vm/training/ros2_ws/install/pingpong_pkg:/home/vm/training/ros2_ws/install/object_spawner:/home/vm/training/ros2_ws/install/image_viewer:/home/vm/training/ros2_ws/install/custom_msg_subscriber:/home/vm/training/ros2_ws/install/custom_msg_publisher:/home/vm/training/ros2_ws/install/camera_service:/home/vm/training/new_workspace/install/package2:/home/vm/training/new_workspace/install/package1:/home/vm/training/new_workspace/install/my_python_package:/opt/ros/humble /usr/bin/cmake --install /home/vm/training/ros2_ws/build/simple_velocity_msg
[2.574s] Level 1:colcon.colcon_core.environment:checking '/home/vm/training/ros2_ws/install/simple_velocity_msg' for CMake config files
[2.574s] Level 1:colcon.colcon_core.shell:create_environment_hook('simple_velocity_msg', 'cmake_prefix_path')
[2.575s] INFO:colcon.colcon_core.shell:Creating environment hook '/home/vm/training/ros2_ws/install/simple_velocity_msg/share/simple_velocity_msg/hook/cmake_prefix_path.ps1'
[2.575s] INFO:colcon.colcon_core.shell:Creating environment descriptor '/home/vm/training/ros2_ws/install/simple_velocity_msg/share/simple_velocity_msg/hook/cmake_prefix_path.dsv'
[2.575s] INFO:colcon.colcon_core.shell:Creating environment hook '/home/vm/training/ros2_ws/install/simple_velocity_msg/share/simple_velocity_msg/hook/cmake_prefix_path.sh'
[2.576s] Level 1:colcon.colcon_core.environment:checking '/home/vm/training/ros2_ws/install/simple_velocity_msg/lib'
[2.576s] Level 1:colcon.colcon_core.shell:create_environment_hook('simple_velocity_msg', 'ld_library_path_lib')
[2.576s] INFO:colcon.colcon_core.shell:Creating environment hook '/home/vm/training/ros2_ws/install/simple_velocity_msg/share/simple_velocity_msg/hook/ld_library_path_lib.ps1'
[2.576s] INFO:colcon.colcon_core.shell:Creating environment descriptor '/home/vm/training/ros2_ws/install/simple_velocity_msg/share/simple_velocity_msg/hook/ld_library_path_lib.dsv'
[2.576s] INFO:colcon.colcon_core.shell:Creating environment hook '/home/vm/training/ros2_ws/install/simple_velocity_msg/share/simple_velocity_msg/hook/ld_library_path_lib.sh'
[2.577s] Level 1:colcon.colcon_core.environment:checking '/home/vm/training/ros2_ws/install/simple_velocity_msg/bin'
[2.577s] Level 1:colcon.colcon_core.environment:checking '/home/vm/training/ros2_ws/install/simple_velocity_msg/lib/pkgconfig/simple_velocity_msg.pc'
[2.577s] Level 1:colcon.colcon_core.environment:checking '/home/vm/training/ros2_ws/install/simple_velocity_msg/lib/python3.10/site-packages'
[2.578s] Level 1:colcon.colcon_core.environment:checking '/home/vm/training/ros2_ws/install/simple_velocity_msg/bin'
[2.578s] INFO:colcon.colcon_core.shell:Creating package script '/home/vm/training/ros2_ws/install/simple_velocity_msg/share/simple_velocity_msg/package.ps1'
[2.578s] INFO:colcon.colcon_core.shell:Creating package descriptor '/home/vm/training/ros2_ws/install/simple_velocity_msg/share/simple_velocity_msg/package.dsv'
[2.579s] INFO:colcon.colcon_core.shell:Creating package script '/home/vm/training/ros2_ws/install/simple_velocity_msg/share/simple_velocity_msg/package.sh'
[2.579s] INFO:colcon.colcon_core.shell:Creating package script '/home/vm/training/ros2_ws/install/simple_velocity_msg/share/simple_velocity_msg/package.bash'
[2.579s] INFO:colcon.colcon_core.shell:Creating package script '/home/vm/training/ros2_ws/install/simple_velocity_msg/share/simple_velocity_msg/package.zsh'
[2.581s] Level 1:colcon.colcon_core.environment:create_file_with_runtime_dependencies(/home/vm/training/ros2_ws/install/simple_velocity_msg/share/colcon-core/packages/simple_velocity_msg)
[2.581s] Level 1:colcon.colcon_core.environment:create_environment_scripts_only(simple_velocity_msg)
[2.582s] Level 1:colcon.colcon_core.environment:checking '/home/vm/training/ros2_ws/install/simple_velocity_msg' for CMake module files
[2.582s] Level 1:colcon.colcon_core.environment:checking '/home/vm/training/ros2_ws/install/simple_velocity_msg' for CMake config files
[2.582s] Level 1:colcon.colcon_core.shell:create_environment_hook('simple_velocity_msg', 'cmake_prefix_path')
[2.583s] INFO:colcon.colcon_core.shell:Creating environment hook '/home/vm/training/ros2_ws/install/simple_velocity_msg/share/simple_velocity_msg/hook/cmake_prefix_path.ps1'
[2.583s] INFO:colcon.colcon_core.shell:Creating environment descriptor '/home/vm/training/ros2_ws/install/simple_velocity_msg/share/simple_velocity_msg/hook/cmake_prefix_path.dsv'
[2.583s] INFO:colcon.colcon_core.shell:Creating environment hook '/home/vm/training/ros2_ws/install/simple_velocity_msg/share/simple_velocity_msg/hook/cmake_prefix_path.sh'
[2.584s] Level 1:colcon.colcon_core.environment:checking '/home/vm/training/ros2_ws/install/simple_velocity_msg/lib'
[2.584s] Level 1:colcon.colcon_core.shell:create_environment_hook('simple_velocity_msg', 'ld_library_path_lib')
[2.584s] INFO:colcon.colcon_core.shell:Creating environment hook '/home/vm/training/ros2_ws/install/simple_velocity_msg/share/simple_velocity_msg/hook/ld_library_path_lib.ps1'
[2.584s] INFO:colcon.colcon_core.shell:Creating environment descriptor '/home/vm/training/ros2_ws/install/simple_velocity_msg/share/simple_velocity_msg/hook/ld_library_path_lib.dsv'
[2.585s] INFO:colcon.colcon_core.shell:Creating environment hook '/home/vm/training/ros2_ws/install/simple_velocity_msg/share/simple_velocity_msg/hook/ld_library_path_lib.sh'
[2.585s] Level 1:colcon.colcon_core.environment:checking '/home/vm/training/ros2_ws/install/simple_velocity_msg/bin'
[2.585s] Level 1:colcon.colcon_core.environment:checking '/home/vm/training/ros2_ws/install/simple_velocity_msg/lib/pkgconfig/simple_velocity_msg.pc'
[2.585s] Level 1:colcon.colcon_core.environment:checking '/home/vm/training/ros2_ws/install/simple_velocity_msg/lib/python3.10/site-packages'
[2.586s] Level 1:colcon.colcon_core.environment:checking '/home/vm/training/ros2_ws/install/simple_velocity_msg/bin'
[2.586s] INFO:colcon.colcon_core.shell:Creating package script '/home/vm/training/ros2_ws/install/simple_velocity_msg/share/simple_velocity_msg/package.ps1'
[2.586s] INFO:colcon.colcon_core.shell:Creating package descriptor '/home/vm/training/ros2_ws/install/simple_velocity_msg/share/simple_velocity_msg/package.dsv'
[2.587s] INFO:colcon.colcon_core.shell:Creating package script '/home/vm/training/ros2_ws/install/simple_velocity_msg/share/simple_velocity_msg/package.sh'
[2.587s] INFO:colcon.colcon_core.shell:Creating package script '/home/vm/training/ros2_ws/install/simple_velocity_msg/share/simple_velocity_msg/package.bash'
[2.588s] INFO:colcon.colcon_core.shell:Creating package script '/home/vm/training/ros2_ws/install/simple_velocity_msg/share/simple_velocity_msg/package.zsh'
[2.624s] Level 1:colcon.colcon_core.environment:create_file_with_runtime_dependencies(/home/vm/training/ros2_ws/install/simple_velocity_msg/share/colcon-core/packages/simple_velocity_msg)
[2.752s] Level 1:colcon.colcon_core.environment:checking '/home/vm/training/ros2_ws/install/pingpong_pkg' for CMake module files
[2.753s] Level 1:colcon.colcon_core.environment:checking '/home/vm/training/ros2_ws/install/pingpong_pkg' for CMake config files
[2.753s] Level 1:colcon.colcon_core.environment:checking '/home/vm/training/ros2_ws/install/pingpong_pkg/lib'
[2.753s] Level 1:colcon.colcon_core.environment:checking '/home/vm/training/ros2_ws/install/pingpong_pkg/bin'
[2.753s] Level 1:colcon.colcon_core.environment:checking '/home/vm/training/ros2_ws/install/pingpong_pkg/lib/pkgconfig/pingpong_pkg.pc'
[2.754s] Level 1:colcon.colcon_core.environment:checking '/home/vm/training/ros2_ws/install/pingpong_pkg/lib/python3.10/site-packages'
[2.754s] DEBUG:colcon.colcon_core.event_handler.log_command:Invoked command in '/home/vm/training/ros2_ws/src/pingpong_pkg' returned '0': PYTHONPATH=/home/vm/training/ros2_ws/build/pingpong_pkg/prefix_override:/usr/lib/python3/dist-packages/colcon_core/task/python/colcon_distutils_commands:/home/vm/training/ros2_ws/install/pingpong_pkg/lib/python3.10/site-packages:${PYTHONPATH} /usr/bin/python3 -W ignore:setup.py install is deprecated -W ignore:easy_install command is deprecated setup.py egg_info --egg-base ../../build/pingpong_pkg build --build-base /home/vm/training/ros2_ws/build/pingpong_pkg/build install --record /home/vm/training/ros2_ws/build/pingpong_pkg/install.log --single-version-externally-managed install_data
[2.754s] Level 1:colcon.colcon_core.shell:create_environment_hook('pingpong_pkg', 'pythonpath')
[2.754s] INFO:colcon.colcon_core.shell:Creating environment hook '/home/vm/training/ros2_ws/install/pingpong_pkg/share/pingpong_pkg/hook/pythonpath.ps1'
[2.755s] INFO:colcon.colcon_core.shell:Creating environment descriptor '/home/vm/training/ros2_ws/install/pingpong_pkg/share/pingpong_pkg/hook/pythonpath.dsv'
[2.755s] INFO:colcon.colcon_core.shell:Creating environment hook '/home/vm/training/ros2_ws/install/pingpong_pkg/share/pingpong_pkg/hook/pythonpath.sh'
[2.756s] Level 1:colcon.colcon_core.environment:checking '/home/vm/training/ros2_ws/install/pingpong_pkg/bin'
[2.756s] Level 1:colcon.colcon_core.environment:create_environment_scripts_only(pingpong_pkg)
[2.756s] INFO:colcon.colcon_core.shell:Creating package script '/home/vm/training/ros2_ws/install/pingpong_pkg/share/pingpong_pkg/package.ps1'
[2.756s] INFO:colcon.colcon_core.shell:Creating package descriptor '/home/vm/training/ros2_ws/install/pingpong_pkg/share/pingpong_pkg/package.dsv'
[2.757s] INFO:colcon.colcon_core.shell:Creating package script '/home/vm/training/ros2_ws/install/pingpong_pkg/share/pingpong_pkg/package.sh'
[2.757s] INFO:colcon.colcon_core.shell:Creating package script '/home/vm/training/ros2_ws/install/pingpong_pkg/share/pingpong_pkg/package.bash'
[2.758s] INFO:colcon.colcon_core.shell:Creating package script '/home/vm/training/ros2_ws/install/pingpong_pkg/share/pingpong_pkg/package.zsh'
[2.758s] Level 1:colcon.colcon_core.environment:create_file_with_runtime_dependencies(/home/vm/training/ros2_ws/install/pingpong_pkg/share/colcon-core/packages/pingpong_pkg)
[2.805s] Level 1:colcon.colcon_core.environment:checking '/home/vm/training/ros2_ws/install/object_spawner' for CMake module files
[2.805s] DEBUG:colcon.colcon_core.event_handler.log_command:Invoked command in '/home/vm/training/ros2_ws/src/object_spawner' returned '0': PYTHONPATH=/home/vm/training/ros2_ws/build/object_spawner/prefix_override:/usr/lib/python3/dist-packages/colcon_core/task/python/colcon_distutils_commands:/home/vm/training/ros2_ws/install/object_spawner/lib/python3.10/site-packages:${PYTHONPATH} /usr/bin/python3 -W ignore:setup.py install is deprecated -W ignore:easy_install command is deprecated setup.py egg_info --egg-base ../../build/object_spawner build --build-base /home/vm/training/ros2_ws/build/object_spawner/build install --record /home/vm/training/ros2_ws/build/object_spawner/install.log --single-version-externally-managed install_data
[2.806s] Level 1:colcon.colcon_core.environment:checking '/home/vm/training/ros2_ws/install/object_spawner' for CMake config files
[2.806s] Level 1:colcon.colcon_core.environment:checking '/home/vm/training/ros2_ws/install/object_spawner/lib'
[2.807s] Level 1:colcon.colcon_core.environment:checking '/home/vm/training/ros2_ws/install/object_spawner/bin'
[2.807s] Level 1:colcon.colcon_core.environment:checking '/home/vm/training/ros2_ws/install/object_spawner/lib/pkgconfig/object_spawner.pc'
[2.807s] Level 1:colcon.colcon_core.environment:checking '/home/vm/training/ros2_ws/install/object_spawner/lib/python3.10/site-packages'
[2.807s] Level 1:colcon.colcon_core.shell:create_environment_hook('object_spawner', 'pythonpath')
[2.808s] INFO:colcon.colcon_core.shell:Creating environment hook '/home/vm/training/ros2_ws/install/object_spawner/share/object_spawner/hook/pythonpath.ps1'
[2.810s] INFO:colcon.colcon_core.shell:Creating environment descriptor '/home/vm/training/ros2_ws/install/object_spawner/share/object_spawner/hook/pythonpath.dsv'
[2.812s] INFO:colcon.colcon_core.shell:Creating environment hook '/home/vm/training/ros2_ws/install/object_spawner/share/object_spawner/hook/pythonpath.sh'
[2.813s] Level 1:colcon.colcon_core.environment:checking '/home/vm/training/ros2_ws/install/object_spawner/bin'
[2.813s] Level 1:colcon.colcon_core.environment:create_environment_scripts_only(object_spawner)
[2.815s] INFO:colcon.colcon_core.shell:Creating package script '/home/vm/training/ros2_ws/install/object_spawner/share/object_spawner/package.ps1'
[2.815s] INFO:colcon.colcon_core.shell:Creating package descriptor '/home/vm/training/ros2_ws/install/object_spawner/share/object_spawner/package.dsv'
[2.816s] INFO:colcon.colcon_core.shell:Creating package script '/home/vm/training/ros2_ws/install/object_spawner/share/object_spawner/package.sh'
[2.816s] INFO:colcon.colcon_core.shell:Creating package script '/home/vm/training/ros2_ws/install/object_spawner/share/object_spawner/package.bash'
[2.816s] INFO:colcon.colcon_core.shell:Creating package script '/home/vm/training/ros2_ws/install/object_spawner/share/object_spawner/package.zsh'
[2.817s] Level 1:colcon.colcon_core.environment:create_file_with_runtime_dependencies(/home/vm/training/ros2_ws/install/object_spawner/share/colcon-core/packages/object_spawner)
[2.822s] DEBUG:colcon.colcon_core.event_handler.log_command:Invoking command in '/home/vm/training/ros2_ws/src/teleop_keyboard': PYTHONPATH=/home/vm/training/ros2_ws/build/teleop_keyboard/prefix_override:/usr/lib/python3/dist-packages/colcon_core/task/python/colcon_distutils_commands:/home/vm/training/ros2_ws/install/teleop_keyboard/lib/python3.10/site-packages:${PYTHONPATH} /usr/bin/python3 -W ignore:setup.py install is deprecated -W ignore:easy_install command is deprecated setup.py egg_info --egg-base ../../build/teleop_keyboard build --build-base /home/vm/training/ros2_ws/build/teleop_keyboard/build install --record /home/vm/training/ros2_ws/build/teleop_keyboard/install.log --single-version-externally-managed install_data
[3.052s] Level 1:colcon.colcon_core.environment:checking '/home/vm/training/ros2_ws/install/teleop_keyboard' for CMake module files
[3.053s] Level 1:colcon.colcon_core.environment:checking '/home/vm/training/ros2_ws/install/teleop_keyboard' for CMake config files
[3.053s] Level 1:colcon.colcon_core.environment:checking '/home/vm/training/ros2_ws/install/teleop_keyboard/lib'
[3.053s] Level 1:colcon.colcon_core.environment:checking '/home/vm/training/ros2_ws/install/teleop_keyboard/bin'
[3.053s] Level 1:colcon.colcon_core.environment:checking '/home/vm/training/ros2_ws/install/teleop_keyboard/lib/pkgconfig/teleop_keyboard.pc'
[3.053s] Level 1:colcon.colcon_core.environment:checking '/home/vm/training/ros2_ws/install/teleop_keyboard/lib/python3.10/site-packages'
[3.053s] Level 1:colcon.colcon_core.shell:create_environment_hook('teleop_keyboard', 'pythonpath')
[3.055s] INFO:colcon.colcon_core.shell:Creating environment hook '/home/vm/training/ros2_ws/install/teleop_keyboard/share/teleop_keyboard/hook/pythonpath.ps1'
[3.055s] DEBUG:colcon.colcon_core.event_handler.log_command:Invoked command in '/home/vm/training/ros2_ws/src/teleop_keyboard' returned '0': PYTHONPATH=/home/vm/training/ros2_ws/build/teleop_keyboard/prefix_override:/usr/lib/python3/dist-packages/colcon_core/task/python/colcon_distutils_commands:/home/vm/training/ros2_ws/install/teleop_keyboard/lib/python3.10/site-packages:${PYTHONPATH} /usr/bin/python3 -W ignore:setup.py install is deprecated -W ignore:easy_install command is deprecated setup.py egg_info --egg-base ../../build/teleop_keyboard build --build-base /home/vm/training/ros2_ws/build/teleop_keyboard/build install --record /home/vm/training/ros2_ws/build/teleop_keyboard/install.log --single-version-externally-managed install_data
[3.055s] INFO:colcon.colcon_core.shell:Creating environment descriptor '/home/vm/training/ros2_ws/install/teleop_keyboard/share/teleop_keyboard/hook/pythonpath.dsv'
[3.056s] INFO:colcon.colcon_core.shell:Creating environment hook '/home/vm/training/ros2_ws/install/teleop_keyboard/share/teleop_keyboard/hook/pythonpath.sh'
[3.056s] Level 1:colcon.colcon_core.environment:checking '/home/vm/training/ros2_ws/install/teleop_keyboard/bin'
[3.056s] Level 1:colcon.colcon_core.environment:create_environment_scripts_only(teleop_keyboard)
[3.057s] INFO:colcon.colcon_core.shell:Creating package script '/home/vm/training/ros2_ws/install/teleop_keyboard/share/teleop_keyboard/package.ps1'
[3.057s] INFO:colcon.colcon_core.shell:Creating package descriptor '/home/vm/training/ros2_ws/install/teleop_keyboard/share/teleop_keyboard/package.dsv'
[3.059s] INFO:colcon.colcon_core.shell:Creating package script '/home/vm/training/ros2_ws/install/teleop_keyboard/share/teleop_keyboard/package.sh'
[3.060s] INFO:colcon.colcon_core.shell:Creating package script '/home/vm/training/ros2_ws/install/teleop_keyboard/share/teleop_keyboard/package.bash'
[3.060s] INFO:colcon.colcon_core.shell:Creating package script '/home/vm/training/ros2_ws/install/teleop_keyboard/share/teleop_keyboard/package.zsh'
[3.060s] Level 1:colcon.colcon_core.environment:create_file_with_runtime_dependencies(/home/vm/training/ros2_ws/install/teleop_keyboard/share/colcon-core/packages/teleop_keyboard)
[3.060s] DEBUG:colcon.colcon_parallel_executor.executor.parallel:closing loop
[3.061s] DEBUG:colcon.colcon_parallel_executor.executor.parallel:loop closed
[3.061s] DEBUG:colcon.colcon_parallel_executor.executor.parallel:run_until_complete finished with '0'
[3.061s] DEBUG:colcon.colcon_core.event_reactor:joining thread
[3.066s] INFO:colcon.colcon_core.plugin_system:Skipping extension 'colcon_notification.desktop_notification.terminal_notifier': Not used on non-Darwin systems
[3.066s] INFO:colcon.colcon_core.plugin_system:Skipping extension 'colcon_notification.desktop_notification.win32': Not used on non-Windows systems
[3.066s] INFO:colcon.colcon_notification.desktop_notification:Sending desktop notification using 'notify2'
[3.082s] DEBUG:colcon.colcon_core.event_reactor:joined thread
[3.082s] INFO:colcon.colcon_core.shell:Creating prefix script '/home/vm/training/ros2_ws/install/local_setup.ps1'
[3.083s] INFO:colcon.colcon_core.shell:Creating prefix util module '/home/vm/training/ros2_ws/install/_local_setup_util_ps1.py'
[3.084s] INFO:colcon.colcon_core.shell:Creating prefix chain script '/home/vm/training/ros2_ws/install/setup.ps1'
[3.095s] INFO:colcon.colcon_core.shell:Creating prefix script '/home/vm/training/ros2_ws/install/local_setup.sh'
[3.096s] INFO:colcon.colcon_core.shell:Creating prefix util module '/home/vm/training/ros2_ws/install/_local_setup_util_sh.py'
[3.096s] INFO:colcon.colcon_core.shell:Creating prefix chain script '/home/vm/training/ros2_ws/install/setup.sh'
[3.098s] INFO:colcon.colcon_core.shell:Creating prefix script '/home/vm/training/ros2_ws/install/local_setup.bash'
[3.098s] INFO:colcon.colcon_core.shell:Creating prefix chain script '/home/vm/training/ros2_ws/install/setup.bash'
[3.099s] INFO:colcon.colcon_core.shell:Creating prefix script '/home/vm/training/ros2_ws/install/local_setup.zsh'
[3.099s] INFO:colcon.colcon_core.shell:Creating prefix chain script '/home/vm/training/ros2_ws/install/setup.zsh'
