[0.011s] Invoking command in '/home/vm/training/ros2_ws/src/build/perception_msgs': CMAKE_PREFIX_PATH=${CMAKE_PREFIX_PATH}:/home/vm/training/ros2_ws/src/install/custom_msg_subscriber:/home/vm/training/ros2_ws/install/custom_msg_publisher:/home/vm/training/ros2_ws/install/pingpong_pkg:/home/vm/training/new_workspace/install/my_python_package:/opt/ros/humble /usr/bin/cmake /home/vm/training/ros2_ws/src/perception_msgs -DCMAKE_INSTALL_PREFIX=/home/vm/training/ros2_ws/src/install/perception_msgs
[0.023s] -- Found ament_cmake: 1.3.14 (/opt/ros/humble/share/ament_cmake/cmake)
[0.140s] -- Found geometry_msgs: 4.9.1 (/opt/ros/humble/share/geometry_msgs/cmake)
[0.173s] -- Found rosidl_generator_c: 3.1.8 (/opt/ros/humble/share/rosidl_generator_c/cmake)
[0.174s] -- Found rosidl_adapter: 3.1.8 (/opt/ros/humble/share/rosidl_adapter/cmake)
[0.185s] -- Found rosidl_generator_cpp: 3.1.8 (/opt/ros/humble/share/rosidl_generator_cpp/cmake)
[0.187s] -- Using all available rosidl_typesupport_c: rosidl_typesupport_fastrtps_c;rosidl_typesupport_introspection_c
[0.198s] -- Using all available rosidl_typesupport_cpp: rosidl_typesupport_fastrtps_cpp;rosidl_typesupport_introspection_cpp
[0.255s] -- Found rosidl_default_generators: 1.2.1 (/opt/ros/humble/share/rosidl_default_generators/cmake)
[0.506s] -- Found ament_cmake_ros: 0.10.0 (/opt/ros/humble/share/ament_cmake_ros/cmake)
[0.861s] -- Using all available rosidl_typesupport_c: rosidl_typesupport_fastrtps_c;rosidl_typesupport_introspection_c
[0.994s] -- Using all available rosidl_typesupport_cpp: rosidl_typesupport_fastrtps_cpp;rosidl_typesupport_introspection_cpp
[1.009s] -- Found PythonInterp: /usr/bin/python3 (found suitable version "3.10.12", minimum required is "3.6") 
[1.011s] -- Found python_cmake_module: 0.10.0 (/opt/ros/humble/share/python_cmake_module/cmake)
[1.036s] -- Found PythonLibs: /usr/lib/x86_64-linux-gnu/libpython3.10.so (found suitable version "3.10.12", minimum required is "3.5") 
[1.036s] -- Using PYTHON_EXECUTABLE: /usr/bin/python3
[1.036s] -- Using PYTHON_INCLUDE_DIRS: /usr/include/python3.10
[1.036s] -- Using PYTHON_LIBRARIES: /usr/lib/x86_64-linux-gnu/libpython3.10.so
[1.054s] -- Found PythonExtra: .so  
[1.173s] -- Found ament_lint_auto: 0.12.15 (/opt/ros/humble/share/ament_lint_auto/cmake)
[1.188s] -- Added test 'lint_cmake' to check CMake code style
[1.189s] -- Added test 'xmllint' to check XML markup files
[1.190s] -- Configuring done
[1.219s] -- Generating done
[1.235s] -- Build files have been written to: /home/vm/training/ros2_ws/src/build/perception_msgs
[1.241s] Invoked command in '/home/vm/training/ros2_ws/src/build/perception_msgs' returned '0': CMAKE_PREFIX_PATH=${CMAKE_PREFIX_PATH}:/home/vm/training/ros2_ws/src/install/custom_msg_subscriber:/home/vm/training/ros2_ws/install/custom_msg_publisher:/home/vm/training/ros2_ws/install/pingpong_pkg:/home/vm/training/new_workspace/install/my_python_package:/opt/ros/humble /usr/bin/cmake /home/vm/training/ros2_ws/src/perception_msgs -DCMAKE_INSTALL_PREFIX=/home/vm/training/ros2_ws/src/install/perception_msgs
[1.244s] Invoking command in '/home/vm/training/ros2_ws/src/build/perception_msgs': CMAKE_PREFIX_PATH=${CMAKE_PREFIX_PATH}:/home/vm/training/ros2_ws/src/install/custom_msg_subscriber:/home/vm/training/ros2_ws/install/custom_msg_publisher:/home/vm/training/ros2_ws/install/pingpong_pkg:/home/vm/training/new_workspace/install/my_python_package:/opt/ros/humble /usr/bin/cmake --build /home/vm/training/ros2_ws/src/build/perception_msgs -- -j4 -l4
[1.277s] [  3%] [34m[1mGenerating C code for ROS interfaces[0m
[1.290s] [  6%] [34m[1mGenerating C++ code for ROS interfaces[0m
[1.291s] [  6%] Built target ament_cmake_python_copy_perception_msgs
[1.292s] [  9%] [34m[1mGenerating Rust code for ROS interfaces[0m
[1.497s] running egg_info
[1.498s] creating perception_msgs.egg-info
[1.498s] writing perception_msgs.egg-info/PKG-INFO
[1.499s] writing dependency_links to perception_msgs.egg-info/dependency_links.txt
[1.499s] writing top-level names to perception_msgs.egg-info/top_level.txt
[1.499s] writing manifest file 'perception_msgs.egg-info/SOURCES.txt'
[1.501s] reading manifest file 'perception_msgs.egg-info/SOURCES.txt'
[1.501s] writing manifest file 'perception_msgs.egg-info/SOURCES.txt'
[1.509s] [  9%] Built target perception_msgs__rs
[1.510s] [  9%] Built target perception_msgs__cpp
[1.518s] [ 12%] [34m[1mGenerating C++ type support for eProsima Fast-RTPS[0m
[1.518s] [ 15%] [34m[1mGenerating C++ introspection for ROS interfaces[0m
[1.528s] [ 18%] [32mBuilding C object CMakeFiles/perception_msgs__rosidl_generator_c.dir/rosidl_generator_c/perception_msgs/srv/detail/get_object_location__functions.c.o[0m
[1.538s] [ 18%] Built target ament_cmake_python_build_perception_msgs_egg
[1.553s] [ 21%] [34m[1mGenerating C++ type support dispatch for ROS interfaces[0m
[1.583s] [ 25%] [32m[1mLinking C shared library libperception_msgs__rosidl_generator_c.so[0m
[1.636s] [ 25%] Built target perception_msgs__rosidl_generator_c
[1.644s] [ 28%] [34m[1mGenerating C type support for eProsima Fast-RTPS[0m
[1.711s] [ 31%] [32mBuilding CXX object CMakeFiles/perception_msgs__rosidl_typesupport_introspection_cpp.dir/rosidl_typesupport_introspection_cpp/perception_msgs/srv/detail/get_object_location__type_support.cpp.o[0m
[1.714s] [ 34%] [32mBuilding CXX object CMakeFiles/perception_msgs__rosidl_typesupport_fastrtps_cpp.dir/rosidl_typesupport_fastrtps_cpp/perception_msgs/srv/detail/dds_fastrtps/get_object_location__type_support.cpp.o[0m
[1.742s] [ 37%] [32mBuilding CXX object CMakeFiles/perception_msgs__rosidl_typesupport_cpp.dir/rosidl_typesupport_cpp/perception_msgs/srv/get_object_location__type_support.cpp.o[0m
[1.857s] [ 40%] [32mBuilding CXX object CMakeFiles/perception_msgs__rosidl_typesupport_fastrtps_c.dir/rosidl_typesupport_fastrtps_c/perception_msgs/srv/detail/get_object_location__type_support_c.cpp.o[0m
[1.951s] [ 43%] [32m[1mLinking CXX shared library libperception_msgs__rosidl_typesupport_cpp.so[0m
[2.009s] [ 43%] Built target perception_msgs__rosidl_typesupport_cpp
[2.018s] [ 46%] [32m[1mLinking CXX shared library libperception_msgs__rosidl_typesupport_introspection_cpp.so[0m
[2.019s] [ 50%] [34m[1mGenerating C introspection for ROS interfaces[0m
[2.030s] [ 53%] [32m[1mLinking CXX shared library libperception_msgs__rosidl_typesupport_fastrtps_cpp.so[0m
[2.087s] [ 53%] Built target perception_msgs__rosidl_typesupport_introspection_cpp
[2.100s] [ 56%] [34m[1mGenerating C type support dispatch for ROS interfaces[0m
[2.101s] [ 56%] Built target perception_msgs__rosidl_typesupport_fastrtps_cpp
[2.131s] [ 59%] [32m[1mLinking CXX shared library libperception_msgs__rosidl_typesupport_fastrtps_c.so[0m
[2.193s] [ 59%] Built target perception_msgs__rosidl_typesupport_fastrtps_c
[2.211s] [ 62%] [32mBuilding C object CMakeFiles/perception_msgs__rosidl_typesupport_introspection_c.dir/rosidl_typesupport_introspection_c/perception_msgs/srv/detail/get_object_location__type_support.c.o[0m
[2.251s] [ 65%] [32m[1mLinking C shared library libperception_msgs__rosidl_typesupport_introspection_c.so[0m
[2.274s] [ 68%] [32mBuilding CXX object CMakeFiles/perception_msgs__rosidl_typesupport_c.dir/rosidl_typesupport_c/perception_msgs/srv/get_object_location__type_support.cpp.o[0m
[2.278s] [ 68%] Built target perception_msgs__rosidl_typesupport_introspection_c
[2.298s] [ 71%] [32m[1mLinking CXX shared library libperception_msgs__rosidl_typesupport_c.so[0m
[2.329s] [ 71%] Built target perception_msgs__rosidl_typesupport_c
[2.344s] [ 71%] Built target perception_msgs
[2.366s] [ 75%] [34m[1mGenerating Python code for ROS interfaces[0m
[2.610s] [ 75%] Built target perception_msgs__py
[2.624s] [ 78%] [32mBuilding C object CMakeFiles/perception_msgs__rosidl_generator_py.dir/rosidl_generator_py/perception_msgs/srv/_get_object_location_s.c.o[0m
[2.710s] [ 81%] [32m[1mLinking C shared library rosidl_generator_py/perception_msgs/libperception_msgs__rosidl_generator_py.so[0m
[2.742s] [ 81%] Built target perception_msgs__rosidl_generator_py
[2.758s] [ 84%] [32mBuilding C object CMakeFiles/perception_msgs__rosidl_typesupport_introspection_c__pyext.dir/rosidl_generator_py/perception_msgs/_perception_msgs_s.ep.rosidl_typesupport_introspection_c.c.o[0m
[2.758s] [ 87%] [32mBuilding C object CMakeFiles/perception_msgs__rosidl_typesupport_fastrtps_c__pyext.dir/rosidl_generator_py/perception_msgs/_perception_msgs_s.ep.rosidl_typesupport_fastrtps_c.c.o[0m
[2.760s] [ 90%] [32mBuilding C object CMakeFiles/perception_msgs__rosidl_typesupport_c__pyext.dir/rosidl_generator_py/perception_msgs/_perception_msgs_s.ep.rosidl_typesupport_c.c.o[0m
[2.834s] [ 93%] [32m[1mLinking C shared library rosidl_generator_py/perception_msgs/perception_msgs_s__rosidl_typesupport_fastrtps_c.cpython-310-x86_64-linux-gnu.so[0m
[2.836s] [ 96%] [32m[1mLinking C shared library rosidl_generator_py/perception_msgs/perception_msgs_s__rosidl_typesupport_introspection_c.cpython-310-x86_64-linux-gnu.so[0m
[2.841s] [100%] [32m[1mLinking C shared library rosidl_generator_py/perception_msgs/perception_msgs_s__rosidl_typesupport_c.cpython-310-x86_64-linux-gnu.so[0m
[2.872s] [100%] Built target perception_msgs__rosidl_typesupport_fastrtps_c__pyext
[2.875s] [100%] Built target perception_msgs__rosidl_typesupport_c__pyext
[2.880s] [100%] Built target perception_msgs__rosidl_typesupport_introspection_c__pyext
[2.892s] Invoked command in '/home/vm/training/ros2_ws/src/build/perception_msgs' returned '0': CMAKE_PREFIX_PATH=${CMAKE_PREFIX_PATH}:/home/vm/training/ros2_ws/src/install/custom_msg_subscriber:/home/vm/training/ros2_ws/install/custom_msg_publisher:/home/vm/training/ros2_ws/install/pingpong_pkg:/home/vm/training/new_workspace/install/my_python_package:/opt/ros/humble /usr/bin/cmake --build /home/vm/training/ros2_ws/src/build/perception_msgs -- -j4 -l4
[2.899s] Invoking command in '/home/vm/training/ros2_ws/src/build/perception_msgs': CMAKE_PREFIX_PATH=${CMAKE_PREFIX_PATH}:/home/vm/training/ros2_ws/src/install/custom_msg_subscriber:/home/vm/training/ros2_ws/install/custom_msg_publisher:/home/vm/training/ros2_ws/install/pingpong_pkg:/home/vm/training/new_workspace/install/my_python_package:/opt/ros/humble /usr/bin/cmake --install /home/vm/training/ros2_ws/src/build/perception_msgs
[2.905s] -- Install configuration: ""
[2.905s] -- Installing: /home/vm/training/ros2_ws/src/install/perception_msgs/share/ament_index/resource_index/rosidl_interfaces/perception_msgs
[2.905s] -- Installing: /home/vm/training/ros2_ws/src/install/perception_msgs/include/perception_msgs/perception_msgs
[2.905s] -- Installing: /home/vm/training/ros2_ws/src/install/perception_msgs/include/perception_msgs/perception_msgs/msg
[2.905s] -- Installing: /home/vm/training/ros2_ws/src/install/perception_msgs/include/perception_msgs/perception_msgs/msg/rosidl_generator_c__visibility_control.h
[2.905s] -- Installing: /home/vm/training/ros2_ws/src/install/perception_msgs/include/perception_msgs/perception_msgs/srv
[2.905s] -- Installing: /home/vm/training/ros2_ws/src/install/perception_msgs/include/perception_msgs/perception_msgs/srv/detail
[2.905s] -- Installing: /home/vm/training/ros2_ws/src/install/perception_msgs/include/perception_msgs/perception_msgs/srv/detail/get_object_location__type_support.h
[2.905s] -- Installing: /home/vm/training/ros2_ws/src/install/perception_msgs/include/perception_msgs/perception_msgs/srv/detail/get_object_location__struct.h
[2.905s] -- Installing: /home/vm/training/ros2_ws/src/install/perception_msgs/include/perception_msgs/perception_msgs/srv/detail/get_object_location__functions.h
[2.905s] -- Installing: /home/vm/training/ros2_ws/src/install/perception_msgs/include/perception_msgs/perception_msgs/srv/detail/get_object_location__functions.c
[2.905s] -- Installing: /home/vm/training/ros2_ws/src/install/perception_msgs/include/perception_msgs/perception_msgs/srv/get_object_location.h
[2.905s] -- Installing: /home/vm/training/ros2_ws/src/install/perception_msgs/share/perception_msgs/environment/library_path.sh
[2.905s] -- Installing: /home/vm/training/ros2_ws/src/install/perception_msgs/share/perception_msgs/environment/library_path.dsv
[2.905s] -- Installing: /home/vm/training/ros2_ws/src/install/perception_msgs/lib/libperception_msgs__rosidl_generator_c.so
[2.906s] -- Set runtime path of "/home/vm/training/ros2_ws/src/install/perception_msgs/lib/libperception_msgs__rosidl_generator_c.so" to ""
[2.906s] -- Up-to-date: /home/vm/training/ros2_ws/src/install/perception_msgs/include/perception_msgs/perception_msgs
[2.906s] -- Up-to-date: /home/vm/training/ros2_ws/src/install/perception_msgs/include/perception_msgs/perception_msgs/msg
[2.906s] -- Installing: /home/vm/training/ros2_ws/src/install/perception_msgs/include/perception_msgs/perception_msgs/msg/rosidl_typesupport_fastrtps_c__visibility_control.h
[2.906s] -- Up-to-date: /home/vm/training/ros2_ws/src/install/perception_msgs/include/perception_msgs/perception_msgs/srv
[2.906s] -- Up-to-date: /home/vm/training/ros2_ws/src/install/perception_msgs/include/perception_msgs/perception_msgs/srv/detail
[2.906s] -- Installing: /home/vm/training/ros2_ws/src/install/perception_msgs/include/perception_msgs/perception_msgs/srv/detail/get_object_location__rosidl_typesupport_fastrtps_c.h
[2.906s] -- Installing: /home/vm/training/ros2_ws/src/install/perception_msgs/lib/libperception_msgs__rosidl_typesupport_fastrtps_c.so
[2.906s] -- Set runtime path of "/home/vm/training/ros2_ws/src/install/perception_msgs/lib/libperception_msgs__rosidl_typesupport_fastrtps_c.so" to ""
[2.906s] -- Up-to-date: /home/vm/training/ros2_ws/src/install/perception_msgs/include/perception_msgs/perception_msgs
[2.906s] -- Up-to-date: /home/vm/training/ros2_ws/src/install/perception_msgs/include/perception_msgs/perception_msgs/msg
[2.906s] -- Installing: /home/vm/training/ros2_ws/src/install/perception_msgs/include/perception_msgs/perception_msgs/msg/rosidl_generator_cpp__visibility_control.hpp
[2.906s] -- Up-to-date: /home/vm/training/ros2_ws/src/install/perception_msgs/include/perception_msgs/perception_msgs/srv
[2.907s] -- Up-to-date: /home/vm/training/ros2_ws/src/install/perception_msgs/include/perception_msgs/perception_msgs/srv/detail
[2.907s] -- Installing: /home/vm/training/ros2_ws/src/install/perception_msgs/include/perception_msgs/perception_msgs/srv/detail/get_object_location__type_support.hpp
[2.907s] -- Installing: /home/vm/training/ros2_ws/src/install/perception_msgs/include/perception_msgs/perception_msgs/srv/detail/get_object_location__builder.hpp
[2.907s] -- Installing: /home/vm/training/ros2_ws/src/install/perception_msgs/include/perception_msgs/perception_msgs/srv/detail/get_object_location__struct.hpp
[2.907s] -- Installing: /home/vm/training/ros2_ws/src/install/perception_msgs/include/perception_msgs/perception_msgs/srv/detail/get_object_location__traits.hpp
[2.907s] -- Installing: /home/vm/training/ros2_ws/src/install/perception_msgs/include/perception_msgs/perception_msgs/srv/get_object_location.hpp
[2.907s] -- Up-to-date: /home/vm/training/ros2_ws/src/install/perception_msgs/include/perception_msgs/perception_msgs
[2.907s] -- Up-to-date: /home/vm/training/ros2_ws/src/install/perception_msgs/include/perception_msgs/perception_msgs/msg
[2.907s] -- Installing: /home/vm/training/ros2_ws/src/install/perception_msgs/include/perception_msgs/perception_msgs/msg/rosidl_typesupport_fastrtps_cpp__visibility_control.h
[2.907s] -- Up-to-date: /home/vm/training/ros2_ws/src/install/perception_msgs/include/perception_msgs/perception_msgs/srv
[2.907s] -- Up-to-date: /home/vm/training/ros2_ws/src/install/perception_msgs/include/perception_msgs/perception_msgs/srv/detail
[2.907s] -- Installing: /home/vm/training/ros2_ws/src/install/perception_msgs/include/perception_msgs/perception_msgs/srv/detail/get_object_location__rosidl_typesupport_fastrtps_cpp.hpp
[2.907s] -- Installing: /home/vm/training/ros2_ws/src/install/perception_msgs/include/perception_msgs/perception_msgs/srv/detail/dds_fastrtps
[2.907s] -- Installing: /home/vm/training/ros2_ws/src/install/perception_msgs/lib/libperception_msgs__rosidl_typesupport_fastrtps_cpp.so
[2.907s] -- Set runtime path of "/home/vm/training/ros2_ws/src/install/perception_msgs/lib/libperception_msgs__rosidl_typesupport_fastrtps_cpp.so" to ""
[2.908s] -- Up-to-date: /home/vm/training/ros2_ws/src/install/perception_msgs/include/perception_msgs/perception_msgs
[2.908s] -- Up-to-date: /home/vm/training/ros2_ws/src/install/perception_msgs/include/perception_msgs/perception_msgs/msg
[2.908s] -- Installing: /home/vm/training/ros2_ws/src/install/perception_msgs/include/perception_msgs/perception_msgs/msg/rosidl_typesupport_introspection_c__visibility_control.h
[2.908s] -- Up-to-date: /home/vm/training/ros2_ws/src/install/perception_msgs/include/perception_msgs/perception_msgs/srv
[2.908s] -- Up-to-date: /home/vm/training/ros2_ws/src/install/perception_msgs/include/perception_msgs/perception_msgs/srv/detail
[2.908s] -- Installing: /home/vm/training/ros2_ws/src/install/perception_msgs/include/perception_msgs/perception_msgs/srv/detail/get_object_location__rosidl_typesupport_introspection_c.h
[2.908s] -- Installing: /home/vm/training/ros2_ws/src/install/perception_msgs/include/perception_msgs/perception_msgs/srv/detail/get_object_location__type_support.c
[2.908s] -- Installing: /home/vm/training/ros2_ws/src/install/perception_msgs/lib/libperception_msgs__rosidl_typesupport_introspection_c.so
[2.908s] -- Set runtime path of "/home/vm/training/ros2_ws/src/install/perception_msgs/lib/libperception_msgs__rosidl_typesupport_introspection_c.so" to ""
[2.908s] -- Installing: /home/vm/training/ros2_ws/src/install/perception_msgs/lib/libperception_msgs__rosidl_typesupport_c.so
[2.909s] -- Set runtime path of "/home/vm/training/ros2_ws/src/install/perception_msgs/lib/libperception_msgs__rosidl_typesupport_c.so" to ""
[2.909s] -- Up-to-date: /home/vm/training/ros2_ws/src/install/perception_msgs/include/perception_msgs/perception_msgs
[2.909s] -- Up-to-date: /home/vm/training/ros2_ws/src/install/perception_msgs/include/perception_msgs/perception_msgs/srv
[2.909s] -- Up-to-date: /home/vm/training/ros2_ws/src/install/perception_msgs/include/perception_msgs/perception_msgs/srv/detail
[2.909s] -- Installing: /home/vm/training/ros2_ws/src/install/perception_msgs/include/perception_msgs/perception_msgs/srv/detail/get_object_location__type_support.cpp
[2.909s] -- Installing: /home/vm/training/ros2_ws/src/install/perception_msgs/include/perception_msgs/perception_msgs/srv/detail/get_object_location__rosidl_typesupport_introspection_cpp.hpp
[2.909s] -- Installing: /home/vm/training/ros2_ws/src/install/perception_msgs/lib/libperception_msgs__rosidl_typesupport_introspection_cpp.so
[2.909s] -- Set runtime path of "/home/vm/training/ros2_ws/src/install/perception_msgs/lib/libperception_msgs__rosidl_typesupport_introspection_cpp.so" to ""
[2.909s] -- Installing: /home/vm/training/ros2_ws/src/install/perception_msgs/lib/libperception_msgs__rosidl_typesupport_cpp.so
[2.910s] -- Set runtime path of "/home/vm/training/ros2_ws/src/install/perception_msgs/lib/libperception_msgs__rosidl_typesupport_cpp.so" to ""
[2.910s] -- Installing: /home/vm/training/ros2_ws/src/install/perception_msgs/share/perception_msgs/environment/pythonpath.sh
[2.910s] -- Installing: /home/vm/training/ros2_ws/src/install/perception_msgs/share/perception_msgs/environment/pythonpath.dsv
[2.910s] -- Installing: /home/vm/training/ros2_ws/src/install/perception_msgs/local/lib/python3.10/dist-packages/perception_msgs-0.0.0-py3.10.egg-info
[2.910s] -- Installing: /home/vm/training/ros2_ws/src/install/perception_msgs/local/lib/python3.10/dist-packages/perception_msgs-0.0.0-py3.10.egg-info/dependency_links.txt
[2.910s] -- Installing: /home/vm/training/ros2_ws/src/install/perception_msgs/local/lib/python3.10/dist-packages/perception_msgs-0.0.0-py3.10.egg-info/top_level.txt
[2.910s] -- Installing: /home/vm/training/ros2_ws/src/install/perception_msgs/local/lib/python3.10/dist-packages/perception_msgs-0.0.0-py3.10.egg-info/SOURCES.txt
[2.910s] -- Installing: /home/vm/training/ros2_ws/src/install/perception_msgs/local/lib/python3.10/dist-packages/perception_msgs-0.0.0-py3.10.egg-info/PKG-INFO
[2.910s] -- Installing: /home/vm/training/ros2_ws/src/install/perception_msgs/local/lib/python3.10/dist-packages/perception_msgs
[2.910s] -- Installing: /home/vm/training/ros2_ws/src/install/perception_msgs/local/lib/python3.10/dist-packages/perception_msgs/_perception_msgs_s.ep.rosidl_typesupport_introspection_c.c
[2.911s] -- Installing: /home/vm/training/ros2_ws/src/install/perception_msgs/local/lib/python3.10/dist-packages/perception_msgs/__init__.py
[2.911s] -- Installing: /home/vm/training/ros2_ws/src/install/perception_msgs/local/lib/python3.10/dist-packages/perception_msgs/_perception_msgs_s.ep.rosidl_typesupport_c.c
[2.911s] -- Installing: /home/vm/training/ros2_ws/src/install/perception_msgs/local/lib/python3.10/dist-packages/perception_msgs/perception_msgs_s__rosidl_typesupport_introspection_c.cpython-310-x86_64-linux-gnu.so
[2.911s] -- Installing: /home/vm/training/ros2_ws/src/install/perception_msgs/local/lib/python3.10/dist-packages/perception_msgs/srv
[2.911s] -- Installing: /home/vm/training/ros2_ws/src/install/perception_msgs/local/lib/python3.10/dist-packages/perception_msgs/srv/__init__.py
[2.911s] -- Installing: /home/vm/training/ros2_ws/src/install/perception_msgs/local/lib/python3.10/dist-packages/perception_msgs/srv/_get_object_location_s.c
[2.911s] -- Installing: /home/vm/training/ros2_ws/src/install/perception_msgs/local/lib/python3.10/dist-packages/perception_msgs/srv/_get_object_location.py
[2.911s] -- Installing: /home/vm/training/ros2_ws/src/install/perception_msgs/local/lib/python3.10/dist-packages/perception_msgs/perception_msgs_s__rosidl_typesupport_c.cpython-310-x86_64-linux-gnu.so
[2.911s] -- Installing: /home/vm/training/ros2_ws/src/install/perception_msgs/local/lib/python3.10/dist-packages/perception_msgs/libperception_msgs__rosidl_generator_py.so
[2.911s] -- Installing: /home/vm/training/ros2_ws/src/install/perception_msgs/local/lib/python3.10/dist-packages/perception_msgs/perception_msgs_s__rosidl_typesupport_fastrtps_c.cpython-310-x86_64-linux-gnu.so
[2.911s] -- Installing: /home/vm/training/ros2_ws/src/install/perception_msgs/local/lib/python3.10/dist-packages/perception_msgs/_perception_msgs_s.ep.rosidl_typesupport_fastrtps_c.c
[2.938s] Listing '/home/vm/training/ros2_ws/src/install/perception_msgs/local/lib/python3.10/dist-packages/perception_msgs'...
[2.938s] Compiling '/home/vm/training/ros2_ws/src/install/perception_msgs/local/lib/python3.10/dist-packages/perception_msgs/__init__.py'...
[2.938s] Listing '/home/vm/training/ros2_ws/src/install/perception_msgs/local/lib/python3.10/dist-packages/perception_msgs/srv'...
[2.938s] Compiling '/home/vm/training/ros2_ws/src/install/perception_msgs/local/lib/python3.10/dist-packages/perception_msgs/srv/__init__.py'...
[2.938s] Compiling '/home/vm/training/ros2_ws/src/install/perception_msgs/local/lib/python3.10/dist-packages/perception_msgs/srv/_get_object_location.py'...
[2.941s] -- Installing: /home/vm/training/ros2_ws/src/install/perception_msgs/local/lib/python3.10/dist-packages/perception_msgs/perception_msgs_s__rosidl_typesupport_fastrtps_c.cpython-310-x86_64-linux-gnu.so
[2.942s] -- Set runtime path of "/home/vm/training/ros2_ws/src/install/perception_msgs/local/lib/python3.10/dist-packages/perception_msgs/perception_msgs_s__rosidl_typesupport_fastrtps_c.cpython-310-x86_64-linux-gnu.so" to ""
[2.942s] -- Installing: /home/vm/training/ros2_ws/src/install/perception_msgs/local/lib/python3.10/dist-packages/perception_msgs/perception_msgs_s__rosidl_typesupport_introspection_c.cpython-310-x86_64-linux-gnu.so
[2.942s] -- Set runtime path of "/home/vm/training/ros2_ws/src/install/perception_msgs/local/lib/python3.10/dist-packages/perception_msgs/perception_msgs_s__rosidl_typesupport_introspection_c.cpython-310-x86_64-linux-gnu.so" to ""
[2.942s] -- Installing: /home/vm/training/ros2_ws/src/install/perception_msgs/local/lib/python3.10/dist-packages/perception_msgs/perception_msgs_s__rosidl_typesupport_c.cpython-310-x86_64-linux-gnu.so
[2.943s] -- Set runtime path of "/home/vm/training/ros2_ws/src/install/perception_msgs/local/lib/python3.10/dist-packages/perception_msgs/perception_msgs_s__rosidl_typesupport_c.cpython-310-x86_64-linux-gnu.so" to ""
[2.944s] -- Installing: /home/vm/training/ros2_ws/src/install/perception_msgs/lib/libperception_msgs__rosidl_generator_py.so
[2.944s] -- Set runtime path of "/home/vm/training/ros2_ws/src/install/perception_msgs/lib/libperception_msgs__rosidl_generator_py.so" to ""
[2.944s] -- Installing: /home/vm/training/ros2_ws/src/install/perception_msgs/share/ament_index/resource_index/rust_packages/perception_msgs
[2.944s] -- Installing: /home/vm/training/ros2_ws/src/install/perception_msgs/share/perception_msgs/rust
[2.944s] -- Installing: /home/vm/training/ros2_ws/src/install/perception_msgs/share/perception_msgs/rust/Cargo.toml
[2.944s] -- Installing: /home/vm/training/ros2_ws/src/install/perception_msgs/share/perception_msgs/rust/src
[2.944s] -- Installing: /home/vm/training/ros2_ws/src/install/perception_msgs/share/perception_msgs/rust/src/lib.rs
[2.944s] -- Installing: /home/vm/training/ros2_ws/src/install/perception_msgs/share/perception_msgs/rust/src/srv
[2.944s] -- Installing: /home/vm/training/ros2_ws/src/install/perception_msgs/share/perception_msgs/rust/src/srv/rmw.rs
[2.944s] -- Installing: /home/vm/training/ros2_ws/src/install/perception_msgs/share/perception_msgs/rust/src/srv.rs
[2.944s] -- Installing: /home/vm/training/ros2_ws/src/install/perception_msgs/share/perception_msgs/rust/build.rs
[2.945s] -- Installing: /home/vm/training/ros2_ws/src/install/perception_msgs/share/perception_msgs/srv/GetObjectLocation.idl
[2.945s] -- Installing: /home/vm/training/ros2_ws/src/install/perception_msgs/share/perception_msgs/srv/GetObjectLocation.srv
[2.945s] -- Installing: /home/vm/training/ros2_ws/src/install/perception_msgs/share/perception_msgs/srv/GetObjectLocation_Request.msg
[2.946s] -- Installing: /home/vm/training/ros2_ws/src/install/perception_msgs/share/perception_msgs/srv/GetObjectLocation_Response.msg
[2.946s] -- Installing: /home/vm/training/ros2_ws/src/install/perception_msgs/share/ament_index/resource_index/package_run_dependencies/perception_msgs
[2.946s] -- Installing: /home/vm/training/ros2_ws/src/install/perception_msgs/share/ament_index/resource_index/parent_prefix_path/perception_msgs
[2.946s] -- Installing: /home/vm/training/ros2_ws/src/install/perception_msgs/share/perception_msgs/environment/ament_prefix_path.sh
[2.946s] -- Installing: /home/vm/training/ros2_ws/src/install/perception_msgs/share/perception_msgs/environment/ament_prefix_path.dsv
[2.946s] -- Installing: /home/vm/training/ros2_ws/src/install/perception_msgs/share/perception_msgs/environment/path.sh
[2.946s] -- Installing: /home/vm/training/ros2_ws/src/install/perception_msgs/share/perception_msgs/environment/path.dsv
[2.946s] -- Installing: /home/vm/training/ros2_ws/src/install/perception_msgs/share/perception_msgs/local_setup.bash
[2.946s] -- Installing: /home/vm/training/ros2_ws/src/install/perception_msgs/share/perception_msgs/local_setup.sh
[2.946s] -- Installing: /home/vm/training/ros2_ws/src/install/perception_msgs/share/perception_msgs/local_setup.zsh
[2.946s] -- Installing: /home/vm/training/ros2_ws/src/install/perception_msgs/share/perception_msgs/local_setup.dsv
[2.946s] -- Installing: /home/vm/training/ros2_ws/src/install/perception_msgs/share/perception_msgs/package.dsv
[2.946s] -- Installing: /home/vm/training/ros2_ws/src/install/perception_msgs/share/ament_index/resource_index/packages/perception_msgs
[2.946s] -- Installing: /home/vm/training/ros2_ws/src/install/perception_msgs/share/perception_msgs/cmake/export_perception_msgs__rosidl_generator_cExport.cmake
[2.946s] -- Installing: /home/vm/training/ros2_ws/src/install/perception_msgs/share/perception_msgs/cmake/export_perception_msgs__rosidl_generator_cExport-noconfig.cmake
[2.947s] -- Installing: /home/vm/training/ros2_ws/src/install/perception_msgs/share/perception_msgs/cmake/export_perception_msgs__rosidl_typesupport_fastrtps_cExport.cmake
[2.947s] -- Installing: /home/vm/training/ros2_ws/src/install/perception_msgs/share/perception_msgs/cmake/export_perception_msgs__rosidl_typesupport_fastrtps_cExport-noconfig.cmake
[2.947s] -- Installing: /home/vm/training/ros2_ws/src/install/perception_msgs/share/perception_msgs/cmake/export_perception_msgs__rosidl_generator_cppExport.cmake
[2.947s] -- Installing: /home/vm/training/ros2_ws/src/install/perception_msgs/share/perception_msgs/cmake/export_perception_msgs__rosidl_typesupport_fastrtps_cppExport.cmake
[2.947s] -- Installing: /home/vm/training/ros2_ws/src/install/perception_msgs/share/perception_msgs/cmake/export_perception_msgs__rosidl_typesupport_fastrtps_cppExport-noconfig.cmake
[2.947s] -- Installing: /home/vm/training/ros2_ws/src/install/perception_msgs/share/perception_msgs/cmake/perception_msgs__rosidl_typesupport_introspection_cExport.cmake
[2.947s] -- Installing: /home/vm/training/ros2_ws/src/install/perception_msgs/share/perception_msgs/cmake/perception_msgs__rosidl_typesupport_introspection_cExport-noconfig.cmake
[2.947s] -- Installing: /home/vm/training/ros2_ws/src/install/perception_msgs/share/perception_msgs/cmake/perception_msgs__rosidl_typesupport_cExport.cmake
[2.947s] -- Installing: /home/vm/training/ros2_ws/src/install/perception_msgs/share/perception_msgs/cmake/perception_msgs__rosidl_typesupport_cExport-noconfig.cmake
[2.947s] -- Installing: /home/vm/training/ros2_ws/src/install/perception_msgs/share/perception_msgs/cmake/perception_msgs__rosidl_typesupport_introspection_cppExport.cmake
[2.947s] -- Installing: /home/vm/training/ros2_ws/src/install/perception_msgs/share/perception_msgs/cmake/perception_msgs__rosidl_typesupport_introspection_cppExport-noconfig.cmake
[2.947s] -- Installing: /home/vm/training/ros2_ws/src/install/perception_msgs/share/perception_msgs/cmake/perception_msgs__rosidl_typesupport_cppExport.cmake
[2.947s] -- Installing: /home/vm/training/ros2_ws/src/install/perception_msgs/share/perception_msgs/cmake/perception_msgs__rosidl_typesupport_cppExport-noconfig.cmake
[2.947s] -- Installing: /home/vm/training/ros2_ws/src/install/perception_msgs/share/perception_msgs/cmake/export_perception_msgs__rosidl_generator_pyExport.cmake
[2.947s] -- Installing: /home/vm/training/ros2_ws/src/install/perception_msgs/share/perception_msgs/cmake/export_perception_msgs__rosidl_generator_pyExport-noconfig.cmake
[2.947s] -- Installing: /home/vm/training/ros2_ws/src/install/perception_msgs/share/perception_msgs/cmake/rosidl_cmake-extras.cmake
[2.947s] -- Installing: /home/vm/training/ros2_ws/src/install/perception_msgs/share/perception_msgs/cmake/ament_cmake_export_dependencies-extras.cmake
[2.947s] -- Installing: /home/vm/training/ros2_ws/src/install/perception_msgs/share/perception_msgs/cmake/ament_cmake_export_include_directories-extras.cmake
[2.948s] -- Installing: /home/vm/training/ros2_ws/src/install/perception_msgs/share/perception_msgs/cmake/ament_cmake_export_libraries-extras.cmake
[2.948s] -- Installing: /home/vm/training/ros2_ws/src/install/perception_msgs/share/perception_msgs/cmake/ament_cmake_export_targets-extras.cmake
[2.948s] -- Installing: /home/vm/training/ros2_ws/src/install/perception_msgs/share/perception_msgs/cmake/rosidl_cmake_export_typesupport_targets-extras.cmake
[2.948s] -- Installing: /home/vm/training/ros2_ws/src/install/perception_msgs/share/perception_msgs/cmake/rosidl_cmake_export_typesupport_libraries-extras.cmake
[2.948s] -- Installing: /home/vm/training/ros2_ws/src/install/perception_msgs/share/perception_msgs/cmake/perception_msgsConfig.cmake
[2.949s] -- Installing: /home/vm/training/ros2_ws/src/install/perception_msgs/share/perception_msgs/cmake/perception_msgsConfig-version.cmake
[2.949s] -- Installing: /home/vm/training/ros2_ws/src/install/perception_msgs/share/perception_msgs/package.xml
[2.953s] Invoked command in '/home/vm/training/ros2_ws/src/build/perception_msgs' returned '0': CMAKE_PREFIX_PATH=${CMAKE_PREFIX_PATH}:/home/vm/training/ros2_ws/src/install/custom_msg_subscriber:/home/vm/training/ros2_ws/install/custom_msg_publisher:/home/vm/training/ros2_ws/install/pingpong_pkg:/home/vm/training/new_workspace/install/my_python_package:/opt/ros/humble /usr/bin/cmake --install /home/vm/training/ros2_ws/src/build/perception_msgs
