[1.101s] Invoking command in '/home/vm/training/ros2_ws/src/object_spawner': PYTHONPATH=/home/vm/training/ros2_ws/build/object_spawner/prefix_override:/usr/lib/python3/dist-packages/colcon_core/task/python/colcon_distutils_commands:/home/vm/training/ros2_ws/install/object_spawner/lib/python3.10/site-packages:${PYTHONPATH} /usr/bin/python3 -W ignore:setup.py install is deprecated -W ignore:easy_install command is deprecated setup.py egg_info --egg-base ../../build/object_spawner build --build-base /home/vm/training/ros2_ws/build/object_spawner/build install --record /home/vm/training/ros2_ws/build/object_spawner/install.log --single-version-externally-managed install_data
[1.667s] running egg_info
[1.667s] writing ../../build/object_spawner/object_spawner.egg-info/PKG-INFO
[1.668s] writing dependency_links to ../../build/object_spawner/object_spawner.egg-info/dependency_links.txt
[1.668s] writing entry points to ../../build/object_spawner/object_spawner.egg-info/entry_points.txt
[1.668s] writing requirements to ../../build/object_spawner/object_spawner.egg-info/requires.txt
[1.668s] writing top-level names to ../../build/object_spawner/object_spawner.egg-info/top_level.txt
[1.673s] reading manifest file '../../build/object_spawner/object_spawner.egg-info/SOURCES.txt'
[1.674s] writing manifest file '../../build/object_spawner/object_spawner.egg-info/SOURCES.txt'
[1.674s] running build
[1.674s] running build_py
[1.675s] running install
[1.677s] running install_lib
[1.678s] running install_data
[1.679s] running install_egg_info
[1.681s] removing '/home/vm/training/ros2_ws/install/object_spawner/lib/python3.10/site-packages/object_spawner-0.0.0-py3.10.egg-info' (and everything under it)
[1.690s] Copying ../../build/object_spawner/object_spawner.egg-info to /home/vm/training/ros2_ws/install/object_spawner/lib/python3.10/site-packages/object_spawner-0.0.0-py3.10.egg-info
[1.690s] running install_scripts
[1.744s] Installing object_spawner_node script to /home/vm/training/ros2_ws/install/object_spawner/lib/object_spawner
[1.744s] writing list of installed files to '/home/vm/training/ros2_ws/build/object_spawner/install.log'
[2.091s] Invoked command in '/home/vm/training/ros2_ws/src/object_spawner' returned '0': PYTHONPATH=/home/vm/training/ros2_ws/build/object_spawner/prefix_override:/usr/lib/python3/dist-packages/colcon_core/task/python/colcon_distutils_commands:/home/vm/training/ros2_ws/install/object_spawner/lib/python3.10/site-packages:${PYTHONPATH} /usr/bin/python3 -W ignore:setup.py install is deprecated -W ignore:easy_install command is deprecated setup.py egg_info --egg-base ../../build/object_spawner build --build-base /home/vm/training/ros2_ws/build/object_spawner/build install --record /home/vm/training/ros2_ws/build/object_spawner/install.log --single-version-externally-managed install_data
