[0.071s] DEBUG:colcon:Command line arguments: ['/usr/bin/colcon', 'build', '--packages-select', 'simple_velocity_msg']
[0.071s] DEBUG:colcon:Parsed command line arguments: Namespace(log_base=None, log_level=None, verb_name='build', build_base='build', install_base='install', merge_install=False, symlink_install=False, test_result_base=None, continue_on_error=False, executor='parallel', parallel_workers=4, event_handlers=None, ignore_user_meta=False, metas=['./colcon.meta'], base_paths=['.'], packages_ignore=None, packages_ignore_regex=None, paths=None, packages_up_to=None, packages_up_to_regex=None, packages_above=None, packages_above_and_dependencies=None, packages_above_depth=None, packages_select_by_dep=None, packages_skip_by_dep=None, packages_skip_up_to=None, packages_select_build_failed=False, packages_skip_build_finished=False, packages_select_test_failures=False, packages_skip_test_passed=False, packages_select=['simple_velocity_msg'], packages_skip=None, packages_select_regex=None, packages_skip_regex=None, packages_start=None, packages_end=None, allow_overriding=[], cmake_args=None, cmake_target=None, cmake_target_skip_unavailable=False, cmake_clean_cache=False, cmake_clean_first=False, cmake_force_configure=False, ament_cmake_args=None, catkin_cmake_args=None, catkin_skip_building_tests=False, verb_parser=<colcon_defaults.argument_parser.defaults.DefaultArgumentsDecorator object at 0x7e0851a2bac0>, verb_extension=<colcon_core.verb.build.BuildVerb object at 0x7e0851a2b580>, main=<bound method BuildVerb.main of <colcon_core.verb.build.BuildVerb object at 0x7e0851a2b580>>)
[0.167s] Level 1:colcon.colcon_core.package_discovery:discover_packages(colcon_meta) check parameters
[0.167s] Level 1:colcon.colcon_core.package_discovery:discover_packages(recursive) check parameters
[0.167s] Level 1:colcon.colcon_core.package_discovery:discover_packages(ignore) check parameters
[0.167s] Level 1:colcon.colcon_core.package_discovery:discover_packages(path) check parameters
[0.168s] Level 1:colcon.colcon_core.package_discovery:discover_packages(colcon_meta) discover
[0.168s] Level 1:colcon.colcon_core.package_discovery:discover_packages(recursive) discover
[0.168s] INFO:colcon.colcon_core.package_discovery:Crawling recursively for packages in '/home/vm/training/ros2_ws'
[0.168s] Level 1:colcon.colcon_core.package_identification:_identify(.) by extensions ['ignore', 'ignore_ament_install']
[0.168s] Level 1:colcon.colcon_core.package_identification:_identify(.) by extension 'ignore'
[0.168s] Level 1:colcon.colcon_core.package_identification:_identify(.) by extension 'ignore_ament_install'
[0.168s] Level 1:colcon.colcon_core.package_identification:_identify(.) by extensions ['colcon_pkg']
[0.168s] Level 1:colcon.colcon_core.package_identification:_identify(.) by extension 'colcon_pkg'
[0.168s] Level 1:colcon.colcon_core.package_identification:_identify(.) by extensions ['colcon_meta']
[0.168s] Level 1:colcon.colcon_core.package_identification:_identify(.) by extension 'colcon_meta'
[0.168s] Level 1:colcon.colcon_core.package_identification:_identify(.) by extensions ['ros']
[0.168s] Level 1:colcon.colcon_core.package_identification:_identify(.) by extension 'ros'
[0.175s] Level 1:colcon.colcon_core.package_identification:_identify(.) by extensions ['cmake', 'python']
[0.175s] Level 1:colcon.colcon_core.package_identification:_identify(.) by extension 'cmake'
[0.175s] Level 1:colcon.colcon_core.package_identification:_identify(.) by extension 'python'
[0.175s] Level 1:colcon.colcon_core.package_identification:_identify(.) by extensions ['python_setup_py']
[0.175s] Level 1:colcon.colcon_core.package_identification:_identify(.) by extension 'python_setup_py'
[0.175s] Level 1:colcon.colcon_core.package_identification:_identify(build) by extensions ['ignore', 'ignore_ament_install']
[0.176s] Level 1:colcon.colcon_core.package_identification:_identify(build) by extension 'ignore'
[0.176s] Level 1:colcon.colcon_core.package_identification:_identify(build) ignored
[0.176s] Level 1:colcon.colcon_core.package_identification:_identify(install) by extensions ['ignore', 'ignore_ament_install']
[0.176s] Level 1:colcon.colcon_core.package_identification:_identify(install) by extension 'ignore'
[0.176s] Level 1:colcon.colcon_core.package_identification:_identify(install) ignored
[0.176s] Level 1:colcon.colcon_core.package_identification:_identify(log) by extensions ['ignore', 'ignore_ament_install']
[0.176s] Level 1:colcon.colcon_core.package_identification:_identify(log) by extension 'ignore'
[0.176s] Level 1:colcon.colcon_core.package_identification:_identify(log) ignored
[0.176s] Level 1:colcon.colcon_core.package_identification:_identify(src) by extensions ['ignore', 'ignore_ament_install']
[0.176s] Level 1:colcon.colcon_core.package_identification:_identify(src) by extension 'ignore'
[0.176s] Level 1:colcon.colcon_core.package_identification:_identify(src) by extension 'ignore_ament_install'
[0.176s] Level 1:colcon.colcon_core.package_identification:_identify(src) by extensions ['colcon_pkg']
[0.176s] Level 1:colcon.colcon_core.package_identification:_identify(src) by extension 'colcon_pkg'
[0.176s] Level 1:colcon.colcon_core.package_identification:_identify(src) by extensions ['colcon_meta']
[0.176s] Level 1:colcon.colcon_core.package_identification:_identify(src) by extension 'colcon_meta'
[0.176s] Level 1:colcon.colcon_core.package_identification:_identify(src) by extensions ['ros']
[0.176s] Level 1:colcon.colcon_core.package_identification:_identify(src) by extension 'ros'
[0.176s] Level 1:colcon.colcon_core.package_identification:_identify(src) by extensions ['cmake', 'python']
[0.176s] Level 1:colcon.colcon_core.package_identification:_identify(src) by extension 'cmake'
[0.176s] Level 1:colcon.colcon_core.package_identification:_identify(src) by extension 'python'
[0.177s] Level 1:colcon.colcon_core.package_identification:_identify(src) by extensions ['python_setup_py']
[0.177s] Level 1:colcon.colcon_core.package_identification:_identify(src) by extension 'python_setup_py'
[0.177s] Level 1:colcon.colcon_core.package_identification:_identify(src/image_viewer) by extensions ['ignore', 'ignore_ament_install']
[0.177s] Level 1:colcon.colcon_core.package_identification:_identify(src/image_viewer) by extension 'ignore'
[0.177s] Level 1:colcon.colcon_core.package_identification:_identify(src/image_viewer) by extension 'ignore_ament_install'
[0.177s] Level 1:colcon.colcon_core.package_identification:_identify(src/image_viewer) by extensions ['colcon_pkg']
[0.177s] Level 1:colcon.colcon_core.package_identification:_identify(src/image_viewer) by extension 'colcon_pkg'
[0.177s] Level 1:colcon.colcon_core.package_identification:_identify(src/image_viewer) by extensions ['colcon_meta']
[0.177s] Level 1:colcon.colcon_core.package_identification:_identify(src/image_viewer) by extension 'colcon_meta'
[0.177s] Level 1:colcon.colcon_core.package_identification:_identify(src/image_viewer) by extensions ['ros']
[0.177s] Level 1:colcon.colcon_core.package_identification:_identify(src/image_viewer) by extension 'ros'
[0.178s] DEBUG:colcon.colcon_core.package_identification:Package 'src/image_viewer' with type 'ros.ament_python' and name 'image_viewer'
[0.178s] Level 1:colcon.colcon_core.package_identification:_identify(src/pingpong_pkg) by extensions ['ignore', 'ignore_ament_install']
[0.179s] Level 1:colcon.colcon_core.package_identification:_identify(src/pingpong_pkg) by extension 'ignore'
[0.179s] Level 1:colcon.colcon_core.package_identification:_identify(src/pingpong_pkg) by extension 'ignore_ament_install'
[0.179s] Level 1:colcon.colcon_core.package_identification:_identify(src/pingpong_pkg) by extensions ['colcon_pkg']
[0.179s] Level 1:colcon.colcon_core.package_identification:_identify(src/pingpong_pkg) by extension 'colcon_pkg'
[0.179s] Level 1:colcon.colcon_core.package_identification:_identify(src/pingpong_pkg) by extensions ['colcon_meta']
[0.179s] Level 1:colcon.colcon_core.package_identification:_identify(src/pingpong_pkg) by extension 'colcon_meta'
[0.179s] Level 1:colcon.colcon_core.package_identification:_identify(src/pingpong_pkg) by extensions ['ros']
[0.179s] Level 1:colcon.colcon_core.package_identification:_identify(src/pingpong_pkg) by extension 'ros'
[0.179s] DEBUG:colcon.colcon_core.package_identification:Package 'src/pingpong_pkg' with type 'ros.ament_python' and name 'pingpong_pkg'
[0.179s] Level 1:colcon.colcon_core.package_identification:_identify(src/simple_velocity_msg) by extensions ['ignore', 'ignore_ament_install']
[0.179s] Level 1:colcon.colcon_core.package_identification:_identify(src/simple_velocity_msg) by extension 'ignore'
[0.179s] Level 1:colcon.colcon_core.package_identification:_identify(src/simple_velocity_msg) by extension 'ignore_ament_install'
[0.179s] Level 1:colcon.colcon_core.package_identification:_identify(src/simple_velocity_msg) by extensions ['colcon_pkg']
[0.179s] Level 1:colcon.colcon_core.package_identification:_identify(src/simple_velocity_msg) by extension 'colcon_pkg'
[0.179s] Level 1:colcon.colcon_core.package_identification:_identify(src/simple_velocity_msg) by extensions ['colcon_meta']
[0.180s] Level 1:colcon.colcon_core.package_identification:_identify(src/simple_velocity_msg) by extension 'colcon_meta'
[0.180s] Level 1:colcon.colcon_core.package_identification:_identify(src/simple_velocity_msg) by extensions ['ros']
[0.180s] Level 1:colcon.colcon_core.package_identification:_identify(src/simple_velocity_msg) by extension 'ros'
[0.180s] DEBUG:colcon.colcon_core.package_identification:Package 'src/simple_velocity_msg' with type 'ros.ament_cmake' and name 'simple_velocity_msg'
[0.180s] Level 1:colcon.colcon_core.package_identification:_identify(src/teleop_keyboard) by extensions ['ignore', 'ignore_ament_install']
[0.180s] Level 1:colcon.colcon_core.package_identification:_identify(src/teleop_keyboard) by extension 'ignore'
[0.180s] Level 1:colcon.colcon_core.package_identification:_identify(src/teleop_keyboard) by extension 'ignore_ament_install'
[0.180s] Level 1:colcon.colcon_core.package_identification:_identify(src/teleop_keyboard) by extensions ['colcon_pkg']
[0.180s] Level 1:colcon.colcon_core.package_identification:_identify(src/teleop_keyboard) by extension 'colcon_pkg'
[0.180s] Level 1:colcon.colcon_core.package_identification:_identify(src/teleop_keyboard) by extensions ['colcon_meta']
[0.180s] Level 1:colcon.colcon_core.package_identification:_identify(src/teleop_keyboard) by extension 'colcon_meta'
[0.180s] Level 1:colcon.colcon_core.package_identification:_identify(src/teleop_keyboard) by extensions ['ros']
[0.180s] Level 1:colcon.colcon_core.package_identification:_identify(src/teleop_keyboard) by extension 'ros'
[0.181s] DEBUG:colcon.colcon_core.package_identification:Package 'src/teleop_keyboard' with type 'ros.ament_python' and name 'teleop_keyboard'
[0.181s] Level 1:colcon.colcon_core.package_discovery:discover_packages(recursive) using defaults
[0.181s] Level 1:colcon.colcon_core.package_discovery:discover_packages(ignore) discover
[0.181s] Level 1:colcon.colcon_core.package_discovery:discover_packages(ignore) using defaults
[0.181s] Level 1:colcon.colcon_core.package_discovery:discover_packages(path) discover
[0.181s] Level 1:colcon.colcon_core.package_discovery:discover_packages(path) using defaults
[0.194s] INFO:colcon.colcon_core.package_selection:Skipping not selected package 'image_viewer' in 'src/image_viewer'
[0.194s] INFO:colcon.colcon_core.package_selection:Skipping not selected package 'pingpong_pkg' in 'src/pingpong_pkg'
[0.194s] INFO:colcon.colcon_core.package_selection:Skipping not selected package 'teleop_keyboard' in 'src/teleop_keyboard'
[0.194s] Level 1:colcon.colcon_core.package_discovery:discover_packages(prefix_path) check parameters
[0.194s] Level 1:colcon.colcon_core.package_discovery:discover_packages(prefix_path) discover
[0.196s] DEBUG:colcon.colcon_installed_package_information.package_discovery:Found 1 installed packages in /home/vm/training/ros2_ws/install
[0.196s] DEBUG:colcon.colcon_installed_package_information.package_discovery:Found 2 installed packages in /home/vm/training/new_workspace/install
[0.197s] DEBUG:colcon.colcon_installed_package_information.package_discovery:Found 273 installed packages in /opt/ros/humble
[0.198s] Level 1:colcon.colcon_core.package_discovery:discover_packages(prefix_path) using defaults
[0.225s] Level 5:colcon.colcon_core.verb:set package 'simple_velocity_msg' build argument 'cmake_args' from command line to 'None'
[0.225s] Level 5:colcon.colcon_core.verb:set package 'simple_velocity_msg' build argument 'cmake_target' from command line to 'None'
[0.225s] Level 5:colcon.colcon_core.verb:set package 'simple_velocity_msg' build argument 'cmake_target_skip_unavailable' from command line to 'False'
[0.225s] Level 5:colcon.colcon_core.verb:set package 'simple_velocity_msg' build argument 'cmake_clean_cache' from command line to 'False'
[0.225s] Level 5:colcon.colcon_core.verb:set package 'simple_velocity_msg' build argument 'cmake_clean_first' from command line to 'False'
[0.225s] Level 5:colcon.colcon_core.verb:set package 'simple_velocity_msg' build argument 'cmake_force_configure' from command line to 'False'
[0.225s] Level 5:colcon.colcon_core.verb:set package 'simple_velocity_msg' build argument 'ament_cmake_args' from command line to 'None'
[0.226s] Level 5:colcon.colcon_core.verb:set package 'simple_velocity_msg' build argument 'catkin_cmake_args' from command line to 'None'
[0.226s] Level 5:colcon.colcon_core.verb:set package 'simple_velocity_msg' build argument 'catkin_skip_building_tests' from command line to 'False'
[0.226s] DEBUG:colcon.colcon_core.verb:Building package 'simple_velocity_msg' with the following arguments: {'ament_cmake_args': None, 'build_base': '/home/vm/training/ros2_ws/build/simple_velocity_msg', 'catkin_cmake_args': None, 'catkin_skip_building_tests': False, 'cmake_args': None, 'cmake_clean_cache': False, 'cmake_clean_first': False, 'cmake_force_configure': False, 'cmake_target': None, 'cmake_target_skip_unavailable': False, 'install_base': '/home/vm/training/ros2_ws/install/simple_velocity_msg', 'merge_install': False, 'path': '/home/vm/training/ros2_ws/src/simple_velocity_msg', 'symlink_install': False, 'test_result_base': None}
[0.226s] INFO:colcon.colcon_core.executor:Executing jobs using 'parallel' executor
[0.226s] DEBUG:colcon.colcon_parallel_executor.executor.parallel:run_until_complete
[0.227s] INFO:colcon.colcon_ros.task.ament_cmake.build:Building ROS package in '/home/vm/training/ros2_ws/src/simple_velocity_msg' with build type 'ament_cmake'
[0.227s] INFO:colcon.colcon_cmake.task.cmake.build:Building CMake package in '/home/vm/training/ros2_ws/src/simple_velocity_msg'
[0.228s] INFO:colcon.colcon_core.plugin_system:Skipping extension 'colcon_core.shell.bat': Not used on non-Windows systems
[0.228s] INFO:colcon.colcon_core.shell:Skip shell extension 'powershell' for command environment: Not usable outside of PowerShell
[0.229s] DEBUG:colcon.colcon_core.shell:Skip shell extension 'dsv' for command environment
[0.238s] DEBUG:colcon.colcon_core.event_handler.log_command:Invoking command in '/home/vm/training/ros2_ws/build/simple_velocity_msg': CMAKE_PREFIX_PATH=${CMAKE_PREFIX_PATH}:/home/vm/training/ros2_ws/install/pingpong_pkg:/home/vm/training/new_workspace/install/my_python_package:/opt/ros/humble /usr/bin/cmake /home/vm/training/ros2_ws/src/simple_velocity_msg -DCMAKE_INSTALL_PREFIX=/home/vm/training/ros2_ws/install/simple_velocity_msg
[1.521s] DEBUG:colcon.colcon_core.event_handler.log_command:Invoked command in '/home/vm/training/ros2_ws/build/simple_velocity_msg' returned '0': CMAKE_PREFIX_PATH=${CMAKE_PREFIX_PATH}:/home/vm/training/ros2_ws/install/pingpong_pkg:/home/vm/training/new_workspace/install/my_python_package:/opt/ros/humble /usr/bin/cmake /home/vm/training/ros2_ws/src/simple_velocity_msg -DCMAKE_INSTALL_PREFIX=/home/vm/training/ros2_ws/install/simple_velocity_msg
[1.521s] DEBUG:colcon.colcon_core.event_handler.log_command:Invoking command in '/home/vm/training/ros2_ws/build/simple_velocity_msg': CMAKE_PREFIX_PATH=${CMAKE_PREFIX_PATH}:/home/vm/training/ros2_ws/install/pingpong_pkg:/home/vm/training/new_workspace/install/my_python_package:/opt/ros/humble /usr/bin/cmake --build /home/vm/training/ros2_ws/build/simple_velocity_msg -- -j4 -l4
[3.205s] DEBUG:colcon.colcon_core.event_handler.log_command:Invoked command in '/home/vm/training/ros2_ws/build/simple_velocity_msg' returned '0': CMAKE_PREFIX_PATH=${CMAKE_PREFIX_PATH}:/home/vm/training/ros2_ws/install/pingpong_pkg:/home/vm/training/new_workspace/install/my_python_package:/opt/ros/humble /usr/bin/cmake --build /home/vm/training/ros2_ws/build/simple_velocity_msg -- -j4 -l4
[3.212s] DEBUG:colcon.colcon_core.event_handler.log_command:Invoking command in '/home/vm/training/ros2_ws/build/simple_velocity_msg': CMAKE_PREFIX_PATH=${CMAKE_PREFIX_PATH}:/home/vm/training/ros2_ws/install/pingpong_pkg:/home/vm/training/new_workspace/install/my_python_package:/opt/ros/humble /usr/bin/cmake --install /home/vm/training/ros2_ws/build/simple_velocity_msg
[3.287s] Level 1:colcon.colcon_core.environment:create_environment_scripts_only(simple_velocity_msg)
[3.288s] DEBUG:colcon.colcon_core.event_handler.log_command:Invoked command in '/home/vm/training/ros2_ws/build/simple_velocity_msg' returned '0': CMAKE_PREFIX_PATH=${CMAKE_PREFIX_PATH}:/home/vm/training/ros2_ws/install/pingpong_pkg:/home/vm/training/new_workspace/install/my_python_package:/opt/ros/humble /usr/bin/cmake --install /home/vm/training/ros2_ws/build/simple_velocity_msg
[3.289s] Level 1:colcon.colcon_core.environment:checking '/home/vm/training/ros2_ws/install/simple_velocity_msg' for CMake module files
[3.290s] Level 1:colcon.colcon_core.environment:checking '/home/vm/training/ros2_ws/install/simple_velocity_msg' for CMake config files
[3.290s] Level 1:colcon.colcon_core.shell:create_environment_hook('simple_velocity_msg', 'cmake_prefix_path')
[3.290s] INFO:colcon.colcon_core.shell:Creating environment hook '/home/vm/training/ros2_ws/install/simple_velocity_msg/share/simple_velocity_msg/hook/cmake_prefix_path.ps1'
[3.291s] INFO:colcon.colcon_core.shell:Creating environment descriptor '/home/vm/training/ros2_ws/install/simple_velocity_msg/share/simple_velocity_msg/hook/cmake_prefix_path.dsv'
[3.291s] INFO:colcon.colcon_core.shell:Creating environment hook '/home/vm/training/ros2_ws/install/simple_velocity_msg/share/simple_velocity_msg/hook/cmake_prefix_path.sh'
[3.292s] Level 1:colcon.colcon_core.environment:checking '/home/vm/training/ros2_ws/install/simple_velocity_msg/lib'
[3.292s] Level 1:colcon.colcon_core.shell:create_environment_hook('simple_velocity_msg', 'ld_library_path_lib')
[3.292s] INFO:colcon.colcon_core.shell:Creating environment hook '/home/vm/training/ros2_ws/install/simple_velocity_msg/share/simple_velocity_msg/hook/ld_library_path_lib.ps1'
[3.292s] INFO:colcon.colcon_core.shell:Creating environment descriptor '/home/vm/training/ros2_ws/install/simple_velocity_msg/share/simple_velocity_msg/hook/ld_library_path_lib.dsv'
[3.292s] INFO:colcon.colcon_core.shell:Creating environment hook '/home/vm/training/ros2_ws/install/simple_velocity_msg/share/simple_velocity_msg/hook/ld_library_path_lib.sh'
[3.293s] Level 1:colcon.colcon_core.environment:checking '/home/vm/training/ros2_ws/install/simple_velocity_msg/bin'
[3.293s] Level 1:colcon.colcon_core.environment:checking '/home/vm/training/ros2_ws/install/simple_velocity_msg/lib/pkgconfig/simple_velocity_msg.pc'
[3.293s] Level 1:colcon.colcon_core.environment:checking '/home/vm/training/ros2_ws/install/simple_velocity_msg/lib/python3.10/site-packages'
[3.293s] Level 1:colcon.colcon_core.environment:checking '/home/vm/training/ros2_ws/install/simple_velocity_msg/bin'
[3.293s] INFO:colcon.colcon_core.shell:Creating package script '/home/vm/training/ros2_ws/install/simple_velocity_msg/share/simple_velocity_msg/package.ps1'
[3.294s] INFO:colcon.colcon_core.shell:Creating package descriptor '/home/vm/training/ros2_ws/install/simple_velocity_msg/share/simple_velocity_msg/package.dsv'
[3.294s] INFO:colcon.colcon_core.shell:Creating package script '/home/vm/training/ros2_ws/install/simple_velocity_msg/share/simple_velocity_msg/package.sh'
[3.296s] INFO:colcon.colcon_core.shell:Creating package script '/home/vm/training/ros2_ws/install/simple_velocity_msg/share/simple_velocity_msg/package.bash'
[3.297s] INFO:colcon.colcon_core.shell:Creating package script '/home/vm/training/ros2_ws/install/simple_velocity_msg/share/simple_velocity_msg/package.zsh'
[3.298s] Level 1:colcon.colcon_core.environment:create_file_with_runtime_dependencies(/home/vm/training/ros2_ws/install/simple_velocity_msg/share/colcon-core/packages/simple_velocity_msg)
[3.298s] Level 1:colcon.colcon_core.environment:create_environment_scripts_only(simple_velocity_msg)
[3.298s] Level 1:colcon.colcon_core.environment:checking '/home/vm/training/ros2_ws/install/simple_velocity_msg' for CMake module files
[3.299s] Level 1:colcon.colcon_core.environment:checking '/home/vm/training/ros2_ws/install/simple_velocity_msg' for CMake config files
[3.299s] Level 1:colcon.colcon_core.shell:create_environment_hook('simple_velocity_msg', 'cmake_prefix_path')
[3.299s] INFO:colcon.colcon_core.shell:Creating environment hook '/home/vm/training/ros2_ws/install/simple_velocity_msg/share/simple_velocity_msg/hook/cmake_prefix_path.ps1'
[3.300s] INFO:colcon.colcon_core.shell:Creating environment descriptor '/home/vm/training/ros2_ws/install/simple_velocity_msg/share/simple_velocity_msg/hook/cmake_prefix_path.dsv'
[3.300s] INFO:colcon.colcon_core.shell:Creating environment hook '/home/vm/training/ros2_ws/install/simple_velocity_msg/share/simple_velocity_msg/hook/cmake_prefix_path.sh'
[3.305s] Level 1:colcon.colcon_core.environment:checking '/home/vm/training/ros2_ws/install/simple_velocity_msg/lib'
[3.306s] Level 1:colcon.colcon_core.shell:create_environment_hook('simple_velocity_msg', 'ld_library_path_lib')
[3.306s] INFO:colcon.colcon_core.shell:Creating environment hook '/home/vm/training/ros2_ws/install/simple_velocity_msg/share/simple_velocity_msg/hook/ld_library_path_lib.ps1'
[3.307s] INFO:colcon.colcon_core.shell:Creating environment descriptor '/home/vm/training/ros2_ws/install/simple_velocity_msg/share/simple_velocity_msg/hook/ld_library_path_lib.dsv'
[3.307s] INFO:colcon.colcon_core.shell:Creating environment hook '/home/vm/training/ros2_ws/install/simple_velocity_msg/share/simple_velocity_msg/hook/ld_library_path_lib.sh'
[3.308s] Level 1:colcon.colcon_core.environment:checking '/home/vm/training/ros2_ws/install/simple_velocity_msg/bin'
[3.308s] Level 1:colcon.colcon_core.environment:checking '/home/vm/training/ros2_ws/install/simple_velocity_msg/lib/pkgconfig/simple_velocity_msg.pc'
[3.308s] Level 1:colcon.colcon_core.environment:checking '/home/vm/training/ros2_ws/install/simple_velocity_msg/lib/python3.10/site-packages'
[3.308s] Level 1:colcon.colcon_core.environment:checking '/home/vm/training/ros2_ws/install/simple_velocity_msg/bin'
[3.308s] INFO:colcon.colcon_core.shell:Creating package script '/home/vm/training/ros2_ws/install/simple_velocity_msg/share/simple_velocity_msg/package.ps1'
[3.310s] INFO:colcon.colcon_core.shell:Creating package descriptor '/home/vm/training/ros2_ws/install/simple_velocity_msg/share/simple_velocity_msg/package.dsv'
[3.310s] INFO:colcon.colcon_core.shell:Creating package script '/home/vm/training/ros2_ws/install/simple_velocity_msg/share/simple_velocity_msg/package.sh'
[3.311s] INFO:colcon.colcon_core.shell:Creating package script '/home/vm/training/ros2_ws/install/simple_velocity_msg/share/simple_velocity_msg/package.bash'
[3.311s] INFO:colcon.colcon_core.shell:Creating package script '/home/vm/training/ros2_ws/install/simple_velocity_msg/share/simple_velocity_msg/package.zsh'
[3.311s] Level 1:colcon.colcon_core.environment:create_file_with_runtime_dependencies(/home/vm/training/ros2_ws/install/simple_velocity_msg/share/colcon-core/packages/simple_velocity_msg)
[3.312s] DEBUG:colcon.colcon_parallel_executor.executor.parallel:closing loop
[3.312s] DEBUG:colcon.colcon_parallel_executor.executor.parallel:loop closed
[3.312s] DEBUG:colcon.colcon_parallel_executor.executor.parallel:run_until_complete finished with '0'
[3.312s] DEBUG:colcon.colcon_core.event_reactor:joining thread
[3.319s] INFO:colcon.colcon_core.plugin_system:Skipping extension 'colcon_notification.desktop_notification.terminal_notifier': Not used on non-Darwin systems
[3.319s] INFO:colcon.colcon_core.plugin_system:Skipping extension 'colcon_notification.desktop_notification.win32': Not used on non-Windows systems
[3.319s] INFO:colcon.colcon_notification.desktop_notification:Sending desktop notification using 'notify2'
[3.334s] DEBUG:colcon.colcon_core.event_reactor:joined thread
[3.334s] INFO:colcon.colcon_core.shell:Creating prefix script '/home/vm/training/ros2_ws/install/local_setup.ps1'
[3.335s] INFO:colcon.colcon_core.shell:Creating prefix util module '/home/vm/training/ros2_ws/install/_local_setup_util_ps1.py'
[3.337s] INFO:colcon.colcon_core.shell:Creating prefix chain script '/home/vm/training/ros2_ws/install/setup.ps1'
[3.338s] INFO:colcon.colcon_core.shell:Creating prefix script '/home/vm/training/ros2_ws/install/local_setup.sh'
[3.339s] INFO:colcon.colcon_core.shell:Creating prefix util module '/home/vm/training/ros2_ws/install/_local_setup_util_sh.py'
[3.339s] INFO:colcon.colcon_core.shell:Creating prefix chain script '/home/vm/training/ros2_ws/install/setup.sh'
[3.340s] INFO:colcon.colcon_core.shell:Creating prefix script '/home/vm/training/ros2_ws/install/local_setup.bash'
[3.340s] INFO:colcon.colcon_core.shell:Creating prefix chain script '/home/vm/training/ros2_ws/install/setup.bash'
[3.341s] INFO:colcon.colcon_core.shell:Creating prefix script '/home/vm/training/ros2_ws/install/local_setup.zsh'
[3.341s] INFO:colcon.colcon_core.shell:Creating prefix chain script '/home/vm/training/ros2_ws/install/setup.zsh'
