running egg_info
writing ../../build/object_spawner/object_spawner.egg-info/PKG-INFO
writing dependency_links to ../../build/object_spawner/object_spawner.egg-info/dependency_links.txt
writing entry points to ../../build/object_spawner/object_spawner.egg-info/entry_points.txt
writing requirements to ../../build/object_spawner/object_spawner.egg-info/requires.txt
writing top-level names to ../../build/object_spawner/object_spawner.egg-info/top_level.txt
reading manifest file '../../build/object_spawner/object_spawner.egg-info/SOURCES.txt'
writing manifest file '../../build/object_spawner/object_spawner.egg-info/SOURCES.txt'
running build
running build_py
copying object_spawner/object_spawner.py -> /home/vm/training/ros2_ws/build/object_spawner/build/lib/object_spawner
running install
running install_lib
copying /home/vm/training/ros2_ws/build/object_spawner/build/lib/object_spawner/object_spawner.py -> /home/vm/training/ros2_ws/install/object_spawner/lib/python3.10/site-packages/object_spawner
byte-compiling /home/vm/training/ros2_ws/install/object_spawner/lib/python3.10/site-packages/object_spawner/object_spawner.py to object_spawner.cpython-310.pyc
running install_data
running install_egg_info
removing '/home/vm/training/ros2_ws/install/object_spawner/lib/python3.10/site-packages/object_spawner-0.0.0-py3.10.egg-info' (and everything under it)
Copying ../../build/object_spawner/object_spawner.egg-info to /home/vm/training/ros2_ws/install/object_spawner/lib/python3.10/site-packages/object_spawner-0.0.0-py3.10.egg-info
running install_scripts
Installing object_spawner_node script to /home/vm/training/ros2_ws/install/object_spawner/lib/object_spawner
writing list of installed files to '/home/vm/training/ros2_ws/build/object_spawner/install.log'
