[0.394s] Invoking command in '/home/vm/training/ros2_ws/src/object_spawner': PYTHONPATH=/home/vm/training/ros2_ws/build/object_spawner/prefix_override:/usr/lib/python3/dist-packages/colcon_core/task/python/colcon_distutils_commands:/home/vm/training/ros2_ws/install/object_spawner/lib/python3.10/site-packages:${PYTHONPATH} /usr/bin/python3 -W ignore:setup.py install is deprecated -W ignore:easy_install command is deprecated setup.py egg_info --egg-base ../../build/object_spawner build --build-base /home/vm/training/ros2_ws/build/object_spawner/build install --record /home/vm/training/ros2_ws/build/object_spawner/install.log --single-version-externally-managed install_data
[0.573s] running egg_info
[0.573s] writing ../../build/object_spawner/object_spawner.egg-info/PKG-INFO
[0.574s] writing dependency_links to ../../build/object_spawner/object_spawner.egg-info/dependency_links.txt
[0.574s] writing entry points to ../../build/object_spawner/object_spawner.egg-info/entry_points.txt
[0.574s] writing requirements to ../../build/object_spawner/object_spawner.egg-info/requires.txt
[0.574s] writing top-level names to ../../build/object_spawner/object_spawner.egg-info/top_level.txt
[0.575s] reading manifest file '../../build/object_spawner/object_spawner.egg-info/SOURCES.txt'
[0.576s] writing manifest file '../../build/object_spawner/object_spawner.egg-info/SOURCES.txt'
[0.576s] running build
[0.576s] running build_py
[0.576s] copying object_spawner/object_spawner.py -> /home/vm/training/ros2_ws/build/object_spawner/build/lib/object_spawner
[0.577s] running install
[0.577s] running install_lib
[0.577s] copying /home/vm/training/ros2_ws/build/object_spawner/build/lib/object_spawner/object_spawner.py -> /home/vm/training/ros2_ws/install/object_spawner/lib/python3.10/site-packages/object_spawner
[0.577s] byte-compiling /home/vm/training/ros2_ws/install/object_spawner/lib/python3.10/site-packages/object_spawner/object_spawner.py to object_spawner.cpython-310.pyc
[0.581s] running install_data
[0.582s] running install_egg_info
[0.582s] removing '/home/vm/training/ros2_ws/install/object_spawner/lib/python3.10/site-packages/object_spawner-0.0.0-py3.10.egg-info' (and everything under it)
[0.582s] Copying ../../build/object_spawner/object_spawner.egg-info to /home/vm/training/ros2_ws/install/object_spawner/lib/python3.10/site-packages/object_spawner-0.0.0-py3.10.egg-info
[0.582s] running install_scripts
[0.602s] Installing object_spawner_node script to /home/vm/training/ros2_ws/install/object_spawner/lib/object_spawner
[0.603s] writing list of installed files to '/home/vm/training/ros2_ws/build/object_spawner/install.log'
[0.618s] Invoked command in '/home/vm/training/ros2_ws/src/object_spawner' returned '0': PYTHONPATH=/home/vm/training/ros2_ws/build/object_spawner/prefix_override:/usr/lib/python3/dist-packages/colcon_core/task/python/colcon_distutils_commands:/home/vm/training/ros2_ws/install/object_spawner/lib/python3.10/site-packages:${PYTHONPATH} /usr/bin/python3 -W ignore:setup.py install is deprecated -W ignore:easy_install command is deprecated setup.py egg_info --egg-base ../../build/object_spawner build --build-base /home/vm/training/ros2_ws/build/object_spawner/build install --record /home/vm/training/ros2_ws/build/object_spawner/install.log --single-version-externally-managed install_data
