[0.946s] Invoking command in '/home/vm/training/ros2_ws/src/teleop_keyboard': PYTHONPATH=/home/vm/training/ros2_ws/src/build/teleop_keyboard/prefix_override:/usr/lib/python3/dist-packages/colcon_core/task/python/colcon_distutils_commands:/home/vm/training/ros2_ws/src/install/teleop_keyboard/lib/python3.10/site-packages:${PYTHONPATH} /usr/bin/python3 -W ignore:setup.py install is deprecated -W ignore:easy_install command is deprecated setup.py egg_info --egg-base ../build/teleop_keyboard build --build-base /home/vm/training/ros2_ws/src/build/teleop_keyboard/build install --record /home/vm/training/ros2_ws/src/build/teleop_keyboard/install.log --single-version-externally-managed install_data
[1.192s] running egg_info
[1.192s] creating ../build/teleop_keyboard/teleop_keyboard.egg-info
[1.193s] writing ../build/teleop_keyboard/teleop_keyboard.egg-info/PKG-INFO
[1.193s] writing dependency_links to ../build/teleop_keyboard/teleop_keyboard.egg-info/dependency_links.txt
[1.194s] writing entry points to ../build/teleop_keyboard/teleop_keyboard.egg-info/entry_points.txt
[1.194s] writing requirements to ../build/teleop_keyboard/teleop_keyboard.egg-info/requires.txt
[1.194s] writing top-level names to ../build/teleop_keyboard/teleop_keyboard.egg-info/top_level.txt
[1.194s] writing manifest file '../build/teleop_keyboard/teleop_keyboard.egg-info/SOURCES.txt'
[1.199s] reading manifest file '../build/teleop_keyboard/teleop_keyboard.egg-info/SOURCES.txt'
[1.200s] writing manifest file '../build/teleop_keyboard/teleop_keyboard.egg-info/SOURCES.txt'
[1.200s] running build
[1.200s] running build_py
[1.200s] creating /home/vm/training/ros2_ws/src/build/teleop_keyboard/build
[1.200s] creating /home/vm/training/ros2_ws/src/build/teleop_keyboard/build/lib
[1.202s] creating /home/vm/training/ros2_ws/src/build/teleop_keyboard/build/lib/teleop_keyboard
[1.202s] copying teleop_keyboard/teleop_keyboard.py -> /home/vm/training/ros2_ws/src/build/teleop_keyboard/build/lib/teleop_keyboard
[1.202s] copying teleop_keyboard/__init__.py -> /home/vm/training/ros2_ws/src/build/teleop_keyboard/build/lib/teleop_keyboard
[1.202s] running install
[1.202s] running install_lib
[1.203s] creating /home/vm/training/ros2_ws/src/install/teleop_keyboard/lib/python3.10/site-packages/teleop_keyboard
[1.204s] copying /home/vm/training/ros2_ws/src/build/teleop_keyboard/build/lib/teleop_keyboard/teleop_keyboard.py -> /home/vm/training/ros2_ws/src/install/teleop_keyboard/lib/python3.10/site-packages/teleop_keyboard
[1.205s] copying /home/vm/training/ros2_ws/src/build/teleop_keyboard/build/lib/teleop_keyboard/__init__.py -> /home/vm/training/ros2_ws/src/install/teleop_keyboard/lib/python3.10/site-packages/teleop_keyboard
[1.205s] byte-compiling /home/vm/training/ros2_ws/src/install/teleop_keyboard/lib/python3.10/site-packages/teleop_keyboard/teleop_keyboard.py to teleop_keyboard.cpython-310.pyc
[1.207s] byte-compiling /home/vm/training/ros2_ws/src/install/teleop_keyboard/lib/python3.10/site-packages/teleop_keyboard/__init__.py to __init__.cpython-310.pyc
[1.207s] running install_data
[1.207s] creating /home/vm/training/ros2_ws/src/install/teleop_keyboard/share/ament_index
[1.207s] creating /home/vm/training/ros2_ws/src/install/teleop_keyboard/share/ament_index/resource_index
[1.207s] creating /home/vm/training/ros2_ws/src/install/teleop_keyboard/share/ament_index/resource_index/packages
[1.207s] copying resource/teleop_keyboard -> /home/vm/training/ros2_ws/src/install/teleop_keyboard/share/ament_index/resource_index/packages
[1.207s] copying package.xml -> /home/vm/training/ros2_ws/src/install/teleop_keyboard/share/teleop_keyboard
[1.207s] running install_egg_info
[1.208s] Copying ../build/teleop_keyboard/teleop_keyboard.egg-info to /home/vm/training/ros2_ws/src/install/teleop_keyboard/lib/python3.10/site-packages/teleop_keyboard-0.0.0-py3.10.egg-info
[1.210s] running install_scripts
[1.226s] Installing teleop_node script to /home/vm/training/ros2_ws/src/install/teleop_keyboard/lib/teleop_keyboard
[1.226s] writing list of installed files to '/home/vm/training/ros2_ws/src/build/teleop_keyboard/install.log'
[1.247s] Invoked command in '/home/vm/training/ros2_ws/src/teleop_keyboard' returned '0': PYTHONPATH=/home/vm/training/ros2_ws/src/build/teleop_keyboard/prefix_override:/usr/lib/python3/dist-packages/colcon_core/task/python/colcon_distutils_commands:/home/vm/training/ros2_ws/src/install/teleop_keyboard/lib/python3.10/site-packages:${PYTHONPATH} /usr/bin/python3 -W ignore:setup.py install is deprecated -W ignore:easy_install command is deprecated setup.py egg_info --egg-base ../build/teleop_keyboard build --build-base /home/vm/training/ros2_ws/src/build/teleop_keyboard/build install --record /home/vm/training/ros2_ws/src/build/teleop_keyboard/install.log --single-version-externally-managed install_data
