running egg_info
creating ../../build/object_spawner/object_spawner.egg-info
writing ../../build/object_spawner/object_spawner.egg-info/PKG-INFO
writing dependency_links to ../../build/object_spawner/object_spawner.egg-info/dependency_links.txt
writing entry points to ../../build/object_spawner/object_spawner.egg-info/entry_points.txt
writing requirements to ../../build/object_spawner/object_spawner.egg-info/requires.txt
writing top-level names to ../../build/object_spawner/object_spawner.egg-info/top_level.txt
writing manifest file '../../build/object_spawner/object_spawner.egg-info/SOURCES.txt'
reading manifest file '../../build/object_spawner/object_spawner.egg-info/SOURCES.txt'
writing manifest file '../../build/object_spawner/object_spawner.egg-info/SOURCES.txt'
running build
running build_py
creating /home/vm/training/ros2_ws/build/object_spawner/build
creating /home/vm/training/ros2_ws/build/object_spawner/build/lib
creating /home/vm/training/ros2_ws/build/object_spawner/build/lib/object_spawner
copying object_spawner/__init__.py -> /home/vm/training/ros2_ws/build/object_spawner/build/lib/object_spawner
copying object_spawner/object_spawner.py -> /home/vm/training/ros2_ws/build/object_spawner/build/lib/object_spawner
running install
running install_lib
creating /home/vm/training/ros2_ws/install/object_spawner/lib/python3.10/site-packages/object_spawner
copying /home/vm/training/ros2_ws/build/object_spawner/build/lib/object_spawner/__init__.py -> /home/vm/training/ros2_ws/install/object_spawner/lib/python3.10/site-packages/object_spawner
copying /home/vm/training/ros2_ws/build/object_spawner/build/lib/object_spawner/object_spawner.py -> /home/vm/training/ros2_ws/install/object_spawner/lib/python3.10/site-packages/object_spawner
byte-compiling /home/vm/training/ros2_ws/install/object_spawner/lib/python3.10/site-packages/object_spawner/__init__.py to __init__.cpython-310.pyc
byte-compiling /home/vm/training/ros2_ws/install/object_spawner/lib/python3.10/site-packages/object_spawner/object_spawner.py to object_spawner.cpython-310.pyc
running install_data
creating /home/vm/training/ros2_ws/install/object_spawner/share/ament_index
creating /home/vm/training/ros2_ws/install/object_spawner/share/ament_index/resource_index
creating /home/vm/training/ros2_ws/install/object_spawner/share/ament_index/resource_index/packages
copying resource/object_spawner -> /home/vm/training/ros2_ws/install/object_spawner/share/ament_index/resource_index/packages
copying package.xml -> /home/vm/training/ros2_ws/install/object_spawner/share/object_spawner
creating /home/vm/training/ros2_ws/install/object_spawner/share/object_spawner/launch
copying launch/demo.launch.py -> /home/vm/training/ros2_ws/install/object_spawner/share/object_spawner/launch
copying launch/practical9.rviz -> /home/vm/training/ros2_ws/install/object_spawner/share/object_spawner/launch
running install_egg_info
Copying ../../build/object_spawner/object_spawner.egg-info to /home/vm/training/ros2_ws/install/object_spawner/lib/python3.10/site-packages/object_spawner-0.0.0-py3.10.egg-info
running install_scripts
Installing object_spawner_node script to /home/vm/training/ros2_ws/install/object_spawner/lib/object_spawner
writing list of installed files to '/home/vm/training/ros2_ws/build/object_spawner/install.log'
