running egg_info
creating ../../build/custom_msg_publisher/custom_msg_publisher.egg-info
writing ../../build/custom_msg_publisher/custom_msg_publisher.egg-info/PKG-INFO
writing dependency_links to ../../build/custom_msg_publisher/custom_msg_publisher.egg-info/dependency_links.txt
writing entry points to ../../build/custom_msg_publisher/custom_msg_publisher.egg-info/entry_points.txt
writing requirements to ../../build/custom_msg_publisher/custom_msg_publisher.egg-info/requires.txt
writing top-level names to ../../build/custom_msg_publisher/custom_msg_publisher.egg-info/top_level.txt
writing manifest file '../../build/custom_msg_publisher/custom_msg_publisher.egg-info/SOURCES.txt'
reading manifest file '../../build/custom_msg_publisher/custom_msg_publisher.egg-info/SOURCES.txt'
writing manifest file '../../build/custom_msg_publisher/custom_msg_publisher.egg-info/SOURCES.txt'
running build
running build_py
creating /home/vm/training/ros2_ws/build/custom_msg_publisher/build
creating /home/vm/training/ros2_ws/build/custom_msg_publisher/build/lib
creating /home/vm/training/ros2_ws/build/custom_msg_publisher/build/lib/custom_msg_publisher
copying custom_msg_publisher/custom_msg_publisher.py -> /home/vm/training/ros2_ws/build/custom_msg_publisher/build/lib/custom_msg_publisher
copying custom_msg_publisher/__init__.py -> /home/vm/training/ros2_ws/build/custom_msg_publisher/build/lib/custom_msg_publisher
running install
running install_lib
creating /home/vm/training/ros2_ws/install/custom_msg_publisher/lib/python3.10/site-packages/custom_msg_publisher
copying /home/vm/training/ros2_ws/build/custom_msg_publisher/build/lib/custom_msg_publisher/custom_msg_publisher.py -> /home/vm/training/ros2_ws/install/custom_msg_publisher/lib/python3.10/site-packages/custom_msg_publisher
copying /home/vm/training/ros2_ws/build/custom_msg_publisher/build/lib/custom_msg_publisher/__init__.py -> /home/vm/training/ros2_ws/install/custom_msg_publisher/lib/python3.10/site-packages/custom_msg_publisher
byte-compiling /home/vm/training/ros2_ws/install/custom_msg_publisher/lib/python3.10/site-packages/custom_msg_publisher/custom_msg_publisher.py to custom_msg_publisher.cpython-310.pyc
byte-compiling /home/vm/training/ros2_ws/install/custom_msg_publisher/lib/python3.10/site-packages/custom_msg_publisher/__init__.py to __init__.cpython-310.pyc
running install_data
creating /home/vm/training/ros2_ws/install/custom_msg_publisher/share/ament_index
creating /home/vm/training/ros2_ws/install/custom_msg_publisher/share/ament_index/resource_index
creating /home/vm/training/ros2_ws/install/custom_msg_publisher/share/ament_index/resource_index/packages
copying resource/custom_msg_publisher -> /home/vm/training/ros2_ws/install/custom_msg_publisher/share/ament_index/resource_index/packages
copying package.xml -> /home/vm/training/ros2_ws/install/custom_msg_publisher/share/custom_msg_publisher
running install_egg_info
Copying ../../build/custom_msg_publisher/custom_msg_publisher.egg-info to /home/vm/training/ros2_ws/install/custom_msg_publisher/lib/python3.10/site-packages/custom_msg_publisher-0.0.0-py3.10.egg-info
running install_scripts
Installing simple_velocity_pub_node script to /home/vm/training/ros2_ws/install/custom_msg_publisher/lib/custom_msg_publisher
writing list of installed files to '/home/vm/training/ros2_ws/build/custom_msg_publisher/install.log'
