[0.394s] Invoking command in '/home/vm/training/ros2_ws/src/custom_msg_publisher': PYTHONPATH=/home/vm/training/ros2_ws/build/custom_msg_publisher/prefix_override:/usr/lib/python3/dist-packages/colcon_core/task/python/colcon_distutils_commands:/home/vm/training/ros2_ws/install/custom_msg_publisher/lib/python3.10/site-packages:${PYTHONPATH} /usr/bin/python3 -W ignore:setup.py install is deprecated -W ignore:easy_install command is deprecated setup.py egg_info --egg-base ../../build/custom_msg_publisher build --build-base /home/vm/training/ros2_ws/build/custom_msg_publisher/build install --record /home/vm/training/ros2_ws/build/custom_msg_publisher/install.log --single-version-externally-managed install_data
[0.549s] running egg_info
[0.549s] creating ../../build/custom_msg_publisher/custom_msg_publisher.egg-info
[0.549s] writing ../../build/custom_msg_publisher/custom_msg_publisher.egg-info/PKG-INFO
[0.549s] writing dependency_links to ../../build/custom_msg_publisher/custom_msg_publisher.egg-info/dependency_links.txt
[0.550s] writing entry points to ../../build/custom_msg_publisher/custom_msg_publisher.egg-info/entry_points.txt
[0.550s] writing requirements to ../../build/custom_msg_publisher/custom_msg_publisher.egg-info/requires.txt
[0.550s] writing top-level names to ../../build/custom_msg_publisher/custom_msg_publisher.egg-info/top_level.txt
[0.550s] writing manifest file '../../build/custom_msg_publisher/custom_msg_publisher.egg-info/SOURCES.txt'
[0.550s] reading manifest file '../../build/custom_msg_publisher/custom_msg_publisher.egg-info/SOURCES.txt'
[0.550s] writing manifest file '../../build/custom_msg_publisher/custom_msg_publisher.egg-info/SOURCES.txt'
[0.550s] running build
[0.550s] running build_py
[0.550s] creating /home/vm/training/ros2_ws/build/custom_msg_publisher/build
[0.550s] creating /home/vm/training/ros2_ws/build/custom_msg_publisher/build/lib
[0.550s] creating /home/vm/training/ros2_ws/build/custom_msg_publisher/build/lib/custom_msg_publisher
[0.550s] copying custom_msg_publisher/custom_msg_publisher.py -> /home/vm/training/ros2_ws/build/custom_msg_publisher/build/lib/custom_msg_publisher
[0.550s] copying custom_msg_publisher/__init__.py -> /home/vm/training/ros2_ws/build/custom_msg_publisher/build/lib/custom_msg_publisher
[0.550s] running install
[0.550s] running install_lib
[0.550s] creating /home/vm/training/ros2_ws/install/custom_msg_publisher/lib/python3.10/site-packages/custom_msg_publisher
[0.550s] copying /home/vm/training/ros2_ws/build/custom_msg_publisher/build/lib/custom_msg_publisher/custom_msg_publisher.py -> /home/vm/training/ros2_ws/install/custom_msg_publisher/lib/python3.10/site-packages/custom_msg_publisher
[0.550s] copying /home/vm/training/ros2_ws/build/custom_msg_publisher/build/lib/custom_msg_publisher/__init__.py -> /home/vm/training/ros2_ws/install/custom_msg_publisher/lib/python3.10/site-packages/custom_msg_publisher
[0.550s] byte-compiling /home/vm/training/ros2_ws/install/custom_msg_publisher/lib/python3.10/site-packages/custom_msg_publisher/custom_msg_publisher.py to custom_msg_publisher.cpython-310.pyc
[0.551s] byte-compiling /home/vm/training/ros2_ws/install/custom_msg_publisher/lib/python3.10/site-packages/custom_msg_publisher/__init__.py to __init__.cpython-310.pyc
[0.551s] running install_data
[0.551s] creating /home/vm/training/ros2_ws/install/custom_msg_publisher/share/ament_index
[0.551s] creating /home/vm/training/ros2_ws/install/custom_msg_publisher/share/ament_index/resource_index
[0.551s] creating /home/vm/training/ros2_ws/install/custom_msg_publisher/share/ament_index/resource_index/packages
[0.551s] copying resource/custom_msg_publisher -> /home/vm/training/ros2_ws/install/custom_msg_publisher/share/ament_index/resource_index/packages
[0.551s] copying package.xml -> /home/vm/training/ros2_ws/install/custom_msg_publisher/share/custom_msg_publisher
[0.551s] running install_egg_info
[0.552s] Copying ../../build/custom_msg_publisher/custom_msg_publisher.egg-info to /home/vm/training/ros2_ws/install/custom_msg_publisher/lib/python3.10/site-packages/custom_msg_publisher-0.0.0-py3.10.egg-info
[0.553s] running install_scripts
[0.568s] Installing simple_velocity_pub_node script to /home/vm/training/ros2_ws/install/custom_msg_publisher/lib/custom_msg_publisher
[0.569s] writing list of installed files to '/home/vm/training/ros2_ws/build/custom_msg_publisher/install.log'
[0.583s] Invoked command in '/home/vm/training/ros2_ws/src/custom_msg_publisher' returned '0': PYTHONPATH=/home/vm/training/ros2_ws/build/custom_msg_publisher/prefix_override:/usr/lib/python3/dist-packages/colcon_core/task/python/colcon_distutils_commands:/home/vm/training/ros2_ws/install/custom_msg_publisher/lib/python3.10/site-packages:${PYTHONPATH} /usr/bin/python3 -W ignore:setup.py install is deprecated -W ignore:easy_install command is deprecated setup.py egg_info --egg-base ../../build/custom_msg_publisher build --build-base /home/vm/training/ros2_ws/build/custom_msg_publisher/build install --record /home/vm/training/ros2_ws/build/custom_msg_publisher/install.log --single-version-externally-managed install_data
