[0.010s] Invoking command in '/home/vm/training/ros2_ws/src/build/perception_msgs': CMAKE_PREFIX_PATH=${CMAKE_PREFIX_PATH}:/home/vm/training/ros2_ws/src/install/custom_msg_subscriber:/home/vm/training/ros2_ws/install/custom_msg_publisher:/home/vm/training/ros2_ws/install/pingpong_pkg:/home/vm/training/new_workspace/install/my_python_package:/opt/ros/humble /usr/bin/cmake /home/vm/training/ros2_ws/src/perception_msgs -DCMAKE_INSTALL_PREFIX=/home/vm/training/ros2_ws/src/install/perception_msgs
[0.062s] -- The C compiler identification is GNU 11.4.0
[0.101s] -- The CXX compiler identification is GNU 11.4.0
[0.107s] -- Detecting C compiler ABI info
[0.172s] -- Detecting C compiler ABI info - done
[0.178s] -- Check for working C compiler: /usr/bin/cc - skipped
[0.178s] -- Detecting C compile features
[0.179s] -- Detecting C compile features - done
[0.182s] -- Detecting CXX compiler ABI info
[0.248s] -- Detecting CXX compiler ABI info - done
[0.252s] -- Check for working CXX compiler: /usr/bin/c++ - skipped
[0.252s] -- Detecting CXX compile features
[0.253s] -- Detecting CXX compile features - done
[0.257s] -- Found ament_cmake: 1.3.14 (/opt/ros/humble/share/ament_cmake/cmake)
[0.386s] -- Found Python3: /usr/bin/python3 (found version "3.10.12") found components: Interpreter 
[0.472s] -- Found rosidl_default_generators: 1.2.1 (/opt/ros/humble/share/rosidl_default_generators/cmake)
[0.484s] -- Using all available rosidl_typesupport_c: rosidl_typesupport_fastrtps_c;rosidl_typesupport_introspection_c
[0.486s] -- Found rosidl_adapter: 3.1.8 (/opt/ros/humble/share/rosidl_adapter/cmake)
[0.525s] -- Using all available rosidl_typesupport_cpp: rosidl_typesupport_fastrtps_cpp;rosidl_typesupport_introspection_cpp
[0.665s] [31mCMake Error at /opt/ros/humble/share/rosidl_cmake/cmake/rosidl_generate_interfaces.cmake:162 (message):
[0.665s]   rosidl_generate_interfaces() the passed dependency 'geometry_msgs' has not
[0.665s]   been found before using find_package()
[0.665s] Call Stack (most recent call first):
[0.665s]   CMakeLists.txt:14 (rosidl_generate_interfaces)
[0.665s] 
[0.665s] [0m
[0.665s] -- Configuring incomplete, errors occurred!
[0.665s] See also "/home/vm/training/ros2_ws/src/build/perception_msgs/CMakeFiles/CMakeOutput.log".
[0.669s] Invoked command in '/home/vm/training/ros2_ws/src/build/perception_msgs' returned '1': CMAKE_PREFIX_PATH=${CMAKE_PREFIX_PATH}:/home/vm/training/ros2_ws/src/install/custom_msg_subscriber:/home/vm/training/ros2_ws/install/custom_msg_publisher:/home/vm/training/ros2_ws/install/pingpong_pkg:/home/vm/training/new_workspace/install/my_python_package:/opt/ros/humble /usr/bin/cmake /home/vm/training/ros2_ws/src/perception_msgs -DCMAKE_INSTALL_PREFIX=/home/vm/training/ros2_ws/src/install/perception_msgs
