running egg_info
writing ../build/camera_service/camera_service.egg-info/PKG-INFO
writing dependency_links to ../build/camera_service/camera_service.egg-info/dependency_links.txt
writing entry points to ../build/camera_service/camera_service.egg-info/entry_points.txt
writing requirements to ../build/camera_service/camera_service.egg-info/requires.txt
writing top-level names to ../build/camera_service/camera_service.egg-info/top_level.txt
reading manifest file '../build/camera_service/camera_service.egg-info/SOURCES.txt'
writing manifest file '../build/camera_service/camera_service.egg-info/SOURCES.txt'
running build
running build_py
copying camera_service/camera_service.py -> /home/vm/training/ros2_ws/src/build/camera_service/build/lib/camera_service
running install
running install_lib
copying /home/vm/training/ros2_ws/src/build/camera_service/build/lib/camera_service/camera_service.py -> /home/vm/training/ros2_ws/src/install/camera_service/lib/python3.10/site-packages/camera_service
byte-compiling /home/vm/training/ros2_ws/src/install/camera_service/lib/python3.10/site-packages/camera_service/camera_service.py to camera_service.cpython-310.pyc
running install_data
running install_egg_info
removing '/home/vm/training/ros2_ws/src/install/camera_service/lib/python3.10/site-packages/camera_service-0.0.0-py3.10.egg-info' (and everything under it)
Copying ../build/camera_service/camera_service.egg-info to /home/vm/training/ros2_ws/src/install/camera_service/lib/python3.10/site-packages/camera_service-0.0.0-py3.10.egg-info
running install_scripts
Installing aruco_detection_node script to /home/vm/training/ros2_ws/src/install/camera_service/lib/camera_service
writing list of installed files to '/home/vm/training/ros2_ws/src/build/camera_service/install.log'
